[     161ms] [ERROR] Failed to load resource: the server responded with a status of 400 () @ https://townwork.net/prefectures/tokyo/job_search/kw-%E3%82%AB%E3%83%95%E3%82%A7/:0
[     424ms] [ERROR] Failed to load resource: net::ERR_CONNECTION_REFUSED @ https://static.ads-twitter.com/uwt.js:0
[     425ms] [ERROR] Failed to load resource: net::ERR_CONNECTION_REFUSED @ https://tags.creativecdn.com/PVOTPkX3WnRg88IIkRpV.js:0
[     425ms] [ERROR] Failed to load resource: net::ERR_CONNECTION_REFUSED @ https://trj.valuecommerce.com/vclp.js:0
[     425ms] [ERROR] Failed to load resource: net::ERR_CONNECTION_REFUSED @ https://www.google-analytics.com/analytics.js:0
[     425ms] [ERROR] Failed to load resource: net::ERR_CONNECTION_REFUSED @ https://cdn.d2-apps.net/js/tr.js:0
[     425ms] [ERROR] Failed to load resource: net::ERR_CONNECTION_REFUSED @ https://dmp.im-apps.net/js/1024165/0001/itm.js:0
[     425ms] [ERROR] Failed to load resource: net::ERR_CONNECTION_REFUSED @ https://analytics.tiktok.com/i18n/pixel/events.js?sdkid=CVPPL7BC77U883UV9PO0&lib=ttq:0
[     425ms] [ERROR] Failed to load resource: net::ERR_CONNECTION_REFUSED @ https://analytics.tiktok.com/i18n/pixel/events.js?sdkid=CURCL3RC77UF169S5MTG&lib=ttq:0
[     425ms] [ERROR] Failed to load resource: net::ERR_CONNECTION_REFUSED @ https://cd.ladsp.com/script/vts2.js:0
[     425ms] [ERROR] Failed to load resource: net::ERR_CONNECTION_REFUSED @ https://cd.ladsp.com/script/pixel2.js:0
[     425ms] [ERROR] Failed to load resource: net::ERR_CONNECTION_REFUSED @ https://cd.ladsp.com/script/pixel2_p_delay.js:0
[     479ms] [ERROR] Failed to load resource: net::ERR_CONNECTION_REFUSED @ https://googleads.g.doubleclick.net/pagead/viewthroughconversion/960623014/?random=1780070032382&cv=11&fst=1780070032382&bg=ffffff&guid=ON&async=1&en=gtag.config&gtm=45be65r2v9168568953z89165586354za20gzb9165586354zd9165586354xec&gcd=13l3l3l3l1l1&dma=0&tag_exp=0~115616985~115938466~115938468~116701381~118012009~118228215~119034493~119064591&u_w=1710&u_h=1112&url=https%3A%2F%2Ftownwork.net%2Fprefectures%2Ftokyo%2Fjob_search%2Fkw-%25E3%2582%25AB%25E3%2583%2595%25E3%2582%25A7%2F&rcb=8&frm=0&tiba=%E3%83%9A%E3%83%BC%E3%82%B8%E3%81%8C%E8%A6%8B%E3%81%A4%E3%81%8B%E3%82%8A%E3%81%BE%E3%81%9B%E3%82%93&hn=www.googleadservices.com&npa=0&pscdl=noapi&auid=345582163.1780069848&uaa=arm&uab=64&uafvl=Chromium%3B148.0.7778.179%7CGoogle%2520Chrome%3B148.0.7778.179%7CNot%252FA)Brand%3B99.0.0.0&uamb=0&uam=&uap=macOS&uapv=15.7.7&uaw=0&data=event%3Dgtag.config&rfmt=3&fmt=4:0
[     496ms] [ERROR] Failed to load resource: net::ERR_CONNECTION_REFUSED @ https://googleads.g.doubleclick.net/pagead/viewthroughconversion/954992434/?random=1780070032406&cv=11&fst=1780070032406&bg=ffffff&guid=ON&async=1&en=gtag.config&gtm=45be65r2v9101344674z89165586354za20gzb9165586354zd9165586354xec&gcd=13l3l3l3l1l1&dma=0&tag_exp=0~115938466~115938468~116701381~119027222~119034491~119064591&u_w=1710&u_h=1112&url=https%3A%2F%2Ftownwork.net%2Fprefectures%2Ftokyo%2Fjob_search%2Fkw-%25E3%2582%25AB%25E3%2583%2595%25E3%2582%25A7%2F&rcb=8&frm=0&tiba=%E3%83%9A%E3%83%BC%E3%82%B8%E3%81%8C%E8%A6%8B%E3%81%A4%E3%81%8B%E3%82%8A%E3%81%BE%E3%81%9B%E3%82%93&hn=www.googleadservices.com&npa=0&pscdl=noapi&auid=345582163.1780069848&uaa=arm&uab=64&uafvl=Chromium%3B148.0.7778.179%7CGoogle%2520Chrome%3B148.0.7778.179%7CNot%252FA)Brand%3B99.0.0.0&uamb=0&uam=&uap=macOS&uapv=15.7.7&uaw=0&data=event%3Dgtag.config&rfmt=3&fmt=4:0
[     526ms] [ERROR] Failed to load resource: net::ERR_CONNECTION_REFUSED @ https://googleads.g.doubleclick.net/pagead/viewthroughconversion/939727538/?random=1780070032436&cv=11&fst=1780070032436&bg=ffffff&guid=ON&async=1&en=gtag.config&gtm=45be65r2v9236359545z89165586354za20gzb9165586354zd9165586354xec&gcd=13l3l3l3l1l1&dma=0&tag_exp=0~115616986~115938466~115938469~116701381~119034491~119168154&u_w=1710&u_h=1112&url=https%3A%2F%2Ftownwork.net%2Fprefectures%2Ftokyo%2Fjob_search%2Fkw-%25E3%2582%25AB%25E3%2583%2595%25E3%2582%25A7%2F&rcb=17&frm=0&tiba=%E3%83%9A%E3%83%BC%E3%82%B8%E3%81%8C%E8%A6%8B%E3%81%A4%E3%81%8B%E3%82%8A%E3%81%BE%E3%81%9B%E3%82%93&hn=www.googleadservices.com&npa=0&pscdl=noapi&auid=345582163.1780069848&uaa=arm&uab=64&uafvl=Chromium%3B148.0.7778.179%7CGoogle%2520Chrome%3B148.0.7778.179%7CNot%252FA)Brand%3B99.0.0.0&uamb=0&uam=&uap=macOS&uapv=15.7.7&uaw=0&data=event%3Dgtag.config&rfmt=3&fmt=4:0
[     553ms] [LOG] Robee#init @ https://cdn.robee.tech/v1/sdk.js:13
[     556ms] [ERROR] Failed to load resource: net::ERR_CONNECTION_REFUSED @ https://apm.yahoo.co.jp/tags/2e6a891e-ffa6-47f7-8771-99685895f809/events/page_view?label=&lysu=a8d2b2b5-6e4f-4d6b-9fb7-96ced81f581f&brands=%22Chromium%22%3B+v%3D%22148.0.7778.179%22%2C+%22Google+Chrome%22%3B+v%3D%22148.0.7778.179%22%2C+%22Not%2FA%29Brand%22%3B+v%3D%2299.0.0.0%22&platform=%22macOS%22&platform_version=%2215.7.7%22&ref=https%3A%2F%2Ftownwork.net%2Fprefectures%2Ftokyo%2Fjob_search%2Fkw-%25E3%2582%25AB%25E3%2583%2595%25E3%2582%25A7%2F&rref=&test=0&impl=lytag&pvid=c0w176a0oempr3qjig&sosu=c&r=1780070033.370257&v=1.1.21&is_ext_tx=1&hc=0:0
[     557ms] [ERROR] Failed to load resource: net::ERR_CONNECTION_REFUSED @ https://dmp.im-apps.net/scripts/im-uid-hook.js?cid=11283:0
[     558ms] [ERROR] Failed to load resource: net::ERR_CONNECTION_REFUSED @ https://sync.im-apps.net/imid/segment?token=zeBmtLBQ_7DGM09UZqwoBg&callback=im_audience.callbackLoad:0
[     568ms] [ERROR] Failed to load resource: net::ERR_CONNECTION_REFUSED @ https://googleads.g.doubleclick.net/pagead/viewthroughconversion/960623014/?random=1780070032382&cv=11&fst=1780070032382&fmt=3&bg=ffffff&guid=ON&async=1&en=gtag.config&gtm=45be65r2v9168568953z89165586354za20gzb9165586354zd9165586354xec&gcd=13l3l3l3l1l1&dma=0&tag_exp=0~115616985~115938466~115938468~116701381~118012009~118228215~119034493~119064591&u_w=1710&u_h=1112&url=https%3A%2F%2Ftownwork.net%2Fprefectures%2Ftokyo%2Fjob_search%2Fkw-%25E3%2582%25AB%25E3%2583%2595%25E3%2582%25A7%2F&rcb=8&frm=0&tiba=%E3%83%9A%E3%83%BC%E3%82%B8%E3%81%8C%E8%A6%8B%E3%81%A4%E3%81%8B%E3%82%8A%E3%81%BE%E3%81%9B%E3%82%93&hn=www.googleadservices.com&npa=0&pscdl=noapi&auid=345582163.1780069848&uaa=arm&uab=64&uafvl=Chromium%3B148.0.7778.179%7CGoogle%2520Chrome%3B148.0.7778.179%7CNot%252FA)Brand%3B99.0.0.0&uamb=0&uam=&uap=macOS&uapv=15.7.7&uaw=0&data=event%3Dgtag.config:0
[     568ms] [ERROR] Failed to load resource: net::ERR_CONNECTION_REFUSED @ https://googleads.g.doubleclick.net/pagead/viewthroughconversion/954992434/?random=1780070032406&cv=11&fst=1780070032406&fmt=3&bg=ffffff&guid=ON&async=1&en=gtag.config&gtm=45be65r2v9101344674z89165586354za20gzb9165586354zd9165586354xec&gcd=13l3l3l3l1l1&dma=0&tag_exp=0~115938466~115938468~116701381~119027222~119034491~119064591&u_w=1710&u_h=1112&url=https%3A%2F%2Ftownwork.net%2Fprefectures%2Ftokyo%2Fjob_search%2Fkw-%25E3%2582%25AB%25E3%2583%2595%25E3%2582%25A7%2F&rcb=8&frm=0&tiba=%E3%83%9A%E3%83%BC%E3%82%B8%E3%81%8C%E8%A6%8B%E3%81%A4%E3%81%8B%E3%82%8A%E3%81%BE%E3%81%9B%E3%82%93&hn=www.googleadservices.com&npa=0&pscdl=noapi&auid=345582163.1780069848&uaa=arm&uab=64&uafvl=Chromium%3B148.0.7778.179%7CGoogle%2520Chrome%3B148.0.7778.179%7CNot%252FA)Brand%3B99.0.0.0&uamb=0&uam=&uap=macOS&uapv=15.7.7&uaw=0&data=event%3Dgtag.config:0
[     576ms] [ERROR] Failed to load resource: net::ERR_CONNECTION_REFUSED @ https://googleads.g.doubleclick.net/pagead/viewthroughconversion/991209964/?random=1780070032483&cv=11&fst=1780070032483&bg=ffffff&guid=ON&async=1&gtm=45be65r2z89165586354za20gzb9165586354zd9165586354xea&gcd=13l3l3l3l1l1&dma=0&tag_exp=0~115616986~115938466~115938468~116701381~119034493~119205317&u_w=1710&u_h=1112&url=https%3A%2F%2Ftownwork.net%2Fprefectures%2Ftokyo%2Fjob_search%2Fkw-%25E3%2582%25AB%25E3%2583%2595%25E3%2582%25A7%2F&rcb=5&label=VYDVCJSc7QgQ7NPS2AM&frm=0&tiba=%E3%83%9A%E3%83%BC%E3%82%B8%E3%81%8C%E8%A6%8B%E3%81%A4%E3%81%8B%E3%82%8A%E3%81%BE%E3%81%9B%E3%82%93&hn=www.googleadservices.com&rdp=1&npa=0&pscdl=noapi&auid=345582163.1780069848&uaa=arm&uab=64&uafvl=Chromium%3B148.0.7778.179%7CGoogle%2520Chrome%3B148.0.7778.179%7CNot%252FA)Brand%3B99.0.0.0&uamb=0&uam=&uap=macOS&uapv=15.7.7&uaw=0&_tu=CAI&data=google_custom_params%3Dwindow.google_tag_params&rfmt=3&fmt=4:0
[     576ms] [ERROR] Failed to load resource: net::ERR_CONNECTION_REFUSED @ https://c-c00.ma-tag.com/?o=0:0
[     576ms] [ERROR] Failed to load resource: net::ERR_CONNECTION_REFUSED @ https://c-c03.ma-tag.com/?o=3:0
[     577ms] [ERROR] Failed to load resource: net::ERR_CONNECTION_REFUSED @ https://c-c00.ma-tag.com/?o=0:0
[     577ms] [ERROR] Failed to load resource: net::ERR_CONNECTION_REFUSED @ https://c-c03.ma-tag.com/?o=3:0
[     577ms] [ERROR] Failed to load resource: net::ERR_CONNECTION_REFUSED @ https://c-c05.ma-tag.com/?o=5:0
[     579ms] [ERROR] Failed to load resource: net::ERR_CONNECTION_REFUSED @ https://c-c07.ma-tag.com/?o=7:0
[     579ms] [ERROR] Failed to load resource: net::ERR_CONNECTION_REFUSED @ https://c-c05.ma-tag.com/?o=5:0
[     579ms] [ERROR] Failed to load resource: net::ERR_CONNECTION_REFUSED @ https://c-c08.ma-tag.com/?o=8:0
[     592ms] [ERROR] Failed to load resource: net::ERR_CONNECTION_REFUSED @ https://googleads.g.doubleclick.net/pagead/viewthroughconversion/939727538/?random=1780070032436&cv=11&fst=1780070032436&fmt=3&bg=ffffff&guid=ON&async=1&en=gtag.config&gtm=45be65r2v9236359545z89165586354za20gzb9165586354zd9165586354xec&gcd=13l3l3l3l1l1&dma=0&tag_exp=0~115616986~115938466~115938469~116701381~119034491~119168154&u_w=1710&u_h=1112&url=https%3A%2F%2Ftownwork.net%2Fprefectures%2Ftokyo%2Fjob_search%2Fkw-%25E3%2582%25AB%25E3%2583%2595%25E3%2582%25A7%2F&rcb=17&frm=0&tiba=%E3%83%9A%E3%83%BC%E3%82%B8%E3%81%8C%E8%A6%8B%E3%81%A4%E3%81%8B%E3%82%8A%E3%81%BE%E3%81%9B%E3%82%93&hn=www.googleadservices.com&npa=0&pscdl=noapi&auid=345582163.1780069848&uaa=arm&uab=64&uafvl=Chromium%3B148.0.7778.179%7CGoogle%2520Chrome%3B148.0.7778.179%7CNot%252FA)Brand%3B99.0.0.0&uamb=0&uam=&uap=macOS&uapv=15.7.7&uaw=0&data=event%3Dgtag.config:0
[     592ms] [ERROR] Failed to load resource: net::ERR_CONNECTION_REFUSED @ https://c-c11.ma-tag.com/?o=11:0
[     592ms] [ERROR] Failed to load resource: net::ERR_CONNECTION_REFUSED @ https://c-c08.ma-tag.com/?o=8:0
[     592ms] [ERROR] Failed to load resource: net::ERR_CONNECTION_REFUSED @ https://c-c07.ma-tag.com/?o=7:0
[     592ms] [ERROR] Failed to load resource: net::ERR_CONNECTION_REFUSED @ https://c-c02.ma-tag.com/?o=2:0
[     592ms] [ERROR] Failed to load resource: net::ERR_CONNECTION_REFUSED @ https://c-c01.ma-tag.com/?o=1:0
[     592ms] [ERROR] Failed to load resource: net::ERR_CONNECTION_REFUSED @ https://c-c11.ma-tag.com/?o=11:0
[     593ms] [ERROR] Failed to load resource: net::ERR_CONNECTION_REFUSED @ https://ivs.ma-tag.com/v1/echo:0
[     593ms] [ERROR] Failed to load resource: net::ERR_CONNECTION_REFUSED @ https://c-c06.ma-tag.com/?o=6:0
[     593ms] [ERROR] Failed to load resource: net::ERR_CONNECTION_REFUSED @ https://c-c15.ma-tag.com/?o=15:0
[     593ms] [ERROR] Failed to load resource: net::ERR_CONNECTION_REFUSED @ https://c-c04.ma-tag.com/?o=4:0
[     593ms] [ERROR] Failed to load resource: net::ERR_CONNECTION_REFUSED @ https://c-c14.ma-tag.com/?o=14:0
[     593ms] [ERROR] Failed to load resource: net::ERR_CONNECTION_REFUSED @ https://c-c09.ma-tag.com/?o=9:0
[     594ms] [ERROR] Failed to load resource: net::ERR_CONNECTION_REFUSED @ https://c-c02.ma-tag.com/?o=2:0
[     594ms] [ERROR] Failed to load resource: net::ERR_CONNECTION_REFUSED @ https://c-c10.ma-tag.com/?o=10:0
[     594ms] [ERROR] Failed to load resource: net::ERR_CONNECTION_REFUSED @ https://c-c13.ma-tag.com/?o=13:0
[     594ms] [ERROR] Failed to load resource: net::ERR_CONNECTION_REFUSED @ https://c-c12.ma-tag.com/?o=12:0
[     594ms] [ERROR] Failed to load resource: net::ERR_CONNECTION_REFUSED @ https://c-c06.ma-tag.com/?o=6:0
[     594ms] [ERROR] Failed to load resource: net::ERR_CONNECTION_REFUSED @ https://c-c15.ma-tag.com/?o=15:0
[     594ms] [ERROR] Failed to load resource: net::ERR_CONNECTION_REFUSED @ https://c-c01.ma-tag.com/?o=1:0
[     594ms] [ERROR] Failed to load resource: net::ERR_CONNECTION_REFUSED @ https://c-c04.ma-tag.com/?o=4:0
[     595ms] [ERROR] Failed to load resource: net::ERR_CONNECTION_REFUSED @ https://c-c14.ma-tag.com/?o=14:0
[     595ms] [ERROR] Failed to load resource: net::ERR_CONNECTION_REFUSED @ https://ivs.ma-tag.com/v1/echo:0
[     595ms] [ERROR] Failed to load resource: net::ERR_CONNECTION_REFUSED @ https://c-c09.ma-tag.com/?o=9:0
[     595ms] [ERROR] Failed to load resource: net::ERR_CONNECTION_REFUSED @ https://c-c10.ma-tag.com/?o=10:0
[     595ms] [ERROR] Failed to load resource: net::ERR_CONNECTION_REFUSED @ https://c-c13.ma-tag.com/?o=13:0
[     595ms] [ERROR] Failed to load resource: net::ERR_CONNECTION_REFUSED @ https://c-c12.ma-tag.com/?o=12:0
[     596ms] [ERROR] Failed to load resource: net::ERR_CONNECTION_REFUSED @ https://b99.yahoo.co.jp/pagead/conversion_async.js:0
[     601ms] [ERROR] Failed to load resource: net::ERR_CONNECTION_REFUSED @ https://ct.ma-tag.com/echo:0
[     601ms] [LOG] TypeError: Failed to fetch
    at e.<anonymous> (https://cdn.robee.tech/v1/sdk.js:49:8770)
    at l (https://cdn.robee.tech/v1/sdk.js:49:156651)
    at Generator.<anonymous> (https://cdn.robee.tech/v1/sdk.js:49:157991)
    at Generator.next (https://cdn.robee.tech/v1/sdk.js:49:157061)
    at i (https://cdn.robee.tech/v1/sdk.js:42:11366) @ https://cdn.robee.tech/v1/sdk.js:48
[     603ms] [ERROR] Failed to load resource: net::ERR_CONNECTION_REFUSED @ https://ct.ma-tag.com/echo:0
[     603ms] [LOG] TypeError: Failed to fetch
    at e.<anonymous> (https://cdn.robee.tech/v1/sdk.js:49:8770)
    at l (https://cdn.robee.tech/v1/sdk.js:49:156651)
    at Generator.<anonymous> (https://cdn.robee.tech/v1/sdk.js:49:157991)
    at Generator.next (https://cdn.robee.tech/v1/sdk.js:49:157061)
    at i (https://cdn.robee.tech/v1/sdk.js:42:11366) @ https://cdn.robee.tech/v1/sdk.js:48
[     603ms] [ERROR] Failed to load resource: net::ERR_CONNECTION_REFUSED @ https://collector.ma-tag.com/api/v1/collect:0
[     603ms] [ERROR] Failed to load resource: net::ERR_CONNECTION_REFUSED @ https://collector.ma-tag.com/api/v1/collect:0
[     604ms] [ERROR] Failed to load resource: net::ERR_CONNECTION_REFUSED @ https://apm.yahoo.co.jp/rt/?p=EQK1Y3449E&label=&ref=https%3A%2F%2Ftownwork.net%2Fprefectures%2Ftokyo%2Fjob_search%2Fkw-%25E3%2582%25AB%25E3%2583%2595%25E3%2582%25A7%2F&rref=&pt=&item=&cat=&price=&quantity=&et_optout=false&r=1780070032.780332&pvid=f0xr37kzxabmpr3qjjm&su=871e6996-7cdb-4353-9c60-5aa349444b08&__lt__cid_valid=false&_impl=ytag&brands=%22Chromium%22%3B%20v%3D%22148.0.7778.179%22%2C%20%22Google%20Chrome%22%3B%20v%3D%22148.0.7778.179%22%2C%20%22Not%2FA)Brand%22%3B%20v%3D%2299.0.0.0%22&platform=%22macOS%22&platform_version=%2215.7.7%22:0
[     604ms] [ERROR] Failed to load resource: net::ERR_CONNECTION_REFUSED @ https://collector.ma-tag.com/api/v1/collect:0
[     616ms] Uncaught (in promise) TypeError: Failed to fetch
    at ea.fetch (https://townwork.net/_next/static/chunks/pages/_app-452e3177b072d379.js:41:160765)
    at <anonymous> (https://townwork.net/_next/static/chunks/pages/_app-452e3177b072d379.js:41:160952)
    at ei.fetch (https://townwork.net/_next/static/chunks/pages/_app-452e3177b072d379.js:50:39215)
    at <anonymous> (https://townwork.net/_next/static/chunks/pages/_app-452e3177b072d379.js:50:39521)
    at <anonymous> (https://cdn.robee.tech/v1/sdk.js:48:26531)
    at <anonymous> (https://cdn.robee.tech/v1/sdk.js:48:25646)
    at l (https://cdn.robee.tech/v1/sdk.js:48:156650)
    at <anonymous> (https://cdn.robee.tech/v1/sdk.js:48:157990)
    at <anonymous> (https://cdn.robee.tech/v1/sdk.js:48:157060)
    at <anonymous> (https://cdn.robee.tech/v1/sdk.js:41:11532)
    at v (https://cdn.robee.tech/v1/sdk.js:41:11312)
    at <anonymous> (https://cdn.robee.tech/v1/sdk.js:48:25498)
    at <anonymous> (https://cdn.robee.tech/v1/sdk.js:48:26436)
    at l (https://cdn.robee.tech/v1/sdk.js:48:156650)
    at <anonymous> (https://cdn.robee.tech/v1/sdk.js:48:157990)
    at <anonymous> (https://cdn.robee.tech/v1/sdk.js:48:157060)
    at <anonymous> (https://cdn.robee.tech/v1/sdk.js:41:11532)
    at v (https://cdn.robee.tech/v1/sdk.js:41:11312)
    at <anonymous> (https://cdn.robee.tech/v1/sdk.js:48:26160)
    at <anonymous> (https://cdn.robee.tech/v1/sdk.js:48:86520)
    at l (https://cdn.robee.tech/v1/sdk.js:48:156650)
    at <anonymous> (https://cdn.robee.tech/v1/sdk.js:48:157990)
    at <anonymous> (https://cdn.robee.tech/v1/sdk.js:48:157060)
    at a (https://cdn.robee.tech/v1/sdk.js:41:11417)
[     616ms] Uncaught (in promise) TypeError: Failed to fetch
    at ea.fetch (https://townwork.net/_next/static/chunks/pages/_app-452e3177b072d379.js:41:160765)
    at <anonymous> (https://townwork.net/_next/static/chunks/pages/_app-452e3177b072d379.js:41:160952)
    at ei.fetch (https://townwork.net/_next/static/chunks/pages/_app-452e3177b072d379.js:50:39215)
    at <anonymous> (https://townwork.net/_next/static/chunks/pages/_app-452e3177b072d379.js:50:39521)
    at <anonymous> (https://cdn.robee.tech/v1/sdk.js:48:26531)
    at <anonymous> (https://cdn.robee.tech/v1/sdk.js:48:25646)
    at l (https://cdn.robee.tech/v1/sdk.js:48:156650)
    at <anonymous> (https://cdn.robee.tech/v1/sdk.js:48:157990)
    at <anonymous> (https://cdn.robee.tech/v1/sdk.js:48:157060)
    at <anonymous> (https://cdn.robee.tech/v1/sdk.js:41:11532)
    at v (https://cdn.robee.tech/v1/sdk.js:41:11312)
    at <anonymous> (https://cdn.robee.tech/v1/sdk.js:48:25498)
    at <anonymous> (https://cdn.robee.tech/v1/sdk.js:48:26436)
    at l (https://cdn.robee.tech/v1/sdk.js:48:156650)
    at <anonymous> (https://cdn.robee.tech/v1/sdk.js:48:157990)
    at <anonymous> (https://cdn.robee.tech/v1/sdk.js:48:157060)
    at <anonymous> (https://cdn.robee.tech/v1/sdk.js:41:11532)
    at v (https://cdn.robee.tech/v1/sdk.js:41:11312)
    at <anonymous> (https://cdn.robee.tech/v1/sdk.js:48:26160)
    at <anonymous> (https://cdn.robee.tech/v1/sdk.js:48:82705)
    at l (https://cdn.robee.tech/v1/sdk.js:48:156650)
    at <anonymous> (https://cdn.robee.tech/v1/sdk.js:48:157990)
    at <anonymous> (https://cdn.robee.tech/v1/sdk.js:48:157060)
    at a (https://cdn.robee.tech/v1/sdk.js:41:11417)
[     604ms] [ERROR] Failed to load resource: net::ERR_CONNECTION_REFUSED @ https://collector.ma-tag.com/api/v1/collect:0
[     617ms] Uncaught (in promise) TypeError: Failed to fetch
    at ea.fetch (https://townwork.net/_next/static/chunks/pages/_app-452e3177b072d379.js:41:160765)
    at <anonymous> (https://townwork.net/_next/static/chunks/pages/_app-452e3177b072d379.js:41:160952)
    at ei.fetch (https://townwork.net/_next/static/chunks/pages/_app-452e3177b072d379.js:50:39215)
    at <anonymous> (https://townwork.net/_next/static/chunks/pages/_app-452e3177b072d379.js:50:39521)
    at <anonymous> (https://cdn.robee.tech/v1/sdk.js:48:26531)
    at <anonymous> (https://cdn.robee.tech/v1/sdk.js:48:25646)
    at l (https://cdn.robee.tech/v1/sdk.js:48:156650)
    at <anonymous> (https://cdn.robee.tech/v1/sdk.js:48:157990)
    at <anonymous> (https://cdn.robee.tech/v1/sdk.js:48:157060)
    at <anonymous> (https://cdn.robee.tech/v1/sdk.js:41:11532)
    at v (https://cdn.robee.tech/v1/sdk.js:41:11312)
    at <anonymous> (https://cdn.robee.tech/v1/sdk.js:48:25498)
    at <anonymous> (https://cdn.robee.tech/v1/sdk.js:48:26058)
    at l (https://cdn.robee.tech/v1/sdk.js:48:156650)
    at <anonymous> (https://cdn.robee.tech/v1/sdk.js:48:157990)
    at <anonymous> (https://cdn.robee.tech/v1/sdk.js:48:157060)
    at <anonymous> (https://cdn.robee.tech/v1/sdk.js:41:11532)
    at v (https://cdn.robee.tech/v1/sdk.js:41:11312)
    at <anonymous> (https://cdn.robee.tech/v1/sdk.js:48:25764)
    at <anonymous> (https://cdn.robee.tech/v1/sdk.js:48:85410)
    at l (https://cdn.robee.tech/v1/sdk.js:48:156650)
    at <anonymous> (https://cdn.robee.tech/v1/sdk.js:48:157990)
    at <anonymous> (https://cdn.robee.tech/v1/sdk.js:48:157060)
    at i (https://cdn.robee.tech/v1/sdk.js:41:11365)
[     617ms] Uncaught (in promise) TypeError: Failed to fetch
    at ea.fetch (https://townwork.net/_next/static/chunks/pages/_app-452e3177b072d379.js:41:160765)
    at <anonymous> (https://townwork.net/_next/static/chunks/pages/_app-452e3177b072d379.js:41:160952)
    at ei.fetch (https://townwork.net/_next/static/chunks/pages/_app-452e3177b072d379.js:50:39215)
    at <anonymous> (https://townwork.net/_next/static/chunks/pages/_app-452e3177b072d379.js:50:39521)
    at <anonymous> (https://cdn.robee.tech/v1/sdk.js:48:26531)
    at <anonymous> (https://cdn.robee.tech/v1/sdk.js:48:25646)
    at l (https://cdn.robee.tech/v1/sdk.js:48:156650)
    at <anonymous> (https://cdn.robee.tech/v1/sdk.js:48:157990)
    at <anonymous> (https://cdn.robee.tech/v1/sdk.js:48:157060)
    at <anonymous> (https://cdn.robee.tech/v1/sdk.js:41:11532)
    at v (https://cdn.robee.tech/v1/sdk.js:41:11312)
    at <anonymous> (https://cdn.robee.tech/v1/sdk.js:48:25498)
    at <anonymous> (https://cdn.robee.tech/v1/sdk.js:48:26058)
    at l (https://cdn.robee.tech/v1/sdk.js:48:156650)
    at <anonymous> (https://cdn.robee.tech/v1/sdk.js:48:157990)
    at <anonymous> (https://cdn.robee.tech/v1/sdk.js:48:157060)
    at <anonymous> (https://cdn.robee.tech/v1/sdk.js:41:11532)
    at v (https://cdn.robee.tech/v1/sdk.js:41:11312)
    at <anonymous> (https://cdn.robee.tech/v1/sdk.js:48:25764)
    at <anonymous> (https://cdn.robee.tech/v1/sdk.js:48:81595)
    at l (https://cdn.robee.tech/v1/sdk.js:48:156650)
    at <anonymous> (https://cdn.robee.tech/v1/sdk.js:48:157990)
    at <anonymous> (https://cdn.robee.tech/v1/sdk.js:48:157060)
    at i (https://cdn.robee.tech/v1/sdk.js:41:11365)
[     615ms] [ERROR] Failed to load resource: net::ERR_CONNECTION_REFUSED @ https://x.ma-tag.com/api/v1/identify:0
[     617ms] [ERROR] Failed to load resource: net::ERR_CONNECTION_REFUSED @ https://x.ma-tag.com/api/v1/identify:0
[     618ms] [ERROR] Failed to load resource: net::ERR_CONNECTION_REFUSED @ https://collector.ma-tag.com/api/v1/collect:0
[     619ms] Uncaught (in promise) TypeError: Failed to fetch
    at ea.fetch (https://townwork.net/_next/static/chunks/pages/_app-452e3177b072d379.js:41:160765)
    at <anonymous> (https://townwork.net/_next/static/chunks/pages/_app-452e3177b072d379.js:41:160952)
    at ei.fetch (https://townwork.net/_next/static/chunks/pages/_app-452e3177b072d379.js:50:39215)
    at <anonymous> (https://townwork.net/_next/static/chunks/pages/_app-452e3177b072d379.js:50:39521)
    at <anonymous> (https://cdn.robee.tech/v1/sdk.js:48:26531)
    at <anonymous> (https://cdn.robee.tech/v1/sdk.js:48:25646)
    at l (https://cdn.robee.tech/v1/sdk.js:48:156650)
    at <anonymous> (https://cdn.robee.tech/v1/sdk.js:48:157990)
    at <anonymous> (https://cdn.robee.tech/v1/sdk.js:48:157060)
    at <anonymous> (https://cdn.robee.tech/v1/sdk.js:41:11532)
    at v (https://cdn.robee.tech/v1/sdk.js:41:11312)
    at <anonymous> (https://cdn.robee.tech/v1/sdk.js:48:25498)
    at <anonymous> (https://cdn.robee.tech/v1/sdk.js:48:26436)
    at l (https://cdn.robee.tech/v1/sdk.js:48:156650)
    at <anonymous> (https://cdn.robee.tech/v1/sdk.js:48:157990)
    at <anonymous> (https://cdn.robee.tech/v1/sdk.js:48:157060)
    at <anonymous> (https://cdn.robee.tech/v1/sdk.js:41:11532)
    at v (https://cdn.robee.tech/v1/sdk.js:41:11312)
    at <anonymous> (https://cdn.robee.tech/v1/sdk.js:48:26160)
    at <anonymous> (https://cdn.robee.tech/v1/sdk.js:48:107845)
    at l (https://cdn.robee.tech/v1/sdk.js:48:156650)
    at <anonymous> (https://cdn.robee.tech/v1/sdk.js:48:157990)
    at <anonymous> (https://cdn.robee.tech/v1/sdk.js:48:157060)
    at a (https://cdn.robee.tech/v1/sdk.js:41:11417)
[     639ms] [ERROR] Failed to load resource: net::ERR_CONNECTION_REFUSED @ https://googleads.g.doubleclick.net/pagead/viewthroughconversion/991209964/?random=1780070032483&cv=11&fst=1780070032483&fmt=3&bg=ffffff&guid=ON&async=1&gtm=45be65r2z89165586354za20gzb9165586354zd9165586354xea&gcd=13l3l3l3l1l1&dma=0&tag_exp=0~115616986~115938466~115938468~116701381~119034493~119205317&u_w=1710&u_h=1112&url=https%3A%2F%2Ftownwork.net%2Fprefectures%2Ftokyo%2Fjob_search%2Fkw-%25E3%2582%25AB%25E3%2583%2595%25E3%2582%25A7%2F&rcb=5&label=VYDVCJSc7QgQ7NPS2AM&frm=0&tiba=%E3%83%9A%E3%83%BC%E3%82%B8%E3%81%8C%E8%A6%8B%E3%81%A4%E3%81%8B%E3%82%8A%E3%81%BE%E3%81%9B%E3%82%93&hn=www.googleadservices.com&rdp=1&npa=0&pscdl=noapi&auid=345582163.1780069848&uaa=arm&uab=64&uafvl=Chromium%3B148.0.7778.179%7CGoogle%2520Chrome%3B148.0.7778.179%7CNot%252FA)Brand%3B99.0.0.0&uamb=0&uam=&uap=macOS&uapv=15.7.7&uaw=0&_tu=CAI&data=google_custom_params%3Dwindow.google_tag_params:0
[     640ms] [ERROR] Failed to load resource: net::ERR_CONNECTION_REFUSED @ https://collector.ma-tag.com/api/v1/collect:0
[     643ms] Uncaught (in promise) TypeError: Failed to fetch
    at ea.fetch (https://townwork.net/_next/static/chunks/pages/_app-452e3177b072d379.js:41:160765)
    at <anonymous> (https://townwork.net/_next/static/chunks/pages/_app-452e3177b072d379.js:41:160952)
    at ei.fetch (https://townwork.net/_next/static/chunks/pages/_app-452e3177b072d379.js:50:39215)
    at <anonymous> (https://townwork.net/_next/static/chunks/pages/_app-452e3177b072d379.js:50:39521)
    at <anonymous> (https://cdn.robee.tech/v1/sdk.js:48:26531)
    at <anonymous> (https://cdn.robee.tech/v1/sdk.js:48:25646)
    at l (https://cdn.robee.tech/v1/sdk.js:48:156650)
    at <anonymous> (https://cdn.robee.tech/v1/sdk.js:48:157990)
    at <anonymous> (https://cdn.robee.tech/v1/sdk.js:48:157060)
    at <anonymous> (https://cdn.robee.tech/v1/sdk.js:41:11532)
    at v (https://cdn.robee.tech/v1/sdk.js:41:11312)
    at <anonymous> (https://cdn.robee.tech/v1/sdk.js:48:25498)
    at <anonymous> (https://cdn.robee.tech/v1/sdk.js:48:26436)
    at l (https://cdn.robee.tech/v1/sdk.js:48:156650)
    at <anonymous> (https://cdn.robee.tech/v1/sdk.js:48:157990)
    at <anonymous> (https://cdn.robee.tech/v1/sdk.js:48:157060)
    at <anonymous> (https://cdn.robee.tech/v1/sdk.js:41:11532)
    at v (https://cdn.robee.tech/v1/sdk.js:41:11312)
    at <anonymous> (https://cdn.robee.tech/v1/sdk.js:48:26160)
    at <anonymous> (https://cdn.robee.tech/v1/sdk.js:48:108282)
    at l (https://cdn.robee.tech/v1/sdk.js:48:156650)
    at <anonymous> (https://cdn.robee.tech/v1/sdk.js:48:157990)
    at <anonymous> (https://cdn.robee.tech/v1/sdk.js:48:157060)
    at a (https://cdn.robee.tech/v1/sdk.js:41:11417)
[     711ms] [ERROR] Failed to load resource: net::ERR_CONNECTION_REFUSED @ https://track.robee.tech/v1/site/load?url=https%3A%2F%2Ftownwork.net%2Fprefectures%2Ftokyo%2Fjob_search%2Fkw-%25E3%2582%25AB%25E3%2583%2595%25E3%2582%25A7%2F&ns=robee&cb=callbackLoad&apiKey=RBE-ysFt0ZSsZA8&ua=Mozilla%2F5.0%20(Macintosh%3B%20Intel%20Mac%20OS%20X%2010_15_7)%20AppleWebKit%2F537.36%20(KHTML%2C%20like%20Gecko)%20Chrome%2F148.0.0.0%20Safari%2F537.36&title=%E3%83%9A%E3%83%BC%E3%82%B8%E3%81%8C%E8%A6%8B%E3%81%A4%E3%81%8B%E3%82%8A%E3%81%BE%E3%81%9B%E3%82%93&tracking=true&uid=81a1961d746c121fb77a1cfb52cfbce11780069848344&sid=a9f51780069848344&tst=1780070032627&d3Tie=81a1961d746c121fb77a1cfb52cfbce11780069848344_1780070032627&rptKeys=%5B%5D&dspCounts=%7B%7D:0
[     711ms] [ERROR] Failed to load resource: net::ERR_CONNECTION_REFUSED @ https://track.robee.tech/v1/site/RBE-ysFt0ZSsZA8/count:0
[    1427ms] [ERROR] Failed to load resource: net::ERR_CONNECTION_REFUSED @ https://dynamic.criteo.com/js/ld/ld.js?a=7949:0
[    1427ms] [ERROR] Failed to load resource: net::ERR_CONNECTION_REFUSED @ https://googleads.g.doubleclick.net/pagead/viewthroughconversion/939727538/?random=1780070033338&cv=11&fst=1780070033338&bg=ffffff&guid=ON&async=1&en=gtag.config&gtm=45be65r2v9236359545z89165586354za20gzb9165586354zd9165586354xec&gcd=13l3l3l3l1l1&dma=0&tag_exp=0~115616986~115938466~115938469~116701381~119034491~119168154&u_w=1710&u_h=1112&url=https%3A%2F%2Ftownwork.net%2Fprefectures%2Ftokyo%2Fjob_search%2Fkw-%25E3%2582%25AB%25E3%2583%2595%25E3%2582%25A7%2F&rcb=17&frm=0&tiba=%E3%83%9A%E3%83%BC%E3%82%B8%E3%81%8C%E8%A6%8B%E3%81%A4%E3%81%8B%E3%82%8A%E3%81%BE%E3%81%9B%E3%82%93&hn=www.googleadservices.com&npa=0&pscdl=noapi&auid=345582163.1780069848&uaa=arm&uab=64&uafvl=Chromium%3B148.0.7778.179%7CGoogle%2520Chrome%3B148.0.7778.179%7CNot%252FA)Brand%3B99.0.0.0&uamb=0&uam=&uap=macOS&uapv=15.7.7&uaw=0&_tu=CAI&data=event%3Dgtag.config&rfmt=3&fmt=4:0
[    1431ms] [ERROR] Failed to load resource: net::ERR_CONNECTION_REFUSED @ https://googleads.g.doubleclick.net/pagead/viewthroughconversion/939727538/?random=1780070033346&cv=11&fst=1780070033346&bg=ffffff&guid=ON&async=1&gtm=45be65r2v9236359545z89165586354za20gzb9165586354zd9165586354xea&gcd=13l3l3l3l1l1&dma=0&tag_exp=0~115616986~115938466~115938469~116701381~119034491~119168154&u_w=1710&u_h=1112&url=https%3A%2F%2Ftownwork.net%2Fprefectures%2Ftokyo%2Fjob_search%2Fkw-%25E3%2582%25AB%25E3%2583%2595%25E3%2582%25A7%2F&rcb=17&frm=0&tiba=%E3%83%9A%E3%83%BC%E3%82%B8%E3%81%8C%E8%A6%8B%E3%81%A4%E3%81%8B%E3%82%8A%E3%81%BE%E3%81%9B%E3%82%93&hn=www.googleadservices.com&npa=0&pscdl=noapi&auid=345582163.1780069848&uaa=arm&uab=64&uafvl=Chromium%3B148.0.7778.179%7CGoogle%2520Chrome%3B148.0.7778.179%7CNot%252FA)Brand%3B99.0.0.0&uamb=0&uam=&uap=macOS&uapv=15.7.7&uaw=0&_tu=CA&data=event%3Dview_item_list%3Bid%3D%3Bgoogle_business_vertical%3Djobs&rfmt=3&fmt=4:0
[    1433ms] [ERROR] Failed to load resource: net::ERR_CONNECTION_REFUSED @ https://googleads.g.doubleclick.net/pagead/viewthroughconversion/939727538/?random=1780070033338&cv=11&fst=1780070033338&fmt=3&bg=ffffff&guid=ON&async=1&en=gtag.config&gtm=45be65r2v9236359545z89165586354za20gzb9165586354zd9165586354xec&gcd=13l3l3l3l1l1&dma=0&tag_exp=0~115616986~115938466~115938469~116701381~119034491~119168154&u_w=1710&u_h=1112&url=https%3A%2F%2Ftownwork.net%2Fprefectures%2Ftokyo%2Fjob_search%2Fkw-%25E3%2582%25AB%25E3%2583%2595%25E3%2582%25A7%2F&rcb=17&frm=0&tiba=%E3%83%9A%E3%83%BC%E3%82%B8%E3%81%8C%E8%A6%8B%E3%81%A4%E3%81%8B%E3%82%8A%E3%81%BE%E3%81%9B%E3%82%93&hn=www.googleadservices.com&npa=0&pscdl=noapi&auid=345582163.1780069848&uaa=arm&uab=64&uafvl=Chromium%3B148.0.7778.179%7CGoogle%2520Chrome%3B148.0.7778.179%7CNot%252FA)Brand%3B99.0.0.0&uamb=0&uam=&uap=macOS&uapv=15.7.7&uaw=0&_tu=CAI&data=event%3Dgtag.config:0
[    1433ms] [ERROR] Failed to load resource: net::ERR_CONNECTION_REFUSED @ https://googleads.g.doubleclick.net/pagead/viewthroughconversion/939727538/?random=1780070033346&cv=11&fst=1780070033346&fmt=3&bg=ffffff&guid=ON&async=1&gtm=45be65r2v9236359545z89165586354za20gzb9165586354zd9165586354xea&gcd=13l3l3l3l1l1&dma=0&tag_exp=0~115616986~115938466~115938469~116701381~119034491~119168154&u_w=1710&u_h=1112&url=https%3A%2F%2Ftownwork.net%2Fprefectures%2Ftokyo%2Fjob_search%2Fkw-%25E3%2582%25AB%25E3%2583%2595%25E3%2582%25A7%2F&rcb=17&frm=0&tiba=%E3%83%9A%E3%83%BC%E3%82%B8%E3%81%8C%E8%A6%8B%E3%81%A4%E3%81%8B%E3%82%8A%E3%81%BE%E3%81%9B%E3%82%93&hn=www.googleadservices.com&npa=0&pscdl=noapi&auid=345582163.1780069848&uaa=arm&uab=64&uafvl=Chromium%3B148.0.7778.179%7CGoogle%2520Chrome%3B148.0.7778.179%7CNot%252FA)Brand%3B99.0.0.0&uamb=0&uam=&uap=macOS&uapv=15.7.7&uaw=0&_tu=CA&data=event%3Dview_item_list%3Bid%3D%3Bgoogle_business_vertical%3Djobs:0
[    1434ms] [ERROR] Failed to load resource: net::ERR_CONNECTION_REFUSED @ https://apm.yahoo.co.jp/tags/2e6a891e-ffa6-47f7-8771-99685895f809/events/view_listing?txid=&currency=JPY&lysu=a8d2b2b5-6e4f-4d6b-9fb7-96ced81f581f&brands=%22Chromium%22%3B+v%3D%22148.0.7778.179%22%2C+%22Google+Chrome%22%3B+v%3D%22148.0.7778.179%22%2C+%22Not%2FA%29Brand%22%3B+v%3D%2299.0.0.0%22&platform=%22macOS%22&platform_version=%2215.7.7%22&ref=https%3A%2F%2Ftownwork.net%2Fprefectures%2Ftokyo%2Fjob_search%2Fkw-%25E3%2582%25AB%25E3%2583%2595%25E3%2582%25A7%2F&rref=&test=0&impl=lytag&pvid=c0w176a0oempr3qjig&sosu=c&r=1780070033.7376397&v=1.1.21&is_ext_tx=1:0
[    2842ms] [ERROR] Failed to load resource: net::ERR_CONNECTION_REFUSED @ https://events.launchdarkly.com/events/bulk/6659934070b3d6101f7ac6ea:0
[    2843ms] [ERROR] Failed to load resource: net::ERR_CONNECTION_REFUSED @ https://events.launchdarkly.com/events/bulk/6659934070b3d6101f7ac6ea:0
