[    1047ms] [ERROR] Failed to load resource: net::ERR_CONNECTION_REFUSED @ https://tags.creativecdn.com/PVOTPkX3WnRg88IIkRpV.js:0
[    1048ms] [ERROR] Failed to load resource: net::ERR_CONNECTION_REFUSED @ https://static.ads-twitter.com/uwt.js:0
[    1048ms] [ERROR] Failed to load resource: net::ERR_CONNECTION_REFUSED @ https://trj.valuecommerce.com/vclp.js:0
[    1048ms] [ERROR] Failed to load resource: net::ERR_CONNECTION_REFUSED @ https://www.google-analytics.com/analytics.js:0
[    1048ms] [ERROR] Failed to load resource: net::ERR_CONNECTION_REFUSED @ https://cdn.d2-apps.net/js/tr.js:0
[    1048ms] [ERROR] Failed to load resource: net::ERR_CONNECTION_REFUSED @ https://analytics.tiktok.com/i18n/pixel/events.js?sdkid=CVPPL7BC77U883UV9PO0&lib=ttq:0
[    1048ms] [ERROR] Failed to load resource: net::ERR_CONNECTION_REFUSED @ https://analytics.tiktok.com/i18n/pixel/events.js?sdkid=CURCL3RC77UF169S5MTG&lib=ttq:0
[    1048ms] [ERROR] Failed to load resource: net::ERR_CONNECTION_REFUSED @ https://dmp.im-apps.net/js/1024165/0001/itm.js:0
[    1048ms] [ERROR] Failed to load resource: net::ERR_CONNECTION_REFUSED @ https://cd.ladsp.com/script/vts2.js:0
[    1048ms] [ERROR] Failed to load resource: net::ERR_CONNECTION_REFUSED @ https://cd.ladsp.com/script/pixel2.js:0
[    1048ms] [ERROR] Failed to load resource: net::ERR_CONNECTION_REFUSED @ https://cd.ladsp.com/script/pixel2_p_delay.js:0
[    1075ms] [ERROR] Failed to load resource: net::ERR_CONNECTION_REFUSED @ https://googleads.g.doubleclick.net/pagead/viewthroughconversion/960623014/?random=1780069878086&cv=11&fst=1780069878086&bg=ffffff&guid=ON&async=1&en=gtag.config&gtm=45be65r2v9168568953z89165586354za20gzb9165586354zd9165586354xec&gcd=13l3l3l3l1l1&dma=0&tag_exp=0~115616986~115938466~115938468~116701381~118228215~119034491~119064590&u_w=1710&u_h=1112&url=https%3A%2F%2Ftownwork.net%2Fprefectures%2Ftokyo%2Fjob_search%2Fma-013001%2Fsa-013001004%2F&rcb=12&frm=0&tiba=%E6%9D%B1%E4%BA%AC%E9%83%BD%E3%80%81%E6%96%B0%E5%AE%BF%E5%8C%BA%E3%81%AE%E3%82%A2%E3%83%AB%E3%83%90%E3%82%A4%E3%83%88%E3%83%BB%E3%83%90%E3%82%A4%E3%83%88%E6%B1%82%E4%BA%BA%E6%83%85%E5%A0%B1%EF%BD%9C%E3%80%90%E3%82%BF%E3%82%A6%E3%83%B3%E3%83%AF%E3%83%BC&hn=www.googleadservices.com&npa=0&pscdl=noapi&auid=345582163.1780069848&uaa=arm&uab=64&uafvl=Chromium%3B148.0.7778.179%7CGoogle%2520Chrome%3B148.0.7778.179%7CNot%252FA)Brand%3B99.0.0.0&uamb=0&uam=&uap=macOS&uapv=15.7.7&uaw=0&data=event%3Dgtag.config&rfmt=3&fmt=4:0
[    1102ms] [ERROR] Failed to load resource: net::ERR_CONNECTION_REFUSED @ https://googleads.g.doubleclick.net/pagead/viewthroughconversion/954992434/?random=1780069878108&cv=11&fst=1780069878108&bg=ffffff&guid=ON&async=1&en=gtag.config&gtm=45be65r2v9101344674z89165586354za20gzb9165586354zd9165586354xec&gcd=13l3l3l3l1l1&dma=0&tag_exp=0~115616986~115938466~115938469~116701381~119034491&u_w=1710&u_h=1112&url=https%3A%2F%2Ftownwork.net%2Fprefectures%2Ftokyo%2Fjob_search%2Fma-013001%2Fsa-013001004%2F&rcb=5&frm=0&tiba=%E6%9D%B1%E4%BA%AC%E9%83%BD%E3%80%81%E6%96%B0%E5%AE%BF%E5%8C%BA%E3%81%AE%E3%82%A2%E3%83%AB%E3%83%90%E3%82%A4%E3%83%88%E3%83%BB%E3%83%90%E3%82%A4%E3%83%88%E6%B1%82%E4%BA%BA%E6%83%85%E5%A0%B1%EF%BD%9C%E3%80%90%E3%82%BF%E3%82%A6%E3%83%B3%E3%83%AF%E3%83%BC&hn=www.googleadservices.com&npa=0&pscdl=noapi&auid=345582163.1780069848&uaa=arm&uab=64&uafvl=Chromium%3B148.0.7778.179%7CGoogle%2520Chrome%3B148.0.7778.179%7CNot%252FA)Brand%3B99.0.0.0&uamb=0&uam=&uap=macOS&uapv=15.7.7&uaw=0&data=event%3Dgtag.config&rfmt=3&fmt=4:0
[    1123ms] [ERROR] Failed to load resource: net::ERR_CONNECTION_REFUSED @ https://googleads.g.doubleclick.net/pagead/viewthroughconversion/939727538/?random=1780069878139&cv=11&fst=1780069878139&bg=ffffff&guid=ON&async=1&en=gtag.config&gtm=45be65r2v9236359545z89165586354za20gzb9165586354zd9165586354xec&gcd=13l3l3l3l1l1&dma=0&tag_exp=0~115938466~115938469~116701381~118228215~119034491~119064590&u_w=1710&u_h=1112&url=https%3A%2F%2Ftownwork.net%2Fprefectures%2Ftokyo%2Fjob_search%2Fma-013001%2Fsa-013001004%2F&rcb=16&frm=0&tiba=%E6%9D%B1%E4%BA%AC%E9%83%BD%E3%80%81%E6%96%B0%E5%AE%BF%E5%8C%BA%E3%81%AE%E3%82%A2%E3%83%AB%E3%83%90%E3%82%A4%E3%83%88%E3%83%BB%E3%83%90%E3%82%A4%E3%83%88%E6%B1%82%E4%BA%BA%E6%83%85%E5%A0%B1%EF%BD%9C%E3%80%90%E3%82%BF%E3%82%A6%E3%83%B3%E3%83%AF%E3%83%BC&hn=www.googleadservices.com&npa=0&pscdl=noapi&auid=345582163.1780069848&uaa=arm&uab=64&uafvl=Chromium%3B148.0.7778.179%7CGoogle%2520Chrome%3B148.0.7778.179%7CNot%252FA)Brand%3B99.0.0.0&uamb=0&uam=&uap=macOS&uapv=15.7.7&uaw=0&data=event%3Dgtag.config&rfmt=3&fmt=4:0
[    1143ms] [LOG] Robee#init @ https://cdn.robee.tech/v1/sdk.js:13
[    1147ms] [ERROR] Failed to load resource: net::ERR_CONNECTION_REFUSED @ https://apm.yahoo.co.jp/tags/2e6a891e-ffa6-47f7-8771-99685895f809/events/page_view?label=&lysu=a8d2b2b5-6e4f-4d6b-9fb7-96ced81f581f&brands=%22Chromium%22%3B+v%3D%22148.0.7778.179%22%2C+%22Google+Chrome%22%3B+v%3D%22148.0.7778.179%22%2C+%22Not%2FA%29Brand%22%3B+v%3D%2299.0.0.0%22&platform=%22macOS%22&platform_version=%2215.7.7%22&ref=https%3A%2F%2Ftownwork.net%2Fprefectures%2Ftokyo%2Fjob_search%2Fma-013001%2Fsa-013001004%2F&rref=&test=0&impl=lytag&pvid=g57e9cq9uummpr3n8gi&sosu=c&r=1780069878.2443707&v=1.1.21&is_ext_tx=1&hc=0:0
[    1147ms] [ERROR] Failed to load resource: net::ERR_CONNECTION_REFUSED @ https://sync.im-apps.net/imid/segment?token=zeBmtLBQ_7DGM09UZqwoBg&callback=im_audience.callbackLoad:0
[    1148ms] [ERROR] Failed to load resource: net::ERR_CONNECTION_REFUSED @ https://dmp.im-apps.net/scripts/im-uid-hook.js?cid=11283:0
[    1161ms] [ERROR] Failed to load resource: net::ERR_CONNECTION_REFUSED @ https://googleads.g.doubleclick.net/pagead/viewthroughconversion/960623014/?random=1780069878086&cv=11&fst=1780069878086&fmt=3&bg=ffffff&guid=ON&async=1&en=gtag.config&gtm=45be65r2v9168568953z89165586354za20gzb9165586354zd9165586354xec&gcd=13l3l3l3l1l1&dma=0&tag_exp=0~115616986~115938466~115938468~116701381~118228215~119034491~119064590&u_w=1710&u_h=1112&url=https%3A%2F%2Ftownwork.net%2Fprefectures%2Ftokyo%2Fjob_search%2Fma-013001%2Fsa-013001004%2F&rcb=12&frm=0&tiba=%E6%9D%B1%E4%BA%AC%E9%83%BD%E3%80%81%E6%96%B0%E5%AE%BF%E5%8C%BA%E3%81%AE%E3%82%A2%E3%83%AB%E3%83%90%E3%82%A4%E3%83%88%E3%83%BB%E3%83%90%E3%82%A4%E3%83%88%E6%B1%82%E4%BA%BA%E6%83%85%E5%A0%B1%EF%BD%9C%E3%80%90%E3%82%BF%E3%82%A6%E3%83%B3%E3%83%AF%E3%83%BC&hn=www.googleadservices.com&npa=0&pscdl=noapi&auid=345582163.1780069848&uaa=arm&uab=64&uafvl=Chromium%3B148.0.7778.179%7CGoogle%2520Chrome%3B148.0.7778.179%7CNot%252FA)Brand%3B99.0.0.0&uamb=0&uam=&uap=macOS&uapv=15.7.7&uaw=0&data=event%3Dgtag.config:0
[    1161ms] [ERROR] Failed to load resource: net::ERR_CONNECTION_REFUSED @ https://googleads.g.doubleclick.net/pagead/viewthroughconversion/954992434/?random=1780069878108&cv=11&fst=1780069878108&fmt=3&bg=ffffff&guid=ON&async=1&en=gtag.config&gtm=45be65r2v9101344674z89165586354za20gzb9165586354zd9165586354xec&gcd=13l3l3l3l1l1&dma=0&tag_exp=0~115616986~115938466~115938469~116701381~119034491&u_w=1710&u_h=1112&url=https%3A%2F%2Ftownwork.net%2Fprefectures%2Ftokyo%2Fjob_search%2Fma-013001%2Fsa-013001004%2F&rcb=5&frm=0&tiba=%E6%9D%B1%E4%BA%AC%E9%83%BD%E3%80%81%E6%96%B0%E5%AE%BF%E5%8C%BA%E3%81%AE%E3%82%A2%E3%83%AB%E3%83%90%E3%82%A4%E3%83%88%E3%83%BB%E3%83%90%E3%82%A4%E3%83%88%E6%B1%82%E4%BA%BA%E6%83%85%E5%A0%B1%EF%BD%9C%E3%80%90%E3%82%BF%E3%82%A6%E3%83%B3%E3%83%AF%E3%83%BC&hn=www.googleadservices.com&npa=0&pscdl=noapi&auid=345582163.1780069848&uaa=arm&uab=64&uafvl=Chromium%3B148.0.7778.179%7CGoogle%2520Chrome%3B148.0.7778.179%7CNot%252FA)Brand%3B99.0.0.0&uamb=0&uam=&uap=macOS&uapv=15.7.7&uaw=0&data=event%3Dgtag.config:0
[    1188ms] [ERROR] Failed to load resource: net::ERR_CONNECTION_REFUSED @ https://googleads.g.doubleclick.net/pagead/viewthroughconversion/991209964/?random=1780069878183&cv=11&fst=1780069878183&bg=ffffff&guid=ON&async=1&gtm=45be65r2z89165586354za20gzb9165586354zd9165586354xea&gcd=13l3l3l3l1l1&dma=0&tag_exp=0~115616986~115938466~115938469~116701381~118128923~119034493~119064971&u_w=1710&u_h=1112&url=https%3A%2F%2Ftownwork.net%2Fprefectures%2Ftokyo%2Fjob_search%2Fma-013001%2Fsa-013001004%2F&rcb=14&label=VYDVCJSc7QgQ7NPS2AM&frm=0&tiba=%E6%9D%B1%E4%BA%AC%E9%83%BD%E3%80%81%E6%96%B0%E5%AE%BF%E5%8C%BA%E3%81%AE%E3%82%A2%E3%83%AB%E3%83%90%E3%82%A4%E3%83%88%E3%83%BB%E3%83%90%E3%82%A4%E3%83%88%E6%B1%82%E4%BA%BA%E6%83%85%E5%A0%B1%EF%BD%9C%E3%80%90%E3%82%BF%E3%82%A6%E3%83%B3%E3%83%AF%E3%83%BC&hn=www.googleadservices.com&rdp=1&npa=0&pscdl=noapi&auid=345582163.1780069848&uaa=arm&uab=64&uafvl=Chromium%3B148.0.7778.179%7CGoogle%2520Chrome%3B148.0.7778.179%7CNot%252FA)Brand%3B99.0.0.0&uamb=0&uam=&uap=macOS&uapv=15.7.7&uaw=0&_tu=CAI&data=google_custom_params%3Dwindow.google_tag_params&rfmt=3&fmt=4:0
[    1189ms] [ERROR] Failed to load resource: net::ERR_CONNECTION_REFUSED @ https://c-c01.ma-tag.com/?o=1:0
[    1189ms] [ERROR] Failed to load resource: net::ERR_CONNECTION_REFUSED @ https://c-c00.ma-tag.com/?o=0:0
[    1189ms] [ERROR] Failed to load resource: net::ERR_CONNECTION_REFUSED @ https://c-c03.ma-tag.com/?o=3:0
[    1189ms] [ERROR] Failed to load resource: net::ERR_CONNECTION_REFUSED @ https://c-c02.ma-tag.com/?o=2:0
[    1190ms] [ERROR] Failed to load resource: net::ERR_CONNECTION_REFUSED @ https://c-c05.ma-tag.com/?o=5:0
[    1190ms] [ERROR] Failed to load resource: net::ERR_CONNECTION_REFUSED @ https://c-c04.ma-tag.com/?o=4:0
[    1190ms] [ERROR] Failed to load resource: net::ERR_CONNECTION_REFUSED @ https://c-c08.ma-tag.com/?o=8:0
[    1190ms] [ERROR] Failed to load resource: net::ERR_CONNECTION_REFUSED @ https://c-c06.ma-tag.com/?o=6:0
[    1191ms] [ERROR] Failed to load resource: net::ERR_CONNECTION_REFUSED @ https://c-c07.ma-tag.com/?o=7:0
[    1191ms] [ERROR] Failed to load resource: net::ERR_CONNECTION_REFUSED @ https://c-c09.ma-tag.com/?o=9:0
[    1191ms] [ERROR] Failed to load resource: net::ERR_CONNECTION_REFUSED @ https://c-c10.ma-tag.com/?o=10:0
[    1191ms] [ERROR] Failed to load resource: net::ERR_CONNECTION_REFUSED @ https://c-c11.ma-tag.com/?o=11:0
[    1191ms] [ERROR] Failed to load resource: net::ERR_CONNECTION_REFUSED @ https://c-c12.ma-tag.com/?o=12:0
[    1191ms] [ERROR] Failed to load resource: net::ERR_CONNECTION_REFUSED @ https://c-c13.ma-tag.com/?o=13:0
[    1191ms] [ERROR] Failed to load resource: net::ERR_CONNECTION_REFUSED @ https://c-c14.ma-tag.com/?o=14:0
[    1191ms] [ERROR] Failed to load resource: net::ERR_CONNECTION_REFUSED @ https://c-c15.ma-tag.com/?o=15:0
[    1192ms] [ERROR] Failed to load resource: net::ERR_CONNECTION_REFUSED @ https://ivs.ma-tag.com/v1/echo:0
[    1192ms] [ERROR] Failed to load resource: net::ERR_CONNECTION_REFUSED @ https://c-c00.ma-tag.com/?o=0:0
[    1193ms] [ERROR] Failed to load resource: net::ERR_CONNECTION_REFUSED @ https://c-c01.ma-tag.com/?o=1:0
[    1193ms] [ERROR] Failed to load resource: net::ERR_CONNECTION_REFUSED @ https://c-c02.ma-tag.com/?o=2:0
[    1193ms] [ERROR] Failed to load resource: net::ERR_CONNECTION_REFUSED @ https://c-c03.ma-tag.com/?o=3:0
[    1194ms] [ERROR] Failed to load resource: net::ERR_CONNECTION_REFUSED @ https://c-c04.ma-tag.com/?o=4:0
[    1194ms] [ERROR] Failed to load resource: net::ERR_CONNECTION_REFUSED @ https://c-c05.ma-tag.com/?o=5:0
[    1194ms] [ERROR] Failed to load resource: net::ERR_CONNECTION_REFUSED @ https://c-c07.ma-tag.com/?o=7:0
[    1194ms] [ERROR] Failed to load resource: net::ERR_CONNECTION_REFUSED @ https://c-c06.ma-tag.com/?o=6:0
[    1194ms] [ERROR] Failed to load resource: net::ERR_CONNECTION_REFUSED @ https://c-c09.ma-tag.com/?o=9:0
[    1194ms] [ERROR] Failed to load resource: net::ERR_CONNECTION_REFUSED @ https://c-c08.ma-tag.com/?o=8:0
[    1194ms] [ERROR] Failed to load resource: net::ERR_CONNECTION_REFUSED @ https://c-c10.ma-tag.com/?o=10:0
[    1195ms] [ERROR] Failed to load resource: net::ERR_CONNECTION_REFUSED @ https://c-c11.ma-tag.com/?o=11:0
[    1195ms] [ERROR] Failed to load resource: net::ERR_CONNECTION_REFUSED @ https://c-c12.ma-tag.com/?o=12:0
[    1195ms] [ERROR] Failed to load resource: net::ERR_CONNECTION_REFUSED @ https://c-c13.ma-tag.com/?o=13:0
[    1195ms] [ERROR] Failed to load resource: net::ERR_CONNECTION_REFUSED @ https://c-c14.ma-tag.com/?o=14:0
[    1195ms] [ERROR] Failed to load resource: net::ERR_CONNECTION_REFUSED @ https://c-c15.ma-tag.com/?o=15:0
[    1195ms] [ERROR] Failed to load resource: net::ERR_CONNECTION_REFUSED @ https://ivs.ma-tag.com/v1/echo:0
[    1224ms] [ERROR] Failed to load resource: net::ERR_CONNECTION_REFUSED @ https://collector.ma-tag.com/api/v1/collect:0
[    1225ms] [ERROR] Failed to load resource: net::ERR_CONNECTION_REFUSED @ https://collector.ma-tag.com/api/v1/collect:0
[    1312ms] Uncaught (in promise) TypeError: Failed to fetch
    at ea.fetch (https://townwork.net/_next/static/chunks/pages/_app-452e3177b072d379.js:41:160765)
    at <anonymous> (https://townwork.net/_next/static/chunks/pages/_app-452e3177b072d379.js:41:160952)
    at ei.fetch (https://townwork.net/_next/static/chunks/pages/_app-452e3177b072d379.js:50:39215)
    at <anonymous> (https://townwork.net/_next/static/chunks/pages/_app-452e3177b072d379.js:50:39521)
    at <anonymous> (https://cdn.robee.tech/v1/sdk.js:48:26531)
    at <anonymous> (https://cdn.robee.tech/v1/sdk.js:48:25646)
    at l (https://cdn.robee.tech/v1/sdk.js:48:156650)
    at <anonymous> (https://cdn.robee.tech/v1/sdk.js:48:157990)
    at <anonymous> (https://cdn.robee.tech/v1/sdk.js:48:157060)
    at <anonymous> (https://cdn.robee.tech/v1/sdk.js:41:11532)
    at v (https://cdn.robee.tech/v1/sdk.js:41:11312)
    at <anonymous> (https://cdn.robee.tech/v1/sdk.js:48:25498)
    at <anonymous> (https://cdn.robee.tech/v1/sdk.js:48:26436)
    at l (https://cdn.robee.tech/v1/sdk.js:48:156650)
    at <anonymous> (https://cdn.robee.tech/v1/sdk.js:48:157990)
    at <anonymous> (https://cdn.robee.tech/v1/sdk.js:48:157060)
    at <anonymous> (https://cdn.robee.tech/v1/sdk.js:41:11532)
    at v (https://cdn.robee.tech/v1/sdk.js:41:11312)
    at <anonymous> (https://cdn.robee.tech/v1/sdk.js:48:26160)
    at <anonymous> (https://cdn.robee.tech/v1/sdk.js:48:86520)
    at l (https://cdn.robee.tech/v1/sdk.js:48:156650)
    at <anonymous> (https://cdn.robee.tech/v1/sdk.js:48:157990)
    at <anonymous> (https://cdn.robee.tech/v1/sdk.js:48:157060)
    at a (https://cdn.robee.tech/v1/sdk.js:41:11417)
[    1312ms] Uncaught (in promise) TypeError: Failed to fetch
    at ea.fetch (https://townwork.net/_next/static/chunks/pages/_app-452e3177b072d379.js:41:160765)
    at <anonymous> (https://townwork.net/_next/static/chunks/pages/_app-452e3177b072d379.js:41:160952)
    at ei.fetch (https://townwork.net/_next/static/chunks/pages/_app-452e3177b072d379.js:50:39215)
    at <anonymous> (https://townwork.net/_next/static/chunks/pages/_app-452e3177b072d379.js:50:39521)
    at <anonymous> (https://cdn.robee.tech/v1/sdk.js:48:26531)
    at <anonymous> (https://cdn.robee.tech/v1/sdk.js:48:25646)
    at l (https://cdn.robee.tech/v1/sdk.js:48:156650)
    at <anonymous> (https://cdn.robee.tech/v1/sdk.js:48:157990)
    at <anonymous> (https://cdn.robee.tech/v1/sdk.js:48:157060)
    at <anonymous> (https://cdn.robee.tech/v1/sdk.js:41:11532)
    at v (https://cdn.robee.tech/v1/sdk.js:41:11312)
    at <anonymous> (https://cdn.robee.tech/v1/sdk.js:48:25498)
    at <anonymous> (https://cdn.robee.tech/v1/sdk.js:48:26436)
    at l (https://cdn.robee.tech/v1/sdk.js:48:156650)
    at <anonymous> (https://cdn.robee.tech/v1/sdk.js:48:157990)
    at <anonymous> (https://cdn.robee.tech/v1/sdk.js:48:157060)
    at <anonymous> (https://cdn.robee.tech/v1/sdk.js:41:11532)
    at v (https://cdn.robee.tech/v1/sdk.js:41:11312)
    at <anonymous> (https://cdn.robee.tech/v1/sdk.js:48:26160)
    at <anonymous> (https://cdn.robee.tech/v1/sdk.js:48:82705)
    at l (https://cdn.robee.tech/v1/sdk.js:48:156650)
    at <anonymous> (https://cdn.robee.tech/v1/sdk.js:48:157990)
    at <anonymous> (https://cdn.robee.tech/v1/sdk.js:48:157060)
    at a (https://cdn.robee.tech/v1/sdk.js:41:11417)
[    1237ms] [ERROR] Failed to load resource: net::ERR_CONNECTION_REFUSED @ https://googleads.g.doubleclick.net/pagead/viewthroughconversion/939727538/?random=1780069878139&cv=11&fst=1780069878139&fmt=3&bg=ffffff&guid=ON&async=1&en=gtag.config&gtm=45be65r2v9236359545z89165586354za20gzb9165586354zd9165586354xec&gcd=13l3l3l3l1l1&dma=0&tag_exp=0~115938466~115938469~116701381~118228215~119034491~119064590&u_w=1710&u_h=1112&url=https%3A%2F%2Ftownwork.net%2Fprefectures%2Ftokyo%2Fjob_search%2Fma-013001%2Fsa-013001004%2F&rcb=16&frm=0&tiba=%E6%9D%B1%E4%BA%AC%E9%83%BD%E3%80%81%E6%96%B0%E5%AE%BF%E5%8C%BA%E3%81%AE%E3%82%A2%E3%83%AB%E3%83%90%E3%82%A4%E3%83%88%E3%83%BB%E3%83%90%E3%82%A4%E3%83%88%E6%B1%82%E4%BA%BA%E6%83%85%E5%A0%B1%EF%BD%9C%E3%80%90%E3%82%BF%E3%82%A6%E3%83%B3%E3%83%AF%E3%83%BC&hn=www.googleadservices.com&npa=0&pscdl=noapi&auid=345582163.1780069848&uaa=arm&uab=64&uafvl=Chromium%3B148.0.7778.179%7CGoogle%2520Chrome%3B148.0.7778.179%7CNot%252FA)Brand%3B99.0.0.0&uamb=0&uam=&uap=macOS&uapv=15.7.7&uaw=0&data=event%3Dgtag.config:0
[    1241ms] [ERROR] Failed to load resource: net::ERR_CONNECTION_REFUSED @ https://b99.yahoo.co.jp/pagead/conversion_async.js:0
[    1242ms] [ERROR] Failed to load resource: net::ERR_CONNECTION_REFUSED @ https://ct.ma-tag.com/echo:0
[    1242ms] [LOG] TypeError: Failed to fetch
    at e.<anonymous> (https://cdn.robee.tech/v1/sdk.js:49:8770)
    at l (https://cdn.robee.tech/v1/sdk.js:49:156651)
    at Generator.<anonymous> (https://cdn.robee.tech/v1/sdk.js:49:157991)
    at Generator.next (https://cdn.robee.tech/v1/sdk.js:49:157061)
    at i (https://cdn.robee.tech/v1/sdk.js:42:11366) @ https://cdn.robee.tech/v1/sdk.js:48
[    1247ms] [ERROR] Failed to load resource: net::ERR_CONNECTION_REFUSED @ https://apm.yahoo.co.jp/rt/?p=EQK1Y3449E&label=&ref=https%3A%2F%2Ftownwork.net%2Fprefectures%2Ftokyo%2Fjob_search%2Fma-013001%2Fsa-013001004%2F&rref=&pt=&item=&cat=&price=&quantity=&et_optout=false&r=1780069879.1775072&pvid=ab3w6hv3jtjmpr3n8jf&su=871e6996-7cdb-4353-9c60-5aa349444b08&__lt__cid_valid=false&_impl=ytag&brands=%22Chromium%22%3B%20v%3D%22148.0.7778.179%22%2C%20%22Google%20Chrome%22%3B%20v%3D%22148.0.7778.179%22%2C%20%22Not%2FA)Brand%22%3B%20v%3D%2299.0.0.0%22&platform=%22macOS%22&platform_version=%2215.7.7%22:0
[    1247ms] [ERROR] Failed to load resource: net::ERR_CONNECTION_REFUSED @ https://ct.ma-tag.com/echo:0
[    1247ms] [LOG] TypeError: Failed to fetch
    at e.<anonymous> (https://cdn.robee.tech/v1/sdk.js:49:8770)
    at l (https://cdn.robee.tech/v1/sdk.js:49:156651)
    at Generator.<anonymous> (https://cdn.robee.tech/v1/sdk.js:49:157991)
    at Generator.next (https://cdn.robee.tech/v1/sdk.js:49:157061)
    at i (https://cdn.robee.tech/v1/sdk.js:42:11366) @ https://cdn.robee.tech/v1/sdk.js:48
[    1248ms] [ERROR] Failed to load resource: net::ERR_CONNECTION_REFUSED @ https://collector.ma-tag.com/api/v1/collect:0
[    1249ms] [ERROR] Failed to load resource: net::ERR_CONNECTION_REFUSED @ https://x.ma-tag.com/api/v1/identify:0
[    1322ms] Uncaught (in promise) TypeError: Failed to fetch
    at ea.fetch (https://townwork.net/_next/static/chunks/pages/_app-452e3177b072d379.js:41:160765)
    at <anonymous> (https://townwork.net/_next/static/chunks/pages/_app-452e3177b072d379.js:41:160952)
    at ei.fetch (https://townwork.net/_next/static/chunks/pages/_app-452e3177b072d379.js:50:39215)
    at <anonymous> (https://townwork.net/_next/static/chunks/pages/_app-452e3177b072d379.js:50:39521)
    at <anonymous> (https://cdn.robee.tech/v1/sdk.js:48:26531)
    at <anonymous> (https://cdn.robee.tech/v1/sdk.js:48:25646)
    at l (https://cdn.robee.tech/v1/sdk.js:48:156650)
    at <anonymous> (https://cdn.robee.tech/v1/sdk.js:48:157990)
    at <anonymous> (https://cdn.robee.tech/v1/sdk.js:48:157060)
    at <anonymous> (https://cdn.robee.tech/v1/sdk.js:41:11532)
    at v (https://cdn.robee.tech/v1/sdk.js:41:11312)
    at <anonymous> (https://cdn.robee.tech/v1/sdk.js:48:25498)
    at <anonymous> (https://cdn.robee.tech/v1/sdk.js:48:26058)
    at l (https://cdn.robee.tech/v1/sdk.js:48:156650)
    at <anonymous> (https://cdn.robee.tech/v1/sdk.js:48:157990)
    at <anonymous> (https://cdn.robee.tech/v1/sdk.js:48:157060)
    at <anonymous> (https://cdn.robee.tech/v1/sdk.js:41:11532)
    at v (https://cdn.robee.tech/v1/sdk.js:41:11312)
    at <anonymous> (https://cdn.robee.tech/v1/sdk.js:48:25764)
    at <anonymous> (https://cdn.robee.tech/v1/sdk.js:48:85410)
    at l (https://cdn.robee.tech/v1/sdk.js:48:156650)
    at <anonymous> (https://cdn.robee.tech/v1/sdk.js:48:157990)
    at <anonymous> (https://cdn.robee.tech/v1/sdk.js:48:157060)
    at i (https://cdn.robee.tech/v1/sdk.js:41:11365)
[    1265ms] [ERROR] Failed to load resource: net::ERR_CONNECTION_REFUSED @ https://collector.ma-tag.com/api/v1/collect:0
[    1266ms] [ERROR] Failed to load resource: net::ERR_CONNECTION_REFUSED @ https://x.ma-tag.com/api/v1/identify:0
[    1267ms] [ERROR] Failed to load resource: net::ERR_CONNECTION_REFUSED @ https://collector.ma-tag.com/api/v1/collect:0
[    1322ms] Uncaught (in promise) TypeError: Failed to fetch
    at ea.fetch (https://townwork.net/_next/static/chunks/pages/_app-452e3177b072d379.js:41:160765)
    at <anonymous> (https://townwork.net/_next/static/chunks/pages/_app-452e3177b072d379.js:41:160952)
    at ei.fetch (https://townwork.net/_next/static/chunks/pages/_app-452e3177b072d379.js:50:39215)
    at <anonymous> (https://townwork.net/_next/static/chunks/pages/_app-452e3177b072d379.js:50:39521)
    at <anonymous> (https://cdn.robee.tech/v1/sdk.js:48:26531)
    at <anonymous> (https://cdn.robee.tech/v1/sdk.js:48:25646)
    at l (https://cdn.robee.tech/v1/sdk.js:48:156650)
    at <anonymous> (https://cdn.robee.tech/v1/sdk.js:48:157990)
    at <anonymous> (https://cdn.robee.tech/v1/sdk.js:48:157060)
    at <anonymous> (https://cdn.robee.tech/v1/sdk.js:41:11532)
    at v (https://cdn.robee.tech/v1/sdk.js:41:11312)
    at <anonymous> (https://cdn.robee.tech/v1/sdk.js:48:25498)
    at <anonymous> (https://cdn.robee.tech/v1/sdk.js:48:26058)
    at l (https://cdn.robee.tech/v1/sdk.js:48:156650)
    at <anonymous> (https://cdn.robee.tech/v1/sdk.js:48:157990)
    at <anonymous> (https://cdn.robee.tech/v1/sdk.js:48:157060)
    at <anonymous> (https://cdn.robee.tech/v1/sdk.js:41:11532)
    at v (https://cdn.robee.tech/v1/sdk.js:41:11312)
    at <anonymous> (https://cdn.robee.tech/v1/sdk.js:48:25764)
    at <anonymous> (https://cdn.robee.tech/v1/sdk.js:48:81595)
    at l (https://cdn.robee.tech/v1/sdk.js:48:156650)
    at <anonymous> (https://cdn.robee.tech/v1/sdk.js:48:157990)
    at <anonymous> (https://cdn.robee.tech/v1/sdk.js:48:157060)
    at i (https://cdn.robee.tech/v1/sdk.js:41:11365)
[    1322ms] Uncaught (in promise) TypeError: Failed to fetch
    at ea.fetch (https://townwork.net/_next/static/chunks/pages/_app-452e3177b072d379.js:41:160765)
    at <anonymous> (https://townwork.net/_next/static/chunks/pages/_app-452e3177b072d379.js:41:160952)
    at ei.fetch (https://townwork.net/_next/static/chunks/pages/_app-452e3177b072d379.js:50:39215)
    at <anonymous> (https://townwork.net/_next/static/chunks/pages/_app-452e3177b072d379.js:50:39521)
    at <anonymous> (https://cdn.robee.tech/v1/sdk.js:48:26531)
    at <anonymous> (https://cdn.robee.tech/v1/sdk.js:48:25646)
    at l (https://cdn.robee.tech/v1/sdk.js:48:156650)
    at <anonymous> (https://cdn.robee.tech/v1/sdk.js:48:157990)
    at <anonymous> (https://cdn.robee.tech/v1/sdk.js:48:157060)
    at <anonymous> (https://cdn.robee.tech/v1/sdk.js:41:11532)
    at v (https://cdn.robee.tech/v1/sdk.js:41:11312)
    at <anonymous> (https://cdn.robee.tech/v1/sdk.js:48:25498)
    at <anonymous> (https://cdn.robee.tech/v1/sdk.js:48:26436)
    at l (https://cdn.robee.tech/v1/sdk.js:48:156650)
    at <anonymous> (https://cdn.robee.tech/v1/sdk.js:48:157990)
    at <anonymous> (https://cdn.robee.tech/v1/sdk.js:48:157060)
    at <anonymous> (https://cdn.robee.tech/v1/sdk.js:41:11532)
    at v (https://cdn.robee.tech/v1/sdk.js:41:11312)
    at <anonymous> (https://cdn.robee.tech/v1/sdk.js:48:26160)
    at <anonymous> (https://cdn.robee.tech/v1/sdk.js:48:107845)
    at l (https://cdn.robee.tech/v1/sdk.js:48:156650)
    at <anonymous> (https://cdn.robee.tech/v1/sdk.js:48:157990)
    at <anonymous> (https://cdn.robee.tech/v1/sdk.js:48:157060)
    at a (https://cdn.robee.tech/v1/sdk.js:41:11417)
[    1298ms] [ERROR] Failed to load resource: net::ERR_CONNECTION_REFUSED @ https://googleads.g.doubleclick.net/pagead/viewthroughconversion/991209964/?random=1780069878183&cv=11&fst=1780069878183&fmt=3&bg=ffffff&guid=ON&async=1&gtm=45be65r2z89165586354za20gzb9165586354zd9165586354xea&gcd=13l3l3l3l1l1&dma=0&tag_exp=0~115616986~115938466~115938469~116701381~118128923~119034493~119064971&u_w=1710&u_h=1112&url=https%3A%2F%2Ftownwork.net%2Fprefectures%2Ftokyo%2Fjob_search%2Fma-013001%2Fsa-013001004%2F&rcb=14&label=VYDVCJSc7QgQ7NPS2AM&frm=0&tiba=%E6%9D%B1%E4%BA%AC%E9%83%BD%E3%80%81%E6%96%B0%E5%AE%BF%E5%8C%BA%E3%81%AE%E3%82%A2%E3%83%AB%E3%83%90%E3%82%A4%E3%83%88%E3%83%BB%E3%83%90%E3%82%A4%E3%83%88%E6%B1%82%E4%BA%BA%E6%83%85%E5%A0%B1%EF%BD%9C%E3%80%90%E3%82%BF%E3%82%A6%E3%83%B3%E3%83%AF%E3%83%BC&hn=www.googleadservices.com&rdp=1&npa=0&pscdl=noapi&auid=345582163.1780069848&uaa=arm&uab=64&uafvl=Chromium%3B148.0.7778.179%7CGoogle%2520Chrome%3B148.0.7778.179%7CNot%252FA)Brand%3B99.0.0.0&uamb=0&uam=&uap=macOS&uapv=15.7.7&uaw=0&_tu=CAI&data=google_custom_params%3Dwindow.google_tag_params:0
[    1298ms] [ERROR] Failed to load resource: net::ERR_CONNECTION_REFUSED @ https://collector.ma-tag.com/api/v1/collect:0
[    1333ms] Uncaught (in promise) TypeError: Failed to fetch
    at ea.fetch (https://townwork.net/_next/static/chunks/pages/_app-452e3177b072d379.js:41:160765)
    at <anonymous> (https://townwork.net/_next/static/chunks/pages/_app-452e3177b072d379.js:41:160952)
    at ei.fetch (https://townwork.net/_next/static/chunks/pages/_app-452e3177b072d379.js:50:39215)
    at <anonymous> (https://townwork.net/_next/static/chunks/pages/_app-452e3177b072d379.js:50:39521)
    at <anonymous> (https://cdn.robee.tech/v1/sdk.js:48:26531)
    at <anonymous> (https://cdn.robee.tech/v1/sdk.js:48:25646)
    at l (https://cdn.robee.tech/v1/sdk.js:48:156650)
    at <anonymous> (https://cdn.robee.tech/v1/sdk.js:48:157990)
    at <anonymous> (https://cdn.robee.tech/v1/sdk.js:48:157060)
    at <anonymous> (https://cdn.robee.tech/v1/sdk.js:41:11532)
    at v (https://cdn.robee.tech/v1/sdk.js:41:11312)
    at <anonymous> (https://cdn.robee.tech/v1/sdk.js:48:25498)
    at <anonymous> (https://cdn.robee.tech/v1/sdk.js:48:26436)
    at l (https://cdn.robee.tech/v1/sdk.js:48:156650)
    at <anonymous> (https://cdn.robee.tech/v1/sdk.js:48:157990)
    at <anonymous> (https://cdn.robee.tech/v1/sdk.js:48:157060)
    at <anonymous> (https://cdn.robee.tech/v1/sdk.js:41:11532)
    at v (https://cdn.robee.tech/v1/sdk.js:41:11312)
    at <anonymous> (https://cdn.robee.tech/v1/sdk.js:48:26160)
    at <anonymous> (https://cdn.robee.tech/v1/sdk.js:48:108282)
    at l (https://cdn.robee.tech/v1/sdk.js:48:156650)
    at <anonymous> (https://cdn.robee.tech/v1/sdk.js:48:157990)
    at <anonymous> (https://cdn.robee.tech/v1/sdk.js:48:157060)
    at a (https://cdn.robee.tech/v1/sdk.js:41:11417)
[    1310ms] [ERROR] Failed to load resource: net::ERR_CONNECTION_REFUSED @ https://track.robee.tech/v1/site/RBE-ysFt0ZSsZA8/count:0
[    1310ms] [ERROR] Failed to load resource: net::ERR_CONNECTION_REFUSED @ https://track.robee.tech/v1/site/load?url=https%3A%2F%2Ftownwork.net%2Fprefectures%2Ftokyo%2Fjob_search%2Fma-013001%2Fsa-013001004%2F&ns=robee&cb=callbackLoad&apiKey=RBE-ysFt0ZSsZA8&ua=Mozilla%2F5.0%20(Macintosh%3B%20Intel%20Mac%20OS%20X%2010_15_7)%20AppleWebKit%2F537.36%20(KHTML%2C%20like%20Gecko)%20Chrome%2F148.0.0.0%20Safari%2F537.36&title=%E6%9D%B1%E4%BA%AC%E9%83%BD%E3%80%81%E6%96%B0%E5%AE%BF%E5%8C%BA%E3%81%AE%E3%82%A2%E3%83%AB%E3%83%90%E3%82%A4%E3%83%88%E3%83%BB%E3%83%90%E3%82%A4%E3%83%88%E6%B1%82%E4%BA%BA%E6%83%85%E5%A0%B1%EF%BD%9C%E3%80%90%E3%82%BF%E3%82%A6%E3%83%B3%E3%83%AF%E3%83%BC%E3%82%AF%E3%80%91%E3%81%A7%E3%83%90%E3%82%A4%E3%83%88%E3%82%84%E3%83%91%E3%83%BC%E3%83%88%E3%81%AE%E3%81%8A%E4%BB%95%E4%BA%8B%E6%8E%A2%E3%81%97&tracking=true&uid=81a1961d746c121fb77a1cfb52cfbce11780069848344&sid=a9f51780069848344&tst=1780069878330&d3Tie=81a1961d746c121fb77a1cfb52cfbce11780069848344_1780069878330&rptKeys=%5B%5D&dspCounts=%7B%7D:0
[    2060ms] [ERROR] Failed to load resource: net::ERR_CONNECTION_REFUSED @ https://dynamic.criteo.com/js/ld/ld.js?a=7949:0
[    2064ms] [ERROR] Failed to load resource: net::ERR_CONNECTION_REFUSED @ https://googleads.g.doubleclick.net/pagead/viewthroughconversion/939727538/?random=1780069879080&cv=11&fst=1780069879080&bg=ffffff&guid=ON&async=1&en=gtag.config&gtm=45be65r2v9236359545z89165586354za20gzb9165586354zd9165586354xec&gcd=13l3l3l3l1l1&dma=0&tag_exp=0~115938466~115938469~116701381~118228215~119034491~119064590&u_w=1710&u_h=1112&url=https%3A%2F%2Ftownwork.net%2Fprefectures%2Ftokyo%2Fjob_search%2Fma-013001%2Fsa-013001004%2F&rcb=16&frm=0&tiba=%E6%9D%B1%E4%BA%AC%E9%83%BD%E3%80%81%E6%96%B0%E5%AE%BF%E5%8C%BA%E3%81%AE%E3%82%A2%E3%83%AB%E3%83%90%E3%82%A4%E3%83%88%E3%83%BB%E3%83%90%E3%82%A4%E3%83%88%E6%B1%82%E4%BA%BA%E6%83%85%E5%A0%B1%EF%BD%9C%E3%80%90%E3%82%BF%E3%82%A6%E3%83%B3%E3%83%AF%E3%83%BC&hn=www.googleadservices.com&npa=0&pscdl=noapi&auid=345582163.1780069848&uaa=arm&uab=64&uafvl=Chromium%3B148.0.7778.179%7CGoogle%2520Chrome%3B148.0.7778.179%7CNot%252FA)Brand%3B99.0.0.0&uamb=0&uam=&uap=macOS&uapv=15.7.7&uaw=0&_tu=CAI&data=event%3Dgtag.config&rfmt=3&fmt=4:0
[    2065ms] [ERROR] Failed to load resource: net::ERR_CONNECTION_REFUSED @ https://googleads.g.doubleclick.net/pagead/viewthroughconversion/939727538/?random=1780069879089&cv=11&fst=1780069879089&bg=ffffff&guid=ON&async=1&gtm=45be65r2v9236359545z89165586354za20gzb9165586354zd9165586354xea&gcd=13l3l3l3l1l1&dma=0&tag_exp=0~115938466~115938469~116701381~118228215~119034491~119064590&u_w=1710&u_h=1112&url=https%3A%2F%2Ftownwork.net%2Fprefectures%2Ftokyo%2Fjob_search%2Fma-013001%2Fsa-013001004%2F&rcb=16&frm=0&tiba=%E6%9D%B1%E4%BA%AC%E9%83%BD%E3%80%81%E6%96%B0%E5%AE%BF%E5%8C%BA%E3%81%AE%E3%82%A2%E3%83%AB%E3%83%90%E3%82%A4%E3%83%88%E3%83%BB%E3%83%90%E3%82%A4%E3%83%88%E6%B1%82%E4%BA%BA%E6%83%85%E5%A0%B1%EF%BD%9C%E3%80%90%E3%82%BF%E3%82%A6%E3%83%B3%E3%83%AF%E3%83%BC&hn=www.googleadservices.com&npa=0&pscdl=noapi&auid=345582163.1780069848&uaa=arm&uab=64&uafvl=Chromium%3B148.0.7778.179%7CGoogle%2520Chrome%3B148.0.7778.179%7CNot%252FA)Brand%3B99.0.0.0&uamb=0&uam=&uap=macOS&uapv=15.7.7&uaw=0&_tu=CA&data=event%3Dview_item_list%3Bid%3Dfde3552dcfdb8623%2C08f3e7a5f3c3ac17%2Cb66821567ce005a0%3Bgoogle_business_vertical%3Djobs&rfmt=3&fmt=4:0
[    2067ms] [ERROR] Failed to load resource: net::ERR_CONNECTION_REFUSED @ https://googleads.g.doubleclick.net/pagead/viewthroughconversion/939727538/?random=1780069879080&cv=11&fst=1780069879080&fmt=3&bg=ffffff&guid=ON&async=1&en=gtag.config&gtm=45be65r2v9236359545z89165586354za20gzb9165586354zd9165586354xec&gcd=13l3l3l3l1l1&dma=0&tag_exp=0~115938466~115938469~116701381~118228215~119034491~119064590&u_w=1710&u_h=1112&url=https%3A%2F%2Ftownwork.net%2Fprefectures%2Ftokyo%2Fjob_search%2Fma-013001%2Fsa-013001004%2F&rcb=16&frm=0&tiba=%E6%9D%B1%E4%BA%AC%E9%83%BD%E3%80%81%E6%96%B0%E5%AE%BF%E5%8C%BA%E3%81%AE%E3%82%A2%E3%83%AB%E3%83%90%E3%82%A4%E3%83%88%E3%83%BB%E3%83%90%E3%82%A4%E3%83%88%E6%B1%82%E4%BA%BA%E6%83%85%E5%A0%B1%EF%BD%9C%E3%80%90%E3%82%BF%E3%82%A6%E3%83%B3%E3%83%AF%E3%83%BC&hn=www.googleadservices.com&npa=0&pscdl=noapi&auid=345582163.1780069848&uaa=arm&uab=64&uafvl=Chromium%3B148.0.7778.179%7CGoogle%2520Chrome%3B148.0.7778.179%7CNot%252FA)Brand%3B99.0.0.0&uamb=0&uam=&uap=macOS&uapv=15.7.7&uaw=0&_tu=CAI&data=event%3Dgtag.config:0
[    2068ms] [ERROR] Failed to load resource: net::ERR_CONNECTION_REFUSED @ https://apm.yahoo.co.jp/tags/2e6a891e-ffa6-47f7-8771-99685895f809/events/view_listing?txid=&currency=JPY&lysu=a8d2b2b5-6e4f-4d6b-9fb7-96ced81f581f&brands=%22Chromium%22%3B+v%3D%22148.0.7778.179%22%2C+%22Google+Chrome%22%3B+v%3D%22148.0.7778.179%22%2C+%22Not%2FA%29Brand%22%3B+v%3D%2299.0.0.0%22&platform=%22macOS%22&platform_version=%2215.7.7%22&ref=https%3A%2F%2Ftownwork.net%2Fprefectures%2Ftokyo%2Fjob_search%2Fma-013001%2Fsa-013001004%2F&rref=&test=0&impl=lytag&pvid=g57e9cq9uummpr3n8gi&sosu=c&r=1780069879.5876734&v=1.1.21&is_ext_tx=1:0
[    2068ms] [ERROR] Failed to load resource: net::ERR_CONNECTION_REFUSED @ https://googleads.g.doubleclick.net/pagead/viewthroughconversion/939727538/?random=1780069879089&cv=11&fst=1780069879089&fmt=3&bg=ffffff&guid=ON&async=1&gtm=45be65r2v9236359545z89165586354za20gzb9165586354zd9165586354xea&gcd=13l3l3l3l1l1&dma=0&tag_exp=0~115938466~115938469~116701381~118228215~119034491~119064590&u_w=1710&u_h=1112&url=https%3A%2F%2Ftownwork.net%2Fprefectures%2Ftokyo%2Fjob_search%2Fma-013001%2Fsa-013001004%2F&rcb=16&frm=0&tiba=%E6%9D%B1%E4%BA%AC%E9%83%BD%E3%80%81%E6%96%B0%E5%AE%BF%E5%8C%BA%E3%81%AE%E3%82%A2%E3%83%AB%E3%83%90%E3%82%A4%E3%83%88%E3%83%BB%E3%83%90%E3%82%A4%E3%83%88%E6%B1%82%E4%BA%BA%E6%83%85%E5%A0%B1%EF%BD%9C%E3%80%90%E3%82%BF%E3%82%A6%E3%83%B3%E3%83%AF%E3%83%BC&hn=www.googleadservices.com&npa=0&pscdl=noapi&auid=345582163.1780069848&uaa=arm&uab=64&uafvl=Chromium%3B148.0.7778.179%7CGoogle%2520Chrome%3B148.0.7778.179%7CNot%252FA)Brand%3B99.0.0.0&uamb=0&uam=&uap=macOS&uapv=15.7.7&uaw=0&_tu=CA&data=event%3Dview_item_list%3Bid%3Dfde3552dcfdb8623%2C08f3e7a5f3c3ac17%2Cb66821567ce005a0%3Bgoogle_business_vertical%3Djobs:0
[    3519ms] [ERROR] Failed to load resource: net::ERR_CONNECTION_REFUSED @ https://events.launchdarkly.com/events/bulk/6659934070b3d6101f7ac6ea:0
[    3521ms] [ERROR] Failed to load resource: net::ERR_CONNECTION_REFUSED @ https://events.launchdarkly.com/events/bulk/6659934070b3d6101f7ac6ea:0
