[    2688ms] [ERROR] Failed to load resource: net::ERR_CONNECTION_REFUSED @ https://tags.creativecdn.com/PVOTPkX3WnRg88IIkRpV.js:0
[    2688ms] [ERROR] Failed to load resource: net::ERR_CONNECTION_REFUSED @ https://static.ads-twitter.com/uwt.js:0
[    2688ms] [ERROR] Failed to load resource: net::ERR_CONNECTION_REFUSED @ https://www.google-analytics.com/analytics.js:0
[    2690ms] [ERROR] Failed to load resource: net::ERR_CONNECTION_REFUSED @ https://dynamic.criteo.com/js/ld/ld.js?a=7949:0
[    2690ms] [ERROR] Failed to load resource: net::ERR_CONNECTION_REFUSED @ https://cdn.d2-apps.net/js/tr.js:0
[    2690ms] [ERROR] Failed to load resource: net::ERR_CONNECTION_REFUSED @ https://cd.ladsp.com/script/vts2.js:0
[    2690ms] [ERROR] Failed to load resource: net::ERR_CONNECTION_REFUSED @ https://analytics.tiktok.com/i18n/pixel/events.js?sdkid=CVPPL7BC77U883UV9PO0&lib=ttq:0
[    2691ms] [ERROR] Failed to load resource: net::ERR_CONNECTION_REFUSED @ https://analytics.tiktok.com/i18n/pixel/events.js?sdkid=CURCL3RC77UF169S5MTG&lib=ttq:0
[    2691ms] [ERROR] Failed to load resource: net::ERR_CONNECTION_REFUSED @ https://dmp.im-apps.net/js/1024165/0001/itm.js:0
[    2692ms] [ERROR] Failed to load resource: net::ERR_CONNECTION_REFUSED @ https://cd.ladsp.com/script/pixel2.js:0
[    2692ms] [ERROR] Failed to load resource: net::ERR_CONNECTION_REFUSED @ https://cd.ladsp.com/script/pixel2_p_delay.js:0
[    2749ms] [ERROR] Failed to load resource: net::ERR_CONNECTION_REFUSED @ https://apm.yahoo.co.jp/tags/2e6a891e-ffa6-47f7-8771-99685895f809/events/page_view?label=&lysu=a8d2b2b5-6e4f-4d6b-9fb7-96ced81f581f&brands=%22Chromium%22%3B+v%3D%22148.0.7778.179%22%2C+%22Google+Chrome%22%3B+v%3D%22148.0.7778.179%22%2C+%22Not%2FA%29Brand%22%3B+v%3D%2299.0.0.0%22&platform=%22macOS%22&platform_version=%2215.7.7%22&ref=https%3A%2F%2Ftownwork.net%2Fsession%2Fdestroy%2F%3Ftype%3DwebSSO&rref=&test=0&impl=lytag&pvid=dgntwy4gpwmpr3mld3&sosu=c&r=1780069848.9575675&v=1.1.21&is_ext_tx=1&hc=0:0
[    2754ms] [ERROR] Failed to load resource: net::ERR_CONNECTION_REFUSED @ https://b99.yahoo.co.jp/pagead/conversion_async.js:0
[    2755ms] [ERROR] Failed to load resource: net::ERR_CONNECTION_REFUSED @ https://apm.yahoo.co.jp/rt/?p=EQK1Y3449E&label=&ref=https%3A%2F%2Ftownwork.net%2Fsession%2Fdestroy%2F%3Ftype%3DwebSSO&rref=&pt=&item=&cat=&price=&quantity=&et_optout=false&r=1780069848.7240179&pvid=97y1yiezspfmpr3mldg&su=871e6996-7cdb-4353-9c60-5aa349444b08&__lt__cid_valid=false&_impl=ytag&brands=%22Chromium%22%3B%20v%3D%22148.0.7778.179%22%2C%20%22Google%20Chrome%22%3B%20v%3D%22148.0.7778.179%22%2C%20%22Not%2FA)Brand%22%3B%20v%3D%2299.0.0.0%22&platform=%22macOS%22&platform_version=%2215.7.7%22:0
[    2849ms] [LOG] Robee#init @ https://cdn.robee.tech/v1/sdk.js:13
[    2856ms] [ERROR] Failed to load resource: net::ERR_CONNECTION_REFUSED @ https://dmp.im-apps.net/scripts/im-uid-hook.js?cid=11283:0
[    2914ms] [ERROR] Failed to load resource: net::ERR_CONNECTION_REFUSED @ https://sync.im-apps.net/imid/segment?token=zeBmtLBQ_7DGM09UZqwoBg&callback=im_audience.callbackLoad:0
[    2916ms] [ERROR] Failed to load resource: net::ERR_CONNECTION_REFUSED @ https://googleads.g.doubleclick.net/pagead/viewthroughconversion/960623014/?random=1780069848384&cv=11&fst=1780069848384&bg=ffffff&guid=ON&async=1&en=gtag.config&gtm=45be65r2v9168568953z89165586354za20gzb9165586354zd9165586354xec&gcd=13l3l3l3l1l1&dma=0&tag_exp=0~115616985~115938465~115938469~116701381~118012009~119027222~119034493~119064591&u_w=1710&u_h=1112&url=https%3A%2F%2Ftownwork.net%2Fsession%2Fdestroy%2F%3Ftype%3DwebSSO&rcb=5&frm=0&hn=www.googleadservices.com&npa=0&pscdl=noapi&auid=345582163.1780069848&uaa=arm&uab=64&uafvl=Chromium%3B148.0.7778.179%7CGoogle%2520Chrome%3B148.0.7778.179%7CNot%252FA)Brand%3B99.0.0.0&uamb=0&uam=&uap=macOS&uapv=15.7.7&uaw=0&data=event%3Dgtag.config&rfmt=3&fmt=4:0
[    2982ms] [ERROR] Failed to load resource: net::ERR_CONNECTION_REFUSED @ https://googleads.g.doubleclick.net/pagead/viewthroughconversion/954992434/?random=1780069848444&cv=11&fst=1780069848444&bg=ffffff&guid=ON&async=1&en=gtag.config&gtm=45be65r2v9101344674z89165586354za20gzb9165586354zd9165586354xec&gcd=13l3l3l3l1l1&dma=0&tag_exp=0~115938465~115938468~116701381~118012009~119034493&u_w=1710&u_h=1112&url=https%3A%2F%2Ftownwork.net%2Fsession%2Fdestroy%2F%3Ftype%3DwebSSO&rcb=13&frm=0&hn=www.googleadservices.com&npa=0&pscdl=noapi&auid=345582163.1780069848&uaa=arm&uab=64&uafvl=Chromium%3B148.0.7778.179%7CGoogle%2520Chrome%3B148.0.7778.179%7CNot%252FA)Brand%3B99.0.0.0&uamb=0&uam=&uap=macOS&uapv=15.7.7&uaw=0&data=event%3Dgtag.config&rfmt=3&fmt=4:0
[    2983ms] [ERROR] Failed to load resource: net::ERR_CONNECTION_REFUSED @ https://c-c10.ma-tag.com/?o=10:0
[    2983ms] [ERROR] Failed to load resource: net::ERR_CONNECTION_REFUSED @ https://c-c10.ma-tag.com/?o=10:0
[    2984ms] [ERROR] Failed to load resource: net::ERR_CONNECTION_REFUSED @ https://c-c05.ma-tag.com/?o=5:0
[    2984ms] [ERROR] Failed to load resource: net::ERR_CONNECTION_REFUSED @ https://c-c13.ma-tag.com/?o=13:0
[    2984ms] [ERROR] Failed to load resource: net::ERR_CONNECTION_REFUSED @ https://c-c04.ma-tag.com/?o=4:0
[    2985ms] [ERROR] Failed to load resource: net::ERR_CONNECTION_REFUSED @ https://c-c06.ma-tag.com/?o=6:0
[    2985ms] [ERROR] Failed to load resource: net::ERR_CONNECTION_REFUSED @ https://c-c05.ma-tag.com/?o=5:0
[    2985ms] [ERROR] Failed to load resource: net::ERR_CONNECTION_REFUSED @ https://c-c08.ma-tag.com/?o=8:0
[    2985ms] [ERROR] Failed to load resource: net::ERR_CONNECTION_REFUSED @ https://c-c11.ma-tag.com/?o=11:0
[    2985ms] [ERROR] Failed to load resource: net::ERR_CONNECTION_REFUSED @ https://c-c07.ma-tag.com/?o=7:0
[    3040ms] [ERROR] Failed to load resource: net::ERR_CONNECTION_REFUSED @ https://ivs.ma-tag.com/v1/echo:0
[    3041ms] [ERROR] Failed to load resource: net::ERR_CONNECTION_REFUSED @ https://c-c13.ma-tag.com/?o=13:0
[    3041ms] [ERROR] Failed to load resource: net::ERR_CONNECTION_REFUSED @ https://c-c04.ma-tag.com/?o=4:0
[    3041ms] [ERROR] Failed to load resource: net::ERR_CONNECTION_REFUSED @ https://c-c06.ma-tag.com/?o=6:0
[    3041ms] [ERROR] Failed to load resource: net::ERR_CONNECTION_REFUSED @ https://c-c11.ma-tag.com/?o=11:0
[    3041ms] [ERROR] Failed to load resource: net::ERR_CONNECTION_REFUSED @ https://c-c07.ma-tag.com/?o=7:0
[    3041ms] [ERROR] Failed to load resource: net::ERR_CONNECTION_REFUSED @ https://c-c14.ma-tag.com/?o=14:0
[    3041ms] [ERROR] Failed to load resource: net::ERR_CONNECTION_REFUSED @ https://c-c15.ma-tag.com/?o=15:0
[    3041ms] [ERROR] Failed to load resource: net::ERR_CONNECTION_REFUSED @ https://c-c08.ma-tag.com/?o=8:0
[    3041ms] [ERROR] Failed to load resource: net::ERR_CONNECTION_REFUSED @ https://c-c12.ma-tag.com/?o=12:0
[    3041ms] [ERROR] Failed to load resource: net::ERR_CONNECTION_REFUSED @ https://c-c09.ma-tag.com/?o=9:0
[    3042ms] [ERROR] Failed to load resource: net::ERR_CONNECTION_REFUSED @ https://c-c01.ma-tag.com/?o=1:0
[    3042ms] [ERROR] Failed to load resource: net::ERR_CONNECTION_REFUSED @ https://c-c00.ma-tag.com/?o=0:0
[    3042ms] [ERROR] Failed to load resource: net::ERR_CONNECTION_REFUSED @ https://c-c02.ma-tag.com/?o=2:0
[    3042ms] [ERROR] Failed to load resource: net::ERR_CONNECTION_REFUSED @ https://c-c03.ma-tag.com/?o=3:0
[    3042ms] [ERROR] Failed to load resource: net::ERR_CONNECTION_REFUSED @ https://ivs.ma-tag.com/v1/echo:0
[    3042ms] [ERROR] Failed to load resource: net::ERR_CONNECTION_REFUSED @ https://c-c14.ma-tag.com/?o=14:0
[    3042ms] [ERROR] Failed to load resource: net::ERR_CONNECTION_REFUSED @ https://c-c15.ma-tag.com/?o=15:0
[    3042ms] [ERROR] Failed to load resource: net::ERR_CONNECTION_REFUSED @ https://c-c12.ma-tag.com/?o=12:0
[    3043ms] [ERROR] Failed to load resource: net::ERR_CONNECTION_REFUSED @ https://c-c09.ma-tag.com/?o=9:0
[    3043ms] [ERROR] Failed to load resource: net::ERR_CONNECTION_REFUSED @ https://c-c01.ma-tag.com/?o=1:0
[    3043ms] [ERROR] Failed to load resource: net::ERR_CONNECTION_REFUSED @ https://c-c00.ma-tag.com/?o=0:0
[    3043ms] [ERROR] Failed to load resource: net::ERR_CONNECTION_REFUSED @ https://c-c02.ma-tag.com/?o=2:0
[    3043ms] [ERROR] Failed to load resource: net::ERR_CONNECTION_REFUSED @ https://c-c03.ma-tag.com/?o=3:0
[    3047ms] [ERROR] Failed to load resource: net::ERR_CONNECTION_REFUSED @ https://googleads.g.doubleclick.net/pagead/viewthroughconversion/939727538/?random=1780069848514&cv=11&fst=1780069848514&bg=ffffff&guid=ON&async=1&en=gtag.config&gtm=45be65r2v9236359545z89165586354za20gzb9165586354zd9165586354xec&gcd=13l3l3l3l1l1&dma=0&tag_exp=0~115616985~115938465~115938469~116701381~118012008~119034493~119064591&u_w=1710&u_h=1112&url=https%3A%2F%2Ftownwork.net%2Fsession%2Fdestroy%2F%3Ftype%3DwebSSO&rcb=8&frm=0&hn=www.googleadservices.com&npa=0&pscdl=noapi&auid=345582163.1780069848&uaa=arm&uab=64&uafvl=Chromium%3B148.0.7778.179%7CGoogle%2520Chrome%3B148.0.7778.179%7CNot%252FA)Brand%3B99.0.0.0&uamb=0&uam=&uap=macOS&uapv=15.7.7&uaw=0&data=event%3Dgtag.config&rfmt=3&fmt=4:0
[    3051ms] [ERROR] Failed to load resource: net::ERR_CONNECTION_REFUSED @ https://collector.ma-tag.com/api/v1/collect:0
[    3052ms] [ERROR] Failed to load resource: net::ERR_CONNECTION_REFUSED @ https://collector.ma-tag.com/api/v1/collect:0
[    3063ms] Uncaught (in promise) TypeError: Failed to fetch
    at ea.fetch (https://townwork.net/_next/static/chunks/pages/_app-452e3177b072d379.js:41:160765)
    at <anonymous> (https://townwork.net/_next/static/chunks/pages/_app-452e3177b072d379.js:41:160952)
    at ei.fetch (https://townwork.net/_next/static/chunks/pages/_app-452e3177b072d379.js:50:39215)
    at <anonymous> (https://townwork.net/_next/static/chunks/pages/_app-452e3177b072d379.js:50:39521)
    at <anonymous> (https://cdn.robee.tech/v1/sdk.js:48:26531)
    at <anonymous> (https://cdn.robee.tech/v1/sdk.js:48:25646)
    at l (https://cdn.robee.tech/v1/sdk.js:48:156650)
    at <anonymous> (https://cdn.robee.tech/v1/sdk.js:48:157990)
    at <anonymous> (https://cdn.robee.tech/v1/sdk.js:48:157060)
    at <anonymous> (https://cdn.robee.tech/v1/sdk.js:41:11532)
    at v (https://cdn.robee.tech/v1/sdk.js:41:11312)
    at <anonymous> (https://cdn.robee.tech/v1/sdk.js:48:25498)
    at <anonymous> (https://cdn.robee.tech/v1/sdk.js:48:26436)
    at l (https://cdn.robee.tech/v1/sdk.js:48:156650)
    at <anonymous> (https://cdn.robee.tech/v1/sdk.js:48:157990)
    at <anonymous> (https://cdn.robee.tech/v1/sdk.js:48:157060)
    at <anonymous> (https://cdn.robee.tech/v1/sdk.js:41:11532)
    at v (https://cdn.robee.tech/v1/sdk.js:41:11312)
    at <anonymous> (https://cdn.robee.tech/v1/sdk.js:48:26160)
    at <anonymous> (https://cdn.robee.tech/v1/sdk.js:48:86520)
    at l (https://cdn.robee.tech/v1/sdk.js:48:156650)
    at <anonymous> (https://cdn.robee.tech/v1/sdk.js:48:157990)
    at <anonymous> (https://cdn.robee.tech/v1/sdk.js:48:157060)
    at a (https://cdn.robee.tech/v1/sdk.js:41:11417)
[    3053ms] [ERROR] Failed to load resource: net::ERR_CONNECTION_REFUSED @ https://track.robee.tech/v1/site/RBE-ysFt0ZSsZA8/count:0
[    3063ms] Uncaught (in promise) TypeError: Failed to fetch
    at ea.fetch (https://townwork.net/_next/static/chunks/pages/_app-452e3177b072d379.js:41:160765)
    at <anonymous> (https://townwork.net/_next/static/chunks/pages/_app-452e3177b072d379.js:41:160952)
    at ei.fetch (https://townwork.net/_next/static/chunks/pages/_app-452e3177b072d379.js:50:39215)
    at <anonymous> (https://townwork.net/_next/static/chunks/pages/_app-452e3177b072d379.js:50:39521)
    at <anonymous> (https://cdn.robee.tech/v1/sdk.js:48:26531)
    at <anonymous> (https://cdn.robee.tech/v1/sdk.js:48:25646)
    at l (https://cdn.robee.tech/v1/sdk.js:48:156650)
    at <anonymous> (https://cdn.robee.tech/v1/sdk.js:48:157990)
    at <anonymous> (https://cdn.robee.tech/v1/sdk.js:48:157060)
    at <anonymous> (https://cdn.robee.tech/v1/sdk.js:41:11532)
    at v (https://cdn.robee.tech/v1/sdk.js:41:11312)
    at <anonymous> (https://cdn.robee.tech/v1/sdk.js:48:25498)
    at <anonymous> (https://cdn.robee.tech/v1/sdk.js:48:26436)
    at l (https://cdn.robee.tech/v1/sdk.js:48:156650)
    at <anonymous> (https://cdn.robee.tech/v1/sdk.js:48:157990)
    at <anonymous> (https://cdn.robee.tech/v1/sdk.js:48:157060)
    at <anonymous> (https://cdn.robee.tech/v1/sdk.js:41:11532)
    at v (https://cdn.robee.tech/v1/sdk.js:41:11312)
    at <anonymous> (https://cdn.robee.tech/v1/sdk.js:48:26160)
    at <anonymous> (https://cdn.robee.tech/v1/sdk.js:48:82705)
    at l (https://cdn.robee.tech/v1/sdk.js:48:156650)
    at <anonymous> (https://cdn.robee.tech/v1/sdk.js:48:157990)
    at <anonymous> (https://cdn.robee.tech/v1/sdk.js:48:157060)
    at a (https://cdn.robee.tech/v1/sdk.js:41:11417)
[    3053ms] [ERROR] Failed to load resource: net::ERR_CONNECTION_REFUSED @ https://track.robee.tech/v1/site/load?url=https%3A%2F%2Ftownwork.net%2Fsession%2Fdestroy%2F%3Ftype%3DwebSSO&ns=robee&cb=callbackLoad&apiKey=RBE-ysFt0ZSsZA8&ua=Mozilla%2F5.0%20(Macintosh%3B%20Intel%20Mac%20OS%20X%2010_15_7)%20AppleWebKit%2F537.36%20(KHTML%2C%20like%20Gecko)%20Chrome%2F148.0.0.0%20Safari%2F537.36&tracking=true&uid=81a1961d746c121fb77a1cfb52cfbce11780069848344&sid=a9f51780069848344&tst=1780069848541&d3Tie=81a1961d746c121fb77a1cfb52cfbce11780069848344_1780069848541&rptKeys=%5B%5D&dspCounts=%7B%7D:0
[    3134ms] [ERROR] Failed to load resource: net::ERR_CONNECTION_REFUSED @ https://ct.ma-tag.com/echo:0
[    3134ms] [LOG] TypeError: Failed to fetch
    at e.<anonymous> (https://cdn.robee.tech/v1/sdk.js:49:8770)
    at l (https://cdn.robee.tech/v1/sdk.js:49:156651)
    at Generator.<anonymous> (https://cdn.robee.tech/v1/sdk.js:49:157991)
    at Generator.next (https://cdn.robee.tech/v1/sdk.js:49:157061)
    at i (https://cdn.robee.tech/v1/sdk.js:42:11366) @ https://cdn.robee.tech/v1/sdk.js:48
[    3136ms] [ERROR] Failed to load resource: net::ERR_CONNECTION_REFUSED @ https://googleads.g.doubleclick.net/pagead/viewthroughconversion/960623014/?random=1780069848384&cv=11&fst=1780069848384&fmt=3&bg=ffffff&guid=ON&async=1&en=gtag.config&gtm=45be65r2v9168568953z89165586354za20gzb9165586354zd9165586354xec&gcd=13l3l3l3l1l1&dma=0&tag_exp=0~115616985~115938465~115938469~116701381~118012009~119027222~119034493~119064591&u_w=1710&u_h=1112&url=https%3A%2F%2Ftownwork.net%2Fsession%2Fdestroy%2F%3Ftype%3DwebSSO&rcb=5&frm=0&hn=www.googleadservices.com&npa=0&pscdl=noapi&auid=345582163.1780069848&uaa=arm&uab=64&uafvl=Chromium%3B148.0.7778.179%7CGoogle%2520Chrome%3B148.0.7778.179%7CNot%252FA)Brand%3B99.0.0.0&uamb=0&uam=&uap=macOS&uapv=15.7.7&uaw=0&data=event%3Dgtag.config:0
[    3136ms] [ERROR] Failed to load resource: net::ERR_CONNECTION_REFUSED @ https://googleads.g.doubleclick.net/pagead/viewthroughconversion/954992434/?random=1780069848444&cv=11&fst=1780069848444&fmt=3&bg=ffffff&guid=ON&async=1&en=gtag.config&gtm=45be65r2v9101344674z89165586354za20gzb9165586354zd9165586354xec&gcd=13l3l3l3l1l1&dma=0&tag_exp=0~115938465~115938468~116701381~118012009~119034493&u_w=1710&u_h=1112&url=https%3A%2F%2Ftownwork.net%2Fsession%2Fdestroy%2F%3Ftype%3DwebSSO&rcb=13&frm=0&hn=www.googleadservices.com&npa=0&pscdl=noapi&auid=345582163.1780069848&uaa=arm&uab=64&uafvl=Chromium%3B148.0.7778.179%7CGoogle%2520Chrome%3B148.0.7778.179%7CNot%252FA)Brand%3B99.0.0.0&uamb=0&uam=&uap=macOS&uapv=15.7.7&uaw=0&data=event%3Dgtag.config:0
[    3136ms] [ERROR] Failed to load resource: net::ERR_CONNECTION_REFUSED @ https://googleads.g.doubleclick.net/pagead/viewthroughconversion/939727538/?random=1780069848514&cv=11&fst=1780069848514&fmt=3&bg=ffffff&guid=ON&async=1&en=gtag.config&gtm=45be65r2v9236359545z89165586354za20gzb9165586354zd9165586354xec&gcd=13l3l3l3l1l1&dma=0&tag_exp=0~115616985~115938465~115938469~116701381~118012008~119034493~119064591&u_w=1710&u_h=1112&url=https%3A%2F%2Ftownwork.net%2Fsession%2Fdestroy%2F%3Ftype%3DwebSSO&rcb=8&frm=0&hn=www.googleadservices.com&npa=0&pscdl=noapi&auid=345582163.1780069848&uaa=arm&uab=64&uafvl=Chromium%3B148.0.7778.179%7CGoogle%2520Chrome%3B148.0.7778.179%7CNot%252FA)Brand%3B99.0.0.0&uamb=0&uam=&uap=macOS&uapv=15.7.7&uaw=0&data=event%3Dgtag.config:0
[    3136ms] [ERROR] Failed to load resource: net::ERR_CONNECTION_REFUSED @ https://ct.ma-tag.com/echo:0
[    3136ms] [LOG] TypeError: Failed to fetch
    at e.<anonymous> (https://cdn.robee.tech/v1/sdk.js:49:8770)
    at l (https://cdn.robee.tech/v1/sdk.js:49:156651)
    at Generator.<anonymous> (https://cdn.robee.tech/v1/sdk.js:49:157991)
    at Generator.next (https://cdn.robee.tech/v1/sdk.js:49:157061)
    at i (https://cdn.robee.tech/v1/sdk.js:42:11366) @ https://cdn.robee.tech/v1/sdk.js:48
[    3137ms] [ERROR] Failed to load resource: net::ERR_CONNECTION_REFUSED @ https://collector.ma-tag.com/api/v1/collect:0
[    3138ms] Uncaught (in promise) TypeError: Failed to fetch
    at ea.fetch (https://townwork.net/_next/static/chunks/pages/_app-452e3177b072d379.js:41:160765)
    at <anonymous> (https://townwork.net/_next/static/chunks/pages/_app-452e3177b072d379.js:41:160952)
    at ei.fetch (https://townwork.net/_next/static/chunks/pages/_app-452e3177b072d379.js:50:39215)
    at <anonymous> (https://townwork.net/_next/static/chunks/pages/_app-452e3177b072d379.js:50:39521)
    at <anonymous> (https://cdn.robee.tech/v1/sdk.js:48:26531)
    at <anonymous> (https://cdn.robee.tech/v1/sdk.js:48:25646)
    at l (https://cdn.robee.tech/v1/sdk.js:48:156650)
    at <anonymous> (https://cdn.robee.tech/v1/sdk.js:48:157990)
    at <anonymous> (https://cdn.robee.tech/v1/sdk.js:48:157060)
    at <anonymous> (https://cdn.robee.tech/v1/sdk.js:41:11532)
    at v (https://cdn.robee.tech/v1/sdk.js:41:11312)
    at <anonymous> (https://cdn.robee.tech/v1/sdk.js:48:25498)
    at <anonymous> (https://cdn.robee.tech/v1/sdk.js:48:26058)
    at l (https://cdn.robee.tech/v1/sdk.js:48:156650)
    at <anonymous> (https://cdn.robee.tech/v1/sdk.js:48:157990)
    at <anonymous> (https://cdn.robee.tech/v1/sdk.js:48:157060)
    at <anonymous> (https://cdn.robee.tech/v1/sdk.js:41:11532)
    at v (https://cdn.robee.tech/v1/sdk.js:41:11312)
    at <anonymous> (https://cdn.robee.tech/v1/sdk.js:48:25764)
    at <anonymous> (https://cdn.robee.tech/v1/sdk.js:48:85410)
    at l (https://cdn.robee.tech/v1/sdk.js:48:156650)
    at <anonymous> (https://cdn.robee.tech/v1/sdk.js:48:157990)
    at <anonymous> (https://cdn.robee.tech/v1/sdk.js:48:157060)
    at i (https://cdn.robee.tech/v1/sdk.js:41:11365)
[    3221ms] [ERROR] Failed to load resource: net::ERR_CONNECTION_REFUSED @ https://collector.ma-tag.com/api/v1/collect:0
[    3222ms] [ERROR] Failed to load resource: net::ERR_CONNECTION_REFUSED @ https://x.ma-tag.com/api/v1/identify:0
[    3222ms] [ERROR] Failed to load resource: net::ERR_CONNECTION_REFUSED @ https://x.ma-tag.com/api/v1/identify:0
[    3225ms] Uncaught (in promise) TypeError: Failed to fetch
    at ea.fetch (https://townwork.net/_next/static/chunks/pages/_app-452e3177b072d379.js:41:160765)
    at <anonymous> (https://townwork.net/_next/static/chunks/pages/_app-452e3177b072d379.js:41:160952)
    at ei.fetch (https://townwork.net/_next/static/chunks/pages/_app-452e3177b072d379.js:50:39215)
    at <anonymous> (https://townwork.net/_next/static/chunks/pages/_app-452e3177b072d379.js:50:39521)
    at <anonymous> (https://cdn.robee.tech/v1/sdk.js:48:26531)
    at <anonymous> (https://cdn.robee.tech/v1/sdk.js:48:25646)
    at l (https://cdn.robee.tech/v1/sdk.js:48:156650)
    at <anonymous> (https://cdn.robee.tech/v1/sdk.js:48:157990)
    at <anonymous> (https://cdn.robee.tech/v1/sdk.js:48:157060)
    at <anonymous> (https://cdn.robee.tech/v1/sdk.js:41:11532)
    at v (https://cdn.robee.tech/v1/sdk.js:41:11312)
    at <anonymous> (https://cdn.robee.tech/v1/sdk.js:48:25498)
    at <anonymous> (https://cdn.robee.tech/v1/sdk.js:48:26058)
    at l (https://cdn.robee.tech/v1/sdk.js:48:156650)
    at <anonymous> (https://cdn.robee.tech/v1/sdk.js:48:157990)
    at <anonymous> (https://cdn.robee.tech/v1/sdk.js:48:157060)
    at <anonymous> (https://cdn.robee.tech/v1/sdk.js:41:11532)
    at v (https://cdn.robee.tech/v1/sdk.js:41:11312)
    at <anonymous> (https://cdn.robee.tech/v1/sdk.js:48:25764)
    at <anonymous> (https://cdn.robee.tech/v1/sdk.js:48:81595)
    at l (https://cdn.robee.tech/v1/sdk.js:48:156650)
    at <anonymous> (https://cdn.robee.tech/v1/sdk.js:48:157990)
    at <anonymous> (https://cdn.robee.tech/v1/sdk.js:48:157060)
    at i (https://cdn.robee.tech/v1/sdk.js:41:11365)
[    3224ms] [ERROR] Failed to load resource: net::ERR_CONNECTION_REFUSED @ https://collector.ma-tag.com/api/v1/collect:0
[    3226ms] Uncaught (in promise) TypeError: Failed to fetch
    at ea.fetch (https://townwork.net/_next/static/chunks/pages/_app-452e3177b072d379.js:41:160765)
    at <anonymous> (https://townwork.net/_next/static/chunks/pages/_app-452e3177b072d379.js:41:160952)
    at ei.fetch (https://townwork.net/_next/static/chunks/pages/_app-452e3177b072d379.js:50:39215)
    at <anonymous> (https://townwork.net/_next/static/chunks/pages/_app-452e3177b072d379.js:50:39521)
    at <anonymous> (https://cdn.robee.tech/v1/sdk.js:48:26531)
    at <anonymous> (https://cdn.robee.tech/v1/sdk.js:48:25646)
    at c (https://connect.facebook.net/signals/config/1642213582702378?v=2.9.328&r=stable&domain=townwork.net&hme=af8aa31887db259becaf70277daef60bd8bc35c2df82c2acd4258de27ecac4b5&ex_m=104%2C207%2C155%2C22%2C72%2C73%2C146%2C68%2C67%2C11%2C164%2C90%2C16%2C138%2C127%2C39%2C75%2C78%2C134%2C160%2C166%2C8%2C4%2C5%2C7%2C6%2C3%2C91%2C101%2C167%2C172%2C221%2C62%2C188%2C189%2C55%2C279%2C30%2C74%2C233%2C232%2C231%2C23%2C33%2C103%2C61%2C10%2C63%2C97%2C98%2C99%2C105%2C130%2C31%2C29%2C132%2C133%2C129%2C128%2C156%2C76%2C159%2C157%2C158%2C50%2C60%2C123%2C15%2C163%2C45%2C266%2C267%2C265%2C26%2C27%2C28%2C48%2C147%2C77%2C112%2C18%2C20%2C44%2C40%2C42%2C41%2C83%2C92%2C96%2C110%2C145%2C148%2C46%2C111%2C24%2C21%2C119%2C69%2C36%2C150%2C149%2C151%2C142%2C140%2C25%2C35%2C59%2C109%2C162%2C70%2C17%2C153%2C114%2C81%2C66%2C19%2C85%2C86%2C116%2C84%2C136%2C135%2C139%2C161%2C34%2C281%2C297%2C214%2C203%2C204%2C202%2C300%2C291%2C52%2C215%2C107%2C131%2C80%2C121%2C54%2C47%2C49%2C113%2C120%2C126%2C125%2C58%2C64%2C152%2C115%2C37%2C32%2C53%2C56%2C100%2C165%2C1%2C124%2C14%2C122%2C12%2C2%2C57%2C93%2C65%2C118%2C89%2C88%2C168%2C169%2C94%2C95%2C9%2C102%2C51%2C143%2C87%2C79%2C71%2C117%2C106%2C43%2C144%2C0%2C82%2C137%2C141%2C154%2C38%2C108%2C13%2C170%2C230%2C229%2C224%2C226%2C227%2C228%2C225%2C213%2C223%2C195%2C192%2C193%2C187%2C191%2C194%2C190%2C185%2C321%2C198%2C217%2C186%2C184%2C237%2C208%2C178%2C179%2C174%2C180%2C177%2C175%2C176%2C173%2C171%2C182%2C183%2C181%2C268%2C320%2C196%2C240%2C246%2C241%2C243%2C245%2C244%2C242%2C239%2C255%2C250%2C252%2C249%2C256%2C253%2C248%2C254%2C251%2C247%2C294:39:80863)
    at <anonymous> (https://connect.facebook.net/signals/config/1642213582702378?v=2.9.328&r=stable&domain=townwork.net&hme=af8aa31887db259becaf70277daef60bd8bc35c2df82c2acd4258de27ecac4b5&ex_m=104%2C207%2C155%2C22%2C72%2C73%2C146%2C68%2C67%2C11%2C164%2C90%2C16%2C138%2C127%2C39%2C75%2C78%2C134%2C160%2C166%2C8%2C4%2C5%2C7%2C6%2C3%2C91%2C101%2C167%2C172%2C221%2C62%2C188%2C189%2C55%2C279%2C30%2C74%2C233%2C232%2C231%2C23%2C33%2C103%2C61%2C10%2C63%2C97%2C98%2C99%2C105%2C130%2C31%2C29%2C132%2C133%2C129%2C128%2C156%2C76%2C159%2C157%2C158%2C50%2C60%2C123%2C15%2C163%2C45%2C266%2C267%2C265%2C26%2C27%2C28%2C48%2C147%2C77%2C112%2C18%2C20%2C44%2C40%2C42%2C41%2C83%2C92%2C96%2C110%2C145%2C148%2C46%2C111%2C24%2C21%2C119%2C69%2C36%2C150%2C149%2C151%2C142%2C140%2C25%2C35%2C59%2C109%2C162%2C70%2C17%2C153%2C114%2C81%2C66%2C19%2C85%2C86%2C116%2C84%2C136%2C135%2C139%2C161%2C34%2C281%2C297%2C214%2C203%2C204%2C202%2C300%2C291%2C52%2C215%2C107%2C131%2C80%2C121%2C54%2C47%2C49%2C113%2C120%2C126%2C125%2C58%2C64%2C152%2C115%2C37%2C32%2C53%2C56%2C100%2C165%2C1%2C124%2C14%2C122%2C12%2C2%2C57%2C93%2C65%2C118%2C89%2C88%2C168%2C169%2C94%2C95%2C9%2C102%2C51%2C143%2C87%2C79%2C71%2C117%2C106%2C43%2C144%2C0%2C82%2C137%2C141%2C154%2C38%2C108%2C13%2C170%2C230%2C229%2C224%2C226%2C227%2C228%2C225%2C213%2C223%2C195%2C192%2C193%2C187%2C191%2C194%2C190%2C185%2C321%2C198%2C217%2C186%2C184%2C237%2C208%2C178%2C179%2C174%2C180%2C177%2C175%2C176%2C173%2C171%2C182%2C183%2C181%2C268%2C320%2C196%2C240%2C246%2C241%2C243%2C245%2C244%2C242%2C239%2C255%2C250%2C252%2C249%2C256%2C253%2C248%2C254%2C251%2C247%2C294:39:82826)
    at <anonymous> (https://connect.facebook.net/signals/config/1642213582702378?v=2.9.328&r=stable&domain=townwork.net&hme=af8aa31887db259becaf70277daef60bd8bc35c2df82c2acd4258de27ecac4b5&ex_m=104%2C207%2C155%2C22%2C72%2C73%2C146%2C68%2C67%2C11%2C164%2C90%2C16%2C138%2C127%2C39%2C75%2C78%2C134%2C160%2C166%2C8%2C4%2C5%2C7%2C6%2C3%2C91%2C101%2C167%2C172%2C221%2C62%2C188%2C189%2C55%2C279%2C30%2C74%2C233%2C232%2C231%2C23%2C33%2C103%2C61%2C10%2C63%2C97%2C98%2C99%2C105%2C130%2C31%2C29%2C132%2C133%2C129%2C128%2C156%2C76%2C159%2C157%2C158%2C50%2C60%2C123%2C15%2C163%2C45%2C266%2C267%2C265%2C26%2C27%2C28%2C48%2C147%2C77%2C112%2C18%2C20%2C44%2C40%2C42%2C41%2C83%2C92%2C96%2C110%2C145%2C148%2C46%2C111%2C24%2C21%2C119%2C69%2C36%2C150%2C149%2C151%2C142%2C140%2C25%2C35%2C59%2C109%2C162%2C70%2C17%2C153%2C114%2C81%2C66%2C19%2C85%2C86%2C116%2C84%2C136%2C135%2C139%2C161%2C34%2C281%2C297%2C214%2C203%2C204%2C202%2C300%2C291%2C52%2C215%2C107%2C131%2C80%2C121%2C54%2C47%2C49%2C113%2C120%2C126%2C125%2C58%2C64%2C152%2C115%2C37%2C32%2C53%2C56%2C100%2C165%2C1%2C124%2C14%2C122%2C12%2C2%2C57%2C93%2C65%2C118%2C89%2C88%2C168%2C169%2C94%2C95%2C9%2C102%2C51%2C143%2C87%2C79%2C71%2C117%2C106%2C43%2C144%2C0%2C82%2C137%2C141%2C154%2C38%2C108%2C13%2C170%2C230%2C229%2C224%2C226%2C227%2C228%2C225%2C213%2C223%2C195%2C192%2C193%2C187%2C191%2C194%2C190%2C185%2C321%2C198%2C217%2C186%2C184%2C237%2C208%2C178%2C179%2C174%2C180%2C177%2C175%2C176%2C173%2C171%2C182%2C183%2C181%2C268%2C320%2C196%2C240%2C246%2C241%2C243%2C245%2C244%2C242%2C239%2C255%2C250%2C252%2C249%2C256%2C253%2C248%2C254%2C251%2C247%2C294:39:81362)
    at <anonymous> (https://cdn.robee.tech/v1/sdk.js:41:11532)
    at v (https://cdn.robee.tech/v1/sdk.js:41:11312)
    at <anonymous> (https://cdn.robee.tech/v1/sdk.js:48:25498)
    at <anonymous> (https://cdn.robee.tech/v1/sdk.js:48:26436)
    at c (https://connect.facebook.net/signals/config/1642213582702378?v=2.9.328&r=stable&domain=townwork.net&hme=af8aa31887db259becaf70277daef60bd8bc35c2df82c2acd4258de27ecac4b5&ex_m=104%2C207%2C155%2C22%2C72%2C73%2C146%2C68%2C67%2C11%2C164%2C90%2C16%2C138%2C127%2C39%2C75%2C78%2C134%2C160%2C166%2C8%2C4%2C5%2C7%2C6%2C3%2C91%2C101%2C167%2C172%2C221%2C62%2C188%2C189%2C55%2C279%2C30%2C74%2C233%2C232%2C231%2C23%2C33%2C103%2C61%2C10%2C63%2C97%2C98%2C99%2C105%2C130%2C31%2C29%2C132%2C133%2C129%2C128%2C156%2C76%2C159%2C157%2C158%2C50%2C60%2C123%2C15%2C163%2C45%2C266%2C267%2C265%2C26%2C27%2C28%2C48%2C147%2C77%2C112%2C18%2C20%2C44%2C40%2C42%2C41%2C83%2C92%2C96%2C110%2C145%2C148%2C46%2C111%2C24%2C21%2C119%2C69%2C36%2C150%2C149%2C151%2C142%2C140%2C25%2C35%2C59%2C109%2C162%2C70%2C17%2C153%2C114%2C81%2C66%2C19%2C85%2C86%2C116%2C84%2C136%2C135%2C139%2C161%2C34%2C281%2C297%2C214%2C203%2C204%2C202%2C300%2C291%2C52%2C215%2C107%2C131%2C80%2C121%2C54%2C47%2C49%2C113%2C120%2C126%2C125%2C58%2C64%2C152%2C115%2C37%2C32%2C53%2C56%2C100%2C165%2C1%2C124%2C14%2C122%2C12%2C2%2C57%2C93%2C65%2C118%2C89%2C88%2C168%2C169%2C94%2C95%2C9%2C102%2C51%2C143%2C87%2C79%2C71%2C117%2C106%2C43%2C144%2C0%2C82%2C137%2C141%2C154%2C38%2C108%2C13%2C170%2C230%2C229%2C224%2C226%2C227%2C228%2C225%2C213%2C223%2C195%2C192%2C193%2C187%2C191%2C194%2C190%2C185%2C321%2C198%2C217%2C186%2C184%2C237%2C208%2C178%2C179%2C174%2C180%2C177%2C175%2C176%2C173%2C171%2C182%2C183%2C181%2C268%2C320%2C196%2C240%2C246%2C241%2C243%2C245%2C244%2C242%2C239%2C255%2C250%2C252%2C249%2C256%2C253%2C248%2C254%2C251%2C247%2C294:39:80863)
    at <anonymous> (https://connect.facebook.net/signals/config/1642213582702378?v=2.9.328&r=stable&domain=townwork.net&hme=af8aa31887db259becaf70277daef60bd8bc35c2df82c2acd4258de27ecac4b5&ex_m=104%2C207%2C155%2C22%2C72%2C73%2C146%2C68%2C67%2C11%2C164%2C90%2C16%2C138%2C127%2C39%2C75%2C78%2C134%2C160%2C166%2C8%2C4%2C5%2C7%2C6%2C3%2C91%2C101%2C167%2C172%2C221%2C62%2C188%2C189%2C55%2C279%2C30%2C74%2C233%2C232%2C231%2C23%2C33%2C103%2C61%2C10%2C63%2C97%2C98%2C99%2C105%2C130%2C31%2C29%2C132%2C133%2C129%2C128%2C156%2C76%2C159%2C157%2C158%2C50%2C60%2C123%2C15%2C163%2C45%2C266%2C267%2C265%2C26%2C27%2C28%2C48%2C147%2C77%2C112%2C18%2C20%2C44%2C40%2C42%2C41%2C83%2C92%2C96%2C110%2C145%2C148%2C46%2C111%2C24%2C21%2C119%2C69%2C36%2C150%2C149%2C151%2C142%2C140%2C25%2C35%2C59%2C109%2C162%2C70%2C17%2C153%2C114%2C81%2C66%2C19%2C85%2C86%2C116%2C84%2C136%2C135%2C139%2C161%2C34%2C281%2C297%2C214%2C203%2C204%2C202%2C300%2C291%2C52%2C215%2C107%2C131%2C80%2C121%2C54%2C47%2C49%2C113%2C120%2C126%2C125%2C58%2C64%2C152%2C115%2C37%2C32%2C53%2C56%2C100%2C165%2C1%2C124%2C14%2C122%2C12%2C2%2C57%2C93%2C65%2C118%2C89%2C88%2C168%2C169%2C94%2C95%2C9%2C102%2C51%2C143%2C87%2C79%2C71%2C117%2C106%2C43%2C144%2C0%2C82%2C137%2C141%2C154%2C38%2C108%2C13%2C170%2C230%2C229%2C224%2C226%2C227%2C228%2C225%2C213%2C223%2C195%2C192%2C193%2C187%2C191%2C194%2C190%2C185%2C321%2C198%2C217%2C186%2C184%2C237%2C208%2C178%2C179%2C174%2C180%2C177%2C175%2C176%2C173%2C171%2C182%2C183%2C181%2C268%2C320%2C196%2C240%2C246%2C241%2C243%2C245%2C244%2C242%2C239%2C255%2C250%2C252%2C249%2C256%2C253%2C248%2C254%2C251%2C247%2C294:39:82826)
    at <anonymous> (https://connect.facebook.net/signals/config/1642213582702378?v=2.9.328&r=stable&domain=townwork.net&hme=af8aa31887db259becaf70277daef60bd8bc35c2df82c2acd4258de27ecac4b5&ex_m=104%2C207%2C155%2C22%2C72%2C73%2C146%2C68%2C67%2C11%2C164%2C90%2C16%2C138%2C127%2C39%2C75%2C78%2C134%2C160%2C166%2C8%2C4%2C5%2C7%2C6%2C3%2C91%2C101%2C167%2C172%2C221%2C62%2C188%2C189%2C55%2C279%2C30%2C74%2C233%2C232%2C231%2C23%2C33%2C103%2C61%2C10%2C63%2C97%2C98%2C99%2C105%2C130%2C31%2C29%2C132%2C133%2C129%2C128%2C156%2C76%2C159%2C157%2C158%2C50%2C60%2C123%2C15%2C163%2C45%2C266%2C267%2C265%2C26%2C27%2C28%2C48%2C147%2C77%2C112%2C18%2C20%2C44%2C40%2C42%2C41%2C83%2C92%2C96%2C110%2C145%2C148%2C46%2C111%2C24%2C21%2C119%2C69%2C36%2C150%2C149%2C151%2C142%2C140%2C25%2C35%2C59%2C109%2C162%2C70%2C17%2C153%2C114%2C81%2C66%2C19%2C85%2C86%2C116%2C84%2C136%2C135%2C139%2C161%2C34%2C281%2C297%2C214%2C203%2C204%2C202%2C300%2C291%2C52%2C215%2C107%2C131%2C80%2C121%2C54%2C47%2C49%2C113%2C120%2C126%2C125%2C58%2C64%2C152%2C115%2C37%2C32%2C53%2C56%2C100%2C165%2C1%2C124%2C14%2C122%2C12%2C2%2C57%2C93%2C65%2C118%2C89%2C88%2C168%2C169%2C94%2C95%2C9%2C102%2C51%2C143%2C87%2C79%2C71%2C117%2C106%2C43%2C144%2C0%2C82%2C137%2C141%2C154%2C38%2C108%2C13%2C170%2C230%2C229%2C224%2C226%2C227%2C228%2C225%2C213%2C223%2C195%2C192%2C193%2C187%2C191%2C194%2C190%2C185%2C321%2C198%2C217%2C186%2C184%2C237%2C208%2C178%2C179%2C174%2C180%2C177%2C175%2C176%2C173%2C171%2C182%2C183%2C181%2C268%2C320%2C196%2C240%2C246%2C241%2C243%2C245%2C244%2C242%2C239%2C255%2C250%2C252%2C249%2C256%2C253%2C248%2C254%2C251%2C247%2C294:39:81362)
    at <anonymous> (https://cdn.robee.tech/v1/sdk.js:41:11532)
    at v (https://cdn.robee.tech/v1/sdk.js:41:11312)
    at <anonymous> (https://cdn.robee.tech/v1/sdk.js:48:26160)
    at <anonymous> (https://cdn.robee.tech/v1/sdk.js:48:107845)
    at l (https://cdn.robee.tech/v1/sdk.js:48:156650)
    at <anonymous> (https://cdn.robee.tech/v1/sdk.js:48:157990)
    at <anonymous> (https://cdn.robee.tech/v1/sdk.js:48:157060)
    at a (https://cdn.robee.tech/v1/sdk.js:41:11417)
[    3225ms] [ERROR] Failed to load resource: net::ERR_CONNECTION_REFUSED @ https://collector.ma-tag.com/api/v1/collect:0
[    3226ms] Uncaught (in promise) TypeError: Failed to fetch
    at ea.fetch (https://townwork.net/_next/static/chunks/pages/_app-452e3177b072d379.js:41:160765)
    at <anonymous> (https://townwork.net/_next/static/chunks/pages/_app-452e3177b072d379.js:41:160952)
    at ei.fetch (https://townwork.net/_next/static/chunks/pages/_app-452e3177b072d379.js:50:39215)
    at <anonymous> (https://townwork.net/_next/static/chunks/pages/_app-452e3177b072d379.js:50:39521)
    at <anonymous> (https://cdn.robee.tech/v1/sdk.js:48:26531)
    at <anonymous> (https://cdn.robee.tech/v1/sdk.js:48:25646)
    at c (https://connect.facebook.net/signals/config/1642213582702378?v=2.9.328&r=stable&domain=townwork.net&hme=af8aa31887db259becaf70277daef60bd8bc35c2df82c2acd4258de27ecac4b5&ex_m=104%2C207%2C155%2C22%2C72%2C73%2C146%2C68%2C67%2C11%2C164%2C90%2C16%2C138%2C127%2C39%2C75%2C78%2C134%2C160%2C166%2C8%2C4%2C5%2C7%2C6%2C3%2C91%2C101%2C167%2C172%2C221%2C62%2C188%2C189%2C55%2C279%2C30%2C74%2C233%2C232%2C231%2C23%2C33%2C103%2C61%2C10%2C63%2C97%2C98%2C99%2C105%2C130%2C31%2C29%2C132%2C133%2C129%2C128%2C156%2C76%2C159%2C157%2C158%2C50%2C60%2C123%2C15%2C163%2C45%2C266%2C267%2C265%2C26%2C27%2C28%2C48%2C147%2C77%2C112%2C18%2C20%2C44%2C40%2C42%2C41%2C83%2C92%2C96%2C110%2C145%2C148%2C46%2C111%2C24%2C21%2C119%2C69%2C36%2C150%2C149%2C151%2C142%2C140%2C25%2C35%2C59%2C109%2C162%2C70%2C17%2C153%2C114%2C81%2C66%2C19%2C85%2C86%2C116%2C84%2C136%2C135%2C139%2C161%2C34%2C281%2C297%2C214%2C203%2C204%2C202%2C300%2C291%2C52%2C215%2C107%2C131%2C80%2C121%2C54%2C47%2C49%2C113%2C120%2C126%2C125%2C58%2C64%2C152%2C115%2C37%2C32%2C53%2C56%2C100%2C165%2C1%2C124%2C14%2C122%2C12%2C2%2C57%2C93%2C65%2C118%2C89%2C88%2C168%2C169%2C94%2C95%2C9%2C102%2C51%2C143%2C87%2C79%2C71%2C117%2C106%2C43%2C144%2C0%2C82%2C137%2C141%2C154%2C38%2C108%2C13%2C170%2C230%2C229%2C224%2C226%2C227%2C228%2C225%2C213%2C223%2C195%2C192%2C193%2C187%2C191%2C194%2C190%2C185%2C321%2C198%2C217%2C186%2C184%2C237%2C208%2C178%2C179%2C174%2C180%2C177%2C175%2C176%2C173%2C171%2C182%2C183%2C181%2C268%2C320%2C196%2C240%2C246%2C241%2C243%2C245%2C244%2C242%2C239%2C255%2C250%2C252%2C249%2C256%2C253%2C248%2C254%2C251%2C247%2C294:39:80863)
    at <anonymous> (https://connect.facebook.net/signals/config/1642213582702378?v=2.9.328&r=stable&domain=townwork.net&hme=af8aa31887db259becaf70277daef60bd8bc35c2df82c2acd4258de27ecac4b5&ex_m=104%2C207%2C155%2C22%2C72%2C73%2C146%2C68%2C67%2C11%2C164%2C90%2C16%2C138%2C127%2C39%2C75%2C78%2C134%2C160%2C166%2C8%2C4%2C5%2C7%2C6%2C3%2C91%2C101%2C167%2C172%2C221%2C62%2C188%2C189%2C55%2C279%2C30%2C74%2C233%2C232%2C231%2C23%2C33%2C103%2C61%2C10%2C63%2C97%2C98%2C99%2C105%2C130%2C31%2C29%2C132%2C133%2C129%2C128%2C156%2C76%2C159%2C157%2C158%2C50%2C60%2C123%2C15%2C163%2C45%2C266%2C267%2C265%2C26%2C27%2C28%2C48%2C147%2C77%2C112%2C18%2C20%2C44%2C40%2C42%2C41%2C83%2C92%2C96%2C110%2C145%2C148%2C46%2C111%2C24%2C21%2C119%2C69%2C36%2C150%2C149%2C151%2C142%2C140%2C25%2C35%2C59%2C109%2C162%2C70%2C17%2C153%2C114%2C81%2C66%2C19%2C85%2C86%2C116%2C84%2C136%2C135%2C139%2C161%2C34%2C281%2C297%2C214%2C203%2C204%2C202%2C300%2C291%2C52%2C215%2C107%2C131%2C80%2C121%2C54%2C47%2C49%2C113%2C120%2C126%2C125%2C58%2C64%2C152%2C115%2C37%2C32%2C53%2C56%2C100%2C165%2C1%2C124%2C14%2C122%2C12%2C2%2C57%2C93%2C65%2C118%2C89%2C88%2C168%2C169%2C94%2C95%2C9%2C102%2C51%2C143%2C87%2C79%2C71%2C117%2C106%2C43%2C144%2C0%2C82%2C137%2C141%2C154%2C38%2C108%2C13%2C170%2C230%2C229%2C224%2C226%2C227%2C228%2C225%2C213%2C223%2C195%2C192%2C193%2C187%2C191%2C194%2C190%2C185%2C321%2C198%2C217%2C186%2C184%2C237%2C208%2C178%2C179%2C174%2C180%2C177%2C175%2C176%2C173%2C171%2C182%2C183%2C181%2C268%2C320%2C196%2C240%2C246%2C241%2C243%2C245%2C244%2C242%2C239%2C255%2C250%2C252%2C249%2C256%2C253%2C248%2C254%2C251%2C247%2C294:39:82826)
    at <anonymous> (https://connect.facebook.net/signals/config/1642213582702378?v=2.9.328&r=stable&domain=townwork.net&hme=af8aa31887db259becaf70277daef60bd8bc35c2df82c2acd4258de27ecac4b5&ex_m=104%2C207%2C155%2C22%2C72%2C73%2C146%2C68%2C67%2C11%2C164%2C90%2C16%2C138%2C127%2C39%2C75%2C78%2C134%2C160%2C166%2C8%2C4%2C5%2C7%2C6%2C3%2C91%2C101%2C167%2C172%2C221%2C62%2C188%2C189%2C55%2C279%2C30%2C74%2C233%2C232%2C231%2C23%2C33%2C103%2C61%2C10%2C63%2C97%2C98%2C99%2C105%2C130%2C31%2C29%2C132%2C133%2C129%2C128%2C156%2C76%2C159%2C157%2C158%2C50%2C60%2C123%2C15%2C163%2C45%2C266%2C267%2C265%2C26%2C27%2C28%2C48%2C147%2C77%2C112%2C18%2C20%2C44%2C40%2C42%2C41%2C83%2C92%2C96%2C110%2C145%2C148%2C46%2C111%2C24%2C21%2C119%2C69%2C36%2C150%2C149%2C151%2C142%2C140%2C25%2C35%2C59%2C109%2C162%2C70%2C17%2C153%2C114%2C81%2C66%2C19%2C85%2C86%2C116%2C84%2C136%2C135%2C139%2C161%2C34%2C281%2C297%2C214%2C203%2C204%2C202%2C300%2C291%2C52%2C215%2C107%2C131%2C80%2C121%2C54%2C47%2C49%2C113%2C120%2C126%2C125%2C58%2C64%2C152%2C115%2C37%2C32%2C53%2C56%2C100%2C165%2C1%2C124%2C14%2C122%2C12%2C2%2C57%2C93%2C65%2C118%2C89%2C88%2C168%2C169%2C94%2C95%2C9%2C102%2C51%2C143%2C87%2C79%2C71%2C117%2C106%2C43%2C144%2C0%2C82%2C137%2C141%2C154%2C38%2C108%2C13%2C170%2C230%2C229%2C224%2C226%2C227%2C228%2C225%2C213%2C223%2C195%2C192%2C193%2C187%2C191%2C194%2C190%2C185%2C321%2C198%2C217%2C186%2C184%2C237%2C208%2C178%2C179%2C174%2C180%2C177%2C175%2C176%2C173%2C171%2C182%2C183%2C181%2C268%2C320%2C196%2C240%2C246%2C241%2C243%2C245%2C244%2C242%2C239%2C255%2C250%2C252%2C249%2C256%2C253%2C248%2C254%2C251%2C247%2C294:39:81362)
    at <anonymous> (https://cdn.robee.tech/v1/sdk.js:41:11532)
    at v (https://cdn.robee.tech/v1/sdk.js:41:11312)
    at <anonymous> (https://cdn.robee.tech/v1/sdk.js:48:25498)
    at <anonymous> (https://cdn.robee.tech/v1/sdk.js:48:26436)
    at c (https://connect.facebook.net/signals/config/1642213582702378?v=2.9.328&r=stable&domain=townwork.net&hme=af8aa31887db259becaf70277daef60bd8bc35c2df82c2acd4258de27ecac4b5&ex_m=104%2C207%2C155%2C22%2C72%2C73%2C146%2C68%2C67%2C11%2C164%2C90%2C16%2C138%2C127%2C39%2C75%2C78%2C134%2C160%2C166%2C8%2C4%2C5%2C7%2C6%2C3%2C91%2C101%2C167%2C172%2C221%2C62%2C188%2C189%2C55%2C279%2C30%2C74%2C233%2C232%2C231%2C23%2C33%2C103%2C61%2C10%2C63%2C97%2C98%2C99%2C105%2C130%2C31%2C29%2C132%2C133%2C129%2C128%2C156%2C76%2C159%2C157%2C158%2C50%2C60%2C123%2C15%2C163%2C45%2C266%2C267%2C265%2C26%2C27%2C28%2C48%2C147%2C77%2C112%2C18%2C20%2C44%2C40%2C42%2C41%2C83%2C92%2C96%2C110%2C145%2C148%2C46%2C111%2C24%2C21%2C119%2C69%2C36%2C150%2C149%2C151%2C142%2C140%2C25%2C35%2C59%2C109%2C162%2C70%2C17%2C153%2C114%2C81%2C66%2C19%2C85%2C86%2C116%2C84%2C136%2C135%2C139%2C161%2C34%2C281%2C297%2C214%2C203%2C204%2C202%2C300%2C291%2C52%2C215%2C107%2C131%2C80%2C121%2C54%2C47%2C49%2C113%2C120%2C126%2C125%2C58%2C64%2C152%2C115%2C37%2C32%2C53%2C56%2C100%2C165%2C1%2C124%2C14%2C122%2C12%2C2%2C57%2C93%2C65%2C118%2C89%2C88%2C168%2C169%2C94%2C95%2C9%2C102%2C51%2C143%2C87%2C79%2C71%2C117%2C106%2C43%2C144%2C0%2C82%2C137%2C141%2C154%2C38%2C108%2C13%2C170%2C230%2C229%2C224%2C226%2C227%2C228%2C225%2C213%2C223%2C195%2C192%2C193%2C187%2C191%2C194%2C190%2C185%2C321%2C198%2C217%2C186%2C184%2C237%2C208%2C178%2C179%2C174%2C180%2C177%2C175%2C176%2C173%2C171%2C182%2C183%2C181%2C268%2C320%2C196%2C240%2C246%2C241%2C243%2C245%2C244%2C242%2C239%2C255%2C250%2C252%2C249%2C256%2C253%2C248%2C254%2C251%2C247%2C294:39:80863)
    at <anonymous> (https://connect.facebook.net/signals/config/1642213582702378?v=2.9.328&r=stable&domain=townwork.net&hme=af8aa31887db259becaf70277daef60bd8bc35c2df82c2acd4258de27ecac4b5&ex_m=104%2C207%2C155%2C22%2C72%2C73%2C146%2C68%2C67%2C11%2C164%2C90%2C16%2C138%2C127%2C39%2C75%2C78%2C134%2C160%2C166%2C8%2C4%2C5%2C7%2C6%2C3%2C91%2C101%2C167%2C172%2C221%2C62%2C188%2C189%2C55%2C279%2C30%2C74%2C233%2C232%2C231%2C23%2C33%2C103%2C61%2C10%2C63%2C97%2C98%2C99%2C105%2C130%2C31%2C29%2C132%2C133%2C129%2C128%2C156%2C76%2C159%2C157%2C158%2C50%2C60%2C123%2C15%2C163%2C45%2C266%2C267%2C265%2C26%2C27%2C28%2C48%2C147%2C77%2C112%2C18%2C20%2C44%2C40%2C42%2C41%2C83%2C92%2C96%2C110%2C145%2C148%2C46%2C111%2C24%2C21%2C119%2C69%2C36%2C150%2C149%2C151%2C142%2C140%2C25%2C35%2C59%2C109%2C162%2C70%2C17%2C153%2C114%2C81%2C66%2C19%2C85%2C86%2C116%2C84%2C136%2C135%2C139%2C161%2C34%2C281%2C297%2C214%2C203%2C204%2C202%2C300%2C291%2C52%2C215%2C107%2C131%2C80%2C121%2C54%2C47%2C49%2C113%2C120%2C126%2C125%2C58%2C64%2C152%2C115%2C37%2C32%2C53%2C56%2C100%2C165%2C1%2C124%2C14%2C122%2C12%2C2%2C57%2C93%2C65%2C118%2C89%2C88%2C168%2C169%2C94%2C95%2C9%2C102%2C51%2C143%2C87%2C79%2C71%2C117%2C106%2C43%2C144%2C0%2C82%2C137%2C141%2C154%2C38%2C108%2C13%2C170%2C230%2C229%2C224%2C226%2C227%2C228%2C225%2C213%2C223%2C195%2C192%2C193%2C187%2C191%2C194%2C190%2C185%2C321%2C198%2C217%2C186%2C184%2C237%2C208%2C178%2C179%2C174%2C180%2C177%2C175%2C176%2C173%2C171%2C182%2C183%2C181%2C268%2C320%2C196%2C240%2C246%2C241%2C243%2C245%2C244%2C242%2C239%2C255%2C250%2C252%2C249%2C256%2C253%2C248%2C254%2C251%2C247%2C294:39:82826)
    at <anonymous> (https://connect.facebook.net/signals/config/1642213582702378?v=2.9.328&r=stable&domain=townwork.net&hme=af8aa31887db259becaf70277daef60bd8bc35c2df82c2acd4258de27ecac4b5&ex_m=104%2C207%2C155%2C22%2C72%2C73%2C146%2C68%2C67%2C11%2C164%2C90%2C16%2C138%2C127%2C39%2C75%2C78%2C134%2C160%2C166%2C8%2C4%2C5%2C7%2C6%2C3%2C91%2C101%2C167%2C172%2C221%2C62%2C188%2C189%2C55%2C279%2C30%2C74%2C233%2C232%2C231%2C23%2C33%2C103%2C61%2C10%2C63%2C97%2C98%2C99%2C105%2C130%2C31%2C29%2C132%2C133%2C129%2C128%2C156%2C76%2C159%2C157%2C158%2C50%2C60%2C123%2C15%2C163%2C45%2C266%2C267%2C265%2C26%2C27%2C28%2C48%2C147%2C77%2C112%2C18%2C20%2C44%2C40%2C42%2C41%2C83%2C92%2C96%2C110%2C145%2C148%2C46%2C111%2C24%2C21%2C119%2C69%2C36%2C150%2C149%2C151%2C142%2C140%2C25%2C35%2C59%2C109%2C162%2C70%2C17%2C153%2C114%2C81%2C66%2C19%2C85%2C86%2C116%2C84%2C136%2C135%2C139%2C161%2C34%2C281%2C297%2C214%2C203%2C204%2C202%2C300%2C291%2C52%2C215%2C107%2C131%2C80%2C121%2C54%2C47%2C49%2C113%2C120%2C126%2C125%2C58%2C64%2C152%2C115%2C37%2C32%2C53%2C56%2C100%2C165%2C1%2C124%2C14%2C122%2C12%2C2%2C57%2C93%2C65%2C118%2C89%2C88%2C168%2C169%2C94%2C95%2C9%2C102%2C51%2C143%2C87%2C79%2C71%2C117%2C106%2C43%2C144%2C0%2C82%2C137%2C141%2C154%2C38%2C108%2C13%2C170%2C230%2C229%2C224%2C226%2C227%2C228%2C225%2C213%2C223%2C195%2C192%2C193%2C187%2C191%2C194%2C190%2C185%2C321%2C198%2C217%2C186%2C184%2C237%2C208%2C178%2C179%2C174%2C180%2C177%2C175%2C176%2C173%2C171%2C182%2C183%2C181%2C268%2C320%2C196%2C240%2C246%2C241%2C243%2C245%2C244%2C242%2C239%2C255%2C250%2C252%2C249%2C256%2C253%2C248%2C254%2C251%2C247%2C294:39:81362)
    at <anonymous> (https://cdn.robee.tech/v1/sdk.js:41:11532)
    at v (https://cdn.robee.tech/v1/sdk.js:41:11312)
    at <anonymous> (https://cdn.robee.tech/v1/sdk.js:48:26160)
    at <anonymous> (https://cdn.robee.tech/v1/sdk.js:48:108282)
    at l (https://cdn.robee.tech/v1/sdk.js:48:156650)
    at <anonymous> (https://cdn.robee.tech/v1/sdk.js:48:157990)
    at <anonymous> (https://cdn.robee.tech/v1/sdk.js:48:157060)
    at a (https://cdn.robee.tech/v1/sdk.js:41:11417)
[    3301ms] [ERROR] Failed to load resource: net::ERR_CONNECTION_REFUSED @ https://googleads.g.doubleclick.net/pagead/viewthroughconversion/991209964/?random=1780069848779&cv=11&fst=1780069848779&bg=ffffff&guid=ON&async=1&gtm=45be65r2z89165586354za20gzb9165586354zd9165586354xea&gcd=13l3l3l3l1l1&dma=0&tag_exp=0~115616986~115938465~115938469~116701381~119027223~119034491&u_w=1710&u_h=1112&url=https%3A%2F%2Ftownwork.net%2Fsession%2Fdestroy%2F%3Ftype%3DwebSSO&rcb=7&label=VYDVCJSc7QgQ7NPS2AM&frm=0&hn=www.googleadservices.com&rdp=1&npa=0&pscdl=noapi&auid=345582163.1780069848&uaa=arm&uab=64&uafvl=Chromium%3B148.0.7778.179%7CGoogle%2520Chrome%3B148.0.7778.179%7CNot%252FA)Brand%3B99.0.0.0&uamb=0&uam=&uap=macOS&uapv=15.7.7&uaw=0&_tu=CAI&data=google_custom_params%3Dwindow.google_tag_params&rfmt=3&fmt=4:0
[    3302ms] [ERROR] Failed to load resource: net::ERR_CONNECTION_REFUSED @ https://googleads.g.doubleclick.net/pagead/viewthroughconversion/991209964/?random=1780069848779&cv=11&fst=1780069848779&fmt=3&bg=ffffff&guid=ON&async=1&gtm=45be65r2z89165586354za20gzb9165586354zd9165586354xea&gcd=13l3l3l3l1l1&dma=0&tag_exp=0~115616986~115938465~115938469~116701381~119027223~119034491&u_w=1710&u_h=1112&url=https%3A%2F%2Ftownwork.net%2Fsession%2Fdestroy%2F%3Ftype%3DwebSSO&rcb=7&label=VYDVCJSc7QgQ7NPS2AM&frm=0&hn=www.googleadservices.com&rdp=1&npa=0&pscdl=noapi&auid=345582163.1780069848&uaa=arm&uab=64&uafvl=Chromium%3B148.0.7778.179%7CGoogle%2520Chrome%3B148.0.7778.179%7CNot%252FA)Brand%3B99.0.0.0&uamb=0&uam=&uap=macOS&uapv=15.7.7&uaw=0&_tu=CAI&data=google_custom_params%3Dwindow.google_tag_params:0
[    3601ms] [ERROR] Failed to load resource: net::ERR_CONNECTION_REFUSED @ https://tags.creativecdn.com/PVOTPkX3WnRg88IIkRpV.js:0
[    3601ms] [ERROR] Failed to load resource: net::ERR_CONNECTION_REFUSED @ https://static.ads-twitter.com/uwt.js:0
[    3602ms] [ERROR] Failed to load resource: net::ERR_CONNECTION_REFUSED @ https://www.google-analytics.com/analytics.js:0
[    3602ms] [ERROR] Failed to load resource: net::ERR_CONNECTION_REFUSED @ https://dynamic.criteo.com/js/ld/ld.js?a=7949:0
[    3602ms] [ERROR] Failed to load resource: net::ERR_CONNECTION_REFUSED @ https://cdn.d2-apps.net/js/tr.js:0
[    3635ms] [ERROR] Failed to load resource: net::ERR_CONNECTION_REFUSED @ https://analytics.tiktok.com/i18n/pixel/events.js?sdkid=CVPPL7BC77U883UV9PO0&lib=ttq:0
[    3635ms] [ERROR] Failed to load resource: net::ERR_CONNECTION_REFUSED @ https://analytics.tiktok.com/i18n/pixel/events.js?sdkid=CURCL3RC77UF169S5MTG&lib=ttq:0
[    3635ms] [ERROR] Failed to load resource: net::ERR_CONNECTION_REFUSED @ https://dmp.im-apps.net/js/1024165/0001/itm.js:0
[    3635ms] [ERROR] Failed to load resource: net::ERR_CONNECTION_REFUSED @ https://cd.ladsp.com/script/pixel2.js:0
[    3635ms] [ERROR] Failed to load resource: net::ERR_CONNECTION_REFUSED @ https://cd.ladsp.com/script/vts2.js:0
[    3635ms] [ERROR] Failed to load resource: net::ERR_CONNECTION_REFUSED @ https://cd.ladsp.com/script/pixel2_p_delay.js:0
[    3636ms] [ERROR] Failed to load resource: net::ERR_CONNECTION_REFUSED @ https://trj.valuecommerce.com/vclp.js:0
[    3636ms] [ERROR] Failed to load resource: net::ERR_CONNECTION_REFUSED @ https://c.amazon-adsystem.com/aat/amzn.js:0
[    3636ms] [ERROR] Failed to load resource: net::ERR_CONNECTION_REFUSED @ https://googleads.g.doubleclick.net/pagead/viewthroughconversion/960623014/?random=1780069849100&cv=11&fst=1780069849100&bg=ffffff&guid=ON&async=1&en=gtag.config&gtm=45be65r2v9168568953z89165586354za20gzb9165586354zd9165586354xec&gcd=13l3l3l3l1l1&dma=0&tag_exp=0~115938466~115938469~116701381~119034491~119064590&u_w=1710&u_h=1112&url=https%3A%2F%2Ftownwork.net%2F&ref=https%3A%2F%2Ftownwork.net%2F&rcb=1&frm=0&tiba=%E3%80%90%E3%82%BF%E3%82%A6%E3%83%B3%E3%83%AF%E3%83%BC%E3%82%AF%E3%80%91%E3%81%A7%E3%82%A2%E3%83%AB%E3%83%90%E3%82%A4%E3%83%88%E3%83%BB%E3%83%90%E3%82%A4%E3%83%88%E3%83%BB%E3%83%91%E3%83%BC%E3%83%88%E3%81%AE%E6%B1%82%E4%BA%BA%E3%83%BB%E4%BB%95%E4%BA%8B&hn=www.googleadservices.com&npa=0&pscdl=noapi&auid=345582163.1780069848&uaa=arm&uab=64&uafvl=Chromium%3B148.0.7778.179%7CGoogle%2520Chrome%3B148.0.7778.179%7CNot%252FA)Brand%3B99.0.0.0&uamb=0&uam=&uap=macOS&uapv=15.7.7&uaw=0&data=event%3Dgtag.config&rfmt=3&fmt=4:0
[    3684ms] [ERROR] Failed to load resource: net::ERR_CONNECTION_REFUSED @ https://googleads.g.doubleclick.net/pagead/viewthroughconversion/954992434/?random=1780069849134&cv=11&fst=1780069849134&bg=ffffff&guid=ON&async=1&en=gtag.config&gtm=45be65r2v9101344674z89165586354za20gzb9165586354zd9165586354xec&gcd=13l3l3l3l1l1&dma=0&tag_exp=0~115938466~115938469~116701381~119027222~119034491&u_w=1710&u_h=1112&url=https%3A%2F%2Ftownwork.net%2F&ref=https%3A%2F%2Ftownwork.net%2F&rcb=5&frm=0&tiba=%E3%80%90%E3%82%BF%E3%82%A6%E3%83%B3%E3%83%AF%E3%83%BC%E3%82%AF%E3%80%91%E3%81%A7%E3%82%A2%E3%83%AB%E3%83%90%E3%82%A4%E3%83%88%E3%83%BB%E3%83%90%E3%82%A4%E3%83%88%E3%83%BB%E3%83%91%E3%83%BC%E3%83%88%E3%81%AE%E6%B1%82%E4%BA%BA%E3%83%BB%E4%BB%95%E4%BA%8B&hn=www.googleadservices.com&npa=0&pscdl=noapi&auid=345582163.1780069848&uaa=arm&uab=64&uafvl=Chromium%3B148.0.7778.179%7CGoogle%2520Chrome%3B148.0.7778.179%7CNot%252FA)Brand%3B99.0.0.0&uamb=0&uam=&uap=macOS&uapv=15.7.7&uaw=0&data=event%3Dgtag.config&rfmt=3&fmt=4:0
[    3751ms] [ERROR] Failed to load resource: net::ERR_CONNECTION_REFUSED @ https://googleads.g.doubleclick.net/pagead/viewthroughconversion/939727538/?random=1780069849216&cv=11&fst=1780069849216&bg=ffffff&guid=ON&async=1&en=gtag.config&gtm=45be65r2v9236359545z89165586354za20gzb9165586354zd9165586354xec&gcd=13l3l3l3l1l1&dma=0&tag_exp=0~115938466~115938468~116701381~119034493&u_w=1710&u_h=1112&url=https%3A%2F%2Ftownwork.net%2F&ref=https%3A%2F%2Ftownwork.net%2F&rcb=6&frm=0&tiba=%E3%80%90%E3%82%BF%E3%82%A6%E3%83%B3%E3%83%AF%E3%83%BC%E3%82%AF%E3%80%91%E3%81%A7%E3%82%A2%E3%83%AB%E3%83%90%E3%82%A4%E3%83%88%E3%83%BB%E3%83%90%E3%82%A4%E3%83%88%E3%83%BB%E3%83%91%E3%83%BC%E3%83%88%E3%81%AE%E6%B1%82%E4%BA%BA%E3%83%BB%E4%BB%95%E4%BA%8B&hn=www.googleadservices.com&npa=0&pscdl=noapi&auid=345582163.1780069848&uaa=arm&uab=64&uafvl=Chromium%3B148.0.7778.179%7CGoogle%2520Chrome%3B148.0.7778.179%7CNot%252FA)Brand%3B99.0.0.0&uamb=0&uam=&uap=macOS&uapv=15.7.7&uaw=0&data=event%3Dgtag.config&rfmt=3&fmt=4:0
[    3800ms] [LOG] Robee#init @ https://cdn.robee.tech/v1/sdk.js:13
[    3809ms] [ERROR] Failed to load resource: net::ERR_CONNECTION_REFUSED @ https://googleads.g.doubleclick.net/pagead/viewthroughconversion/960623014/?random=1780069849100&cv=11&fst=1780069849100&fmt=3&bg=ffffff&guid=ON&async=1&en=gtag.config&gtm=45be65r2v9168568953z89165586354za20gzb9165586354zd9165586354xec&gcd=13l3l3l3l1l1&dma=0&tag_exp=0~115938466~115938469~116701381~119034491~119064590&u_w=1710&u_h=1112&url=https%3A%2F%2Ftownwork.net%2F&ref=https%3A%2F%2Ftownwork.net%2F&rcb=1&frm=0&tiba=%E3%80%90%E3%82%BF%E3%82%A6%E3%83%B3%E3%83%AF%E3%83%BC%E3%82%AF%E3%80%91%E3%81%A7%E3%82%A2%E3%83%AB%E3%83%90%E3%82%A4%E3%83%88%E3%83%BB%E3%83%90%E3%82%A4%E3%83%88%E3%83%BB%E3%83%91%E3%83%BC%E3%83%88%E3%81%AE%E6%B1%82%E4%BA%BA%E3%83%BB%E4%BB%95%E4%BA%8B&hn=www.googleadservices.com&npa=0&pscdl=noapi&auid=345582163.1780069848&uaa=arm&uab=64&uafvl=Chromium%3B148.0.7778.179%7CGoogle%2520Chrome%3B148.0.7778.179%7CNot%252FA)Brand%3B99.0.0.0&uamb=0&uam=&uap=macOS&uapv=15.7.7&uaw=0&data=event%3Dgtag.config:0
[    3809ms] [ERROR] Failed to load resource: net::ERR_CONNECTION_REFUSED @ https://googleads.g.doubleclick.net/pagead/viewthroughconversion/954992434/?random=1780069849134&cv=11&fst=1780069849134&fmt=3&bg=ffffff&guid=ON&async=1&en=gtag.config&gtm=45be65r2v9101344674z89165586354za20gzb9165586354zd9165586354xec&gcd=13l3l3l3l1l1&dma=0&tag_exp=0~115938466~115938469~116701381~119027222~119034491&u_w=1710&u_h=1112&url=https%3A%2F%2Ftownwork.net%2F&ref=https%3A%2F%2Ftownwork.net%2F&rcb=5&frm=0&tiba=%E3%80%90%E3%82%BF%E3%82%A6%E3%83%B3%E3%83%AF%E3%83%BC%E3%82%AF%E3%80%91%E3%81%A7%E3%82%A2%E3%83%AB%E3%83%90%E3%82%A4%E3%83%88%E3%83%BB%E3%83%90%E3%82%A4%E3%83%88%E3%83%BB%E3%83%91%E3%83%BC%E3%83%88%E3%81%AE%E6%B1%82%E4%BA%BA%E3%83%BB%E4%BB%95%E4%BA%8B&hn=www.googleadservices.com&npa=0&pscdl=noapi&auid=345582163.1780069848&uaa=arm&uab=64&uafvl=Chromium%3B148.0.7778.179%7CGoogle%2520Chrome%3B148.0.7778.179%7CNot%252FA)Brand%3B99.0.0.0&uamb=0&uam=&uap=macOS&uapv=15.7.7&uaw=0&data=event%3Dgtag.config:0
[    3810ms] [ERROR] Failed to load resource: net::ERR_CONNECTION_REFUSED @ https://apm.yahoo.co.jp/tags/2e6a891e-ffa6-47f7-8771-99685895f809/events/page_view?label=&lysu=a8d2b2b5-6e4f-4d6b-9fb7-96ced81f581f&brands=%22Chromium%22%3B+v%3D%22148.0.7778.179%22%2C+%22Google+Chrome%22%3B+v%3D%22148.0.7778.179%22%2C+%22Not%2FA%29Brand%22%3B+v%3D%2299.0.0.0%22&platform=%22macOS%22&platform_version=%2215.7.7%22&ref=https%3A%2F%2Ftownwork.net%2F&rref=https%3A%2F%2Ftownwork.net%2F&test=0&impl=lytag&pvid=t5g9k7egv0empr3mm5s&sosu=c&r=1780069849.7766275&v=1.1.21&is_ext_tx=1&hc=0:0
[    3812ms] [ERROR] Failed to load resource: net::ERR_CONNECTION_REFUSED @ https://static.ads-twitter.com/uwt.js:0
[    3813ms] [ERROR] Failed to load resource: net::ERR_CONNECTION_REFUSED @ https://sync.im-apps.net/imid/segment?token=zeBmtLBQ_7DGM09UZqwoBg&callback=im_audience.callbackLoad:0
[    3813ms] [ERROR] Failed to load resource: net::ERR_CONNECTION_REFUSED @ https://dmp.im-apps.net/scripts/im-uid-hook.js?cid=11283:0
[    3825ms] [ERROR] Failed to load resource: net::ERR_CONNECTION_REFUSED @ https://googleads.g.doubleclick.net/pagead/viewthroughconversion/954992434/?random=1803016359&cv=11&fst=1780069849154&fmt=8&bg=ffffff&guid=ON&async=1&en=conversion&gtm=45be65r2v9101344674z89165586354za20gzb9165586354zd9165586354xea&gcd=13l3l3l3l1l1&dma=0&tag_exp=0~115938466~115938469~116701381~119027222~119034491&u_w=1710&u_h=1112&url=https%3A%2F%2Ftownwork.net%2F&ref=https%3A%2F%2Ftownwork.net%2F&rcb=5&label=YSmxCO_w94kYELKOsMcD&capi=1&frm=0&tiba=%E3%80%90%E3%82%BF%E3%82%A6%E3%83%B3%E3%83%AF%E3%83%BC%E3%82%AF%E3%80%91%E3%81%A7%E3%82%A2%E3%83%AB%E3%83%90%E3%82%A4%E3%83%88%E3%83%BB%E3%83%90%E3%82%A4%E3%83%88%E3%83%BB%E3%83%91%E3%83%BC%E3%83%88%E3%81%AE%E6%B1%82%E4%BA%BA%E3%83%BB%E4%BB%95%E4%BA%8B&value=0&hn=www.googleadservices.com&npa=0&pscdl=noapi&auid=345582163.1780069848&uaa=arm&uab=64&uafvl=Chromium%3B148.0.7778.179%7CGoogle%2520Chrome%3B148.0.7778.179%7CNot%252FA)Brand%3B99.0.0.0&uamb=0&uam=&uap=macOS&uapv=15.7.7&uaw=0&_tu=CAI&gcl_ctr=1~0~0~0&category=acrcp_v1_512&ct_cookie_present=false&crd=CLTesQII8t-xAgit4bECCKG4sQIIscGxAgiwwbECCLHDsQIIisWxAgjCybECCLTGsQIIk9qxAgjb3LECCIfbsQII08WxAgjrzLECCO3OsQII1c-xAgj02rECCJfUsQIIyduxAgix4bECCLPhsQIIpt2xAgiw3rECCIDbsQJKHnRyaWdnZXIsIG5vdC1uYXZpZ2F0aW9uLXNvdXJjZVoDCgEBYgMKAQM&cerd=CgEA&eitems=ChEI8PLk0AYQxa6IlriI-aKMARIdAGjXXbHEqln2Y2muMFKHmhF-GYxu509LDa8xvfM&fsk=ChAI8PLk0AYQ_8uDlMHE2eZrEiwAibrUwfjyr_0Sm1wRUo-SW0LEicHhCdvlJ0QzHE7qz5Pd4rb5uklnyt3Q6BoCYKU&pscrd=IhMIlsWn-OzelAMVvUfDBh2KtiYoOhVodHRwczovL3Rvd253b3JrLm5ldC9CV0NoRUk4UExrMEFZUTQ2ck95cURMbU9iY0FSSXNBRjFGSkNWMVhURVdrQ2Y2NHhTWG1LRUZlSEJIdGtnbHdPaVBQNXpyeEhCR0FFQnBhM1d1eExDVVlZTXoMCAliCAgAEAAYACAA:0
[    3826ms] [ERROR] Failed to load resource: net::ERR_CONNECTION_REFUSED @ https://googleads.g.doubleclick.net/pagead/viewthroughconversion/954992434/?random=101958265&cv=11&fst=1780069849160&fmt=8&bg=ffffff&guid=ON&async=1&en=conversion&gtm=45be65r2v9101344674z89165586354za20gzb9165586354zd9165586354xea&gcd=13l3l3l3l1l1&dma=0&tag_exp=0~115938466~115938469~116701381~119027222~119034491&u_w=1710&u_h=1112&url=https%3A%2F%2Ftownwork.net%2F&ref=https%3A%2F%2Ftownwork.net%2F&rcb=5&label=sC5nCKvO0LIbELKOsMcD&capi=1&frm=0&tiba=%E3%80%90%E3%82%BF%E3%82%A6%E3%83%B3%E3%83%AF%E3%83%BC%E3%82%AF%E3%80%91%E3%81%A7%E3%82%A2%E3%83%AB%E3%83%90%E3%82%A4%E3%83%88%E3%83%BB%E3%83%90%E3%82%A4%E3%83%88%E3%83%BB%E3%83%91%E3%83%BC%E3%83%88%E3%81%AE%E6%B1%82%E4%BA%BA%E3%83%BB%E4%BB%95%E4%BA%8B&value=1.0&currency_code=JPY&hn=www.googleadservices.com&npa=0&pscdl=noapi&auid=345582163.1780069848&uaa=arm&uab=64&uafvl=Chromium%3B148.0.7778.179%7CGoogle%2520Chrome%3B148.0.7778.179%7CNot%252FA)Brand%3B99.0.0.0&uamb=0&uam=&uap=macOS&uapv=15.7.7&uaw=0&_tu=CA&gcl_ctr=2~0~0~0&category=acrcp_v1_512&ct_cookie_present=false&crd=CLTesQII8t-xAgit4bECCKG4sQIIscGxAgiwwbECCLHDsQIIisWxAgjCybECCLTGsQIIk9qxAgjb3LECCIfbsQII08WxAgjrzLECCO3OsQII1c-xAgj02rECCJfUsQIIyduxAgix4bECCLPhsQIIpt2xAgiw3rECCIDbsQJKGXRyaWdnZXI9bmF2aWdhdGlvbi1zb3VyY2VaAwoBAWIDCgED&cerd=CgEA&eitems=ChEI8PLk0AYQxa6IlriI-aKMARIdAGjXXbE017i5QaY9ljvTK5JTRn9uwnAmMHyvAkY&fsk=ChAI8PLk0AYQ_8uDlMHE2eZrEiwAibrUwabTzHEcFvwb1US4T43-j7mqdsAYcv9Trj7-J_gLklX1qyO_rCKfqRoC7KQ&pscrd=IhMIncin-OzelAMVlEXDBh0RowLEOhVodHRwczovL3Rvd253b3JrLm5ldC9CV0NoRUk4UExrMEFZUTQ2ck95cURMbU9iY0FSSXNBRjFGSkNXWm1BSEpialFjX3ZFS3A3US1SeEJsbjlKZHQyQy1qbGdnRWdwVkgzb0ozcGhOVnpGbkd0SXoMCAliCAgAEAAYACAA:0
[    3856ms] [ERROR] Failed to load resource: net::ERR_CONNECTION_REFUSED @ https://c-c01.ma-tag.com/?o=1:0
[    3856ms] [ERROR] Failed to load resource: net::ERR_CONNECTION_REFUSED @ https://c-c00.ma-tag.com/?o=0:0
[    3857ms] [ERROR] Failed to load resource: net::ERR_CONNECTION_REFUSED @ https://c-c02.ma-tag.com/?o=2:0
[    3857ms] [ERROR] Failed to load resource: net::ERR_CONNECTION_REFUSED @ https://c-c03.ma-tag.com/?o=3:0
[    3857ms] [ERROR] Failed to load resource: net::ERR_CONNECTION_REFUSED @ https://c-c04.ma-tag.com/?o=4:0
[    3857ms] [ERROR] Failed to load resource: net::ERR_CONNECTION_REFUSED @ https://c-c06.ma-tag.com/?o=6:0
[    3857ms] [ERROR] Failed to load resource: net::ERR_CONNECTION_REFUSED @ https://c-c05.ma-tag.com/?o=5:0
[    3857ms] [ERROR] Failed to load resource: net::ERR_CONNECTION_REFUSED @ https://c-c08.ma-tag.com/?o=8:0
[    3857ms] [ERROR] Failed to load resource: net::ERR_CONNECTION_REFUSED @ https://c-c07.ma-tag.com/?o=7:0
[    3857ms] [ERROR] Failed to load resource: net::ERR_CONNECTION_REFUSED @ https://c-c10.ma-tag.com/?o=10:0
[    3858ms] [ERROR] Failed to load resource: net::ERR_CONNECTION_REFUSED @ https://c-c09.ma-tag.com/?o=9:0
[    3858ms] [ERROR] Failed to load resource: net::ERR_CONNECTION_REFUSED @ https://c-c11.ma-tag.com/?o=11:0
[    3858ms] [ERROR] Failed to load resource: net::ERR_CONNECTION_REFUSED @ https://c-c12.ma-tag.com/?o=12:0
[    3858ms] [ERROR] Failed to load resource: net::ERR_CONNECTION_REFUSED @ https://c-c13.ma-tag.com/?o=13:0
[    3858ms] [ERROR] Failed to load resource: net::ERR_CONNECTION_REFUSED @ https://c-c15.ma-tag.com/?o=15:0
[    3858ms] [ERROR] Failed to load resource: net::ERR_CONNECTION_REFUSED @ https://c-c14.ma-tag.com/?o=14:0
[    3858ms] [ERROR] Failed to load resource: net::ERR_CONNECTION_REFUSED @ https://ivs.ma-tag.com/v1/echo:0
[    3859ms] [ERROR] Failed to load resource: net::ERR_CONNECTION_REFUSED @ https://c-c00.ma-tag.com/?o=0:0
[    3860ms] [ERROR] Failed to load resource: net::ERR_CONNECTION_REFUSED @ https://c-c01.ma-tag.com/?o=1:0
[    3860ms] [ERROR] Failed to load resource: net::ERR_CONNECTION_REFUSED @ https://c-c02.ma-tag.com/?o=2:0
[    3860ms] [ERROR] Failed to load resource: net::ERR_CONNECTION_REFUSED @ https://c-c03.ma-tag.com/?o=3:0
[    3860ms] [ERROR] Failed to load resource: net::ERR_CONNECTION_REFUSED @ https://c-c04.ma-tag.com/?o=4:0
[    3861ms] [ERROR] Failed to load resource: net::ERR_CONNECTION_REFUSED @ https://c-c06.ma-tag.com/?o=6:0
[    3861ms] [ERROR] Failed to load resource: net::ERR_CONNECTION_REFUSED @ https://c-c05.ma-tag.com/?o=5:0
[    3905ms] [ERROR] Failed to load resource: net::ERR_CONNECTION_REFUSED @ https://c-c07.ma-tag.com/?o=7:0
[    3906ms] [ERROR] Failed to load resource: net::ERR_CONNECTION_REFUSED @ https://c-c08.ma-tag.com/?o=8:0
[    3906ms] [ERROR] Failed to load resource: net::ERR_CONNECTION_REFUSED @ https://c-c09.ma-tag.com/?o=9:0
[    3906ms] [ERROR] Failed to load resource: net::ERR_CONNECTION_REFUSED @ https://c-c11.ma-tag.com/?o=11:0
[    3907ms] [ERROR] Failed to load resource: net::ERR_CONNECTION_REFUSED @ https://c-c10.ma-tag.com/?o=10:0
[    3907ms] [ERROR] Failed to load resource: net::ERR_CONNECTION_REFUSED @ https://c-c12.ma-tag.com/?o=12:0
[    3907ms] [ERROR] Failed to load resource: net::ERR_CONNECTION_REFUSED @ https://c-c13.ma-tag.com/?o=13:0
[    3907ms] [ERROR] Failed to load resource: net::ERR_CONNECTION_REFUSED @ https://c-c14.ma-tag.com/?o=14:0
[    3907ms] [ERROR] Failed to load resource: net::ERR_CONNECTION_REFUSED @ https://c-c15.ma-tag.com/?o=15:0
[    3908ms] [ERROR] Failed to load resource: net::ERR_CONNECTION_REFUSED @ https://ivs.ma-tag.com/v1/echo:0
[    3909ms] [ERROR] Failed to load resource: net::ERR_CONNECTION_REFUSED @ https://collector.ma-tag.com/api/v1/collect:0
[    3910ms] [ERROR] Failed to load resource: net::ERR_CONNECTION_REFUSED @ https://googleads.g.doubleclick.net/pagead/viewthroughconversion/991209964/?random=1780069849378&cv=11&fst=1780069849378&bg=ffffff&guid=ON&async=1&gtm=45be65r2z89165586354za20gzb9165586354zd9165586354xea&gcd=13l3l3l3l1l1&dma=0&tag_exp=0~115938466~115938469~116701381~119034491&u_w=1710&u_h=1112&url=https%3A%2F%2Ftownwork.net%2F&ref=https%3A%2F%2Ftownwork.net%2F&rcb=15&label=VYDVCJSc7QgQ7NPS2AM&frm=0&tiba=%E3%80%90%E3%82%BF%E3%82%A6%E3%83%B3%E3%83%AF%E3%83%BC%E3%82%AF%E3%80%91%E3%81%A7%E3%82%A2%E3%83%AB%E3%83%90%E3%82%A4%E3%83%88%E3%83%BB%E3%83%90%E3%82%A4%E3%83%88%E3%83%BB%E3%83%91%E3%83%BC%E3%83%88%E3%81%AE%E6%B1%82%E4%BA%BA%E3%83%BB%E4%BB%95%E4%BA%8B&hn=www.googleadservices.com&rdp=1&npa=0&pscdl=noapi&auid=345582163.1780069848&uaa=arm&uab=64&uafvl=Chromium%3B148.0.7778.179%7CGoogle%2520Chrome%3B148.0.7778.179%7CNot%252FA)Brand%3B99.0.0.0&uamb=0&uam=&uap=macOS&uapv=15.7.7&uaw=0&_tu=CAI&data=google_custom_params%3Dwindow.google_tag_params&rfmt=3&fmt=4:0
[    3926ms] Uncaught (in promise) TypeError: Failed to fetch
    at ea.fetch (https://townwork.net/_next/static/chunks/pages/_app-452e3177b072d379.js:41:160765)
    at <anonymous> (https://townwork.net/_next/static/chunks/pages/_app-452e3177b072d379.js:41:160952)
    at ei.fetch (https://townwork.net/_next/static/chunks/pages/_app-452e3177b072d379.js:50:39215)
    at <anonymous> (https://townwork.net/_next/static/chunks/pages/_app-452e3177b072d379.js:50:39521)
    at <anonymous> (https://cdn.robee.tech/v1/sdk.js:48:26531)
    at <anonymous> (https://cdn.robee.tech/v1/sdk.js:48:25646)
    at l (https://cdn.robee.tech/v1/sdk.js:48:156650)
    at <anonymous> (https://cdn.robee.tech/v1/sdk.js:48:157990)
    at <anonymous> (https://cdn.robee.tech/v1/sdk.js:48:157060)
    at <anonymous> (https://cdn.robee.tech/v1/sdk.js:41:11532)
    at v (https://cdn.robee.tech/v1/sdk.js:41:11312)
    at <anonymous> (https://cdn.robee.tech/v1/sdk.js:48:25498)
    at <anonymous> (https://cdn.robee.tech/v1/sdk.js:48:26436)
    at l (https://cdn.robee.tech/v1/sdk.js:48:156650)
    at <anonymous> (https://cdn.robee.tech/v1/sdk.js:48:157990)
    at <anonymous> (https://cdn.robee.tech/v1/sdk.js:48:157060)
    at <anonymous> (https://cdn.robee.tech/v1/sdk.js:41:11532)
    at v (https://cdn.robee.tech/v1/sdk.js:41:11312)
    at <anonymous> (https://cdn.robee.tech/v1/sdk.js:48:26160)
    at <anonymous> (https://cdn.robee.tech/v1/sdk.js:48:86520)
    at l (https://cdn.robee.tech/v1/sdk.js:48:156650)
    at <anonymous> (https://cdn.robee.tech/v1/sdk.js:48:157990)
    at <anonymous> (https://cdn.robee.tech/v1/sdk.js:48:157060)
    at a (https://cdn.robee.tech/v1/sdk.js:41:11417)
[    3913ms] [ERROR] Failed to load resource: net::ERR_CONNECTION_REFUSED @ https://collector.ma-tag.com/api/v1/collect:0
[    3926ms] Uncaught (in promise) TypeError: Failed to fetch
    at ea.fetch (https://townwork.net/_next/static/chunks/pages/_app-452e3177b072d379.js:41:160765)
    at <anonymous> (https://townwork.net/_next/static/chunks/pages/_app-452e3177b072d379.js:41:160952)
    at ei.fetch (https://townwork.net/_next/static/chunks/pages/_app-452e3177b072d379.js:50:39215)
    at <anonymous> (https://townwork.net/_next/static/chunks/pages/_app-452e3177b072d379.js:50:39521)
    at <anonymous> (https://cdn.robee.tech/v1/sdk.js:48:26531)
    at <anonymous> (https://cdn.robee.tech/v1/sdk.js:48:25646)
    at l (https://cdn.robee.tech/v1/sdk.js:48:156650)
    at <anonymous> (https://cdn.robee.tech/v1/sdk.js:48:157990)
    at <anonymous> (https://cdn.robee.tech/v1/sdk.js:48:157060)
    at <anonymous> (https://cdn.robee.tech/v1/sdk.js:41:11532)
    at v (https://cdn.robee.tech/v1/sdk.js:41:11312)
    at <anonymous> (https://cdn.robee.tech/v1/sdk.js:48:25498)
    at <anonymous> (https://cdn.robee.tech/v1/sdk.js:48:26436)
    at l (https://cdn.robee.tech/v1/sdk.js:48:156650)
    at <anonymous> (https://cdn.robee.tech/v1/sdk.js:48:157990)
    at <anonymous> (https://cdn.robee.tech/v1/sdk.js:48:157060)
    at <anonymous> (https://cdn.robee.tech/v1/sdk.js:41:11532)
    at v (https://cdn.robee.tech/v1/sdk.js:41:11312)
    at <anonymous> (https://cdn.robee.tech/v1/sdk.js:48:26160)
    at <anonymous> (https://cdn.robee.tech/v1/sdk.js:48:82705)
    at l (https://cdn.robee.tech/v1/sdk.js:48:156650)
    at <anonymous> (https://cdn.robee.tech/v1/sdk.js:48:157990)
    at <anonymous> (https://cdn.robee.tech/v1/sdk.js:48:157060)
    at a (https://cdn.robee.tech/v1/sdk.js:41:11417)
[    3922ms] [ERROR] Failed to load resource: net::ERR_CONNECTION_REFUSED @ https://googleads.g.doubleclick.net/pagead/viewthroughconversion/939727538/?random=1780069849216&cv=11&fst=1780069849216&fmt=3&bg=ffffff&guid=ON&async=1&en=gtag.config&gtm=45be65r2v9236359545z89165586354za20gzb9165586354zd9165586354xec&gcd=13l3l3l3l1l1&dma=0&tag_exp=0~115938466~115938468~116701381~119034493&u_w=1710&u_h=1112&url=https%3A%2F%2Ftownwork.net%2F&ref=https%3A%2F%2Ftownwork.net%2F&rcb=6&frm=0&tiba=%E3%80%90%E3%82%BF%E3%82%A6%E3%83%B3%E3%83%AF%E3%83%BC%E3%82%AF%E3%80%91%E3%81%A7%E3%82%A2%E3%83%AB%E3%83%90%E3%82%A4%E3%83%88%E3%83%BB%E3%83%90%E3%82%A4%E3%83%88%E3%83%BB%E3%83%91%E3%83%BC%E3%83%88%E3%81%AE%E6%B1%82%E4%BA%BA%E3%83%BB%E4%BB%95%E4%BA%8B&hn=www.googleadservices.com&npa=0&pscdl=noapi&auid=345582163.1780069848&uaa=arm&uab=64&uafvl=Chromium%3B148.0.7778.179%7CGoogle%2520Chrome%3B148.0.7778.179%7CNot%252FA)Brand%3B99.0.0.0&uamb=0&uam=&uap=macOS&uapv=15.7.7&uaw=0&data=event%3Dgtag.config:0
[    3922ms] [ERROR] Failed to load resource: net::ERR_CONNECTION_REFUSED @ https://ct.ma-tag.com/echo:0
[    3922ms] [LOG] TypeError: Failed to fetch
    at e.<anonymous> (https://cdn.robee.tech/v1/sdk.js:49:8770)
    at l (https://cdn.robee.tech/v1/sdk.js:49:156651)
    at Generator.<anonymous> (https://cdn.robee.tech/v1/sdk.js:49:157991)
    at Generator.next (https://cdn.robee.tech/v1/sdk.js:49:157061)
    at i (https://cdn.robee.tech/v1/sdk.js:42:11366) @ https://cdn.robee.tech/v1/sdk.js:48
[    3924ms] [ERROR] Failed to load resource: net::ERR_CONNECTION_REFUSED @ https://ct.ma-tag.com/echo:0
[    3924ms] [LOG] TypeError: Failed to fetch
    at e.<anonymous> (https://cdn.robee.tech/v1/sdk.js:49:8770)
    at l (https://cdn.robee.tech/v1/sdk.js:49:156651)
    at Generator.<anonymous> (https://cdn.robee.tech/v1/sdk.js:49:157991)
    at Generator.next (https://cdn.robee.tech/v1/sdk.js:49:157061)
    at i (https://cdn.robee.tech/v1/sdk.js:42:11366) @ https://cdn.robee.tech/v1/sdk.js:48
[    3926ms] [ERROR] Failed to load resource: net::ERR_CONNECTION_REFUSED @ https://b99.yahoo.co.jp/pagead/conversion_async.js:0
[    3943ms] [ERROR] Failed to load resource: net::ERR_CONNECTION_REFUSED @ https://collector.ma-tag.com/api/v1/collect:0
[    3943ms] [ERROR] Failed to load resource: net::ERR_CONNECTION_REFUSED @ https://x.ma-tag.com/api/v1/identify:0
[    3944ms] [ERROR] Failed to load resource: net::ERR_CONNECTION_REFUSED @ https://collector.ma-tag.com/api/v1/collect:0
[    3944ms] [ERROR] Failed to load resource: net::ERR_CONNECTION_REFUSED @ https://apm.yahoo.co.jp/rt/?p=EQK1Y3449E&label=&ref=https%3A%2F%2Ftownwork.net%2F&rref=https%3A%2F%2Ftownwork.net%2F&pt=&item=&cat=&price=&quantity=&et_optout=false&r=1780069849.6326945&pvid=n0dhuqctocgmpr3mm9r&su=871e6996-7cdb-4353-9c60-5aa349444b08&__lt__cid_valid=false&_impl=ytag&brands=%22Chromium%22%3B%20v%3D%22148.0.7778.179%22%2C%20%22Google%20Chrome%22%3B%20v%3D%22148.0.7778.179%22%2C%20%22Not%2FA)Brand%22%3B%20v%3D%2299.0.0.0%22&platform=%22macOS%22&platform_version=%2215.7.7%22:0
[    3944ms] [ERROR] Failed to load resource: net::ERR_CONNECTION_REFUSED @ https://x.ma-tag.com/api/v1/identify:0
[    3957ms] Uncaught (in promise) TypeError: Failed to fetch
    at ea.fetch (https://townwork.net/_next/static/chunks/pages/_app-452e3177b072d379.js:41:160765)
    at <anonymous> (https://townwork.net/_next/static/chunks/pages/_app-452e3177b072d379.js:41:160952)
    at ei.fetch (https://townwork.net/_next/static/chunks/pages/_app-452e3177b072d379.js:50:39215)
    at <anonymous> (https://townwork.net/_next/static/chunks/pages/_app-452e3177b072d379.js:50:39521)
    at <anonymous> (https://cdn.robee.tech/v1/sdk.js:48:26531)
    at <anonymous> (https://cdn.robee.tech/v1/sdk.js:48:25646)
    at l (https://cdn.robee.tech/v1/sdk.js:48:156650)
    at <anonymous> (https://cdn.robee.tech/v1/sdk.js:48:157990)
    at <anonymous> (https://cdn.robee.tech/v1/sdk.js:48:157060)
    at <anonymous> (https://cdn.robee.tech/v1/sdk.js:41:11532)
    at v (https://cdn.robee.tech/v1/sdk.js:41:11312)
    at <anonymous> (https://cdn.robee.tech/v1/sdk.js:48:25498)
    at <anonymous> (https://cdn.robee.tech/v1/sdk.js:48:26058)
    at l (https://cdn.robee.tech/v1/sdk.js:48:156650)
    at <anonymous> (https://cdn.robee.tech/v1/sdk.js:48:157990)
    at <anonymous> (https://cdn.robee.tech/v1/sdk.js:48:157060)
    at <anonymous> (https://cdn.robee.tech/v1/sdk.js:41:11532)
    at v (https://cdn.robee.tech/v1/sdk.js:41:11312)
    at <anonymous> (https://cdn.robee.tech/v1/sdk.js:48:25764)
    at <anonymous> (https://cdn.robee.tech/v1/sdk.js:48:85410)
    at l (https://cdn.robee.tech/v1/sdk.js:48:156650)
    at <anonymous> (https://cdn.robee.tech/v1/sdk.js:48:157990)
    at <anonymous> (https://cdn.robee.tech/v1/sdk.js:48:157060)
    at i (https://cdn.robee.tech/v1/sdk.js:41:11365)
[    3957ms] Uncaught (in promise) TypeError: Failed to fetch
    at ea.fetch (https://townwork.net/_next/static/chunks/pages/_app-452e3177b072d379.js:41:160765)
    at <anonymous> (https://townwork.net/_next/static/chunks/pages/_app-452e3177b072d379.js:41:160952)
    at ei.fetch (https://townwork.net/_next/static/chunks/pages/_app-452e3177b072d379.js:50:39215)
    at <anonymous> (https://townwork.net/_next/static/chunks/pages/_app-452e3177b072d379.js:50:39521)
    at <anonymous> (https://cdn.robee.tech/v1/sdk.js:48:26531)
    at <anonymous> (https://cdn.robee.tech/v1/sdk.js:48:25646)
    at l (https://cdn.robee.tech/v1/sdk.js:48:156650)
    at <anonymous> (https://cdn.robee.tech/v1/sdk.js:48:157990)
    at <anonymous> (https://cdn.robee.tech/v1/sdk.js:48:157060)
    at <anonymous> (https://cdn.robee.tech/v1/sdk.js:41:11532)
    at v (https://cdn.robee.tech/v1/sdk.js:41:11312)
    at <anonymous> (https://cdn.robee.tech/v1/sdk.js:48:25498)
    at <anonymous> (https://cdn.robee.tech/v1/sdk.js:48:26058)
    at l (https://cdn.robee.tech/v1/sdk.js:48:156650)
    at <anonymous> (https://cdn.robee.tech/v1/sdk.js:48:157990)
    at <anonymous> (https://cdn.robee.tech/v1/sdk.js:48:157060)
    at <anonymous> (https://cdn.robee.tech/v1/sdk.js:41:11532)
    at v (https://cdn.robee.tech/v1/sdk.js:41:11312)
    at <anonymous> (https://cdn.robee.tech/v1/sdk.js:48:25764)
    at <anonymous> (https://cdn.robee.tech/v1/sdk.js:48:81595)
    at l (https://cdn.robee.tech/v1/sdk.js:48:156650)
    at <anonymous> (https://cdn.robee.tech/v1/sdk.js:48:157990)
    at <anonymous> (https://cdn.robee.tech/v1/sdk.js:48:157060)
    at i (https://cdn.robee.tech/v1/sdk.js:41:11365)
[    3947ms] [ERROR] Failed to load resource: net::ERR_CONNECTION_REFUSED @ https://collector.ma-tag.com/api/v1/collect:0
[    3957ms] Uncaught (in promise) TypeError: Failed to fetch
    at ea.fetch (https://townwork.net/_next/static/chunks/pages/_app-452e3177b072d379.js:41:160765)
    at <anonymous> (https://townwork.net/_next/static/chunks/pages/_app-452e3177b072d379.js:41:160952)
    at ei.fetch (https://townwork.net/_next/static/chunks/pages/_app-452e3177b072d379.js:50:39215)
    at <anonymous> (https://townwork.net/_next/static/chunks/pages/_app-452e3177b072d379.js:50:39521)
    at <anonymous> (https://cdn.robee.tech/v1/sdk.js:48:26531)
    at <anonymous> (https://cdn.robee.tech/v1/sdk.js:48:25646)
    at l (https://cdn.robee.tech/v1/sdk.js:48:156650)
    at <anonymous> (https://cdn.robee.tech/v1/sdk.js:48:157990)
    at <anonymous> (https://cdn.robee.tech/v1/sdk.js:48:157060)
    at <anonymous> (https://cdn.robee.tech/v1/sdk.js:41:11532)
    at v (https://cdn.robee.tech/v1/sdk.js:41:11312)
    at <anonymous> (https://cdn.robee.tech/v1/sdk.js:48:25498)
    at <anonymous> (https://cdn.robee.tech/v1/sdk.js:48:26436)
    at l (https://cdn.robee.tech/v1/sdk.js:48:156650)
    at <anonymous> (https://cdn.robee.tech/v1/sdk.js:48:157990)
    at <anonymous> (https://cdn.robee.tech/v1/sdk.js:48:157060)
    at <anonymous> (https://cdn.robee.tech/v1/sdk.js:41:11532)
    at v (https://cdn.robee.tech/v1/sdk.js:41:11312)
    at <anonymous> (https://cdn.robee.tech/v1/sdk.js:48:26160)
    at <anonymous> (https://cdn.robee.tech/v1/sdk.js:48:107845)
    at l (https://cdn.robee.tech/v1/sdk.js:48:156650)
    at <anonymous> (https://cdn.robee.tech/v1/sdk.js:48:157990)
    at <anonymous> (https://cdn.robee.tech/v1/sdk.js:48:157060)
    at a (https://cdn.robee.tech/v1/sdk.js:41:11417)
[    3954ms] [ERROR] Failed to load resource: net::ERR_CONNECTION_REFUSED @ https://collector.ma-tag.com/api/v1/collect:0
[    3959ms] Uncaught (in promise) TypeError: Failed to fetch
    at ea.fetch (https://townwork.net/_next/static/chunks/pages/_app-452e3177b072d379.js:41:160765)
    at <anonymous> (https://townwork.net/_next/static/chunks/pages/_app-452e3177b072d379.js:41:160952)
    at ei.fetch (https://townwork.net/_next/static/chunks/pages/_app-452e3177b072d379.js:50:39215)
    at <anonymous> (https://townwork.net/_next/static/chunks/pages/_app-452e3177b072d379.js:50:39521)
    at <anonymous> (https://cdn.robee.tech/v1/sdk.js:48:26531)
    at <anonymous> (https://cdn.robee.tech/v1/sdk.js:48:25646)
    at l (https://cdn.robee.tech/v1/sdk.js:48:156650)
    at <anonymous> (https://cdn.robee.tech/v1/sdk.js:48:157990)
    at <anonymous> (https://cdn.robee.tech/v1/sdk.js:48:157060)
    at <anonymous> (https://cdn.robee.tech/v1/sdk.js:41:11532)
    at v (https://cdn.robee.tech/v1/sdk.js:41:11312)
    at <anonymous> (https://cdn.robee.tech/v1/sdk.js:48:25498)
    at <anonymous> (https://cdn.robee.tech/v1/sdk.js:48:26436)
    at l (https://cdn.robee.tech/v1/sdk.js:48:156650)
    at <anonymous> (https://cdn.robee.tech/v1/sdk.js:48:157990)
    at <anonymous> (https://cdn.robee.tech/v1/sdk.js:48:157060)
    at <anonymous> (https://cdn.robee.tech/v1/sdk.js:41:11532)
    at v (https://cdn.robee.tech/v1/sdk.js:41:11312)
    at <anonymous> (https://cdn.robee.tech/v1/sdk.js:48:26160)
    at <anonymous> (https://cdn.robee.tech/v1/sdk.js:48:108282)
    at l (https://cdn.robee.tech/v1/sdk.js:48:156650)
    at <anonymous> (https://cdn.robee.tech/v1/sdk.js:48:157990)
    at <anonymous> (https://cdn.robee.tech/v1/sdk.js:48:157060)
    at a (https://cdn.robee.tech/v1/sdk.js:41:11417)
[    3996ms] [ERROR] Failed to load resource: net::ERR_CONNECTION_REFUSED @ https://googleads.g.doubleclick.net/pagead/viewthroughconversion/991209964/?random=1780069849378&cv=11&fst=1780069849378&fmt=3&bg=ffffff&guid=ON&async=1&gtm=45be65r2z89165586354za20gzb9165586354zd9165586354xea&gcd=13l3l3l3l1l1&dma=0&tag_exp=0~115938466~115938469~116701381~119034491&u_w=1710&u_h=1112&url=https%3A%2F%2Ftownwork.net%2F&ref=https%3A%2F%2Ftownwork.net%2F&rcb=15&label=VYDVCJSc7QgQ7NPS2AM&frm=0&tiba=%E3%80%90%E3%82%BF%E3%82%A6%E3%83%B3%E3%83%AF%E3%83%BC%E3%82%AF%E3%80%91%E3%81%A7%E3%82%A2%E3%83%AB%E3%83%90%E3%82%A4%E3%83%88%E3%83%BB%E3%83%90%E3%82%A4%E3%83%88%E3%83%BB%E3%83%91%E3%83%BC%E3%83%88%E3%81%AE%E6%B1%82%E4%BA%BA%E3%83%BB%E4%BB%95%E4%BA%8B&hn=www.googleadservices.com&rdp=1&npa=0&pscdl=noapi&auid=345582163.1780069848&uaa=arm&uab=64&uafvl=Chromium%3B148.0.7778.179%7CGoogle%2520Chrome%3B148.0.7778.179%7CNot%252FA)Brand%3B99.0.0.0&uamb=0&uam=&uap=macOS&uapv=15.7.7&uaw=0&_tu=CAI&data=google_custom_params%3Dwindow.google_tag_params:0
[    4009ms] [ERROR] Failed to load resource: net::ERR_CONNECTION_REFUSED @ https://track.robee.tech/v1/site/load?url=https%3A%2F%2Ftownwork.net%2F&ref=https%3A%2F%2Ftownwork.net%2F&ns=robee&cb=callbackLoad&apiKey=RBE-ysFt0ZSsZA8&ua=Mozilla%2F5.0%20(Macintosh%3B%20Intel%20Mac%20OS%20X%2010_15_7)%20AppleWebKit%2F537.36%20(KHTML%2C%20like%20Gecko)%20Chrome%2F148.0.0.0%20Safari%2F537.36&title=%E3%80%90%E3%82%BF%E3%82%A6%E3%83%B3%E3%83%AF%E3%83%BC%E3%82%AF%E3%80%91%E3%81%A7%E3%82%A2%E3%83%AB%E3%83%90%E3%82%A4%E3%83%88%E3%83%BB%E3%83%90%E3%82%A4%E3%83%88%E3%83%BB%E3%83%91%E3%83%BC%E3%83%88%E3%81%AE%E6%B1%82%E4%BA%BA%E3%83%BB%E4%BB%95%E4%BA%8B%E6%8E%A2%E3%81%97%EF%BC%81&tracking=true&uid=81a1961d746c121fb77a1cfb52cfbce11780069848344&sid=a9f51780069848344&tst=1780069849489&d3Tie=81a1961d746c121fb77a1cfb52cfbce11780069848344_1780069849490&rptKeys=%5B%5D&dspCounts=%7B%7D:0
[    4009ms] [ERROR] Failed to load resource: net::ERR_CONNECTION_REFUSED @ https://track.robee.tech/v1/site/RBE-ysFt0ZSsZA8/count:0
[    4019ms] [WARNING] [Meta Pixel] - Duplicate Pixel ID: 1186300576813409. @ https://connect.facebook.net/en_US/fbevents.js:181
[    4425ms] [ERROR] Failed to load resource: net::ERR_CONNECTION_REFUSED @ https://events.launchdarkly.com/events/diagnostic/6659934070b3d6101f7ac6ea:0
[    4426ms] [ERROR] Failed to load resource: net::ERR_CONNECTION_REFUSED @ https://events.launchdarkly.com/events/diagnostic/6659934070b3d6101f7ac6ea:0
[    6428ms] [ERROR] Failed to load resource: net::ERR_CONNECTION_REFUSED @ https://events.launchdarkly.com/events/bulk/6659934070b3d6101f7ac6ea:0
[    6429ms] [ERROR] Failed to load resource: net::ERR_CONNECTION_REFUSED @ https://events.launchdarkly.com/events/bulk/6659934070b3d6101f7ac6ea:0
