[     118ms] [ERROR] Failed to load resource: the server responded with a status of 400 () @ https://townwork.net/prefectures/tokyo/job_search/st-3975/:0
[     456ms] [ERROR] Failed to load resource: net::ERR_CONNECTION_REFUSED @ https://tags.creativecdn.com/PVOTPkX3WnRg88IIkRpV.js:0
[     456ms] [ERROR] Failed to load resource: net::ERR_CONNECTION_REFUSED @ https://static.ads-twitter.com/uwt.js:0
[     456ms] [ERROR] Failed to load resource: net::ERR_CONNECTION_REFUSED @ https://www.google-analytics.com/analytics.js:0
[     456ms] [ERROR] Failed to load resource: net::ERR_CONNECTION_REFUSED @ https://trj.valuecommerce.com/vclp.js:0
[     456ms] [ERROR] Failed to load resource: net::ERR_CONNECTION_REFUSED @ https://cdn.d2-apps.net/js/tr.js:0
[     456ms] [ERROR] Failed to load resource: net::ERR_CONNECTION_REFUSED @ https://analytics.tiktok.com/i18n/pixel/events.js?sdkid=CVPPL7BC77U883UV9PO0&lib=ttq:0
[     456ms] [ERROR] Failed to load resource: net::ERR_CONNECTION_REFUSED @ https://analytics.tiktok.com/i18n/pixel/events.js?sdkid=CURCL3RC77UF169S5MTG&lib=ttq:0
[     456ms] [ERROR] Failed to load resource: net::ERR_CONNECTION_REFUSED @ https://cd.ladsp.com/script/vts2.js:0
[     456ms] [ERROR] Failed to load resource: net::ERR_CONNECTION_REFUSED @ https://cd.ladsp.com/script/pixel2.js:0
[     457ms] [ERROR] Failed to load resource: net::ERR_CONNECTION_REFUSED @ https://cd.ladsp.com/script/pixel2_p_delay.js:0
[     457ms] [ERROR] Failed to load resource: net::ERR_CONNECTION_REFUSED @ https://dmp.im-apps.net/js/1024165/0001/itm.js:0
[     531ms] [ERROR] Failed to load resource: net::ERR_CONNECTION_REFUSED @ https://googleads.g.doubleclick.net/pagead/viewthroughconversion/960623014/?random=1780071351529&cv=11&fst=1780071351529&bg=ffffff&guid=ON&async=1&en=gtag.config&gtm=45be65r2v9168568953z89165586354za20gzb9165586354zd9165586354xec&gcd=13l3l3l3l1l1&dma=0&tag_exp=0~115938466~115938468~116701381~118012009~119027222~119034493&u_w=1710&u_h=1112&url=https%3A%2F%2Ftownwork.net%2Fprefectures%2Ftokyo%2Fjob_search%2Fst-3975%2F&rcb=2&frm=0&tiba=%E3%83%9A%E3%83%BC%E3%82%B8%E3%81%8C%E8%A6%8B%E3%81%A4%E3%81%8B%E3%82%8A%E3%81%BE%E3%81%9B%E3%82%93&hn=www.googleadservices.com&npa=0&pscdl=noapi&auid=345582163.1780069848&uaa=arm&uab=64&uafvl=Chromium%3B148.0.7778.179%7CGoogle%2520Chrome%3B148.0.7778.179%7CNot%252FA)Brand%3B99.0.0.0&uamb=0&uam=&uap=macOS&uapv=15.7.7&uaw=0&data=event%3Dgtag.config&rfmt=3&fmt=4:0
[     591ms] [ERROR] Failed to load resource: net::ERR_CONNECTION_REFUSED @ https://googleads.g.doubleclick.net/pagead/viewthroughconversion/954992434/?random=1780071351589&cv=11&fst=1780071351589&bg=ffffff&guid=ON&async=1&en=gtag.config&gtm=45be65r2v9101344674z89165586354za20gzb9165586354zd9165586354xec&gcd=13l3l3l3l1l1&dma=0&tag_exp=0~115616985~115938466~115938469~116701381~119027224~119034491&u_w=1710&u_h=1112&url=https%3A%2F%2Ftownwork.net%2Fprefectures%2Ftokyo%2Fjob_search%2Fst-3975%2F&rcb=1&frm=0&tiba=%E3%83%9A%E3%83%BC%E3%82%B8%E3%81%8C%E8%A6%8B%E3%81%A4%E3%81%8B%E3%82%8A%E3%81%BE%E3%81%9B%E3%82%93&hn=www.googleadservices.com&npa=0&pscdl=noapi&auid=345582163.1780069848&uaa=arm&uab=64&uafvl=Chromium%3B148.0.7778.179%7CGoogle%2520Chrome%3B148.0.7778.179%7CNot%252FA)Brand%3B99.0.0.0&uamb=0&uam=&uap=macOS&uapv=15.7.7&uaw=0&data=event%3Dgtag.config&rfmt=3&fmt=4:0
[     695ms] [ERROR] Failed to load resource: net::ERR_CONNECTION_REFUSED @ https://googleads.g.doubleclick.net/pagead/viewthroughconversion/939727538/?random=1780071351692&cv=11&fst=1780071351692&bg=ffffff&guid=ON&async=1&en=gtag.config&gtm=45be65r2v9236359545z89165586354za20gzb9165586354zd9165586354xec&gcd=13l3l3l3l1l1&dma=0&tag_exp=0~115938466~115938469~116701381~119027224~119034493~119064590&u_w=1710&u_h=1112&url=https%3A%2F%2Ftownwork.net%2Fprefectures%2Ftokyo%2Fjob_search%2Fst-3975%2F&rcb=4&frm=0&tiba=%E3%83%9A%E3%83%BC%E3%82%B8%E3%81%8C%E8%A6%8B%E3%81%A4%E3%81%8B%E3%82%8A%E3%81%BE%E3%81%9B%E3%82%93&hn=www.googleadservices.com&npa=0&pscdl=noapi&auid=345582163.1780069848&uaa=arm&uab=64&uafvl=Chromium%3B148.0.7778.179%7CGoogle%2520Chrome%3B148.0.7778.179%7CNot%252FA)Brand%3B99.0.0.0&uamb=0&uam=&uap=macOS&uapv=15.7.7&uaw=0&data=event%3Dgtag.config&rfmt=3&fmt=4:0
[     695ms] [ERROR] Failed to load resource: net::ERR_CONNECTION_REFUSED @ https://googleads.g.doubleclick.net/pagead/viewthroughconversion/939727538/?random=1780071351701&cv=11&fst=1780071351701&bg=ffffff&guid=ON&async=1&en=gtag.config&gtm=45be65r2v9236359545z89165586354za20gzb9165586354zd9165586354xec&gcd=13l3l3l3l1l1&dma=0&tag_exp=0~115938466~115938469~116701381~119027224~119034493~119064590&u_w=1710&u_h=1112&url=https%3A%2F%2Ftownwork.net%2Fprefectures%2Ftokyo%2Fjob_search%2Fst-3975%2F&rcb=4&frm=0&tiba=%E3%83%9A%E3%83%BC%E3%82%B8%E3%81%8C%E8%A6%8B%E3%81%A4%E3%81%8B%E3%82%8A%E3%81%BE%E3%81%9B%E3%82%93&hn=www.googleadservices.com&npa=0&pscdl=noapi&auid=345582163.1780069848&uaa=arm&uab=64&uafvl=Chromium%3B148.0.7778.179%7CGoogle%2520Chrome%3B148.0.7778.179%7CNot%252FA)Brand%3B99.0.0.0&uamb=0&uam=&uap=macOS&uapv=15.7.7&uaw=0&_tu=CAI&data=event%3Dgtag.config&rfmt=3&fmt=4:0
[     702ms] [ERROR] Failed to load resource: net::ERR_CONNECTION_REFUSED @ https://apm.yahoo.co.jp/tags/2e6a891e-ffa6-47f7-8771-99685895f809/events/page_view?label=&lysu=a8d2b2b5-6e4f-4d6b-9fb7-96ced81f581f&brands=%22Chromium%22%3B+v%3D%22148.0.7778.179%22%2C+%22Google+Chrome%22%3B+v%3D%22148.0.7778.179%22%2C+%22Not%2FA%29Brand%22%3B+v%3D%2299.0.0.0%22&platform=%22macOS%22&platform_version=%2215.7.7%22&ref=https%3A%2F%2Ftownwork.net%2Fprefectures%2Ftokyo%2Fjob_search%2Fst-3975%2F&rref=&test=0&impl=lytag&pvid=1ysvr7pxgdfjmpr4itgk&sosu=c&r=1780071352.469935&v=1.1.21&is_ext_tx=1&hc=0:0
[     750ms] [LOG] Robee#init @ https://cdn.robee.tech/v1/sdk.js:13
[     753ms] [ERROR] Failed to load resource: net::ERR_CONNECTION_REFUSED @ https://dmp.im-apps.net/scripts/im-uid-hook.js?cid=11283:0
[     754ms] [ERROR] Failed to load resource: net::ERR_CONNECTION_REFUSED @ https://sync.im-apps.net/imid/segment?token=zeBmtLBQ_7DGM09UZqwoBg&callback=im_audience.callbackLoad:0
[     801ms] [ERROR] Failed to load resource: net::ERR_CONNECTION_REFUSED @ https://googleads.g.doubleclick.net/pagead/viewthroughconversion/960623014/?random=1780071351529&cv=11&fst=1780071351529&fmt=3&bg=ffffff&guid=ON&async=1&en=gtag.config&gtm=45be65r2v9168568953z89165586354za20gzb9165586354zd9165586354xec&gcd=13l3l3l3l1l1&dma=0&tag_exp=0~115938466~115938468~116701381~118012009~119027222~119034493&u_w=1710&u_h=1112&url=https%3A%2F%2Ftownwork.net%2Fprefectures%2Ftokyo%2Fjob_search%2Fst-3975%2F&rcb=2&frm=0&tiba=%E3%83%9A%E3%83%BC%E3%82%B8%E3%81%8C%E8%A6%8B%E3%81%A4%E3%81%8B%E3%82%8A%E3%81%BE%E3%81%9B%E3%82%93&hn=www.googleadservices.com&npa=0&pscdl=noapi&auid=345582163.1780069848&uaa=arm&uab=64&uafvl=Chromium%3B148.0.7778.179%7CGoogle%2520Chrome%3B148.0.7778.179%7CNot%252FA)Brand%3B99.0.0.0&uamb=0&uam=&uap=macOS&uapv=15.7.7&uaw=0&data=event%3Dgtag.config:0
[     801ms] [ERROR] Failed to load resource: net::ERR_CONNECTION_REFUSED @ https://googleads.g.doubleclick.net/pagead/viewthroughconversion/954992434/?random=1780071351589&cv=11&fst=1780071351589&fmt=3&bg=ffffff&guid=ON&async=1&en=gtag.config&gtm=45be65r2v9101344674z89165586354za20gzb9165586354zd9165586354xec&gcd=13l3l3l3l1l1&dma=0&tag_exp=0~115616985~115938466~115938469~116701381~119027224~119034491&u_w=1710&u_h=1112&url=https%3A%2F%2Ftownwork.net%2Fprefectures%2Ftokyo%2Fjob_search%2Fst-3975%2F&rcb=1&frm=0&tiba=%E3%83%9A%E3%83%BC%E3%82%B8%E3%81%8C%E8%A6%8B%E3%81%A4%E3%81%8B%E3%82%8A%E3%81%BE%E3%81%9B%E3%82%93&hn=www.googleadservices.com&npa=0&pscdl=noapi&auid=345582163.1780069848&uaa=arm&uab=64&uafvl=Chromium%3B148.0.7778.179%7CGoogle%2520Chrome%3B148.0.7778.179%7CNot%252FA)Brand%3B99.0.0.0&uamb=0&uam=&uap=macOS&uapv=15.7.7&uaw=0&data=event%3Dgtag.config:0
[     809ms] [ERROR] Failed to load resource: net::ERR_CONNECTION_REFUSED @ https://googleads.g.doubleclick.net/pagead/viewthroughconversion/991209964/?random=1780071351808&cv=11&fst=1780071351808&bg=ffffff&guid=ON&async=1&gtm=45be65r2z89165586354za20gzb9165586354zd9165586354xea&gcd=13l3l3l3l1l1&dma=0&tag_exp=0~115938466~115938468~116701381~118228215~119027224~119034491&u_w=1710&u_h=1112&url=https%3A%2F%2Ftownwork.net%2Fprefectures%2Ftokyo%2Fjob_search%2Fst-3975%2F&rcb=17&label=VYDVCJSc7QgQ7NPS2AM&frm=0&tiba=%E3%83%9A%E3%83%BC%E3%82%B8%E3%81%8C%E8%A6%8B%E3%81%A4%E3%81%8B%E3%82%8A%E3%81%BE%E3%81%9B%E3%82%93&hn=www.googleadservices.com&rdp=1&npa=0&pscdl=noapi&auid=345582163.1780069848&uaa=arm&uab=64&uafvl=Chromium%3B148.0.7778.179%7CGoogle%2520Chrome%3B148.0.7778.179%7CNot%252FA)Brand%3B99.0.0.0&uamb=0&uam=&uap=macOS&uapv=15.7.7&uaw=0&_tu=CAI&data=google_custom_params%3Dwindow.google_tag_params&rfmt=3&fmt=4:0
[     814ms] [ERROR] Failed to load resource: net::ERR_CONNECTION_REFUSED @ https://c-c07.ma-tag.com/?o=7:0
[     814ms] [ERROR] Failed to load resource: net::ERR_CONNECTION_REFUSED @ https://c-c07.ma-tag.com/?o=7:0
[     814ms] [ERROR] Failed to load resource: net::ERR_CONNECTION_REFUSED @ https://c-c03.ma-tag.com/?o=3:0
[     815ms] [ERROR] Failed to load resource: net::ERR_CONNECTION_REFUSED @ https://c-c05.ma-tag.com/?o=5:0
[     815ms] [ERROR] Failed to load resource: net::ERR_CONNECTION_REFUSED @ https://c-c15.ma-tag.com/?o=15:0
[     815ms] [ERROR] Failed to load resource: net::ERR_CONNECTION_REFUSED @ https://c-c00.ma-tag.com/?o=0:0
[     815ms] [ERROR] Failed to load resource: net::ERR_CONNECTION_REFUSED @ https://ivs.ma-tag.com/v1/echo:0
[     816ms] [ERROR] Failed to load resource: net::ERR_CONNECTION_REFUSED @ https://c-c02.ma-tag.com/?o=2:0
[     816ms] [ERROR] Failed to load resource: net::ERR_CONNECTION_REFUSED @ https://c-c03.ma-tag.com/?o=3:0
[     816ms] [ERROR] Failed to load resource: net::ERR_CONNECTION_REFUSED @ https://c-c05.ma-tag.com/?o=5:0
[     816ms] [ERROR] Failed to load resource: net::ERR_CONNECTION_REFUSED @ https://c-c06.ma-tag.com/?o=6:0
[     816ms] [ERROR] Failed to load resource: net::ERR_CONNECTION_REFUSED @ https://c-c08.ma-tag.com/?o=8:0
[     817ms] [ERROR] Failed to load resource: net::ERR_CONNECTION_REFUSED @ https://c-c10.ma-tag.com/?o=10:0
[     817ms] [ERROR] Failed to load resource: net::ERR_CONNECTION_REFUSED @ https://ivs.ma-tag.com/v1/echo:0
[     830ms] [ERROR] Failed to load resource: net::ERR_CONNECTION_REFUSED @ https://googleads.g.doubleclick.net/pagead/viewthroughconversion/939727538/?random=1780071351692&cv=11&fst=1780071351692&fmt=3&bg=ffffff&guid=ON&async=1&en=gtag.config&gtm=45be65r2v9236359545z89165586354za20gzb9165586354zd9165586354xec&gcd=13l3l3l3l1l1&dma=0&tag_exp=0~115938466~115938469~116701381~119027224~119034493~119064590&u_w=1710&u_h=1112&url=https%3A%2F%2Ftownwork.net%2Fprefectures%2Ftokyo%2Fjob_search%2Fst-3975%2F&rcb=4&frm=0&tiba=%E3%83%9A%E3%83%BC%E3%82%B8%E3%81%8C%E8%A6%8B%E3%81%A4%E3%81%8B%E3%82%8A%E3%81%BE%E3%81%9B%E3%82%93&hn=www.googleadservices.com&npa=0&pscdl=noapi&auid=345582163.1780069848&uaa=arm&uab=64&uafvl=Chromium%3B148.0.7778.179%7CGoogle%2520Chrome%3B148.0.7778.179%7CNot%252FA)Brand%3B99.0.0.0&uamb=0&uam=&uap=macOS&uapv=15.7.7&uaw=0&data=event%3Dgtag.config:0
[     830ms] [ERROR] Failed to load resource: net::ERR_CONNECTION_REFUSED @ https://googleads.g.doubleclick.net/pagead/viewthroughconversion/939727538/?random=1780071351701&cv=11&fst=1780071351701&fmt=3&bg=ffffff&guid=ON&async=1&en=gtag.config&gtm=45be65r2v9236359545z89165586354za20gzb9165586354zd9165586354xec&gcd=13l3l3l3l1l1&dma=0&tag_exp=0~115938466~115938469~116701381~119027224~119034493~119064590&u_w=1710&u_h=1112&url=https%3A%2F%2Ftownwork.net%2Fprefectures%2Ftokyo%2Fjob_search%2Fst-3975%2F&rcb=4&frm=0&tiba=%E3%83%9A%E3%83%BC%E3%82%B8%E3%81%8C%E8%A6%8B%E3%81%A4%E3%81%8B%E3%82%8A%E3%81%BE%E3%81%9B%E3%82%93&hn=www.googleadservices.com&npa=0&pscdl=noapi&auid=345582163.1780069848&uaa=arm&uab=64&uafvl=Chromium%3B148.0.7778.179%7CGoogle%2520Chrome%3B148.0.7778.179%7CNot%252FA)Brand%3B99.0.0.0&uamb=0&uam=&uap=macOS&uapv=15.7.7&uaw=0&_tu=CAI&data=event%3Dgtag.config:0
[     830ms] [ERROR] Failed to load resource: net::ERR_CONNECTION_REFUSED @ https://c-c06.ma-tag.com/?o=6:0
[     830ms] [ERROR] Failed to load resource: net::ERR_CONNECTION_REFUSED @ https://c-c11.ma-tag.com/?o=11:0
[     830ms] [ERROR] Failed to load resource: net::ERR_CONNECTION_REFUSED @ https://c-c15.ma-tag.com/?o=15:0
[     831ms] [ERROR] Failed to load resource: net::ERR_CONNECTION_REFUSED @ https://c-c00.ma-tag.com/?o=0:0
[     831ms] [ERROR] Failed to load resource: net::ERR_CONNECTION_REFUSED @ https://c-c04.ma-tag.com/?o=4:0
[     831ms] [ERROR] Failed to load resource: net::ERR_CONNECTION_REFUSED @ https://c-c02.ma-tag.com/?o=2:0
[     831ms] [ERROR] Failed to load resource: net::ERR_CONNECTION_REFUSED @ https://c-c08.ma-tag.com/?o=8:0
[     831ms] [ERROR] Failed to load resource: net::ERR_CONNECTION_REFUSED @ https://c-c10.ma-tag.com/?o=10:0
[     831ms] [ERROR] Failed to load resource: net::ERR_CONNECTION_REFUSED @ https://c-c01.ma-tag.com/?o=1:0
[     831ms] [ERROR] Failed to load resource: net::ERR_CONNECTION_REFUSED @ https://c-c09.ma-tag.com/?o=9:0
[     831ms] [ERROR] Failed to load resource: net::ERR_CONNECTION_REFUSED @ https://c-c13.ma-tag.com/?o=13:0
[     831ms] [ERROR] Failed to load resource: net::ERR_CONNECTION_REFUSED @ https://c-c14.ma-tag.com/?o=14:0
[     831ms] [ERROR] Failed to load resource: net::ERR_CONNECTION_REFUSED @ https://c-c12.ma-tag.com/?o=12:0
[     831ms] [ERROR] Failed to load resource: net::ERR_CONNECTION_REFUSED @ https://c-c11.ma-tag.com/?o=11:0
[     831ms] [ERROR] Failed to load resource: net::ERR_CONNECTION_REFUSED @ https://c-c04.ma-tag.com/?o=4:0
[     831ms] [ERROR] Failed to load resource: net::ERR_CONNECTION_REFUSED @ https://c-c01.ma-tag.com/?o=1:0
[     831ms] [ERROR] Failed to load resource: net::ERR_CONNECTION_REFUSED @ https://c-c09.ma-tag.com/?o=9:0
[     832ms] [ERROR] Failed to load resource: net::ERR_CONNECTION_REFUSED @ https://c-c13.ma-tag.com/?o=13:0
[     832ms] [ERROR] Failed to load resource: net::ERR_CONNECTION_REFUSED @ https://c-c14.ma-tag.com/?o=14:0
[     832ms] [ERROR] Failed to load resource: net::ERR_CONNECTION_REFUSED @ https://c-c12.ma-tag.com/?o=12:0
[     832ms] [ERROR] Failed to load resource: net::ERR_CONNECTION_REFUSED @ https://collector.ma-tag.com/api/v1/collect:0
[     832ms] [ERROR] Failed to load resource: net::ERR_CONNECTION_REFUSED @ https://collector.ma-tag.com/api/v1/collect:0
[     832ms] [ERROR] Failed to load resource: net::ERR_CONNECTION_REFUSED @ https://ct.ma-tag.com/echo:0
[     832ms] [LOG] TypeError: Failed to fetch
    at e.<anonymous> (https://cdn.robee.tech/v1/sdk.js:49:8770)
    at l (https://cdn.robee.tech/v1/sdk.js:49:156651)
    at Generator.<anonymous> (https://cdn.robee.tech/v1/sdk.js:49:157991)
    at Generator.next (https://cdn.robee.tech/v1/sdk.js:49:157061)
    at i (https://cdn.robee.tech/v1/sdk.js:42:11366) @ https://cdn.robee.tech/v1/sdk.js:48
[     833ms] [ERROR] Failed to load resource: net::ERR_CONNECTION_REFUSED @ https://ct.ma-tag.com/echo:0
[     833ms] [LOG] TypeError: Failed to fetch
    at e.<anonymous> (https://cdn.robee.tech/v1/sdk.js:49:8770)
    at l (https://cdn.robee.tech/v1/sdk.js:49:156651)
    at Generator.<anonymous> (https://cdn.robee.tech/v1/sdk.js:49:157991)
    at Generator.next (https://cdn.robee.tech/v1/sdk.js:49:157061)
    at i (https://cdn.robee.tech/v1/sdk.js:42:11366) @ https://cdn.robee.tech/v1/sdk.js:48
[     837ms] Uncaught (in promise) TypeError: Failed to fetch
    at ea.fetch (https://townwork.net/_next/static/chunks/pages/_app-452e3177b072d379.js:41:160765)
    at <anonymous> (https://townwork.net/_next/static/chunks/pages/_app-452e3177b072d379.js:41:160952)
    at ei.fetch (https://townwork.net/_next/static/chunks/pages/_app-452e3177b072d379.js:50:39215)
    at <anonymous> (https://townwork.net/_next/static/chunks/pages/_app-452e3177b072d379.js:50:39521)
    at <anonymous> (https://cdn.robee.tech/v1/sdk.js:48:26531)
    at <anonymous> (https://cdn.robee.tech/v1/sdk.js:48:25646)
    at l (https://cdn.robee.tech/v1/sdk.js:48:156650)
    at <anonymous> (https://cdn.robee.tech/v1/sdk.js:48:157990)
    at <anonymous> (https://cdn.robee.tech/v1/sdk.js:48:157060)
    at <anonymous> (https://cdn.robee.tech/v1/sdk.js:41:11532)
    at v (https://cdn.robee.tech/v1/sdk.js:41:11312)
    at <anonymous> (https://cdn.robee.tech/v1/sdk.js:48:25498)
    at <anonymous> (https://cdn.robee.tech/v1/sdk.js:48:26436)
    at l (https://cdn.robee.tech/v1/sdk.js:48:156650)
    at <anonymous> (https://cdn.robee.tech/v1/sdk.js:48:157990)
    at <anonymous> (https://cdn.robee.tech/v1/sdk.js:48:157060)
    at <anonymous> (https://cdn.robee.tech/v1/sdk.js:41:11532)
    at v (https://cdn.robee.tech/v1/sdk.js:41:11312)
    at <anonymous> (https://cdn.robee.tech/v1/sdk.js:48:26160)
    at <anonymous> (https://cdn.robee.tech/v1/sdk.js:48:82705)
    at l (https://cdn.robee.tech/v1/sdk.js:48:156650)
    at <anonymous> (https://cdn.robee.tech/v1/sdk.js:48:157990)
    at <anonymous> (https://cdn.robee.tech/v1/sdk.js:48:157060)
    at a (https://cdn.robee.tech/v1/sdk.js:41:11417)
[     837ms] Uncaught (in promise) TypeError: Failed to fetch
    at ea.fetch (https://townwork.net/_next/static/chunks/pages/_app-452e3177b072d379.js:41:160765)
    at <anonymous> (https://townwork.net/_next/static/chunks/pages/_app-452e3177b072d379.js:41:160952)
    at ei.fetch (https://townwork.net/_next/static/chunks/pages/_app-452e3177b072d379.js:50:39215)
    at <anonymous> (https://townwork.net/_next/static/chunks/pages/_app-452e3177b072d379.js:50:39521)
    at <anonymous> (https://cdn.robee.tech/v1/sdk.js:48:26531)
    at <anonymous> (https://cdn.robee.tech/v1/sdk.js:48:25646)
    at l (https://cdn.robee.tech/v1/sdk.js:48:156650)
    at <anonymous> (https://cdn.robee.tech/v1/sdk.js:48:157990)
    at <anonymous> (https://cdn.robee.tech/v1/sdk.js:48:157060)
    at <anonymous> (https://cdn.robee.tech/v1/sdk.js:41:11532)
    at v (https://cdn.robee.tech/v1/sdk.js:41:11312)
    at <anonymous> (https://cdn.robee.tech/v1/sdk.js:48:25498)
    at <anonymous> (https://cdn.robee.tech/v1/sdk.js:48:26436)
    at l (https://cdn.robee.tech/v1/sdk.js:48:156650)
    at <anonymous> (https://cdn.robee.tech/v1/sdk.js:48:157990)
    at <anonymous> (https://cdn.robee.tech/v1/sdk.js:48:157060)
    at <anonymous> (https://cdn.robee.tech/v1/sdk.js:41:11532)
    at v (https://cdn.robee.tech/v1/sdk.js:41:11312)
    at <anonymous> (https://cdn.robee.tech/v1/sdk.js:48:26160)
    at <anonymous> (https://cdn.robee.tech/v1/sdk.js:48:86520)
    at l (https://cdn.robee.tech/v1/sdk.js:48:156650)
    at <anonymous> (https://cdn.robee.tech/v1/sdk.js:48:157990)
    at <anonymous> (https://cdn.robee.tech/v1/sdk.js:48:157060)
    at a (https://cdn.robee.tech/v1/sdk.js:41:11417)
[     836ms] [ERROR] Failed to load resource: net::ERR_CONNECTION_REFUSED @ https://collector.ma-tag.com/api/v1/collect:0
[     836ms] [ERROR] Failed to load resource: net::ERR_CONNECTION_REFUSED @ https://collector.ma-tag.com/api/v1/collect:0
[     837ms] Uncaught (in promise) TypeError: Failed to fetch
    at ea.fetch (https://townwork.net/_next/static/chunks/pages/_app-452e3177b072d379.js:41:160765)
    at <anonymous> (https://townwork.net/_next/static/chunks/pages/_app-452e3177b072d379.js:41:160952)
    at ei.fetch (https://townwork.net/_next/static/chunks/pages/_app-452e3177b072d379.js:50:39215)
    at <anonymous> (https://townwork.net/_next/static/chunks/pages/_app-452e3177b072d379.js:50:39521)
    at <anonymous> (https://cdn.robee.tech/v1/sdk.js:48:26531)
    at <anonymous> (https://cdn.robee.tech/v1/sdk.js:48:25646)
    at l (https://cdn.robee.tech/v1/sdk.js:48:156650)
    at <anonymous> (https://cdn.robee.tech/v1/sdk.js:48:157990)
    at <anonymous> (https://cdn.robee.tech/v1/sdk.js:48:157060)
    at <anonymous> (https://cdn.robee.tech/v1/sdk.js:41:11532)
    at v (https://cdn.robee.tech/v1/sdk.js:41:11312)
    at <anonymous> (https://cdn.robee.tech/v1/sdk.js:48:25498)
    at <anonymous> (https://cdn.robee.tech/v1/sdk.js:48:26058)
    at l (https://cdn.robee.tech/v1/sdk.js:48:156650)
    at <anonymous> (https://cdn.robee.tech/v1/sdk.js:48:157990)
    at <anonymous> (https://cdn.robee.tech/v1/sdk.js:48:157060)
    at <anonymous> (https://cdn.robee.tech/v1/sdk.js:41:11532)
    at v (https://cdn.robee.tech/v1/sdk.js:41:11312)
    at <anonymous> (https://cdn.robee.tech/v1/sdk.js:48:25764)
    at <anonymous> (https://cdn.robee.tech/v1/sdk.js:48:85410)
    at l (https://cdn.robee.tech/v1/sdk.js:48:156650)
    at <anonymous> (https://cdn.robee.tech/v1/sdk.js:48:157990)
    at <anonymous> (https://cdn.robee.tech/v1/sdk.js:48:157060)
    at i (https://cdn.robee.tech/v1/sdk.js:41:11365)
[     837ms] Uncaught (in promise) TypeError: Failed to fetch
    at ea.fetch (https://townwork.net/_next/static/chunks/pages/_app-452e3177b072d379.js:41:160765)
    at <anonymous> (https://townwork.net/_next/static/chunks/pages/_app-452e3177b072d379.js:41:160952)
    at ei.fetch (https://townwork.net/_next/static/chunks/pages/_app-452e3177b072d379.js:50:39215)
    at <anonymous> (https://townwork.net/_next/static/chunks/pages/_app-452e3177b072d379.js:50:39521)
    at <anonymous> (https://cdn.robee.tech/v1/sdk.js:48:26531)
    at <anonymous> (https://cdn.robee.tech/v1/sdk.js:48:25646)
    at l (https://cdn.robee.tech/v1/sdk.js:48:156650)
    at <anonymous> (https://cdn.robee.tech/v1/sdk.js:48:157990)
    at <anonymous> (https://cdn.robee.tech/v1/sdk.js:48:157060)
    at <anonymous> (https://cdn.robee.tech/v1/sdk.js:41:11532)
    at v (https://cdn.robee.tech/v1/sdk.js:41:11312)
    at <anonymous> (https://cdn.robee.tech/v1/sdk.js:48:25498)
    at <anonymous> (https://cdn.robee.tech/v1/sdk.js:48:26058)
    at l (https://cdn.robee.tech/v1/sdk.js:48:156650)
    at <anonymous> (https://cdn.robee.tech/v1/sdk.js:48:157990)
    at <anonymous> (https://cdn.robee.tech/v1/sdk.js:48:157060)
    at <anonymous> (https://cdn.robee.tech/v1/sdk.js:41:11532)
    at v (https://cdn.robee.tech/v1/sdk.js:41:11312)
    at <anonymous> (https://cdn.robee.tech/v1/sdk.js:48:25764)
    at <anonymous> (https://cdn.robee.tech/v1/sdk.js:48:81595)
    at l (https://cdn.robee.tech/v1/sdk.js:48:156650)
    at <anonymous> (https://cdn.robee.tech/v1/sdk.js:48:157990)
    at <anonymous> (https://cdn.robee.tech/v1/sdk.js:48:157060)
    at i (https://cdn.robee.tech/v1/sdk.js:41:11365)
[     837ms] [ERROR] Failed to load resource: net::ERR_CONNECTION_REFUSED @ https://x.ma-tag.com/api/v1/identify:0
[     838ms] [ERROR] Failed to load resource: net::ERR_CONNECTION_REFUSED @ https://x.ma-tag.com/api/v1/identify:0
[     838ms] [ERROR] Failed to load resource: net::ERR_CONNECTION_REFUSED @ https://collector.ma-tag.com/api/v1/collect:0
[     839ms] Uncaught (in promise) TypeError: Failed to fetch
    at ea.fetch (https://townwork.net/_next/static/chunks/pages/_app-452e3177b072d379.js:41:160765)
    at <anonymous> (https://townwork.net/_next/static/chunks/pages/_app-452e3177b072d379.js:41:160952)
    at ei.fetch (https://townwork.net/_next/static/chunks/pages/_app-452e3177b072d379.js:50:39215)
    at <anonymous> (https://townwork.net/_next/static/chunks/pages/_app-452e3177b072d379.js:50:39521)
    at <anonymous> (https://cdn.robee.tech/v1/sdk.js:48:26531)
    at <anonymous> (https://cdn.robee.tech/v1/sdk.js:48:25646)
    at l (https://cdn.robee.tech/v1/sdk.js:48:156650)
    at <anonymous> (https://cdn.robee.tech/v1/sdk.js:48:157990)
    at <anonymous> (https://cdn.robee.tech/v1/sdk.js:48:157060)
    at <anonymous> (https://cdn.robee.tech/v1/sdk.js:41:11532)
    at v (https://cdn.robee.tech/v1/sdk.js:41:11312)
    at <anonymous> (https://cdn.robee.tech/v1/sdk.js:48:25498)
    at <anonymous> (https://cdn.robee.tech/v1/sdk.js:48:26436)
    at l (https://cdn.robee.tech/v1/sdk.js:48:156650)
    at <anonymous> (https://cdn.robee.tech/v1/sdk.js:48:157990)
    at <anonymous> (https://cdn.robee.tech/v1/sdk.js:48:157060)
    at <anonymous> (https://cdn.robee.tech/v1/sdk.js:41:11532)
    at v (https://cdn.robee.tech/v1/sdk.js:41:11312)
    at <anonymous> (https://cdn.robee.tech/v1/sdk.js:48:26160)
    at <anonymous> (https://cdn.robee.tech/v1/sdk.js:48:107845)
    at l (https://cdn.robee.tech/v1/sdk.js:48:156650)
    at <anonymous> (https://cdn.robee.tech/v1/sdk.js:48:157990)
    at <anonymous> (https://cdn.robee.tech/v1/sdk.js:48:157060)
    at a (https://cdn.robee.tech/v1/sdk.js:41:11417)
[     839ms] [ERROR] Failed to load resource: net::ERR_CONNECTION_REFUSED @ https://b99.yahoo.co.jp/pagead/conversion_async.js:0
[     840ms] [ERROR] Failed to load resource: net::ERR_CONNECTION_REFUSED @ https://collector.ma-tag.com/api/v1/collect:0
[     841ms] Uncaught (in promise) TypeError: Failed to fetch
    at ea.fetch (https://townwork.net/_next/static/chunks/pages/_app-452e3177b072d379.js:41:160765)
    at <anonymous> (https://townwork.net/_next/static/chunks/pages/_app-452e3177b072d379.js:41:160952)
    at ei.fetch (https://townwork.net/_next/static/chunks/pages/_app-452e3177b072d379.js:50:39215)
    at <anonymous> (https://townwork.net/_next/static/chunks/pages/_app-452e3177b072d379.js:50:39521)
    at <anonymous> (https://cdn.robee.tech/v1/sdk.js:48:26531)
    at <anonymous> (https://cdn.robee.tech/v1/sdk.js:48:25646)
    at l (https://cdn.robee.tech/v1/sdk.js:48:156650)
    at <anonymous> (https://cdn.robee.tech/v1/sdk.js:48:157990)
    at <anonymous> (https://cdn.robee.tech/v1/sdk.js:48:157060)
    at <anonymous> (https://cdn.robee.tech/v1/sdk.js:41:11532)
    at v (https://cdn.robee.tech/v1/sdk.js:41:11312)
    at <anonymous> (https://cdn.robee.tech/v1/sdk.js:48:25498)
    at <anonymous> (https://cdn.robee.tech/v1/sdk.js:48:26436)
    at l (https://cdn.robee.tech/v1/sdk.js:48:156650)
    at <anonymous> (https://cdn.robee.tech/v1/sdk.js:48:157990)
    at <anonymous> (https://cdn.robee.tech/v1/sdk.js:48:157060)
    at <anonymous> (https://cdn.robee.tech/v1/sdk.js:41:11532)
    at v (https://cdn.robee.tech/v1/sdk.js:41:11312)
    at <anonymous> (https://cdn.robee.tech/v1/sdk.js:48:26160)
    at <anonymous> (https://cdn.robee.tech/v1/sdk.js:48:108282)
    at l (https://cdn.robee.tech/v1/sdk.js:48:156650)
    at <anonymous> (https://cdn.robee.tech/v1/sdk.js:48:157990)
    at <anonymous> (https://cdn.robee.tech/v1/sdk.js:48:157060)
    at a (https://cdn.robee.tech/v1/sdk.js:41:11417)
[     857ms] [ERROR] Failed to load resource: net::ERR_CONNECTION_REFUSED @ https://apm.yahoo.co.jp/rt/?p=EQK1Y3449E&label=&ref=https%3A%2F%2Ftownwork.net%2Fprefectures%2Ftokyo%2Fjob_search%2Fst-3975%2F&rref=&pt=&item=&cat=&price=&quantity=&et_optout=false&r=1780071352.7696993&pvid=jttycuhip5mpr4itkh&su=871e6996-7cdb-4353-9c60-5aa349444b08&__lt__cid_valid=false&_impl=ytag&brands=%22Chromium%22%3B%20v%3D%22148.0.7778.179%22%2C%20%22Google%20Chrome%22%3B%20v%3D%22148.0.7778.179%22%2C%20%22Not%2FA)Brand%22%3B%20v%3D%2299.0.0.0%22&platform=%22macOS%22&platform_version=%2215.7.7%22:0
[     860ms] [ERROR] Failed to load resource: net::ERR_CONNECTION_REFUSED @ https://googleads.g.doubleclick.net/pagead/viewthroughconversion/991209964/?random=1780071351808&cv=11&fst=1780071351808&fmt=3&bg=ffffff&guid=ON&async=1&gtm=45be65r2z89165586354za20gzb9165586354zd9165586354xea&gcd=13l3l3l3l1l1&dma=0&tag_exp=0~115938466~115938468~116701381~118228215~119027224~119034491&u_w=1710&u_h=1112&url=https%3A%2F%2Ftownwork.net%2Fprefectures%2Ftokyo%2Fjob_search%2Fst-3975%2F&rcb=17&label=VYDVCJSc7QgQ7NPS2AM&frm=0&tiba=%E3%83%9A%E3%83%BC%E3%82%B8%E3%81%8C%E8%A6%8B%E3%81%A4%E3%81%8B%E3%82%8A%E3%81%BE%E3%81%9B%E3%82%93&hn=www.googleadservices.com&rdp=1&npa=0&pscdl=noapi&auid=345582163.1780069848&uaa=arm&uab=64&uafvl=Chromium%3B148.0.7778.179%7CGoogle%2520Chrome%3B148.0.7778.179%7CNot%252FA)Brand%3B99.0.0.0&uamb=0&uam=&uap=macOS&uapv=15.7.7&uaw=0&_tu=CAI&data=google_custom_params%3Dwindow.google_tag_params:0
[     908ms] [ERROR] Failed to load resource: net::ERR_CONNECTION_REFUSED @ https://track.robee.tech/v1/site/load?url=https%3A%2F%2Ftownwork.net%2Fprefectures%2Ftokyo%2Fjob_search%2Fst-3975%2F&ns=robee&cb=callbackLoad&apiKey=RBE-ysFt0ZSsZA8&ua=Mozilla%2F5.0%20(Macintosh%3B%20Intel%20Mac%20OS%20X%2010_15_7)%20AppleWebKit%2F537.36%20(KHTML%2C%20like%20Gecko)%20Chrome%2F148.0.0.0%20Safari%2F537.36&title=%E3%83%9A%E3%83%BC%E3%82%B8%E3%81%8C%E8%A6%8B%E3%81%A4%E3%81%8B%E3%82%8A%E3%81%BE%E3%81%9B%E3%82%93&tracking=true&uid=81a1961d746c121fb77a1cfb52cfbce11780069848344&sid=a9f51780069848344&tst=1780071351923&d3Tie=81a1961d746c121fb77a1cfb52cfbce11780069848344_1780071351923&rptKeys=%5B%5D&dspCounts=%7B%7D:0
[     908ms] [ERROR] Failed to load resource: net::ERR_CONNECTION_REFUSED @ https://track.robee.tech/v1/site/RBE-ysFt0ZSsZA8/count:0
[    1016ms] [WARNING] [Meta Pixel] - Duplicate Pixel ID: 1642213582702378. @ https://connect.facebook.net/en_US/fbevents.js:181
[    1017ms] [WARNING] [Meta Pixel] - Duplicate Pixel ID: 1186300576813409. @ https://connect.facebook.net/en_US/fbevents.js:181
[    1180ms] [ERROR] Failed to load resource: net::ERR_CONNECTION_REFUSED @ https://dynamic.criteo.com/js/ld/ld.js?a=7949:0
[    1186ms] [ERROR] Failed to load resource: net::ERR_CONNECTION_REFUSED @ https://googleads.g.doubleclick.net/pagead/viewthroughconversion/939727538/?random=1780071352185&cv=11&fst=1780071352185&bg=ffffff&guid=ON&async=1&en=gtag.config&gtm=45be65r2v9236359545z89165586354za20gzb9165586354zd9165586354xec&gcd=13l3l3l3l1l1&dma=0&tag_exp=0~115938466~115938469~116701381~119027224~119034493~119064590&u_w=1710&u_h=1112&url=https%3A%2F%2Ftownwork.net%2Fprefectures%2Ftokyo%2Fjob_search%2Fst-3975%2F&rcb=4&frm=0&tiba=%E3%83%9A%E3%83%BC%E3%82%B8%E3%81%8C%E8%A6%8B%E3%81%A4%E3%81%8B%E3%82%8A%E3%81%BE%E3%81%9B%E3%82%93&hn=www.googleadservices.com&npa=0&pscdl=noapi&auid=345582163.1780069848&uaa=arm&uab=64&uafvl=Chromium%3B148.0.7778.179%7CGoogle%2520Chrome%3B148.0.7778.179%7CNot%252FA)Brand%3B99.0.0.0&uamb=0&uam=&uap=macOS&uapv=15.7.7&uaw=0&data=event%3Dgtag.config&rfmt=3&fmt=4:0
[    1188ms] [ERROR] Failed to load resource: net::ERR_CONNECTION_REFUSED @ https://googleads.g.doubleclick.net/pagead/viewthroughconversion/939727538/?random=1780071352199&cv=11&fst=1780071352199&bg=ffffff&guid=ON&async=1&gtm=45be65r2v9236359545z89165586354za20gzb9165586354zd9165586354xea&gcd=13l3l3l3l1l1&dma=0&tag_exp=0~115938466~115938469~116701381~119027224~119034493~119064590&u_w=1710&u_h=1112&url=https%3A%2F%2Ftownwork.net%2Fprefectures%2Ftokyo%2Fjob_search%2Fst-3975%2F&rcb=4&frm=0&tiba=%E3%83%9A%E3%83%BC%E3%82%B8%E3%81%8C%E8%A6%8B%E3%81%A4%E3%81%8B%E3%82%8A%E3%81%BE%E3%81%9B%E3%82%93&hn=www.googleadservices.com&npa=0&pscdl=noapi&auid=345582163.1780069848&uaa=arm&uab=64&uafvl=Chromium%3B148.0.7778.179%7CGoogle%2520Chrome%3B148.0.7778.179%7CNot%252FA)Brand%3B99.0.0.0&uamb=0&uam=&uap=macOS&uapv=15.7.7&uaw=0&_tu=CA&data=event%3Dview_item_list%3Bid%3D%3Bgoogle_business_vertical%3Djobs&rfmt=3&fmt=4:0
[    1196ms] [ERROR] Failed to load resource: net::ERR_CONNECTION_REFUSED @ https://googleads.g.doubleclick.net/pagead/viewthroughconversion/939727538/?random=1780071352185&cv=11&fst=1780071352185&fmt=3&bg=ffffff&guid=ON&async=1&en=gtag.config&gtm=45be65r2v9236359545z89165586354za20gzb9165586354zd9165586354xec&gcd=13l3l3l3l1l1&dma=0&tag_exp=0~115938466~115938469~116701381~119027224~119034493~119064590&u_w=1710&u_h=1112&url=https%3A%2F%2Ftownwork.net%2Fprefectures%2Ftokyo%2Fjob_search%2Fst-3975%2F&rcb=4&frm=0&tiba=%E3%83%9A%E3%83%BC%E3%82%B8%E3%81%8C%E8%A6%8B%E3%81%A4%E3%81%8B%E3%82%8A%E3%81%BE%E3%81%9B%E3%82%93&hn=www.googleadservices.com&npa=0&pscdl=noapi&auid=345582163.1780069848&uaa=arm&uab=64&uafvl=Chromium%3B148.0.7778.179%7CGoogle%2520Chrome%3B148.0.7778.179%7CNot%252FA)Brand%3B99.0.0.0&uamb=0&uam=&uap=macOS&uapv=15.7.7&uaw=0&data=event%3Dgtag.config:0
[    1196ms] [ERROR] Failed to load resource: net::ERR_CONNECTION_REFUSED @ https://googleads.g.doubleclick.net/pagead/viewthroughconversion/939727538/?random=1780071352199&cv=11&fst=1780071352199&fmt=3&bg=ffffff&guid=ON&async=1&gtm=45be65r2v9236359545z89165586354za20gzb9165586354zd9165586354xea&gcd=13l3l3l3l1l1&dma=0&tag_exp=0~115938466~115938469~116701381~119027224~119034493~119064590&u_w=1710&u_h=1112&url=https%3A%2F%2Ftownwork.net%2Fprefectures%2Ftokyo%2Fjob_search%2Fst-3975%2F&rcb=4&frm=0&tiba=%E3%83%9A%E3%83%BC%E3%82%B8%E3%81%8C%E8%A6%8B%E3%81%A4%E3%81%8B%E3%82%8A%E3%81%BE%E3%81%9B%E3%82%93&hn=www.googleadservices.com&npa=0&pscdl=noapi&auid=345582163.1780069848&uaa=arm&uab=64&uafvl=Chromium%3B148.0.7778.179%7CGoogle%2520Chrome%3B148.0.7778.179%7CNot%252FA)Brand%3B99.0.0.0&uamb=0&uam=&uap=macOS&uapv=15.7.7&uaw=0&_tu=CA&data=event%3Dview_item_list%3Bid%3D%3Bgoogle_business_vertical%3Djobs:0
[    1196ms] [ERROR] Failed to load resource: net::ERR_CONNECTION_REFUSED @ https://apm.yahoo.co.jp/tags/2e6a891e-ffa6-47f7-8771-99685895f809/events/view_listing?txid=&currency=JPY&lysu=a8d2b2b5-6e4f-4d6b-9fb7-96ced81f581f&brands=%22Chromium%22%3B+v%3D%22148.0.7778.179%22%2C+%22Google+Chrome%22%3B+v%3D%22148.0.7778.179%22%2C+%22Not%2FA%29Brand%22%3B+v%3D%2299.0.0.0%22&platform=%22macOS%22&platform_version=%2215.7.7%22&ref=https%3A%2F%2Ftownwork.net%2Fprefectures%2Ftokyo%2Fjob_search%2Fst-3975%2F&rref=&test=0&impl=lytag&pvid=1ysvr7pxgdfjmpr4itgk&sosu=c&r=1780071352.4268231&v=1.1.21&is_ext_tx=1:0
[    1465ms] [ERROR] Failed to load resource: net::ERR_CONNECTION_REFUSED @ https://dynamic.criteo.com/js/ld/ld.js?a=7949:0
[    1465ms] [ERROR] Failed to load resource: net::ERR_CONNECTION_REFUSED @ https://googleads.g.doubleclick.net/pagead/viewthroughconversion/939727538/?random=1780071352478&cv=11&fst=1780071352478&bg=ffffff&guid=ON&async=1&en=gtag.config&gtm=45be65r2v9236359545z89165586354za20gzb9165586354zd9165586354xec&gcd=13l3l3l3l1l1&dma=0&tag_exp=0~115938466~115938469~116701381~119027224~119034493~119064590&u_w=1710&u_h=1112&url=https%3A%2F%2Ftownwork.net%2Fprefectures%2Ftokyo%2Fjob_search%2Fst-3975%2F&rcb=4&frm=0&tiba=%E3%83%9A%E3%83%BC%E3%82%B8%E3%81%8C%E8%A6%8B%E3%81%A4%E3%81%8B%E3%82%8A%E3%81%BE%E3%81%9B%E3%82%93&hn=www.googleadservices.com&npa=0&pscdl=noapi&auid=345582163.1780069848&uaa=arm&uab=64&uafvl=Chromium%3B148.0.7778.179%7CGoogle%2520Chrome%3B148.0.7778.179%7CNot%252FA)Brand%3B99.0.0.0&uamb=0&uam=&uap=macOS&uapv=15.7.7&uaw=0&data=event%3Dgtag.config&rfmt=3&fmt=4:0
[    1469ms] [ERROR] Failed to load resource: net::ERR_CONNECTION_REFUSED @ https://googleads.g.doubleclick.net/pagead/viewthroughconversion/939727538/?random=1780071352483&cv=11&fst=1780071352483&bg=ffffff&guid=ON&async=1&gtm=45be65r2v9236359545z89165586354za20gzb9165586354zd9165586354xea&gcd=13l3l3l3l1l1&dma=0&tag_exp=0~115938466~115938469~116701381~119027224~119034493~119064590&u_w=1710&u_h=1112&url=https%3A%2F%2Ftownwork.net%2Fprefectures%2Ftokyo%2Fjob_search%2Fst-3975%2F&rcb=4&frm=0&tiba=%E3%83%9A%E3%83%BC%E3%82%B8%E3%81%8C%E8%A6%8B%E3%81%A4%E3%81%8B%E3%82%8A%E3%81%BE%E3%81%9B%E3%82%93&hn=www.googleadservices.com&npa=0&pscdl=noapi&auid=345582163.1780069848&uaa=arm&uab=64&uafvl=Chromium%3B148.0.7778.179%7CGoogle%2520Chrome%3B148.0.7778.179%7CNot%252FA)Brand%3B99.0.0.0&uamb=0&uam=&uap=macOS&uapv=15.7.7&uaw=0&_tu=CA&data=event%3Dview_item_list%3Bid%3D%3Bgoogle_business_vertical%3Djobs&rfmt=3&fmt=4:0
[    1470ms] [ERROR] Failed to load resource: net::ERR_CONNECTION_REFUSED @ https://googleads.g.doubleclick.net/pagead/viewthroughconversion/939727538/?random=1780071352478&cv=11&fst=1780071352478&fmt=3&bg=ffffff&guid=ON&async=1&en=gtag.config&gtm=45be65r2v9236359545z89165586354za20gzb9165586354zd9165586354xec&gcd=13l3l3l3l1l1&dma=0&tag_exp=0~115938466~115938469~116701381~119027224~119034493~119064590&u_w=1710&u_h=1112&url=https%3A%2F%2Ftownwork.net%2Fprefectures%2Ftokyo%2Fjob_search%2Fst-3975%2F&rcb=4&frm=0&tiba=%E3%83%9A%E3%83%BC%E3%82%B8%E3%81%8C%E8%A6%8B%E3%81%A4%E3%81%8B%E3%82%8A%E3%81%BE%E3%81%9B%E3%82%93&hn=www.googleadservices.com&npa=0&pscdl=noapi&auid=345582163.1780069848&uaa=arm&uab=64&uafvl=Chromium%3B148.0.7778.179%7CGoogle%2520Chrome%3B148.0.7778.179%7CNot%252FA)Brand%3B99.0.0.0&uamb=0&uam=&uap=macOS&uapv=15.7.7&uaw=0&data=event%3Dgtag.config:0
[    1470ms] [ERROR] Failed to load resource: net::ERR_CONNECTION_REFUSED @ https://googleads.g.doubleclick.net/pagead/viewthroughconversion/939727538/?random=1780071352483&cv=11&fst=1780071352483&fmt=3&bg=ffffff&guid=ON&async=1&gtm=45be65r2v9236359545z89165586354za20gzb9165586354zd9165586354xea&gcd=13l3l3l3l1l1&dma=0&tag_exp=0~115938466~115938469~116701381~119027224~119034493~119064590&u_w=1710&u_h=1112&url=https%3A%2F%2Ftownwork.net%2Fprefectures%2Ftokyo%2Fjob_search%2Fst-3975%2F&rcb=4&frm=0&tiba=%E3%83%9A%E3%83%BC%E3%82%B8%E3%81%8C%E8%A6%8B%E3%81%A4%E3%81%8B%E3%82%8A%E3%81%BE%E3%81%9B%E3%82%93&hn=www.googleadservices.com&npa=0&pscdl=noapi&auid=345582163.1780069848&uaa=arm&uab=64&uafvl=Chromium%3B148.0.7778.179%7CGoogle%2520Chrome%3B148.0.7778.179%7CNot%252FA)Brand%3B99.0.0.0&uamb=0&uam=&uap=macOS&uapv=15.7.7&uaw=0&_tu=CA&data=event%3Dview_item_list%3Bid%3D%3Bgoogle_business_vertical%3Djobs:0
[    3210ms] [ERROR] Failed to load resource: net::ERR_CONNECTION_REFUSED @ https://events.launchdarkly.com/events/bulk/6659934070b3d6101f7ac6ea:0
[    3214ms] [ERROR] Failed to load resource: net::ERR_CONNECTION_REFUSED @ https://events.launchdarkly.com/events/bulk/6659934070b3d6101f7ac6ea:0
