[    1339ms] [ERROR] Failed to load resource: net::ERR_CONNECTION_REFUSED @ https://static.ads-twitter.com/uwt.js:0
[    1401ms] [ERROR] Failed to load resource: net::ERR_CONNECTION_REFUSED @ https://cdn.d2-apps.net/js/tr.js:0
[    1401ms] [ERROR] Failed to load resource: net::ERR_CONNECTION_REFUSED @ https://www.google-analytics.com/analytics.js:0
[    1401ms] [ERROR] Failed to load resource: net::ERR_CONNECTION_REFUSED @ https://trj.valuecommerce.com/vclp.js:0
[    1401ms] [ERROR] Failed to load resource: net::ERR_CONNECTION_REFUSED @ https://dmp.im-apps.net/js/1024165/0001/itm.js:0
[    1401ms] [ERROR] Failed to load resource: net::ERR_CONNECTION_REFUSED @ https://analytics.tiktok.com/i18n/pixel/events.js?sdkid=CVPPL7BC77U883UV9PO0&lib=ttq:0
[    1401ms] [ERROR] Failed to load resource: net::ERR_CONNECTION_REFUSED @ https://tags.creativecdn.com/PVOTPkX3WnRg88IIkRpV.js:0
[    1402ms] [ERROR] Failed to load resource: net::ERR_CONNECTION_REFUSED @ https://analytics.tiktok.com/i18n/pixel/events.js?sdkid=CURCL3RC77UF169S5MTG&lib=ttq:0
[    1402ms] [ERROR] Failed to load resource: net::ERR_CONNECTION_REFUSED @ https://cd.ladsp.com/script/pixel2_p_delay.js:0
[    1402ms] [ERROR] Failed to load resource: net::ERR_CONNECTION_REFUSED @ https://cd.ladsp.com/script/vts2.js:0
[    1402ms] [ERROR] Failed to load resource: net::ERR_CONNECTION_REFUSED @ https://cd.ladsp.com/script/pixel2.js:0
[    1405ms] [ERROR] Failed to load resource: net::ERR_CONNECTION_REFUSED @ https://googleads.g.doubleclick.net/pagead/viewthroughconversion/960623014/?random=1780070100309&cv=11&fst=1780070100309&bg=ffffff&guid=ON&async=1&en=gtag.config&gtm=45be65r2v9168568953z89165586354za20gzb9165586354zd9165586354xec&gcd=13l3l3l3l1l1&dma=0&tag_exp=0~115938466~115938469~116701381~118228215~119027224~119034493&u_w=1710&u_h=1112&url=https%3A%2F%2Ftownwork.net%2Fprefectures%2Ftokyo%2Fjob_search%2Fkw%2F%25E3%2582%25AB%25E3%2583%2595%25E3%2582%25A7%2F&rcb=7&frm=0&tiba=%E6%9D%B1%E4%BA%AC%E9%83%BD%E3%80%81%E3%82%AB%E3%83%95%E3%82%A7%E3%81%AE%E3%82%A2%E3%83%AB%E3%83%90%E3%82%A4%E3%83%88%E3%83%BB%E3%83%90%E3%82%A4%E3%83%88%E6%B1%82%E4%BA%BA%E6%83%85%E5%A0%B1%EF%BD%9C%E3%80%90%E3%82%BF%E3%82%A6%E3%83%B3%E3%83%AF%E3%83%BC&hn=www.googleadservices.com&npa=0&pscdl=noapi&auid=345582163.1780069848&uaa=arm&uab=64&uafvl=Chromium%3B148.0.7778.179%7CGoogle%2520Chrome%3B148.0.7778.179%7CNot%252FA)Brand%3B99.0.0.0&uamb=0&uam=&uap=macOS&uapv=15.7.7&uaw=0&data=event%3Dgtag.config&rfmt=3&fmt=4:0
[    1465ms] [ERROR] Failed to load resource: net::ERR_CONNECTION_REFUSED @ https://googleads.g.doubleclick.net/pagead/viewthroughconversion/954992434/?random=1780070100362&cv=11&fst=1780070100362&bg=ffffff&guid=ON&async=1&en=gtag.config&gtm=45be65r2v9101344674z89165586354za20gzb9165586354zd9165586354xec&gcd=13l3l3l3l1l1&dma=0&tag_exp=0~115616985~115938466~115938469~116701381~119034493&u_w=1710&u_h=1112&url=https%3A%2F%2Ftownwork.net%2Fprefectures%2Ftokyo%2Fjob_search%2Fkw%2F%25E3%2582%25AB%25E3%2583%2595%25E3%2582%25A7%2F&rcb=6&frm=0&tiba=%E6%9D%B1%E4%BA%AC%E9%83%BD%E3%80%81%E3%82%AB%E3%83%95%E3%82%A7%E3%81%AE%E3%82%A2%E3%83%AB%E3%83%90%E3%82%A4%E3%83%88%E3%83%BB%E3%83%90%E3%82%A4%E3%83%88%E6%B1%82%E4%BA%BA%E6%83%85%E5%A0%B1%EF%BD%9C%E3%80%90%E3%82%BF%E3%82%A6%E3%83%B3%E3%83%AF%E3%83%BC&hn=www.googleadservices.com&npa=0&pscdl=noapi&auid=345582163.1780069848&uaa=arm&uab=64&uafvl=Chromium%3B148.0.7778.179%7CGoogle%2520Chrome%3B148.0.7778.179%7CNot%252FA)Brand%3B99.0.0.0&uamb=0&uam=&uap=macOS&uapv=15.7.7&uaw=0&data=event%3Dgtag.config&rfmt=3&fmt=4:0
[    1522ms] [ERROR] Failed to load resource: net::ERR_CONNECTION_REFUSED @ https://googleads.g.doubleclick.net/pagead/viewthroughconversion/939727538/?random=1780070100420&cv=11&fst=1780070100420&bg=ffffff&guid=ON&async=1&en=gtag.config&gtm=45be65r2v9236359545z89165586354za20gzb9165586354zd9165586354xec&gcd=13l3l3l3l1l1&dma=0&tag_exp=0~115938466~115938469~116701381~119034493~119064971&u_w=1710&u_h=1112&url=https%3A%2F%2Ftownwork.net%2Fprefectures%2Ftokyo%2Fjob_search%2Fkw%2F%25E3%2582%25AB%25E3%2583%2595%25E3%2582%25A7%2F&rcb=4&frm=0&tiba=%E6%9D%B1%E4%BA%AC%E9%83%BD%E3%80%81%E3%82%AB%E3%83%95%E3%82%A7%E3%81%AE%E3%82%A2%E3%83%AB%E3%83%90%E3%82%A4%E3%83%88%E3%83%BB%E3%83%90%E3%82%A4%E3%83%88%E6%B1%82%E4%BA%BA%E6%83%85%E5%A0%B1%EF%BD%9C%E3%80%90%E3%82%BF%E3%82%A6%E3%83%B3%E3%83%AF%E3%83%BC&hn=www.googleadservices.com&npa=0&pscdl=noapi&auid=345582163.1780069848&uaa=arm&uab=64&uafvl=Chromium%3B148.0.7778.179%7CGoogle%2520Chrome%3B148.0.7778.179%7CNot%252FA)Brand%3B99.0.0.0&uamb=0&uam=&uap=macOS&uapv=15.7.7&uaw=0&data=event%3Dgtag.config&rfmt=3&fmt=4:0
[    1583ms] [LOG] Robee#init @ https://cdn.robee.tech/v1/sdk.js:13
[    1589ms] [ERROR] Failed to load resource: net::ERR_CONNECTION_REFUSED @ https://apm.yahoo.co.jp/tags/2e6a891e-ffa6-47f7-8771-99685895f809/events/page_view?label=&lysu=a8d2b2b5-6e4f-4d6b-9fb7-96ced81f581f&brands=%22Chromium%22%3B+v%3D%22148.0.7778.179%22%2C+%22Google+Chrome%22%3B+v%3D%22148.0.7778.179%22%2C+%22Not%2FA%29Brand%22%3B+v%3D%2299.0.0.0%22&platform=%22macOS%22&platform_version=%2215.7.7%22&ref=https%3A%2F%2Ftownwork.net%2Fprefectures%2Ftokyo%2Fjob_search%2Fkw%2F%25E3%2582%25AB%25E3%2583%2595%25E3%2582%25A7%2F&rref=&test=0&impl=lytag&pvid=4sll0dx7nmjmpr3s005&sosu=c&r=1780070101.4457893&v=1.1.21&is_ext_tx=1&hc=0:0
[    1614ms] [ERROR] Failed to load resource: net::ERR_CONNECTION_REFUSED @ https://googleads.g.doubleclick.net/pagead/viewthroughconversion/960623014/?random=1780070100309&cv=11&fst=1780070100309&fmt=3&bg=ffffff&guid=ON&async=1&en=gtag.config&gtm=45be65r2v9168568953z89165586354za20gzb9165586354zd9165586354xec&gcd=13l3l3l3l1l1&dma=0&tag_exp=0~115938466~115938469~116701381~118228215~119027224~119034493&u_w=1710&u_h=1112&url=https%3A%2F%2Ftownwork.net%2Fprefectures%2Ftokyo%2Fjob_search%2Fkw%2F%25E3%2582%25AB%25E3%2583%2595%25E3%2582%25A7%2F&rcb=7&frm=0&tiba=%E6%9D%B1%E4%BA%AC%E9%83%BD%E3%80%81%E3%82%AB%E3%83%95%E3%82%A7%E3%81%AE%E3%82%A2%E3%83%AB%E3%83%90%E3%82%A4%E3%83%88%E3%83%BB%E3%83%90%E3%82%A4%E3%83%88%E6%B1%82%E4%BA%BA%E6%83%85%E5%A0%B1%EF%BD%9C%E3%80%90%E3%82%BF%E3%82%A6%E3%83%B3%E3%83%AF%E3%83%BC&hn=www.googleadservices.com&npa=0&pscdl=noapi&auid=345582163.1780069848&uaa=arm&uab=64&uafvl=Chromium%3B148.0.7778.179%7CGoogle%2520Chrome%3B148.0.7778.179%7CNot%252FA)Brand%3B99.0.0.0&uamb=0&uam=&uap=macOS&uapv=15.7.7&uaw=0&data=event%3Dgtag.config:0
[    1614ms] [ERROR] Failed to load resource: net::ERR_CONNECTION_REFUSED @ https://googleads.g.doubleclick.net/pagead/viewthroughconversion/954992434/?random=1780070100362&cv=11&fst=1780070100362&fmt=3&bg=ffffff&guid=ON&async=1&en=gtag.config&gtm=45be65r2v9101344674z89165586354za20gzb9165586354zd9165586354xec&gcd=13l3l3l3l1l1&dma=0&tag_exp=0~115616985~115938466~115938469~116701381~119034493&u_w=1710&u_h=1112&url=https%3A%2F%2Ftownwork.net%2Fprefectures%2Ftokyo%2Fjob_search%2Fkw%2F%25E3%2582%25AB%25E3%2583%2595%25E3%2582%25A7%2F&rcb=6&frm=0&tiba=%E6%9D%B1%E4%BA%AC%E9%83%BD%E3%80%81%E3%82%AB%E3%83%95%E3%82%A7%E3%81%AE%E3%82%A2%E3%83%AB%E3%83%90%E3%82%A4%E3%83%88%E3%83%BB%E3%83%90%E3%82%A4%E3%83%88%E6%B1%82%E4%BA%BA%E6%83%85%E5%A0%B1%EF%BD%9C%E3%80%90%E3%82%BF%E3%82%A6%E3%83%B3%E3%83%AF%E3%83%BC&hn=www.googleadservices.com&npa=0&pscdl=noapi&auid=345582163.1780069848&uaa=arm&uab=64&uafvl=Chromium%3B148.0.7778.179%7CGoogle%2520Chrome%3B148.0.7778.179%7CNot%252FA)Brand%3B99.0.0.0&uamb=0&uam=&uap=macOS&uapv=15.7.7&uaw=0&data=event%3Dgtag.config:0
[    1614ms] [ERROR] Failed to load resource: net::ERR_CONNECTION_REFUSED @ https://dmp.im-apps.net/scripts/im-uid-hook.js?cid=11283:0
[    1614ms] [ERROR] Failed to load resource: net::ERR_CONNECTION_REFUSED @ https://sync.im-apps.net/imid/segment?token=zeBmtLBQ_7DGM09UZqwoBg&callback=im_audience.callbackLoad:0
[    1628ms] [ERROR] Failed to load resource: net::ERR_CONNECTION_REFUSED @ https://googleads.g.doubleclick.net/pagead/viewthroughconversion/991209964/?random=1780070100545&cv=11&fst=1780070100545&bg=ffffff&guid=ON&async=1&gtm=45be65r2z89165586354za20gzb9165586354zd9165586354xea&gcd=13l3l3l3l1l1&dma=0&tag_exp=0~115616985~115938466~115938468~116701381~118128923~119034491&u_w=1710&u_h=1112&url=https%3A%2F%2Ftownwork.net%2Fprefectures%2Ftokyo%2Fjob_search%2Fkw%2F%25E3%2582%25AB%25E3%2583%2595%25E3%2582%25A7%2F&rcb=19&label=VYDVCJSc7QgQ7NPS2AM&frm=0&tiba=%E6%9D%B1%E4%BA%AC%E9%83%BD%E3%80%81%E3%82%AB%E3%83%95%E3%82%A7%E3%81%AE%E3%82%A2%E3%83%AB%E3%83%90%E3%82%A4%E3%83%88%E3%83%BB%E3%83%90%E3%82%A4%E3%83%88%E6%B1%82%E4%BA%BA%E6%83%85%E5%A0%B1%EF%BD%9C%E3%80%90%E3%82%BF%E3%82%A6%E3%83%B3%E3%83%AF%E3%83%BC&hn=www.googleadservices.com&rdp=1&npa=0&pscdl=noapi&auid=345582163.1780069848&uaa=arm&uab=64&uafvl=Chromium%3B148.0.7778.179%7CGoogle%2520Chrome%3B148.0.7778.179%7CNot%252FA)Brand%3B99.0.0.0&uamb=0&uam=&uap=macOS&uapv=15.7.7&uaw=0&_tu=CAI&data=google_custom_params%3Dwindow.google_tag_params&rfmt=3&fmt=4:0
[    1631ms] [ERROR] Failed to load resource: net::ERR_CONNECTION_REFUSED @ https://c-c02.ma-tag.com/?o=2:0
[    1632ms] [ERROR] Failed to load resource: net::ERR_CONNECTION_REFUSED @ https://c-c02.ma-tag.com/?o=2:0
[    1636ms] [ERROR] Failed to load resource: net::ERR_CONNECTION_REFUSED @ https://googleads.g.doubleclick.net/pagead/viewthroughconversion/939727538/?random=1780070100420&cv=11&fst=1780070100420&fmt=3&bg=ffffff&guid=ON&async=1&en=gtag.config&gtm=45be65r2v9236359545z89165586354za20gzb9165586354zd9165586354xec&gcd=13l3l3l3l1l1&dma=0&tag_exp=0~115938466~115938469~116701381~119034493~119064971&u_w=1710&u_h=1112&url=https%3A%2F%2Ftownwork.net%2Fprefectures%2Ftokyo%2Fjob_search%2Fkw%2F%25E3%2582%25AB%25E3%2583%2595%25E3%2582%25A7%2F&rcb=4&frm=0&tiba=%E6%9D%B1%E4%BA%AC%E9%83%BD%E3%80%81%E3%82%AB%E3%83%95%E3%82%A7%E3%81%AE%E3%82%A2%E3%83%AB%E3%83%90%E3%82%A4%E3%83%88%E3%83%BB%E3%83%90%E3%82%A4%E3%83%88%E6%B1%82%E4%BA%BA%E6%83%85%E5%A0%B1%EF%BD%9C%E3%80%90%E3%82%BF%E3%82%A6%E3%83%B3%E3%83%AF%E3%83%BC&hn=www.googleadservices.com&npa=0&pscdl=noapi&auid=345582163.1780069848&uaa=arm&uab=64&uafvl=Chromium%3B148.0.7778.179%7CGoogle%2520Chrome%3B148.0.7778.179%7CNot%252FA)Brand%3B99.0.0.0&uamb=0&uam=&uap=macOS&uapv=15.7.7&uaw=0&data=event%3Dgtag.config:0
[    1644ms] [ERROR] Failed to load resource: net::ERR_CONNECTION_REFUSED @ https://c-c08.ma-tag.com/?o=8:0
[    1645ms] [ERROR] Failed to load resource: net::ERR_CONNECTION_REFUSED @ https://c-c08.ma-tag.com/?o=8:0
[    1645ms] [ERROR] Failed to load resource: net::ERR_CONNECTION_REFUSED @ https://apm.yahoo.co.jp/rt/?p=EQK1Y3449E&label=&ref=https%3A%2F%2Ftownwork.net%2Fprefectures%2Ftokyo%2Fjob_search%2Fkw%2F%25E3%2582%25AB%25E3%2583%2595%25E3%2582%25A7%2F&rref=&pt=&item=&cat=&price=&quantity=&et_optout=false&r=1780070100.7542913&pvid=jojvf6mawdpmpr3s02m&su=871e6996-7cdb-4353-9c60-5aa349444b08&__lt__cid_valid=false&_impl=ytag&brands=%22Chromium%22%3B%20v%3D%22148.0.7778.179%22%2C%20%22Google%20Chrome%22%3B%20v%3D%22148.0.7778.179%22%2C%20%22Not%2FA)Brand%22%3B%20v%3D%2299.0.0.0%22&platform=%22macOS%22&platform_version=%2215.7.7%22:0
[    1679ms] [ERROR] Failed to load resource: net::ERR_CONNECTION_REFUSED @ https://c-c07.ma-tag.com/?o=7:0
[    1680ms] [ERROR] Failed to load resource: net::ERR_CONNECTION_REFUSED @ https://c-c06.ma-tag.com/?o=6:0
[    1680ms] [ERROR] Failed to load resource: net::ERR_CONNECTION_REFUSED @ https://c-c07.ma-tag.com/?o=7:0
[    1680ms] [ERROR] Failed to load resource: net::ERR_CONNECTION_REFUSED @ https://c-c06.ma-tag.com/?o=6:0
[    1680ms] [ERROR] Failed to load resource: net::ERR_CONNECTION_REFUSED @ https://c-c09.ma-tag.com/?o=9:0
[    1680ms] [ERROR] Failed to load resource: net::ERR_CONNECTION_REFUSED @ https://c-c11.ma-tag.com/?o=11:0
[    1680ms] [ERROR] Failed to load resource: net::ERR_CONNECTION_REFUSED @ https://c-c12.ma-tag.com/?o=12:0
[    1680ms] [ERROR] Failed to load resource: net::ERR_CONNECTION_REFUSED @ https://c-c09.ma-tag.com/?o=9:0
[    1681ms] [ERROR] Failed to load resource: net::ERR_CONNECTION_REFUSED @ https://c-c12.ma-tag.com/?o=12:0
[    1681ms] [ERROR] Failed to load resource: net::ERR_CONNECTION_REFUSED @ https://c-c00.ma-tag.com/?o=0:0
[    1681ms] [ERROR] Failed to load resource: net::ERR_CONNECTION_REFUSED @ https://c-c11.ma-tag.com/?o=11:0
[    1681ms] [ERROR] Failed to load resource: net::ERR_CONNECTION_REFUSED @ https://c-c13.ma-tag.com/?o=13:0
[    1681ms] [ERROR] Failed to load resource: net::ERR_CONNECTION_REFUSED @ https://c-c03.ma-tag.com/?o=3:0
[    1682ms] [ERROR] Failed to load resource: net::ERR_CONNECTION_REFUSED @ https://b99.yahoo.co.jp/pagead/conversion_async.js:0
[    1682ms] [ERROR] Failed to load resource: net::ERR_CONNECTION_REFUSED @ https://c-c14.ma-tag.com/?o=14:0
[    1682ms] [ERROR] Failed to load resource: net::ERR_CONNECTION_REFUSED @ https://c-c01.ma-tag.com/?o=1:0
[    1682ms] [ERROR] Failed to load resource: net::ERR_CONNECTION_REFUSED @ https://c-c04.ma-tag.com/?o=4:0
[    1682ms] [ERROR] Failed to load resource: net::ERR_CONNECTION_REFUSED @ https://c-c10.ma-tag.com/?o=10:0
[    1683ms] [ERROR] Failed to load resource: net::ERR_CONNECTION_REFUSED @ https://ivs.ma-tag.com/v1/echo:0
[    1684ms] [ERROR] Failed to load resource: net::ERR_CONNECTION_REFUSED @ https://c-c15.ma-tag.com/?o=15:0
[    1685ms] [ERROR] Failed to load resource: net::ERR_CONNECTION_REFUSED @ https://c-c05.ma-tag.com/?o=5:0
[    1685ms] [ERROR] Failed to load resource: net::ERR_CONNECTION_REFUSED @ https://c-c00.ma-tag.com/?o=0:0
[    1685ms] [ERROR] Failed to load resource: net::ERR_CONNECTION_REFUSED @ https://c-c03.ma-tag.com/?o=3:0
[    1686ms] [ERROR] Failed to load resource: net::ERR_CONNECTION_REFUSED @ https://c-c01.ma-tag.com/?o=1:0
[    1686ms] [ERROR] Failed to load resource: net::ERR_CONNECTION_REFUSED @ https://c-c04.ma-tag.com/?o=4:0
[    1686ms] [ERROR] Failed to load resource: net::ERR_CONNECTION_REFUSED @ https://c-c10.ma-tag.com/?o=10:0
[    1686ms] [ERROR] Failed to load resource: net::ERR_CONNECTION_REFUSED @ https://c-c05.ma-tag.com/?o=5:0
[    1686ms] [ERROR] Failed to load resource: net::ERR_CONNECTION_REFUSED @ https://c-c13.ma-tag.com/?o=13:0
[    1686ms] [ERROR] Failed to load resource: net::ERR_CONNECTION_REFUSED @ https://c-c14.ma-tag.com/?o=14:0
[    1687ms] [ERROR] Failed to load resource: net::ERR_CONNECTION_REFUSED @ https://ivs.ma-tag.com/v1/echo:0
[    1688ms] [ERROR] Failed to load resource: net::ERR_CONNECTION_REFUSED @ https://c-c15.ma-tag.com/?o=15:0
[    1688ms] [ERROR] Failed to load resource: net::ERR_CONNECTION_REFUSED @ https://ct.ma-tag.com/echo:0
[    1688ms] [LOG] TypeError: Failed to fetch
    at e.<anonymous> (https://cdn.robee.tech/v1/sdk.js:49:8770)
    at l (https://cdn.robee.tech/v1/sdk.js:49:156651)
    at Generator.<anonymous> (https://cdn.robee.tech/v1/sdk.js:49:157991)
    at Generator.next (https://cdn.robee.tech/v1/sdk.js:49:157061)
    at i (https://cdn.robee.tech/v1/sdk.js:42:11366) @ https://cdn.robee.tech/v1/sdk.js:48
[    1690ms] [ERROR] Failed to load resource: net::ERR_CONNECTION_REFUSED @ https://ct.ma-tag.com/echo:0
[    1690ms] [LOG] TypeError: Failed to fetch
    at e.<anonymous> (https://cdn.robee.tech/v1/sdk.js:49:8770)
    at l (https://cdn.robee.tech/v1/sdk.js:49:156651)
    at Generator.<anonymous> (https://cdn.robee.tech/v1/sdk.js:49:157991)
    at Generator.next (https://cdn.robee.tech/v1/sdk.js:49:157061)
    at i (https://cdn.robee.tech/v1/sdk.js:42:11366) @ https://cdn.robee.tech/v1/sdk.js:48
[    1738ms] [ERROR] Failed to load resource: net::ERR_CONNECTION_REFUSED @ https://googleads.g.doubleclick.net/pagead/viewthroughconversion/991209964/?random=1780070100545&cv=11&fst=1780070100545&fmt=3&bg=ffffff&guid=ON&async=1&gtm=45be65r2z89165586354za20gzb9165586354zd9165586354xea&gcd=13l3l3l3l1l1&dma=0&tag_exp=0~115616985~115938466~115938468~116701381~118128923~119034491&u_w=1710&u_h=1112&url=https%3A%2F%2Ftownwork.net%2Fprefectures%2Ftokyo%2Fjob_search%2Fkw%2F%25E3%2582%25AB%25E3%2583%2595%25E3%2582%25A7%2F&rcb=19&label=VYDVCJSc7QgQ7NPS2AM&frm=0&tiba=%E6%9D%B1%E4%BA%AC%E9%83%BD%E3%80%81%E3%82%AB%E3%83%95%E3%82%A7%E3%81%AE%E3%82%A2%E3%83%AB%E3%83%90%E3%82%A4%E3%83%88%E3%83%BB%E3%83%90%E3%82%A4%E3%83%88%E6%B1%82%E4%BA%BA%E6%83%85%E5%A0%B1%EF%BD%9C%E3%80%90%E3%82%BF%E3%82%A6%E3%83%B3%E3%83%AF%E3%83%BC&hn=www.googleadservices.com&rdp=1&npa=0&pscdl=noapi&auid=345582163.1780069848&uaa=arm&uab=64&uafvl=Chromium%3B148.0.7778.179%7CGoogle%2520Chrome%3B148.0.7778.179%7CNot%252FA)Brand%3B99.0.0.0&uamb=0&uam=&uap=macOS&uapv=15.7.7&uaw=0&_tu=CAI&data=google_custom_params%3Dwindow.google_tag_params:0
[    1753ms] [ERROR] Failed to load resource: net::ERR_CONNECTION_REFUSED @ https://collector.ma-tag.com/api/v1/collect:0
[    1753ms] [ERROR] Failed to load resource: net::ERR_CONNECTION_REFUSED @ https://collector.ma-tag.com/api/v1/collect:0
[    1753ms] [ERROR] Failed to load resource: net::ERR_CONNECTION_REFUSED @ https://collector.ma-tag.com/api/v1/collect:0
[    1754ms] [ERROR] Failed to load resource: net::ERR_CONNECTION_REFUSED @ https://x.ma-tag.com/api/v1/identify:0
[    1756ms] [ERROR] Failed to load resource: net::ERR_CONNECTION_REFUSED @ https://collector.ma-tag.com/api/v1/collect:0
[    1757ms] [ERROR] Failed to load resource: net::ERR_CONNECTION_REFUSED @ https://x.ma-tag.com/api/v1/identify:0
[    2010ms] Uncaught (in promise) TypeError: Failed to fetch
    at ea.fetch (https://townwork.net/_next/static/chunks/pages/_app-452e3177b072d379.js:41:160765)
    at <anonymous> (https://townwork.net/_next/static/chunks/pages/_app-452e3177b072d379.js:41:160952)
    at ei.fetch (https://townwork.net/_next/static/chunks/pages/_app-452e3177b072d379.js:50:39215)
    at <anonymous> (https://townwork.net/_next/static/chunks/pages/_app-452e3177b072d379.js:50:39521)
    at <anonymous> (https://cdn.robee.tech/v1/sdk.js:48:26531)
    at <anonymous> (https://cdn.robee.tech/v1/sdk.js:48:25646)
    at l (https://cdn.robee.tech/v1/sdk.js:48:156650)
    at <anonymous> (https://cdn.robee.tech/v1/sdk.js:48:157990)
    at <anonymous> (https://cdn.robee.tech/v1/sdk.js:48:157060)
    at <anonymous> (https://cdn.robee.tech/v1/sdk.js:41:11532)
    at v (https://cdn.robee.tech/v1/sdk.js:41:11312)
    at <anonymous> (https://cdn.robee.tech/v1/sdk.js:48:25498)
    at <anonymous> (https://cdn.robee.tech/v1/sdk.js:48:26058)
    at l (https://cdn.robee.tech/v1/sdk.js:48:156650)
    at <anonymous> (https://cdn.robee.tech/v1/sdk.js:48:157990)
    at <anonymous> (https://cdn.robee.tech/v1/sdk.js:48:157060)
    at <anonymous> (https://cdn.robee.tech/v1/sdk.js:41:11532)
    at v (https://cdn.robee.tech/v1/sdk.js:41:11312)
    at <anonymous> (https://cdn.robee.tech/v1/sdk.js:48:25764)
    at <anonymous> (https://cdn.robee.tech/v1/sdk.js:48:81595)
    at l (https://cdn.robee.tech/v1/sdk.js:48:156650)
    at <anonymous> (https://cdn.robee.tech/v1/sdk.js:48:157990)
    at <anonymous> (https://cdn.robee.tech/v1/sdk.js:48:157060)
    at i (https://cdn.robee.tech/v1/sdk.js:41:11365)
[    2010ms] Uncaught (in promise) TypeError: Failed to fetch
    at ea.fetch (https://townwork.net/_next/static/chunks/pages/_app-452e3177b072d379.js:41:160765)
    at <anonymous> (https://townwork.net/_next/static/chunks/pages/_app-452e3177b072d379.js:41:160952)
    at ei.fetch (https://townwork.net/_next/static/chunks/pages/_app-452e3177b072d379.js:50:39215)
    at <anonymous> (https://townwork.net/_next/static/chunks/pages/_app-452e3177b072d379.js:50:39521)
    at <anonymous> (https://cdn.robee.tech/v1/sdk.js:48:26531)
    at <anonymous> (https://cdn.robee.tech/v1/sdk.js:48:25646)
    at l (https://cdn.robee.tech/v1/sdk.js:48:156650)
    at <anonymous> (https://cdn.robee.tech/v1/sdk.js:48:157990)
    at <anonymous> (https://cdn.robee.tech/v1/sdk.js:48:157060)
    at <anonymous> (https://cdn.robee.tech/v1/sdk.js:41:11532)
    at v (https://cdn.robee.tech/v1/sdk.js:41:11312)
    at <anonymous> (https://cdn.robee.tech/v1/sdk.js:48:25498)
    at <anonymous> (https://cdn.robee.tech/v1/sdk.js:48:26436)
    at l (https://cdn.robee.tech/v1/sdk.js:48:156650)
    at <anonymous> (https://cdn.robee.tech/v1/sdk.js:48:157990)
    at <anonymous> (https://cdn.robee.tech/v1/sdk.js:48:157060)
    at <anonymous> (https://cdn.robee.tech/v1/sdk.js:41:11532)
    at v (https://cdn.robee.tech/v1/sdk.js:41:11312)
    at <anonymous> (https://cdn.robee.tech/v1/sdk.js:48:26160)
    at <anonymous> (https://cdn.robee.tech/v1/sdk.js:48:86520)
    at l (https://cdn.robee.tech/v1/sdk.js:48:156650)
    at <anonymous> (https://cdn.robee.tech/v1/sdk.js:48:157990)
    at <anonymous> (https://cdn.robee.tech/v1/sdk.js:48:157060)
    at a (https://cdn.robee.tech/v1/sdk.js:41:11417)
[    2010ms] Uncaught (in promise) TypeError: Failed to fetch
    at ea.fetch (https://townwork.net/_next/static/chunks/pages/_app-452e3177b072d379.js:41:160765)
    at <anonymous> (https://townwork.net/_next/static/chunks/pages/_app-452e3177b072d379.js:41:160952)
    at ei.fetch (https://townwork.net/_next/static/chunks/pages/_app-452e3177b072d379.js:50:39215)
    at <anonymous> (https://townwork.net/_next/static/chunks/pages/_app-452e3177b072d379.js:50:39521)
    at <anonymous> (https://cdn.robee.tech/v1/sdk.js:48:26531)
    at <anonymous> (https://cdn.robee.tech/v1/sdk.js:48:25646)
    at l (https://cdn.robee.tech/v1/sdk.js:48:156650)
    at <anonymous> (https://cdn.robee.tech/v1/sdk.js:48:157990)
    at <anonymous> (https://cdn.robee.tech/v1/sdk.js:48:157060)
    at <anonymous> (https://cdn.robee.tech/v1/sdk.js:41:11532)
    at v (https://cdn.robee.tech/v1/sdk.js:41:11312)
    at <anonymous> (https://cdn.robee.tech/v1/sdk.js:48:25498)
    at <anonymous> (https://cdn.robee.tech/v1/sdk.js:48:26436)
    at l (https://cdn.robee.tech/v1/sdk.js:48:156650)
    at <anonymous> (https://cdn.robee.tech/v1/sdk.js:48:157990)
    at <anonymous> (https://cdn.robee.tech/v1/sdk.js:48:157060)
    at <anonymous> (https://cdn.robee.tech/v1/sdk.js:41:11532)
    at v (https://cdn.robee.tech/v1/sdk.js:41:11312)
    at <anonymous> (https://cdn.robee.tech/v1/sdk.js:48:26160)
    at <anonymous> (https://cdn.robee.tech/v1/sdk.js:48:82705)
    at l (https://cdn.robee.tech/v1/sdk.js:48:156650)
    at <anonymous> (https://cdn.robee.tech/v1/sdk.js:48:157990)
    at <anonymous> (https://cdn.robee.tech/v1/sdk.js:48:157060)
    at a (https://cdn.robee.tech/v1/sdk.js:41:11417)
[    2010ms] Uncaught (in promise) TypeError: Failed to fetch
    at ea.fetch (https://townwork.net/_next/static/chunks/pages/_app-452e3177b072d379.js:41:160765)
    at <anonymous> (https://townwork.net/_next/static/chunks/pages/_app-452e3177b072d379.js:41:160952)
    at ei.fetch (https://townwork.net/_next/static/chunks/pages/_app-452e3177b072d379.js:50:39215)
    at <anonymous> (https://townwork.net/_next/static/chunks/pages/_app-452e3177b072d379.js:50:39521)
    at <anonymous> (https://cdn.robee.tech/v1/sdk.js:48:26531)
    at <anonymous> (https://cdn.robee.tech/v1/sdk.js:48:25646)
    at l (https://cdn.robee.tech/v1/sdk.js:48:156650)
    at <anonymous> (https://cdn.robee.tech/v1/sdk.js:48:157990)
    at <anonymous> (https://cdn.robee.tech/v1/sdk.js:48:157060)
    at <anonymous> (https://cdn.robee.tech/v1/sdk.js:41:11532)
    at v (https://cdn.robee.tech/v1/sdk.js:41:11312)
    at <anonymous> (https://cdn.robee.tech/v1/sdk.js:48:25498)
    at <anonymous> (https://cdn.robee.tech/v1/sdk.js:48:26058)
    at l (https://cdn.robee.tech/v1/sdk.js:48:156650)
    at <anonymous> (https://cdn.robee.tech/v1/sdk.js:48:157990)
    at <anonymous> (https://cdn.robee.tech/v1/sdk.js:48:157060)
    at <anonymous> (https://cdn.robee.tech/v1/sdk.js:41:11532)
    at v (https://cdn.robee.tech/v1/sdk.js:41:11312)
    at <anonymous> (https://cdn.robee.tech/v1/sdk.js:48:25764)
    at <anonymous> (https://cdn.robee.tech/v1/sdk.js:48:85410)
    at l (https://cdn.robee.tech/v1/sdk.js:48:156650)
    at <anonymous> (https://cdn.robee.tech/v1/sdk.js:48:157990)
    at <anonymous> (https://cdn.robee.tech/v1/sdk.js:48:157060)
    at i (https://cdn.robee.tech/v1/sdk.js:41:11365)
[    1786ms] [ERROR] Failed to load resource: net::ERR_CONNECTION_REFUSED @ https://collector.ma-tag.com/api/v1/collect:0
[    1799ms] [ERROR] Failed to load resource: net::ERR_CONNECTION_REFUSED @ https://collector.ma-tag.com/api/v1/collect:0
[    2011ms] Uncaught (in promise) TypeError: Failed to fetch
    at ea.fetch (https://townwork.net/_next/static/chunks/pages/_app-452e3177b072d379.js:41:160765)
    at <anonymous> (https://townwork.net/_next/static/chunks/pages/_app-452e3177b072d379.js:41:160952)
    at ei.fetch (https://townwork.net/_next/static/chunks/pages/_app-452e3177b072d379.js:50:39215)
    at <anonymous> (https://townwork.net/_next/static/chunks/pages/_app-452e3177b072d379.js:50:39521)
    at <anonymous> (https://cdn.robee.tech/v1/sdk.js:48:26531)
    at <anonymous> (https://cdn.robee.tech/v1/sdk.js:48:25646)
    at c (https://connect.facebook.net/signals/config/1642213582702378?v=2.9.328&r=stable&domain=townwork.net&hme=af8aa31887db259becaf70277daef60bd8bc35c2df82c2acd4258de27ecac4b5&ex_m=104%2C207%2C155%2C22%2C72%2C73%2C146%2C68%2C67%2C11%2C164%2C90%2C16%2C138%2C127%2C39%2C75%2C78%2C134%2C160%2C166%2C8%2C4%2C5%2C7%2C6%2C3%2C91%2C101%2C167%2C172%2C221%2C62%2C188%2C189%2C55%2C279%2C30%2C74%2C233%2C232%2C231%2C23%2C33%2C103%2C61%2C10%2C63%2C97%2C98%2C99%2C105%2C130%2C31%2C29%2C132%2C133%2C129%2C128%2C156%2C76%2C159%2C157%2C158%2C50%2C60%2C123%2C15%2C163%2C45%2C266%2C267%2C265%2C26%2C27%2C28%2C48%2C147%2C77%2C112%2C18%2C20%2C44%2C40%2C42%2C41%2C83%2C92%2C96%2C110%2C145%2C148%2C46%2C111%2C24%2C21%2C119%2C69%2C36%2C150%2C149%2C151%2C142%2C140%2C25%2C35%2C59%2C109%2C162%2C70%2C17%2C153%2C114%2C81%2C66%2C19%2C85%2C86%2C116%2C84%2C136%2C135%2C139%2C161%2C34%2C281%2C297%2C214%2C203%2C204%2C202%2C300%2C291%2C52%2C215%2C107%2C131%2C80%2C121%2C54%2C47%2C49%2C113%2C120%2C126%2C125%2C58%2C64%2C152%2C115%2C37%2C32%2C53%2C56%2C100%2C165%2C1%2C124%2C14%2C122%2C12%2C2%2C57%2C93%2C65%2C118%2C89%2C88%2C168%2C169%2C94%2C95%2C9%2C102%2C51%2C143%2C87%2C79%2C71%2C117%2C106%2C43%2C144%2C0%2C82%2C137%2C141%2C154%2C38%2C108%2C13%2C170%2C230%2C229%2C224%2C226%2C227%2C228%2C225%2C213%2C223%2C195%2C192%2C193%2C187%2C191%2C194%2C190%2C185%2C321%2C198%2C217%2C186%2C184%2C237%2C208%2C178%2C179%2C174%2C180%2C177%2C175%2C176%2C173%2C171%2C182%2C183%2C181%2C268%2C320%2C196%2C240%2C246%2C241%2C243%2C245%2C244%2C242%2C239%2C255%2C250%2C252%2C249%2C256%2C253%2C248%2C254%2C251%2C247%2C294:39:80863)
    at <anonymous> (https://connect.facebook.net/signals/config/1642213582702378?v=2.9.328&r=stable&domain=townwork.net&hme=af8aa31887db259becaf70277daef60bd8bc35c2df82c2acd4258de27ecac4b5&ex_m=104%2C207%2C155%2C22%2C72%2C73%2C146%2C68%2C67%2C11%2C164%2C90%2C16%2C138%2C127%2C39%2C75%2C78%2C134%2C160%2C166%2C8%2C4%2C5%2C7%2C6%2C3%2C91%2C101%2C167%2C172%2C221%2C62%2C188%2C189%2C55%2C279%2C30%2C74%2C233%2C232%2C231%2C23%2C33%2C103%2C61%2C10%2C63%2C97%2C98%2C99%2C105%2C130%2C31%2C29%2C132%2C133%2C129%2C128%2C156%2C76%2C159%2C157%2C158%2C50%2C60%2C123%2C15%2C163%2C45%2C266%2C267%2C265%2C26%2C27%2C28%2C48%2C147%2C77%2C112%2C18%2C20%2C44%2C40%2C42%2C41%2C83%2C92%2C96%2C110%2C145%2C148%2C46%2C111%2C24%2C21%2C119%2C69%2C36%2C150%2C149%2C151%2C142%2C140%2C25%2C35%2C59%2C109%2C162%2C70%2C17%2C153%2C114%2C81%2C66%2C19%2C85%2C86%2C116%2C84%2C136%2C135%2C139%2C161%2C34%2C281%2C297%2C214%2C203%2C204%2C202%2C300%2C291%2C52%2C215%2C107%2C131%2C80%2C121%2C54%2C47%2C49%2C113%2C120%2C126%2C125%2C58%2C64%2C152%2C115%2C37%2C32%2C53%2C56%2C100%2C165%2C1%2C124%2C14%2C122%2C12%2C2%2C57%2C93%2C65%2C118%2C89%2C88%2C168%2C169%2C94%2C95%2C9%2C102%2C51%2C143%2C87%2C79%2C71%2C117%2C106%2C43%2C144%2C0%2C82%2C137%2C141%2C154%2C38%2C108%2C13%2C170%2C230%2C229%2C224%2C226%2C227%2C228%2C225%2C213%2C223%2C195%2C192%2C193%2C187%2C191%2C194%2C190%2C185%2C321%2C198%2C217%2C186%2C184%2C237%2C208%2C178%2C179%2C174%2C180%2C177%2C175%2C176%2C173%2C171%2C182%2C183%2C181%2C268%2C320%2C196%2C240%2C246%2C241%2C243%2C245%2C244%2C242%2C239%2C255%2C250%2C252%2C249%2C256%2C253%2C248%2C254%2C251%2C247%2C294:39:82826)
    at <anonymous> (https://connect.facebook.net/signals/config/1642213582702378?v=2.9.328&r=stable&domain=townwork.net&hme=af8aa31887db259becaf70277daef60bd8bc35c2df82c2acd4258de27ecac4b5&ex_m=104%2C207%2C155%2C22%2C72%2C73%2C146%2C68%2C67%2C11%2C164%2C90%2C16%2C138%2C127%2C39%2C75%2C78%2C134%2C160%2C166%2C8%2C4%2C5%2C7%2C6%2C3%2C91%2C101%2C167%2C172%2C221%2C62%2C188%2C189%2C55%2C279%2C30%2C74%2C233%2C232%2C231%2C23%2C33%2C103%2C61%2C10%2C63%2C97%2C98%2C99%2C105%2C130%2C31%2C29%2C132%2C133%2C129%2C128%2C156%2C76%2C159%2C157%2C158%2C50%2C60%2C123%2C15%2C163%2C45%2C266%2C267%2C265%2C26%2C27%2C28%2C48%2C147%2C77%2C112%2C18%2C20%2C44%2C40%2C42%2C41%2C83%2C92%2C96%2C110%2C145%2C148%2C46%2C111%2C24%2C21%2C119%2C69%2C36%2C150%2C149%2C151%2C142%2C140%2C25%2C35%2C59%2C109%2C162%2C70%2C17%2C153%2C114%2C81%2C66%2C19%2C85%2C86%2C116%2C84%2C136%2C135%2C139%2C161%2C34%2C281%2C297%2C214%2C203%2C204%2C202%2C300%2C291%2C52%2C215%2C107%2C131%2C80%2C121%2C54%2C47%2C49%2C113%2C120%2C126%2C125%2C58%2C64%2C152%2C115%2C37%2C32%2C53%2C56%2C100%2C165%2C1%2C124%2C14%2C122%2C12%2C2%2C57%2C93%2C65%2C118%2C89%2C88%2C168%2C169%2C94%2C95%2C9%2C102%2C51%2C143%2C87%2C79%2C71%2C117%2C106%2C43%2C144%2C0%2C82%2C137%2C141%2C154%2C38%2C108%2C13%2C170%2C230%2C229%2C224%2C226%2C227%2C228%2C225%2C213%2C223%2C195%2C192%2C193%2C187%2C191%2C194%2C190%2C185%2C321%2C198%2C217%2C186%2C184%2C237%2C208%2C178%2C179%2C174%2C180%2C177%2C175%2C176%2C173%2C171%2C182%2C183%2C181%2C268%2C320%2C196%2C240%2C246%2C241%2C243%2C245%2C244%2C242%2C239%2C255%2C250%2C252%2C249%2C256%2C253%2C248%2C254%2C251%2C247%2C294:39:81362)
    at <anonymous> (https://cdn.robee.tech/v1/sdk.js:41:11532)
    at v (https://cdn.robee.tech/v1/sdk.js:41:11312)
    at <anonymous> (https://cdn.robee.tech/v1/sdk.js:48:25498)
    at <anonymous> (https://cdn.robee.tech/v1/sdk.js:48:26436)
    at c (https://connect.facebook.net/signals/config/1642213582702378?v=2.9.328&r=stable&domain=townwork.net&hme=af8aa31887db259becaf70277daef60bd8bc35c2df82c2acd4258de27ecac4b5&ex_m=104%2C207%2C155%2C22%2C72%2C73%2C146%2C68%2C67%2C11%2C164%2C90%2C16%2C138%2C127%2C39%2C75%2C78%2C134%2C160%2C166%2C8%2C4%2C5%2C7%2C6%2C3%2C91%2C101%2C167%2C172%2C221%2C62%2C188%2C189%2C55%2C279%2C30%2C74%2C233%2C232%2C231%2C23%2C33%2C103%2C61%2C10%2C63%2C97%2C98%2C99%2C105%2C130%2C31%2C29%2C132%2C133%2C129%2C128%2C156%2C76%2C159%2C157%2C158%2C50%2C60%2C123%2C15%2C163%2C45%2C266%2C267%2C265%2C26%2C27%2C28%2C48%2C147%2C77%2C112%2C18%2C20%2C44%2C40%2C42%2C41%2C83%2C92%2C96%2C110%2C145%2C148%2C46%2C111%2C24%2C21%2C119%2C69%2C36%2C150%2C149%2C151%2C142%2C140%2C25%2C35%2C59%2C109%2C162%2C70%2C17%2C153%2C114%2C81%2C66%2C19%2C85%2C86%2C116%2C84%2C136%2C135%2C139%2C161%2C34%2C281%2C297%2C214%2C203%2C204%2C202%2C300%2C291%2C52%2C215%2C107%2C131%2C80%2C121%2C54%2C47%2C49%2C113%2C120%2C126%2C125%2C58%2C64%2C152%2C115%2C37%2C32%2C53%2C56%2C100%2C165%2C1%2C124%2C14%2C122%2C12%2C2%2C57%2C93%2C65%2C118%2C89%2C88%2C168%2C169%2C94%2C95%2C9%2C102%2C51%2C143%2C87%2C79%2C71%2C117%2C106%2C43%2C144%2C0%2C82%2C137%2C141%2C154%2C38%2C108%2C13%2C170%2C230%2C229%2C224%2C226%2C227%2C228%2C225%2C213%2C223%2C195%2C192%2C193%2C187%2C191%2C194%2C190%2C185%2C321%2C198%2C217%2C186%2C184%2C237%2C208%2C178%2C179%2C174%2C180%2C177%2C175%2C176%2C173%2C171%2C182%2C183%2C181%2C268%2C320%2C196%2C240%2C246%2C241%2C243%2C245%2C244%2C242%2C239%2C255%2C250%2C252%2C249%2C256%2C253%2C248%2C254%2C251%2C247%2C294:39:80863)
    at <anonymous> (https://connect.facebook.net/signals/config/1642213582702378?v=2.9.328&r=stable&domain=townwork.net&hme=af8aa31887db259becaf70277daef60bd8bc35c2df82c2acd4258de27ecac4b5&ex_m=104%2C207%2C155%2C22%2C72%2C73%2C146%2C68%2C67%2C11%2C164%2C90%2C16%2C138%2C127%2C39%2C75%2C78%2C134%2C160%2C166%2C8%2C4%2C5%2C7%2C6%2C3%2C91%2C101%2C167%2C172%2C221%2C62%2C188%2C189%2C55%2C279%2C30%2C74%2C233%2C232%2C231%2C23%2C33%2C103%2C61%2C10%2C63%2C97%2C98%2C99%2C105%2C130%2C31%2C29%2C132%2C133%2C129%2C128%2C156%2C76%2C159%2C157%2C158%2C50%2C60%2C123%2C15%2C163%2C45%2C266%2C267%2C265%2C26%2C27%2C28%2C48%2C147%2C77%2C112%2C18%2C20%2C44%2C40%2C42%2C41%2C83%2C92%2C96%2C110%2C145%2C148%2C46%2C111%2C24%2C21%2C119%2C69%2C36%2C150%2C149%2C151%2C142%2C140%2C25%2C35%2C59%2C109%2C162%2C70%2C17%2C153%2C114%2C81%2C66%2C19%2C85%2C86%2C116%2C84%2C136%2C135%2C139%2C161%2C34%2C281%2C297%2C214%2C203%2C204%2C202%2C300%2C291%2C52%2C215%2C107%2C131%2C80%2C121%2C54%2C47%2C49%2C113%2C120%2C126%2C125%2C58%2C64%2C152%2C115%2C37%2C32%2C53%2C56%2C100%2C165%2C1%2C124%2C14%2C122%2C12%2C2%2C57%2C93%2C65%2C118%2C89%2C88%2C168%2C169%2C94%2C95%2C9%2C102%2C51%2C143%2C87%2C79%2C71%2C117%2C106%2C43%2C144%2C0%2C82%2C137%2C141%2C154%2C38%2C108%2C13%2C170%2C230%2C229%2C224%2C226%2C227%2C228%2C225%2C213%2C223%2C195%2C192%2C193%2C187%2C191%2C194%2C190%2C185%2C321%2C198%2C217%2C186%2C184%2C237%2C208%2C178%2C179%2C174%2C180%2C177%2C175%2C176%2C173%2C171%2C182%2C183%2C181%2C268%2C320%2C196%2C240%2C246%2C241%2C243%2C245%2C244%2C242%2C239%2C255%2C250%2C252%2C249%2C256%2C253%2C248%2C254%2C251%2C247%2C294:39:82826)
    at <anonymous> (https://connect.facebook.net/signals/config/1642213582702378?v=2.9.328&r=stable&domain=townwork.net&hme=af8aa31887db259becaf70277daef60bd8bc35c2df82c2acd4258de27ecac4b5&ex_m=104%2C207%2C155%2C22%2C72%2C73%2C146%2C68%2C67%2C11%2C164%2C90%2C16%2C138%2C127%2C39%2C75%2C78%2C134%2C160%2C166%2C8%2C4%2C5%2C7%2C6%2C3%2C91%2C101%2C167%2C172%2C221%2C62%2C188%2C189%2C55%2C279%2C30%2C74%2C233%2C232%2C231%2C23%2C33%2C103%2C61%2C10%2C63%2C97%2C98%2C99%2C105%2C130%2C31%2C29%2C132%2C133%2C129%2C128%2C156%2C76%2C159%2C157%2C158%2C50%2C60%2C123%2C15%2C163%2C45%2C266%2C267%2C265%2C26%2C27%2C28%2C48%2C147%2C77%2C112%2C18%2C20%2C44%2C40%2C42%2C41%2C83%2C92%2C96%2C110%2C145%2C148%2C46%2C111%2C24%2C21%2C119%2C69%2C36%2C150%2C149%2C151%2C142%2C140%2C25%2C35%2C59%2C109%2C162%2C70%2C17%2C153%2C114%2C81%2C66%2C19%2C85%2C86%2C116%2C84%2C136%2C135%2C139%2C161%2C34%2C281%2C297%2C214%2C203%2C204%2C202%2C300%2C291%2C52%2C215%2C107%2C131%2C80%2C121%2C54%2C47%2C49%2C113%2C120%2C126%2C125%2C58%2C64%2C152%2C115%2C37%2C32%2C53%2C56%2C100%2C165%2C1%2C124%2C14%2C122%2C12%2C2%2C57%2C93%2C65%2C118%2C89%2C88%2C168%2C169%2C94%2C95%2C9%2C102%2C51%2C143%2C87%2C79%2C71%2C117%2C106%2C43%2C144%2C0%2C82%2C137%2C141%2C154%2C38%2C108%2C13%2C170%2C230%2C229%2C224%2C226%2C227%2C228%2C225%2C213%2C223%2C195%2C192%2C193%2C187%2C191%2C194%2C190%2C185%2C321%2C198%2C217%2C186%2C184%2C237%2C208%2C178%2C179%2C174%2C180%2C177%2C175%2C176%2C173%2C171%2C182%2C183%2C181%2C268%2C320%2C196%2C240%2C246%2C241%2C243%2C245%2C244%2C242%2C239%2C255%2C250%2C252%2C249%2C256%2C253%2C248%2C254%2C251%2C247%2C294:39:81362)
    at <anonymous> (https://cdn.robee.tech/v1/sdk.js:41:11532)
    at v (https://cdn.robee.tech/v1/sdk.js:41:11312)
    at <anonymous> (https://cdn.robee.tech/v1/sdk.js:48:26160)
    at <anonymous> (https://cdn.robee.tech/v1/sdk.js:48:108282)
    at l (https://cdn.robee.tech/v1/sdk.js:48:156650)
    at <anonymous> (https://cdn.robee.tech/v1/sdk.js:48:157990)
    at <anonymous> (https://cdn.robee.tech/v1/sdk.js:48:157060)
    at a (https://cdn.robee.tech/v1/sdk.js:41:11417)
[    1801ms] [ERROR] Failed to load resource: net::ERR_CONNECTION_REFUSED @ https://track.robee.tech/v1/site/load?url=https%3A%2F%2Ftownwork.net%2Fprefectures%2Ftokyo%2Fjob_search%2Fkw%2F%25E3%2582%25AB%25E3%2583%2595%25E3%2582%25A7%2F&ns=robee&cb=callbackLoad&apiKey=RBE-ysFt0ZSsZA8&ua=Mozilla%2F5.0%20(Macintosh%3B%20Intel%20Mac%20OS%20X%2010_15_7)%20AppleWebKit%2F537.36%20(KHTML%2C%20like%20Gecko)%20Chrome%2F148.0.0.0%20Safari%2F537.36&title=%E6%9D%B1%E4%BA%AC%E9%83%BD%E3%80%81%E3%82%AB%E3%83%95%E3%82%A7%E3%81%AE%E3%82%A2%E3%83%AB%E3%83%90%E3%82%A4%E3%83%88%E3%83%BB%E3%83%90%E3%82%A4%E3%83%88%E6%B1%82%E4%BA%BA%E6%83%85%E5%A0%B1%EF%BD%9C%E3%80%90%E3%82%BF%E3%82%A6%E3%83%B3%E3%83%AF%E3%83%BC%E3%82%AF%E3%80%91%E3%81%A7%E3%83%90%E3%82%A4%E3%83%88%E3%82%84%E3%83%91%E3%83%BC%E3%83%88%E3%81%AE%E3%81%8A%E4%BB%95%E4%BA%8B%E6%8E%A2%E3%81%97&tracking=true&uid=81a1961d746c121fb77a1cfb52cfbce11780069848344&sid=a9f51780069848344&tst=1780070100719&d3Tie=81a1961d746c121fb77a1cfb52cfbce11780069848344_1780070100719&rptKeys=%5B%5D&dspCounts=%7B%7D:0
[    1801ms] [ERROR] Failed to load resource: net::ERR_CONNECTION_REFUSED @ https://track.robee.tech/v1/site/RBE-ysFt0ZSsZA8/count:0
[    2011ms] Uncaught (in promise) TypeError: Failed to fetch
    at ea.fetch (https://townwork.net/_next/static/chunks/pages/_app-452e3177b072d379.js:41:160765)
    at <anonymous> (https://townwork.net/_next/static/chunks/pages/_app-452e3177b072d379.js:41:160952)
    at ei.fetch (https://townwork.net/_next/static/chunks/pages/_app-452e3177b072d379.js:50:39215)
    at <anonymous> (https://townwork.net/_next/static/chunks/pages/_app-452e3177b072d379.js:50:39521)
    at <anonymous> (https://cdn.robee.tech/v1/sdk.js:48:26531)
    at <anonymous> (https://cdn.robee.tech/v1/sdk.js:48:25646)
    at c (https://connect.facebook.net/signals/config/1642213582702378?v=2.9.328&r=stable&domain=townwork.net&hme=af8aa31887db259becaf70277daef60bd8bc35c2df82c2acd4258de27ecac4b5&ex_m=104%2C207%2C155%2C22%2C72%2C73%2C146%2C68%2C67%2C11%2C164%2C90%2C16%2C138%2C127%2C39%2C75%2C78%2C134%2C160%2C166%2C8%2C4%2C5%2C7%2C6%2C3%2C91%2C101%2C167%2C172%2C221%2C62%2C188%2C189%2C55%2C279%2C30%2C74%2C233%2C232%2C231%2C23%2C33%2C103%2C61%2C10%2C63%2C97%2C98%2C99%2C105%2C130%2C31%2C29%2C132%2C133%2C129%2C128%2C156%2C76%2C159%2C157%2C158%2C50%2C60%2C123%2C15%2C163%2C45%2C266%2C267%2C265%2C26%2C27%2C28%2C48%2C147%2C77%2C112%2C18%2C20%2C44%2C40%2C42%2C41%2C83%2C92%2C96%2C110%2C145%2C148%2C46%2C111%2C24%2C21%2C119%2C69%2C36%2C150%2C149%2C151%2C142%2C140%2C25%2C35%2C59%2C109%2C162%2C70%2C17%2C153%2C114%2C81%2C66%2C19%2C85%2C86%2C116%2C84%2C136%2C135%2C139%2C161%2C34%2C281%2C297%2C214%2C203%2C204%2C202%2C300%2C291%2C52%2C215%2C107%2C131%2C80%2C121%2C54%2C47%2C49%2C113%2C120%2C126%2C125%2C58%2C64%2C152%2C115%2C37%2C32%2C53%2C56%2C100%2C165%2C1%2C124%2C14%2C122%2C12%2C2%2C57%2C93%2C65%2C118%2C89%2C88%2C168%2C169%2C94%2C95%2C9%2C102%2C51%2C143%2C87%2C79%2C71%2C117%2C106%2C43%2C144%2C0%2C82%2C137%2C141%2C154%2C38%2C108%2C13%2C170%2C230%2C229%2C224%2C226%2C227%2C228%2C225%2C213%2C223%2C195%2C192%2C193%2C187%2C191%2C194%2C190%2C185%2C321%2C198%2C217%2C186%2C184%2C237%2C208%2C178%2C179%2C174%2C180%2C177%2C175%2C176%2C173%2C171%2C182%2C183%2C181%2C268%2C320%2C196%2C240%2C246%2C241%2C243%2C245%2C244%2C242%2C239%2C255%2C250%2C252%2C249%2C256%2C253%2C248%2C254%2C251%2C247%2C294:39:80863)
    at <anonymous> (https://connect.facebook.net/signals/config/1642213582702378?v=2.9.328&r=stable&domain=townwork.net&hme=af8aa31887db259becaf70277daef60bd8bc35c2df82c2acd4258de27ecac4b5&ex_m=104%2C207%2C155%2C22%2C72%2C73%2C146%2C68%2C67%2C11%2C164%2C90%2C16%2C138%2C127%2C39%2C75%2C78%2C134%2C160%2C166%2C8%2C4%2C5%2C7%2C6%2C3%2C91%2C101%2C167%2C172%2C221%2C62%2C188%2C189%2C55%2C279%2C30%2C74%2C233%2C232%2C231%2C23%2C33%2C103%2C61%2C10%2C63%2C97%2C98%2C99%2C105%2C130%2C31%2C29%2C132%2C133%2C129%2C128%2C156%2C76%2C159%2C157%2C158%2C50%2C60%2C123%2C15%2C163%2C45%2C266%2C267%2C265%2C26%2C27%2C28%2C48%2C147%2C77%2C112%2C18%2C20%2C44%2C40%2C42%2C41%2C83%2C92%2C96%2C110%2C145%2C148%2C46%2C111%2C24%2C21%2C119%2C69%2C36%2C150%2C149%2C151%2C142%2C140%2C25%2C35%2C59%2C109%2C162%2C70%2C17%2C153%2C114%2C81%2C66%2C19%2C85%2C86%2C116%2C84%2C136%2C135%2C139%2C161%2C34%2C281%2C297%2C214%2C203%2C204%2C202%2C300%2C291%2C52%2C215%2C107%2C131%2C80%2C121%2C54%2C47%2C49%2C113%2C120%2C126%2C125%2C58%2C64%2C152%2C115%2C37%2C32%2C53%2C56%2C100%2C165%2C1%2C124%2C14%2C122%2C12%2C2%2C57%2C93%2C65%2C118%2C89%2C88%2C168%2C169%2C94%2C95%2C9%2C102%2C51%2C143%2C87%2C79%2C71%2C117%2C106%2C43%2C144%2C0%2C82%2C137%2C141%2C154%2C38%2C108%2C13%2C170%2C230%2C229%2C224%2C226%2C227%2C228%2C225%2C213%2C223%2C195%2C192%2C193%2C187%2C191%2C194%2C190%2C185%2C321%2C198%2C217%2C186%2C184%2C237%2C208%2C178%2C179%2C174%2C180%2C177%2C175%2C176%2C173%2C171%2C182%2C183%2C181%2C268%2C320%2C196%2C240%2C246%2C241%2C243%2C245%2C244%2C242%2C239%2C255%2C250%2C252%2C249%2C256%2C253%2C248%2C254%2C251%2C247%2C294:39:82826)
    at <anonymous> (https://connect.facebook.net/signals/config/1642213582702378?v=2.9.328&r=stable&domain=townwork.net&hme=af8aa31887db259becaf70277daef60bd8bc35c2df82c2acd4258de27ecac4b5&ex_m=104%2C207%2C155%2C22%2C72%2C73%2C146%2C68%2C67%2C11%2C164%2C90%2C16%2C138%2C127%2C39%2C75%2C78%2C134%2C160%2C166%2C8%2C4%2C5%2C7%2C6%2C3%2C91%2C101%2C167%2C172%2C221%2C62%2C188%2C189%2C55%2C279%2C30%2C74%2C233%2C232%2C231%2C23%2C33%2C103%2C61%2C10%2C63%2C97%2C98%2C99%2C105%2C130%2C31%2C29%2C132%2C133%2C129%2C128%2C156%2C76%2C159%2C157%2C158%2C50%2C60%2C123%2C15%2C163%2C45%2C266%2C267%2C265%2C26%2C27%2C28%2C48%2C147%2C77%2C112%2C18%2C20%2C44%2C40%2C42%2C41%2C83%2C92%2C96%2C110%2C145%2C148%2C46%2C111%2C24%2C21%2C119%2C69%2C36%2C150%2C149%2C151%2C142%2C140%2C25%2C35%2C59%2C109%2C162%2C70%2C17%2C153%2C114%2C81%2C66%2C19%2C85%2C86%2C116%2C84%2C136%2C135%2C139%2C161%2C34%2C281%2C297%2C214%2C203%2C204%2C202%2C300%2C291%2C52%2C215%2C107%2C131%2C80%2C121%2C54%2C47%2C49%2C113%2C120%2C126%2C125%2C58%2C64%2C152%2C115%2C37%2C32%2C53%2C56%2C100%2C165%2C1%2C124%2C14%2C122%2C12%2C2%2C57%2C93%2C65%2C118%2C89%2C88%2C168%2C169%2C94%2C95%2C9%2C102%2C51%2C143%2C87%2C79%2C71%2C117%2C106%2C43%2C144%2C0%2C82%2C137%2C141%2C154%2C38%2C108%2C13%2C170%2C230%2C229%2C224%2C226%2C227%2C228%2C225%2C213%2C223%2C195%2C192%2C193%2C187%2C191%2C194%2C190%2C185%2C321%2C198%2C217%2C186%2C184%2C237%2C208%2C178%2C179%2C174%2C180%2C177%2C175%2C176%2C173%2C171%2C182%2C183%2C181%2C268%2C320%2C196%2C240%2C246%2C241%2C243%2C245%2C244%2C242%2C239%2C255%2C250%2C252%2C249%2C256%2C253%2C248%2C254%2C251%2C247%2C294:39:81362)
    at <anonymous> (https://cdn.robee.tech/v1/sdk.js:41:11532)
    at v (https://cdn.robee.tech/v1/sdk.js:41:11312)
    at <anonymous> (https://cdn.robee.tech/v1/sdk.js:48:25498)
    at <anonymous> (https://cdn.robee.tech/v1/sdk.js:48:26436)
    at c (https://connect.facebook.net/signals/config/1642213582702378?v=2.9.328&r=stable&domain=townwork.net&hme=af8aa31887db259becaf70277daef60bd8bc35c2df82c2acd4258de27ecac4b5&ex_m=104%2C207%2C155%2C22%2C72%2C73%2C146%2C68%2C67%2C11%2C164%2C90%2C16%2C138%2C127%2C39%2C75%2C78%2C134%2C160%2C166%2C8%2C4%2C5%2C7%2C6%2C3%2C91%2C101%2C167%2C172%2C221%2C62%2C188%2C189%2C55%2C279%2C30%2C74%2C233%2C232%2C231%2C23%2C33%2C103%2C61%2C10%2C63%2C97%2C98%2C99%2C105%2C130%2C31%2C29%2C132%2C133%2C129%2C128%2C156%2C76%2C159%2C157%2C158%2C50%2C60%2C123%2C15%2C163%2C45%2C266%2C267%2C265%2C26%2C27%2C28%2C48%2C147%2C77%2C112%2C18%2C20%2C44%2C40%2C42%2C41%2C83%2C92%2C96%2C110%2C145%2C148%2C46%2C111%2C24%2C21%2C119%2C69%2C36%2C150%2C149%2C151%2C142%2C140%2C25%2C35%2C59%2C109%2C162%2C70%2C17%2C153%2C114%2C81%2C66%2C19%2C85%2C86%2C116%2C84%2C136%2C135%2C139%2C161%2C34%2C281%2C297%2C214%2C203%2C204%2C202%2C300%2C291%2C52%2C215%2C107%2C131%2C80%2C121%2C54%2C47%2C49%2C113%2C120%2C126%2C125%2C58%2C64%2C152%2C115%2C37%2C32%2C53%2C56%2C100%2C165%2C1%2C124%2C14%2C122%2C12%2C2%2C57%2C93%2C65%2C118%2C89%2C88%2C168%2C169%2C94%2C95%2C9%2C102%2C51%2C143%2C87%2C79%2C71%2C117%2C106%2C43%2C144%2C0%2C82%2C137%2C141%2C154%2C38%2C108%2C13%2C170%2C230%2C229%2C224%2C226%2C227%2C228%2C225%2C213%2C223%2C195%2C192%2C193%2C187%2C191%2C194%2C190%2C185%2C321%2C198%2C217%2C186%2C184%2C237%2C208%2C178%2C179%2C174%2C180%2C177%2C175%2C176%2C173%2C171%2C182%2C183%2C181%2C268%2C320%2C196%2C240%2C246%2C241%2C243%2C245%2C244%2C242%2C239%2C255%2C250%2C252%2C249%2C256%2C253%2C248%2C254%2C251%2C247%2C294:39:80863)
    at <anonymous> (https://connect.facebook.net/signals/config/1642213582702378?v=2.9.328&r=stable&domain=townwork.net&hme=af8aa31887db259becaf70277daef60bd8bc35c2df82c2acd4258de27ecac4b5&ex_m=104%2C207%2C155%2C22%2C72%2C73%2C146%2C68%2C67%2C11%2C164%2C90%2C16%2C138%2C127%2C39%2C75%2C78%2C134%2C160%2C166%2C8%2C4%2C5%2C7%2C6%2C3%2C91%2C101%2C167%2C172%2C221%2C62%2C188%2C189%2C55%2C279%2C30%2C74%2C233%2C232%2C231%2C23%2C33%2C103%2C61%2C10%2C63%2C97%2C98%2C99%2C105%2C130%2C31%2C29%2C132%2C133%2C129%2C128%2C156%2C76%2C159%2C157%2C158%2C50%2C60%2C123%2C15%2C163%2C45%2C266%2C267%2C265%2C26%2C27%2C28%2C48%2C147%2C77%2C112%2C18%2C20%2C44%2C40%2C42%2C41%2C83%2C92%2C96%2C110%2C145%2C148%2C46%2C111%2C24%2C21%2C119%2C69%2C36%2C150%2C149%2C151%2C142%2C140%2C25%2C35%2C59%2C109%2C162%2C70%2C17%2C153%2C114%2C81%2C66%2C19%2C85%2C86%2C116%2C84%2C136%2C135%2C139%2C161%2C34%2C281%2C297%2C214%2C203%2C204%2C202%2C300%2C291%2C52%2C215%2C107%2C131%2C80%2C121%2C54%2C47%2C49%2C113%2C120%2C126%2C125%2C58%2C64%2C152%2C115%2C37%2C32%2C53%2C56%2C100%2C165%2C1%2C124%2C14%2C122%2C12%2C2%2C57%2C93%2C65%2C118%2C89%2C88%2C168%2C169%2C94%2C95%2C9%2C102%2C51%2C143%2C87%2C79%2C71%2C117%2C106%2C43%2C144%2C0%2C82%2C137%2C141%2C154%2C38%2C108%2C13%2C170%2C230%2C229%2C224%2C226%2C227%2C228%2C225%2C213%2C223%2C195%2C192%2C193%2C187%2C191%2C194%2C190%2C185%2C321%2C198%2C217%2C186%2C184%2C237%2C208%2C178%2C179%2C174%2C180%2C177%2C175%2C176%2C173%2C171%2C182%2C183%2C181%2C268%2C320%2C196%2C240%2C246%2C241%2C243%2C245%2C244%2C242%2C239%2C255%2C250%2C252%2C249%2C256%2C253%2C248%2C254%2C251%2C247%2C294:39:82826)
    at <anonymous> (https://connect.facebook.net/signals/config/1642213582702378?v=2.9.328&r=stable&domain=townwork.net&hme=af8aa31887db259becaf70277daef60bd8bc35c2df82c2acd4258de27ecac4b5&ex_m=104%2C207%2C155%2C22%2C72%2C73%2C146%2C68%2C67%2C11%2C164%2C90%2C16%2C138%2C127%2C39%2C75%2C78%2C134%2C160%2C166%2C8%2C4%2C5%2C7%2C6%2C3%2C91%2C101%2C167%2C172%2C221%2C62%2C188%2C189%2C55%2C279%2C30%2C74%2C233%2C232%2C231%2C23%2C33%2C103%2C61%2C10%2C63%2C97%2C98%2C99%2C105%2C130%2C31%2C29%2C132%2C133%2C129%2C128%2C156%2C76%2C159%2C157%2C158%2C50%2C60%2C123%2C15%2C163%2C45%2C266%2C267%2C265%2C26%2C27%2C28%2C48%2C147%2C77%2C112%2C18%2C20%2C44%2C40%2C42%2C41%2C83%2C92%2C96%2C110%2C145%2C148%2C46%2C111%2C24%2C21%2C119%2C69%2C36%2C150%2C149%2C151%2C142%2C140%2C25%2C35%2C59%2C109%2C162%2C70%2C17%2C153%2C114%2C81%2C66%2C19%2C85%2C86%2C116%2C84%2C136%2C135%2C139%2C161%2C34%2C281%2C297%2C214%2C203%2C204%2C202%2C300%2C291%2C52%2C215%2C107%2C131%2C80%2C121%2C54%2C47%2C49%2C113%2C120%2C126%2C125%2C58%2C64%2C152%2C115%2C37%2C32%2C53%2C56%2C100%2C165%2C1%2C124%2C14%2C122%2C12%2C2%2C57%2C93%2C65%2C118%2C89%2C88%2C168%2C169%2C94%2C95%2C9%2C102%2C51%2C143%2C87%2C79%2C71%2C117%2C106%2C43%2C144%2C0%2C82%2C137%2C141%2C154%2C38%2C108%2C13%2C170%2C230%2C229%2C224%2C226%2C227%2C228%2C225%2C213%2C223%2C195%2C192%2C193%2C187%2C191%2C194%2C190%2C185%2C321%2C198%2C217%2C186%2C184%2C237%2C208%2C178%2C179%2C174%2C180%2C177%2C175%2C176%2C173%2C171%2C182%2C183%2C181%2C268%2C320%2C196%2C240%2C246%2C241%2C243%2C245%2C244%2C242%2C239%2C255%2C250%2C252%2C249%2C256%2C253%2C248%2C254%2C251%2C247%2C294:39:81362)
    at <anonymous> (https://cdn.robee.tech/v1/sdk.js:41:11532)
    at v (https://cdn.robee.tech/v1/sdk.js:41:11312)
    at <anonymous> (https://cdn.robee.tech/v1/sdk.js:48:26160)
    at <anonymous> (https://cdn.robee.tech/v1/sdk.js:48:107845)
    at l (https://cdn.robee.tech/v1/sdk.js:48:156650)
    at <anonymous> (https://cdn.robee.tech/v1/sdk.js:48:157990)
    at <anonymous> (https://cdn.robee.tech/v1/sdk.js:48:157060)
    at a (https://cdn.robee.tech/v1/sdk.js:41:11417)
[    2358ms] [ERROR] Failed to load resource: net::ERR_CONNECTION_REFUSED @ https://dynamic.criteo.com/js/ld/ld.js?a=7949:0
[    2383ms] [ERROR] Failed to load resource: net::ERR_CONNECTION_REFUSED @ https://googleads.g.doubleclick.net/pagead/viewthroughconversion/939727538/?random=1780070101283&cv=11&fst=1780070101283&bg=ffffff&guid=ON&async=1&en=gtag.config&gtm=45be65r2v9236359545z89165586354za20gzb9165586354zd9165586354xec&gcd=13l3l3l3l1l1&dma=0&tag_exp=0~115938466~115938469~116701381~119034493~119064971&u_w=1710&u_h=1112&url=https%3A%2F%2Ftownwork.net%2Fprefectures%2Ftokyo%2Fjob_search%2Fkw%2F%25E3%2582%25AB%25E3%2583%2595%25E3%2582%25A7%2F&rcb=4&frm=0&tiba=%E6%9D%B1%E4%BA%AC%E9%83%BD%E3%80%81%E3%82%AB%E3%83%95%E3%82%A7%E3%81%AE%E3%82%A2%E3%83%AB%E3%83%90%E3%82%A4%E3%83%88%E3%83%BB%E3%83%90%E3%82%A4%E3%83%88%E6%B1%82%E4%BA%BA%E6%83%85%E5%A0%B1%EF%BD%9C%E3%80%90%E3%82%BF%E3%82%A6%E3%83%B3%E3%83%AF%E3%83%BC&hn=www.googleadservices.com&npa=0&pscdl=noapi&auid=345582163.1780069848&uaa=arm&uab=64&uafvl=Chromium%3B148.0.7778.179%7CGoogle%2520Chrome%3B148.0.7778.179%7CNot%252FA)Brand%3B99.0.0.0&uamb=0&uam=&uap=macOS&uapv=15.7.7&uaw=0&_tu=CAI&data=event%3Dgtag.config&rfmt=3&fmt=4:0
[    2385ms] [ERROR] Failed to load resource: net::ERR_CONNECTION_REFUSED @ https://googleads.g.doubleclick.net/pagead/viewthroughconversion/939727538/?random=1780070101318&cv=11&fst=1780070101318&bg=ffffff&guid=ON&async=1&gtm=45be65r2v9236359545z89165586354za20gzb9165586354zd9165586354xea&gcd=13l3l3l3l1l1&dma=0&tag_exp=0~115938466~115938469~116701381~119034493~119064971&u_w=1710&u_h=1112&url=https%3A%2F%2Ftownwork.net%2Fprefectures%2Ftokyo%2Fjob_search%2Fkw%2F%25E3%2582%25AB%25E3%2583%2595%25E3%2582%25A7%2F&rcb=4&frm=0&tiba=%E6%9D%B1%E4%BA%AC%E9%83%BD%E3%80%81%E3%82%AB%E3%83%95%E3%82%A7%E3%81%AE%E3%82%A2%E3%83%AB%E3%83%90%E3%82%A4%E3%83%88%E3%83%BB%E3%83%90%E3%82%A4%E3%83%88%E6%B1%82%E4%BA%BA%E6%83%85%E5%A0%B1%EF%BD%9C%E3%80%90%E3%82%BF%E3%82%A6%E3%83%B3%E3%83%AF%E3%83%BC&hn=www.googleadservices.com&npa=0&pscdl=noapi&auid=345582163.1780069848&uaa=arm&uab=64&uafvl=Chromium%3B148.0.7778.179%7CGoogle%2520Chrome%3B148.0.7778.179%7CNot%252FA)Brand%3B99.0.0.0&uamb=0&uam=&uap=macOS&uapv=15.7.7&uaw=0&_tu=CA&data=event%3Dview_item_list%3Bid%3D1d51da6b279b7dfb%2C3ecbfe106c5b3f06%2C2491407674435fd7%3Bgoogle_business_vertical%3Djobs&rfmt=3&fmt=4:0
[    2646ms] [ERROR] Failed to load resource: net::ERR_CONNECTION_REFUSED @ https://googleads.g.doubleclick.net/pagead/viewthroughconversion/939727538/?random=1780070101283&cv=11&fst=1780070101283&fmt=3&bg=ffffff&guid=ON&async=1&en=gtag.config&gtm=45be65r2v9236359545z89165586354za20gzb9165586354zd9165586354xec&gcd=13l3l3l3l1l1&dma=0&tag_exp=0~115938466~115938469~116701381~119034493~119064971&u_w=1710&u_h=1112&url=https%3A%2F%2Ftownwork.net%2Fprefectures%2Ftokyo%2Fjob_search%2Fkw%2F%25E3%2582%25AB%25E3%2583%2595%25E3%2582%25A7%2F&rcb=4&frm=0&tiba=%E6%9D%B1%E4%BA%AC%E9%83%BD%E3%80%81%E3%82%AB%E3%83%95%E3%82%A7%E3%81%AE%E3%82%A2%E3%83%AB%E3%83%90%E3%82%A4%E3%83%88%E3%83%BB%E3%83%90%E3%82%A4%E3%83%88%E6%B1%82%E4%BA%BA%E6%83%85%E5%A0%B1%EF%BD%9C%E3%80%90%E3%82%BF%E3%82%A6%E3%83%B3%E3%83%AF%E3%83%BC&hn=www.googleadservices.com&npa=0&pscdl=noapi&auid=345582163.1780069848&uaa=arm&uab=64&uafvl=Chromium%3B148.0.7778.179%7CGoogle%2520Chrome%3B148.0.7778.179%7CNot%252FA)Brand%3B99.0.0.0&uamb=0&uam=&uap=macOS&uapv=15.7.7&uaw=0&_tu=CAI&data=event%3Dgtag.config:0
[    2646ms] [ERROR] Failed to load resource: net::ERR_CONNECTION_REFUSED @ https://googleads.g.doubleclick.net/pagead/viewthroughconversion/939727538/?random=1780070101318&cv=11&fst=1780070101318&fmt=3&bg=ffffff&guid=ON&async=1&gtm=45be65r2v9236359545z89165586354za20gzb9165586354zd9165586354xea&gcd=13l3l3l3l1l1&dma=0&tag_exp=0~115938466~115938469~116701381~119034493~119064971&u_w=1710&u_h=1112&url=https%3A%2F%2Ftownwork.net%2Fprefectures%2Ftokyo%2Fjob_search%2Fkw%2F%25E3%2582%25AB%25E3%2583%2595%25E3%2582%25A7%2F&rcb=4&frm=0&tiba=%E6%9D%B1%E4%BA%AC%E9%83%BD%E3%80%81%E3%82%AB%E3%83%95%E3%82%A7%E3%81%AE%E3%82%A2%E3%83%AB%E3%83%90%E3%82%A4%E3%83%88%E3%83%BB%E3%83%90%E3%82%A4%E3%83%88%E6%B1%82%E4%BA%BA%E6%83%85%E5%A0%B1%EF%BD%9C%E3%80%90%E3%82%BF%E3%82%A6%E3%83%B3%E3%83%AF%E3%83%BC&hn=www.googleadservices.com&npa=0&pscdl=noapi&auid=345582163.1780069848&uaa=arm&uab=64&uafvl=Chromium%3B148.0.7778.179%7CGoogle%2520Chrome%3B148.0.7778.179%7CNot%252FA)Brand%3B99.0.0.0&uamb=0&uam=&uap=macOS&uapv=15.7.7&uaw=0&_tu=CA&data=event%3Dview_item_list%3Bid%3D1d51da6b279b7dfb%2C3ecbfe106c5b3f06%2C2491407674435fd7%3Bgoogle_business_vertical%3Djobs:0
[    2654ms] [ERROR] Failed to load resource: net::ERR_CONNECTION_REFUSED @ https://apm.yahoo.co.jp/tags/2e6a891e-ffa6-47f7-8771-99685895f809/events/view_listing?txid=&currency=JPY&lysu=a8d2b2b5-6e4f-4d6b-9fb7-96ced81f581f&brands=%22Chromium%22%3B+v%3D%22148.0.7778.179%22%2C+%22Google+Chrome%22%3B+v%3D%22148.0.7778.179%22%2C+%22Not%2FA%29Brand%22%3B+v%3D%2299.0.0.0%22&platform=%22macOS%22&platform_version=%2215.7.7%22&ref=https%3A%2F%2Ftownwork.net%2Fprefectures%2Ftokyo%2Fjob_search%2Fkw%2F%25E3%2582%25AB%25E3%2583%2595%25E3%2582%25A7%2F&rref=&test=0&impl=lytag&pvid=4sll0dx7nmjmpr3s005&sosu=c&r=1780070102.4583738&v=1.1.21&is_ext_tx=1:0
[    4337ms] [ERROR] Failed to load resource: net::ERR_CONNECTION_REFUSED @ https://events.launchdarkly.com/events/bulk/6659934070b3d6101f7ac6ea:0
[    4339ms] [ERROR] Failed to load resource: net::ERR_CONNECTION_REFUSED @ https://events.launchdarkly.com/events/bulk/6659934070b3d6101f7ac6ea:0
[  650993ms] [ERROR] Failed to load resource: net::ERR_CONNECTION_REFUSED @ https://events.launchdarkly.com/events/diagnostic/6659934070b3d6101f7ac6ea:0
[  650994ms] [ERROR] Failed to load resource: net::ERR_CONNECTION_REFUSED @ https://events.launchdarkly.com/events/diagnostic/6659934070b3d6101f7ac6ea:0
