[    1082ms] [ERROR] Failed to load resource: net::ERR_CONNECTION_REFUSED @ https://tags.creativecdn.com/PVOTPkX3WnRg88IIkRpV.js:0
[    1082ms] [ERROR] Failed to load resource: net::ERR_CONNECTION_REFUSED @ https://static.ads-twitter.com/uwt.js:0
[    1082ms] [ERROR] Failed to load resource: net::ERR_CONNECTION_REFUSED @ https://www.google-analytics.com/analytics.js:0
[    1082ms] [ERROR] Failed to load resource: net::ERR_CONNECTION_REFUSED @ https://trj.valuecommerce.com/vclp.js:0
[    1082ms] [ERROR] Failed to load resource: net::ERR_CONNECTION_REFUSED @ https://cdn.d2-apps.net/js/tr.js:0
[    1082ms] [ERROR] Failed to load resource: net::ERR_CONNECTION_REFUSED @ https://analytics.tiktok.com/i18n/pixel/events.js?sdkid=CVPPL7BC77U883UV9PO0&lib=ttq:0
[    1082ms] [ERROR] Failed to load resource: net::ERR_CONNECTION_REFUSED @ https://analytics.tiktok.com/i18n/pixel/events.js?sdkid=CURCL3RC77UF169S5MTG&lib=ttq:0
[    1082ms] [ERROR] Failed to load resource: net::ERR_CONNECTION_REFUSED @ https://dmp.im-apps.net/js/1024165/0001/itm.js:0
[    1082ms] [ERROR] Failed to load resource: net::ERR_CONNECTION_REFUSED @ https://cd.ladsp.com/script/vts2.js:0
[    1082ms] [ERROR] Failed to load resource: net::ERR_CONNECTION_REFUSED @ https://cd.ladsp.com/script/pixel2_p_delay.js:0
[    1082ms] [ERROR] Failed to load resource: net::ERR_CONNECTION_REFUSED @ https://cd.ladsp.com/script/pixel2.js:0
[    1158ms] [ERROR] Failed to load resource: net::ERR_CONNECTION_REFUSED @ https://trj.valuecommerce.com/vclp.js:0
[    1306ms] [ERROR] Failed to load resource: net::ERR_CONNECTION_REFUSED @ https://googleads.g.doubleclick.net/pagead/viewthroughconversion/960623014/?random=1780071361463&cv=11&fst=1780071361463&bg=ffffff&guid=ON&async=1&en=gtag.config&gtm=45be65r2v9168568953z89165586354za20gzb9165586354zd9165586354xec&gcd=13l3l3l3l1l1&dma=0&tag_exp=0~115938465~115938468~116701381~119027223~119034491~119064971&u_w=1710&u_h=1112&url=https%3A%2F%2Ftownwork.net%2Fprefectures%2Ftokyo%2Fjob_search%2F&rcb=6&frm=0&tiba=%E6%9D%B1%E4%BA%AC%E9%83%BD%E3%81%AE%E3%82%A2%E3%83%AB%E3%83%90%E3%82%A4%E3%83%88%E3%83%BB%E3%83%90%E3%82%A4%E3%83%88%E6%B1%82%E4%BA%BA%E6%83%85%E5%A0%B1%EF%BD%9C%E3%80%90%E3%82%BF%E3%82%A6%E3%83%B3%E3%83%AF%E3%83%BC%E3%82%AF%E3%80%91%E3%81%A7%E3%83%90&hn=www.googleadservices.com&npa=0&pscdl=noapi&auid=345582163.1780069848&uaa=arm&uab=64&uafvl=Chromium%3B148.0.7778.179%7CGoogle%2520Chrome%3B148.0.7778.179%7CNot%252FA)Brand%3B99.0.0.0&uamb=0&uam=&uap=macOS&uapv=15.7.7&uaw=0&data=event%3Dgtag.config&rfmt=3&fmt=4:0
[    1323ms] [ERROR] Failed to load resource: net::ERR_CONNECTION_REFUSED @ https://googleads.g.doubleclick.net/pagead/viewthroughconversion/954992434/?random=1780071361485&cv=11&fst=1780071361485&bg=ffffff&guid=ON&async=1&en=gtag.config&gtm=45be65r2v9101344674z89165586354za20gzb9165586354zd9165586354xec&gcd=13l3l3l3l1l1&dma=0&tag_exp=0~115938465~115938469~116701381~119034493~119064590&u_w=1710&u_h=1112&url=https%3A%2F%2Ftownwork.net%2Fprefectures%2Ftokyo%2Fjob_search%2F&rcb=10&frm=0&tiba=%E6%9D%B1%E4%BA%AC%E9%83%BD%E3%81%AE%E3%82%A2%E3%83%AB%E3%83%90%E3%82%A4%E3%83%88%E3%83%BB%E3%83%90%E3%82%A4%E3%83%88%E6%B1%82%E4%BA%BA%E6%83%85%E5%A0%B1%EF%BD%9C%E3%80%90%E3%82%BF%E3%82%A6%E3%83%B3%E3%83%AF%E3%83%BC%E3%82%AF%E3%80%91%E3%81%A7%E3%83%90&hn=www.googleadservices.com&npa=0&pscdl=noapi&auid=345582163.1780069848&uaa=arm&uab=64&uafvl=Chromium%3B148.0.7778.179%7CGoogle%2520Chrome%3B148.0.7778.179%7CNot%252FA)Brand%3B99.0.0.0&uamb=0&uam=&uap=macOS&uapv=15.7.7&uaw=0&data=event%3Dgtag.config&rfmt=3&fmt=4:0
[    1350ms] [ERROR] Failed to load resource: net::ERR_CONNECTION_REFUSED @ https://googleads.g.doubleclick.net/pagead/viewthroughconversion/939727538/?random=1780071361509&cv=11&fst=1780071361509&bg=ffffff&guid=ON&async=1&en=gtag.config&gtm=45be65r2v9236359545z89165586354za20gzb9165586354zd9165586354xec&gcd=13l3l3l3l1l1&dma=0&tag_exp=0~115938465~115938469~116701381~119034491&u_w=1710&u_h=1112&url=https%3A%2F%2Ftownwork.net%2Fprefectures%2Ftokyo%2Fjob_search%2F&rcb=11&frm=0&tiba=%E6%9D%B1%E4%BA%AC%E9%83%BD%E3%81%AE%E3%82%A2%E3%83%AB%E3%83%90%E3%82%A4%E3%83%88%E3%83%BB%E3%83%90%E3%82%A4%E3%83%88%E6%B1%82%E4%BA%BA%E6%83%85%E5%A0%B1%EF%BD%9C%E3%80%90%E3%82%BF%E3%82%A6%E3%83%B3%E3%83%AF%E3%83%BC%E3%82%AF%E3%80%91%E3%81%A7%E3%83%90&hn=www.googleadservices.com&npa=0&pscdl=noapi&auid=345582163.1780069848&uaa=arm&uab=64&uafvl=Chromium%3B148.0.7778.179%7CGoogle%2520Chrome%3B148.0.7778.179%7CNot%252FA)Brand%3B99.0.0.0&uamb=0&uam=&uap=macOS&uapv=15.7.7&uaw=0&data=event%3Dgtag.config&rfmt=3&fmt=4:0
[    1350ms] [ERROR] Failed to load resource: net::ERR_CONNECTION_REFUSED @ https://googleads.g.doubleclick.net/pagead/viewthroughconversion/939727538/?random=1780071361518&cv=11&fst=1780071361518&bg=ffffff&guid=ON&async=1&en=gtag.config&gtm=45be65r2v9236359545z89165586354za20gzb9165586354zd9165586354xec&gcd=13l3l3l3l1l1&dma=0&tag_exp=0~115938465~115938469~116701381~119034491&u_w=1710&u_h=1112&url=https%3A%2F%2Ftownwork.net%2Fprefectures%2Ftokyo%2Fjob_search%2F&rcb=11&frm=0&tiba=%E6%9D%B1%E4%BA%AC%E9%83%BD%E3%81%AE%E3%82%A2%E3%83%AB%E3%83%90%E3%82%A4%E3%83%88%E3%83%BB%E3%83%90%E3%82%A4%E3%83%88%E6%B1%82%E4%BA%BA%E6%83%85%E5%A0%B1%EF%BD%9C%E3%80%90%E3%82%BF%E3%82%A6%E3%83%B3%E3%83%AF%E3%83%BC%E3%82%AF%E3%80%91%E3%81%A7%E3%83%90&hn=www.googleadservices.com&npa=0&pscdl=noapi&auid=345582163.1780069848&uaa=arm&uab=64&uafvl=Chromium%3B148.0.7778.179%7CGoogle%2520Chrome%3B148.0.7778.179%7CNot%252FA)Brand%3B99.0.0.0&uamb=0&uam=&uap=macOS&uapv=15.7.7&uaw=0&_tu=CAI&data=event%3Dgtag.config&rfmt=3&fmt=4:0
[    1373ms] [ERROR] Failed to load resource: net::ERR_CONNECTION_REFUSED @ https://apm.yahoo.co.jp/tags/2e6a891e-ffa6-47f7-8771-99685895f809/events/page_view?label=&lysu=a8d2b2b5-6e4f-4d6b-9fb7-96ced81f581f&brands=%22Chromium%22%3B+v%3D%22148.0.7778.179%22%2C+%22Google+Chrome%22%3B+v%3D%22148.0.7778.179%22%2C+%22Not%2FA%29Brand%22%3B+v%3D%2299.0.0.0%22&platform=%22macOS%22&platform_version=%2215.7.7%22&ref=https%3A%2F%2Ftownwork.net%2Fprefectures%2Ftokyo%2Fjob_search%2F&rref=&test=0&impl=lytag&pvid=3qs8qmj7ndxmpr4j11j&sosu=c&r=1780071361.6289995&v=1.1.21&is_ext_tx=1&hc=0:0
[    1377ms] [LOG] Robee#init @ https://cdn.robee.tech/v1/sdk.js:13
[    1381ms] [ERROR] Failed to load resource: net::ERR_CONNECTION_REFUSED @ https://dmp.im-apps.net/scripts/im-uid-hook.js?cid=11283:0
[    1390ms] [ERROR] Failed to load resource: net::ERR_CONNECTION_REFUSED @ https://googleads.g.doubleclick.net/pagead/viewthroughconversion/960623014/?random=1780071361463&cv=11&fst=1780071361463&fmt=3&bg=ffffff&guid=ON&async=1&en=gtag.config&gtm=45be65r2v9168568953z89165586354za20gzb9165586354zd9165586354xec&gcd=13l3l3l3l1l1&dma=0&tag_exp=0~115938465~115938468~116701381~119027223~119034491~119064971&u_w=1710&u_h=1112&url=https%3A%2F%2Ftownwork.net%2Fprefectures%2Ftokyo%2Fjob_search%2F&rcb=6&frm=0&tiba=%E6%9D%B1%E4%BA%AC%E9%83%BD%E3%81%AE%E3%82%A2%E3%83%AB%E3%83%90%E3%82%A4%E3%83%88%E3%83%BB%E3%83%90%E3%82%A4%E3%83%88%E6%B1%82%E4%BA%BA%E6%83%85%E5%A0%B1%EF%BD%9C%E3%80%90%E3%82%BF%E3%82%A6%E3%83%B3%E3%83%AF%E3%83%BC%E3%82%AF%E3%80%91%E3%81%A7%E3%83%90&hn=www.googleadservices.com&npa=0&pscdl=noapi&auid=345582163.1780069848&uaa=arm&uab=64&uafvl=Chromium%3B148.0.7778.179%7CGoogle%2520Chrome%3B148.0.7778.179%7CNot%252FA)Brand%3B99.0.0.0&uamb=0&uam=&uap=macOS&uapv=15.7.7&uaw=0&data=event%3Dgtag.config:0
[    1390ms] [ERROR] Failed to load resource: net::ERR_CONNECTION_REFUSED @ https://googleads.g.doubleclick.net/pagead/viewthroughconversion/954992434/?random=1780071361485&cv=11&fst=1780071361485&fmt=3&bg=ffffff&guid=ON&async=1&en=gtag.config&gtm=45be65r2v9101344674z89165586354za20gzb9165586354zd9165586354xec&gcd=13l3l3l3l1l1&dma=0&tag_exp=0~115938465~115938469~116701381~119034493~119064590&u_w=1710&u_h=1112&url=https%3A%2F%2Ftownwork.net%2Fprefectures%2Ftokyo%2Fjob_search%2F&rcb=10&frm=0&tiba=%E6%9D%B1%E4%BA%AC%E9%83%BD%E3%81%AE%E3%82%A2%E3%83%AB%E3%83%90%E3%82%A4%E3%83%88%E3%83%BB%E3%83%90%E3%82%A4%E3%83%88%E6%B1%82%E4%BA%BA%E6%83%85%E5%A0%B1%EF%BD%9C%E3%80%90%E3%82%BF%E3%82%A6%E3%83%B3%E3%83%AF%E3%83%BC%E3%82%AF%E3%80%91%E3%81%A7%E3%83%90&hn=www.googleadservices.com&npa=0&pscdl=noapi&auid=345582163.1780069848&uaa=arm&uab=64&uafvl=Chromium%3B148.0.7778.179%7CGoogle%2520Chrome%3B148.0.7778.179%7CNot%252FA)Brand%3B99.0.0.0&uamb=0&uam=&uap=macOS&uapv=15.7.7&uaw=0&data=event%3Dgtag.config:0
[    1390ms] [ERROR] Failed to load resource: net::ERR_CONNECTION_REFUSED @ https://sync.im-apps.net/imid/segment?token=zeBmtLBQ_7DGM09UZqwoBg&callback=im_audience.callbackLoad:0
[    1391ms] [ERROR] Failed to load resource: net::ERR_CONNECTION_REFUSED @ https://googleads.g.doubleclick.net/pagead/viewthroughconversion/991209964/?random=1780071361559&cv=11&fst=1780071361559&bg=ffffff&guid=ON&async=1&gtm=45be65r2z89165586354za20gzb9165586354zd9165586354xea&gcd=13l3l3l3l1l1&dma=0&tag_exp=0~115616985~115938465~115938469~116701381~118228214~119034493&u_w=1710&u_h=1112&url=https%3A%2F%2Ftownwork.net%2Fprefectures%2Ftokyo%2Fjob_search%2F&rcb=0&label=VYDVCJSc7QgQ7NPS2AM&frm=0&tiba=%E6%9D%B1%E4%BA%AC%E9%83%BD%E3%81%AE%E3%82%A2%E3%83%AB%E3%83%90%E3%82%A4%E3%83%88%E3%83%BB%E3%83%90%E3%82%A4%E3%83%88%E6%B1%82%E4%BA%BA%E6%83%85%E5%A0%B1%EF%BD%9C%E3%80%90%E3%82%BF%E3%82%A6%E3%83%B3%E3%83%AF%E3%83%BC%E3%82%AF%E3%80%91%E3%81%A7%E3%83%90&hn=www.googleadservices.com&rdp=1&npa=0&pscdl=noapi&auid=345582163.1780069848&uaa=arm&uab=64&uafvl=Chromium%3B148.0.7778.179%7CGoogle%2520Chrome%3B148.0.7778.179%7CNot%252FA)Brand%3B99.0.0.0&uamb=0&uam=&uap=macOS&uapv=15.7.7&uaw=0&_tu=CAI&data=google_custom_params%3Dwindow.google_tag_params&rfmt=3&fmt=4:0
[    1398ms] [ERROR] Failed to load resource: net::ERR_CONNECTION_REFUSED @ https://c-c00.ma-tag.com/?o=0:0
[    1398ms] [ERROR] Failed to load resource: net::ERR_CONNECTION_REFUSED @ https://c-c03.ma-tag.com/?o=3:0
[    1398ms] [ERROR] Failed to load resource: net::ERR_CONNECTION_REFUSED @ https://c-c01.ma-tag.com/?o=1:0
[    1398ms] [ERROR] Failed to load resource: net::ERR_CONNECTION_REFUSED @ https://c-c02.ma-tag.com/?o=2:0
[    1398ms] [ERROR] Failed to load resource: net::ERR_CONNECTION_REFUSED @ https://c-c04.ma-tag.com/?o=4:0
[    1398ms] [ERROR] Failed to load resource: net::ERR_CONNECTION_REFUSED @ https://c-c05.ma-tag.com/?o=5:0
[    1398ms] [ERROR] Failed to load resource: net::ERR_CONNECTION_REFUSED @ https://c-c07.ma-tag.com/?o=7:0
[    1398ms] [ERROR] Failed to load resource: net::ERR_CONNECTION_REFUSED @ https://c-c06.ma-tag.com/?o=6:0
[    1398ms] [ERROR] Failed to load resource: net::ERR_CONNECTION_REFUSED @ https://c-c08.ma-tag.com/?o=8:0
[    1399ms] [ERROR] Failed to load resource: net::ERR_CONNECTION_REFUSED @ https://c-c09.ma-tag.com/?o=9:0
[    1400ms] [ERROR] Failed to load resource: net::ERR_CONNECTION_REFUSED @ https://c-c10.ma-tag.com/?o=10:0
[    1400ms] [ERROR] Failed to load resource: net::ERR_CONNECTION_REFUSED @ https://c-c11.ma-tag.com/?o=11:0
[    1410ms] [ERROR] Failed to load resource: net::ERR_CONNECTION_REFUSED @ https://googleads.g.doubleclick.net/pagead/viewthroughconversion/939727538/?random=1780071361509&cv=11&fst=1780071361509&fmt=3&bg=ffffff&guid=ON&async=1&en=gtag.config&gtm=45be65r2v9236359545z89165586354za20gzb9165586354zd9165586354xec&gcd=13l3l3l3l1l1&dma=0&tag_exp=0~115938465~115938469~116701381~119034491&u_w=1710&u_h=1112&url=https%3A%2F%2Ftownwork.net%2Fprefectures%2Ftokyo%2Fjob_search%2F&rcb=11&frm=0&tiba=%E6%9D%B1%E4%BA%AC%E9%83%BD%E3%81%AE%E3%82%A2%E3%83%AB%E3%83%90%E3%82%A4%E3%83%88%E3%83%BB%E3%83%90%E3%82%A4%E3%83%88%E6%B1%82%E4%BA%BA%E6%83%85%E5%A0%B1%EF%BD%9C%E3%80%90%E3%82%BF%E3%82%A6%E3%83%B3%E3%83%AF%E3%83%BC%E3%82%AF%E3%80%91%E3%81%A7%E3%83%90&hn=www.googleadservices.com&npa=0&pscdl=noapi&auid=345582163.1780069848&uaa=arm&uab=64&uafvl=Chromium%3B148.0.7778.179%7CGoogle%2520Chrome%3B148.0.7778.179%7CNot%252FA)Brand%3B99.0.0.0&uamb=0&uam=&uap=macOS&uapv=15.7.7&uaw=0&data=event%3Dgtag.config:0
[    1410ms] [ERROR] Failed to load resource: net::ERR_CONNECTION_REFUSED @ https://googleads.g.doubleclick.net/pagead/viewthroughconversion/939727538/?random=1780071361518&cv=11&fst=1780071361518&fmt=3&bg=ffffff&guid=ON&async=1&en=gtag.config&gtm=45be65r2v9236359545z89165586354za20gzb9165586354zd9165586354xec&gcd=13l3l3l3l1l1&dma=0&tag_exp=0~115938465~115938469~116701381~119034491&u_w=1710&u_h=1112&url=https%3A%2F%2Ftownwork.net%2Fprefectures%2Ftokyo%2Fjob_search%2F&rcb=11&frm=0&tiba=%E6%9D%B1%E4%BA%AC%E9%83%BD%E3%81%AE%E3%82%A2%E3%83%AB%E3%83%90%E3%82%A4%E3%83%88%E3%83%BB%E3%83%90%E3%82%A4%E3%83%88%E6%B1%82%E4%BA%BA%E6%83%85%E5%A0%B1%EF%BD%9C%E3%80%90%E3%82%BF%E3%82%A6%E3%83%B3%E3%83%AF%E3%83%BC%E3%82%AF%E3%80%91%E3%81%A7%E3%83%90&hn=www.googleadservices.com&npa=0&pscdl=noapi&auid=345582163.1780069848&uaa=arm&uab=64&uafvl=Chromium%3B148.0.7778.179%7CGoogle%2520Chrome%3B148.0.7778.179%7CNot%252FA)Brand%3B99.0.0.0&uamb=0&uam=&uap=macOS&uapv=15.7.7&uaw=0&_tu=CAI&data=event%3Dgtag.config:0
[    1410ms] [ERROR] Failed to load resource: net::ERR_CONNECTION_REFUSED @ https://c-c12.ma-tag.com/?o=12:0
[    1410ms] [ERROR] Failed to load resource: net::ERR_CONNECTION_REFUSED @ https://c-c13.ma-tag.com/?o=13:0
[    1410ms] [ERROR] Failed to load resource: net::ERR_CONNECTION_REFUSED @ https://c-c14.ma-tag.com/?o=14:0
[    1410ms] [ERROR] Failed to load resource: net::ERR_CONNECTION_REFUSED @ https://c-c15.ma-tag.com/?o=15:0
[    1410ms] [ERROR] Failed to load resource: net::ERR_CONNECTION_REFUSED @ https://ivs.ma-tag.com/v1/echo:0
[    1411ms] [ERROR] Failed to load resource: net::ERR_CONNECTION_REFUSED @ https://c-c00.ma-tag.com/?o=0:0
[    1411ms] [ERROR] Failed to load resource: net::ERR_CONNECTION_REFUSED @ https://c-c01.ma-tag.com/?o=1:0
[    1411ms] [ERROR] Failed to load resource: net::ERR_CONNECTION_REFUSED @ https://c-c02.ma-tag.com/?o=2:0
[    1411ms] [ERROR] Failed to load resource: net::ERR_CONNECTION_REFUSED @ https://c-c03.ma-tag.com/?o=3:0
[    1411ms] [ERROR] Failed to load resource: net::ERR_CONNECTION_REFUSED @ https://c-c04.ma-tag.com/?o=4:0
[    1411ms] [ERROR] Failed to load resource: net::ERR_CONNECTION_REFUSED @ https://c-c05.ma-tag.com/?o=5:0
[    1411ms] [ERROR] Failed to load resource: net::ERR_CONNECTION_REFUSED @ https://c-c06.ma-tag.com/?o=6:0
[    1411ms] [ERROR] Failed to load resource: net::ERR_CONNECTION_REFUSED @ https://c-c07.ma-tag.com/?o=7:0
[    1411ms] [ERROR] Failed to load resource: net::ERR_CONNECTION_REFUSED @ https://c-c08.ma-tag.com/?o=8:0
[    1412ms] [ERROR] Failed to load resource: net::ERR_CONNECTION_REFUSED @ https://c-c09.ma-tag.com/?o=9:0
[    1412ms] [ERROR] Failed to load resource: net::ERR_CONNECTION_REFUSED @ https://c-c10.ma-tag.com/?o=10:0
[    1412ms] [ERROR] Failed to load resource: net::ERR_CONNECTION_REFUSED @ https://c-c11.ma-tag.com/?o=11:0
[    1412ms] [ERROR] Failed to load resource: net::ERR_CONNECTION_REFUSED @ https://c-c12.ma-tag.com/?o=12:0
[    1412ms] [ERROR] Failed to load resource: net::ERR_CONNECTION_REFUSED @ https://c-c13.ma-tag.com/?o=13:0
[    1412ms] [ERROR] Failed to load resource: net::ERR_CONNECTION_REFUSED @ https://c-c14.ma-tag.com/?o=14:0
[    1412ms] [ERROR] Failed to load resource: net::ERR_CONNECTION_REFUSED @ https://c-c15.ma-tag.com/?o=15:0
[    1412ms] [ERROR] Failed to load resource: net::ERR_CONNECTION_REFUSED @ https://ivs.ma-tag.com/v1/echo:0
[    1413ms] [ERROR] Failed to load resource: net::ERR_CONNECTION_REFUSED @ https://b99.yahoo.co.jp/pagead/conversion_async.js:0
[    1413ms] [ERROR] Failed to load resource: net::ERR_CONNECTION_REFUSED @ https://collector.ma-tag.com/api/v1/collect:0
[    1414ms] Uncaught (in promise) TypeError: Failed to fetch
    at ea.fetch (https://townwork.net/_next/static/chunks/pages/_app-452e3177b072d379.js:41:160765)
    at <anonymous> (https://townwork.net/_next/static/chunks/pages/_app-452e3177b072d379.js:41:160952)
    at ei.fetch (https://townwork.net/_next/static/chunks/pages/_app-452e3177b072d379.js:50:39215)
    at <anonymous> (https://townwork.net/_next/static/chunks/pages/_app-452e3177b072d379.js:50:39521)
    at <anonymous> (https://cdn.robee.tech/v1/sdk.js:48:26531)
    at <anonymous> (https://cdn.robee.tech/v1/sdk.js:48:25646)
    at l (https://cdn.robee.tech/v1/sdk.js:48:156650)
    at <anonymous> (https://cdn.robee.tech/v1/sdk.js:48:157990)
    at <anonymous> (https://cdn.robee.tech/v1/sdk.js:48:157060)
    at <anonymous> (https://cdn.robee.tech/v1/sdk.js:41:11532)
    at v (https://cdn.robee.tech/v1/sdk.js:41:11312)
    at <anonymous> (https://cdn.robee.tech/v1/sdk.js:48:25498)
    at <anonymous> (https://cdn.robee.tech/v1/sdk.js:48:26436)
    at l (https://cdn.robee.tech/v1/sdk.js:48:156650)
    at <anonymous> (https://cdn.robee.tech/v1/sdk.js:48:157990)
    at <anonymous> (https://cdn.robee.tech/v1/sdk.js:48:157060)
    at <anonymous> (https://cdn.robee.tech/v1/sdk.js:41:11532)
    at v (https://cdn.robee.tech/v1/sdk.js:41:11312)
    at <anonymous> (https://cdn.robee.tech/v1/sdk.js:48:26160)
    at <anonymous> (https://cdn.robee.tech/v1/sdk.js:48:86520)
    at l (https://cdn.robee.tech/v1/sdk.js:48:156650)
    at <anonymous> (https://cdn.robee.tech/v1/sdk.js:48:157990)
    at <anonymous> (https://cdn.robee.tech/v1/sdk.js:48:157060)
    at a (https://cdn.robee.tech/v1/sdk.js:41:11417)
[    1418ms] [ERROR] Failed to load resource: net::ERR_CONNECTION_REFUSED @ https://apm.yahoo.co.jp/rt/?p=EQK1Y3449E&label=&ref=https%3A%2F%2Ftownwork.net%2Fprefectures%2Ftokyo%2Fjob_search%2F&rref=&pt=&item=&cat=&price=&quantity=&et_optout=false&r=1780071362.2298083&pvid=zaukgafflmhmpr4j12f&su=871e6996-7cdb-4353-9c60-5aa349444b08&__lt__cid_valid=false&_impl=ytag&brands=%22Chromium%22%3B%20v%3D%22148.0.7778.179%22%2C%20%22Google%20Chrome%22%3B%20v%3D%22148.0.7778.179%22%2C%20%22Not%2FA)Brand%22%3B%20v%3D%2299.0.0.0%22&platform=%22macOS%22&platform_version=%2215.7.7%22:0
[    1418ms] [ERROR] Failed to load resource: net::ERR_CONNECTION_REFUSED @ https://collector.ma-tag.com/api/v1/collect:0
[    1418ms] [ERROR] Failed to load resource: net::ERR_CONNECTION_REFUSED @ https://ct.ma-tag.com/echo:0
[    1418ms] [LOG] TypeError: Failed to fetch
    at e.<anonymous> (https://cdn.robee.tech/v1/sdk.js:49:8770)
    at l (https://cdn.robee.tech/v1/sdk.js:49:156651)
    at Generator.<anonymous> (https://cdn.robee.tech/v1/sdk.js:49:157991)
    at Generator.next (https://cdn.robee.tech/v1/sdk.js:49:157061)
    at i (https://cdn.robee.tech/v1/sdk.js:42:11366) @ https://cdn.robee.tech/v1/sdk.js:48
[    1419ms] [ERROR] Failed to load resource: net::ERR_CONNECTION_REFUSED @ https://ct.ma-tag.com/echo:0
[    1419ms] [LOG] TypeError: Failed to fetch
    at e.<anonymous> (https://cdn.robee.tech/v1/sdk.js:49:8770)
    at l (https://cdn.robee.tech/v1/sdk.js:49:156651)
    at Generator.<anonymous> (https://cdn.robee.tech/v1/sdk.js:49:157991)
    at Generator.next (https://cdn.robee.tech/v1/sdk.js:49:157061)
    at i (https://cdn.robee.tech/v1/sdk.js:42:11366) @ https://cdn.robee.tech/v1/sdk.js:48
[    1420ms] Uncaught (in promise) TypeError: Failed to fetch
    at ea.fetch (https://townwork.net/_next/static/chunks/pages/_app-452e3177b072d379.js:41:160765)
    at <anonymous> (https://townwork.net/_next/static/chunks/pages/_app-452e3177b072d379.js:41:160952)
    at ei.fetch (https://townwork.net/_next/static/chunks/pages/_app-452e3177b072d379.js:50:39215)
    at <anonymous> (https://townwork.net/_next/static/chunks/pages/_app-452e3177b072d379.js:50:39521)
    at <anonymous> (https://cdn.robee.tech/v1/sdk.js:48:26531)
    at <anonymous> (https://cdn.robee.tech/v1/sdk.js:48:25646)
    at l (https://cdn.robee.tech/v1/sdk.js:48:156650)
    at <anonymous> (https://cdn.robee.tech/v1/sdk.js:48:157990)
    at <anonymous> (https://cdn.robee.tech/v1/sdk.js:48:157060)
    at <anonymous> (https://cdn.robee.tech/v1/sdk.js:41:11532)
    at v (https://cdn.robee.tech/v1/sdk.js:41:11312)
    at <anonymous> (https://cdn.robee.tech/v1/sdk.js:48:25498)
    at <anonymous> (https://cdn.robee.tech/v1/sdk.js:48:26436)
    at l (https://cdn.robee.tech/v1/sdk.js:48:156650)
    at <anonymous> (https://cdn.robee.tech/v1/sdk.js:48:157990)
    at <anonymous> (https://cdn.robee.tech/v1/sdk.js:48:157060)
    at <anonymous> (https://cdn.robee.tech/v1/sdk.js:41:11532)
    at v (https://cdn.robee.tech/v1/sdk.js:41:11312)
    at <anonymous> (https://cdn.robee.tech/v1/sdk.js:48:26160)
    at <anonymous> (https://cdn.robee.tech/v1/sdk.js:48:82705)
    at l (https://cdn.robee.tech/v1/sdk.js:48:156650)
    at <anonymous> (https://cdn.robee.tech/v1/sdk.js:48:157990)
    at <anonymous> (https://cdn.robee.tech/v1/sdk.js:48:157060)
    at a (https://cdn.robee.tech/v1/sdk.js:41:11417)
[    1431ms] [ERROR] Failed to load resource: net::ERR_CONNECTION_REFUSED @ https://x.ma-tag.com/api/v1/identify:0
[    1432ms] [ERROR] Failed to load resource: net::ERR_CONNECTION_REFUSED @ https://collector.ma-tag.com/api/v1/collect:0
[    1432ms] [ERROR] Failed to load resource: net::ERR_CONNECTION_REFUSED @ https://x.ma-tag.com/api/v1/identify:0
[    1433ms] [ERROR] Failed to load resource: net::ERR_CONNECTION_REFUSED @ https://collector.ma-tag.com/api/v1/collect:0
[    1433ms] [ERROR] Failed to load resource: net::ERR_CONNECTION_REFUSED @ https://collector.ma-tag.com/api/v1/collect:0
[    1434ms] Uncaught (in promise) TypeError: Failed to fetch
    at ea.fetch (https://townwork.net/_next/static/chunks/pages/_app-452e3177b072d379.js:41:160765)
    at <anonymous> (https://townwork.net/_next/static/chunks/pages/_app-452e3177b072d379.js:41:160952)
    at ei.fetch (https://townwork.net/_next/static/chunks/pages/_app-452e3177b072d379.js:50:39215)
    at <anonymous> (https://townwork.net/_next/static/chunks/pages/_app-452e3177b072d379.js:50:39521)
    at <anonymous> (https://cdn.robee.tech/v1/sdk.js:48:26531)
    at <anonymous> (https://cdn.robee.tech/v1/sdk.js:48:25646)
    at l (https://cdn.robee.tech/v1/sdk.js:48:156650)
    at <anonymous> (https://cdn.robee.tech/v1/sdk.js:48:157990)
    at <anonymous> (https://cdn.robee.tech/v1/sdk.js:48:157060)
    at <anonymous> (https://cdn.robee.tech/v1/sdk.js:41:11532)
    at v (https://cdn.robee.tech/v1/sdk.js:41:11312)
    at <anonymous> (https://cdn.robee.tech/v1/sdk.js:48:25498)
    at <anonymous> (https://cdn.robee.tech/v1/sdk.js:48:26058)
    at l (https://cdn.robee.tech/v1/sdk.js:48:156650)
    at <anonymous> (https://cdn.robee.tech/v1/sdk.js:48:157990)
    at <anonymous> (https://cdn.robee.tech/v1/sdk.js:48:157060)
    at <anonymous> (https://cdn.robee.tech/v1/sdk.js:41:11532)
    at v (https://cdn.robee.tech/v1/sdk.js:41:11312)
    at <anonymous> (https://cdn.robee.tech/v1/sdk.js:48:25764)
    at <anonymous> (https://cdn.robee.tech/v1/sdk.js:48:85410)
    at l (https://cdn.robee.tech/v1/sdk.js:48:156650)
    at <anonymous> (https://cdn.robee.tech/v1/sdk.js:48:157990)
    at <anonymous> (https://cdn.robee.tech/v1/sdk.js:48:157060)
    at i (https://cdn.robee.tech/v1/sdk.js:41:11365)
[    1434ms] Uncaught (in promise) TypeError: Failed to fetch
    at ea.fetch (https://townwork.net/_next/static/chunks/pages/_app-452e3177b072d379.js:41:160765)
    at <anonymous> (https://townwork.net/_next/static/chunks/pages/_app-452e3177b072d379.js:41:160952)
    at ei.fetch (https://townwork.net/_next/static/chunks/pages/_app-452e3177b072d379.js:50:39215)
    at <anonymous> (https://townwork.net/_next/static/chunks/pages/_app-452e3177b072d379.js:50:39521)
    at <anonymous> (https://cdn.robee.tech/v1/sdk.js:48:26531)
    at <anonymous> (https://cdn.robee.tech/v1/sdk.js:48:25646)
    at l (https://cdn.robee.tech/v1/sdk.js:48:156650)
    at <anonymous> (https://cdn.robee.tech/v1/sdk.js:48:157990)
    at <anonymous> (https://cdn.robee.tech/v1/sdk.js:48:157060)
    at <anonymous> (https://cdn.robee.tech/v1/sdk.js:41:11532)
    at v (https://cdn.robee.tech/v1/sdk.js:41:11312)
    at <anonymous> (https://cdn.robee.tech/v1/sdk.js:48:25498)
    at <anonymous> (https://cdn.robee.tech/v1/sdk.js:48:26058)
    at l (https://cdn.robee.tech/v1/sdk.js:48:156650)
    at <anonymous> (https://cdn.robee.tech/v1/sdk.js:48:157990)
    at <anonymous> (https://cdn.robee.tech/v1/sdk.js:48:157060)
    at <anonymous> (https://cdn.robee.tech/v1/sdk.js:41:11532)
    at v (https://cdn.robee.tech/v1/sdk.js:41:11312)
    at <anonymous> (https://cdn.robee.tech/v1/sdk.js:48:25764)
    at <anonymous> (https://cdn.robee.tech/v1/sdk.js:48:81595)
    at l (https://cdn.robee.tech/v1/sdk.js:48:156650)
    at <anonymous> (https://cdn.robee.tech/v1/sdk.js:48:157990)
    at <anonymous> (https://cdn.robee.tech/v1/sdk.js:48:157060)
    at i (https://cdn.robee.tech/v1/sdk.js:41:11365)
[    1434ms] Uncaught (in promise) TypeError: Failed to fetch
    at ea.fetch (https://townwork.net/_next/static/chunks/pages/_app-452e3177b072d379.js:41:160765)
    at <anonymous> (https://townwork.net/_next/static/chunks/pages/_app-452e3177b072d379.js:41:160952)
    at ei.fetch (https://townwork.net/_next/static/chunks/pages/_app-452e3177b072d379.js:50:39215)
    at <anonymous> (https://townwork.net/_next/static/chunks/pages/_app-452e3177b072d379.js:50:39521)
    at <anonymous> (https://cdn.robee.tech/v1/sdk.js:48:26531)
    at <anonymous> (https://cdn.robee.tech/v1/sdk.js:48:25646)
    at l (https://cdn.robee.tech/v1/sdk.js:48:156650)
    at <anonymous> (https://cdn.robee.tech/v1/sdk.js:48:157990)
    at <anonymous> (https://cdn.robee.tech/v1/sdk.js:48:157060)
    at <anonymous> (https://cdn.robee.tech/v1/sdk.js:41:11532)
    at v (https://cdn.robee.tech/v1/sdk.js:41:11312)
    at <anonymous> (https://cdn.robee.tech/v1/sdk.js:48:25498)
    at <anonymous> (https://cdn.robee.tech/v1/sdk.js:48:26436)
    at l (https://cdn.robee.tech/v1/sdk.js:48:156650)
    at <anonymous> (https://cdn.robee.tech/v1/sdk.js:48:157990)
    at <anonymous> (https://cdn.robee.tech/v1/sdk.js:48:157060)
    at <anonymous> (https://cdn.robee.tech/v1/sdk.js:41:11532)
    at v (https://cdn.robee.tech/v1/sdk.js:41:11312)
    at <anonymous> (https://cdn.robee.tech/v1/sdk.js:48:26160)
    at <anonymous> (https://cdn.robee.tech/v1/sdk.js:48:107845)
    at l (https://cdn.robee.tech/v1/sdk.js:48:156650)
    at <anonymous> (https://cdn.robee.tech/v1/sdk.js:48:157990)
    at <anonymous> (https://cdn.robee.tech/v1/sdk.js:48:157060)
    at a (https://cdn.robee.tech/v1/sdk.js:41:11417)
[    1433ms] [ERROR] Failed to load resource: net::ERR_CONNECTION_REFUSED @ https://collector.ma-tag.com/api/v1/collect:0
[    1435ms] Uncaught (in promise) TypeError: Failed to fetch
    at ea.fetch (https://townwork.net/_next/static/chunks/pages/_app-452e3177b072d379.js:41:160765)
    at <anonymous> (https://townwork.net/_next/static/chunks/pages/_app-452e3177b072d379.js:41:160952)
    at ei.fetch (https://townwork.net/_next/static/chunks/pages/_app-452e3177b072d379.js:50:39215)
    at <anonymous> (https://townwork.net/_next/static/chunks/pages/_app-452e3177b072d379.js:50:39521)
    at <anonymous> (https://cdn.robee.tech/v1/sdk.js:48:26531)
    at <anonymous> (https://cdn.robee.tech/v1/sdk.js:48:25646)
    at l (https://cdn.robee.tech/v1/sdk.js:48:156650)
    at <anonymous> (https://cdn.robee.tech/v1/sdk.js:48:157990)
    at <anonymous> (https://cdn.robee.tech/v1/sdk.js:48:157060)
    at <anonymous> (https://cdn.robee.tech/v1/sdk.js:41:11532)
    at v (https://cdn.robee.tech/v1/sdk.js:41:11312)
    at <anonymous> (https://cdn.robee.tech/v1/sdk.js:48:25498)
    at <anonymous> (https://cdn.robee.tech/v1/sdk.js:48:26436)
    at l (https://cdn.robee.tech/v1/sdk.js:48:156650)
    at <anonymous> (https://cdn.robee.tech/v1/sdk.js:48:157990)
    at <anonymous> (https://cdn.robee.tech/v1/sdk.js:48:157060)
    at <anonymous> (https://cdn.robee.tech/v1/sdk.js:41:11532)
    at v (https://cdn.robee.tech/v1/sdk.js:41:11312)
    at <anonymous> (https://cdn.robee.tech/v1/sdk.js:48:26160)
    at <anonymous> (https://cdn.robee.tech/v1/sdk.js:48:108282)
    at l (https://cdn.robee.tech/v1/sdk.js:48:156650)
    at <anonymous> (https://cdn.robee.tech/v1/sdk.js:48:157990)
    at <anonymous> (https://cdn.robee.tech/v1/sdk.js:48:157060)
    at a (https://cdn.robee.tech/v1/sdk.js:41:11417)
[    1460ms] [ERROR] Failed to load resource: net::ERR_CONNECTION_REFUSED @ https://googleads.g.doubleclick.net/pagead/viewthroughconversion/991209964/?random=1780071361559&cv=11&fst=1780071361559&fmt=3&bg=ffffff&guid=ON&async=1&gtm=45be65r2z89165586354za20gzb9165586354zd9165586354xea&gcd=13l3l3l3l1l1&dma=0&tag_exp=0~115616985~115938465~115938469~116701381~118228214~119034493&u_w=1710&u_h=1112&url=https%3A%2F%2Ftownwork.net%2Fprefectures%2Ftokyo%2Fjob_search%2F&rcb=0&label=VYDVCJSc7QgQ7NPS2AM&frm=0&tiba=%E6%9D%B1%E4%BA%AC%E9%83%BD%E3%81%AE%E3%82%A2%E3%83%AB%E3%83%90%E3%82%A4%E3%83%88%E3%83%BB%E3%83%90%E3%82%A4%E3%83%88%E6%B1%82%E4%BA%BA%E6%83%85%E5%A0%B1%EF%BD%9C%E3%80%90%E3%82%BF%E3%82%A6%E3%83%B3%E3%83%AF%E3%83%BC%E3%82%AF%E3%80%91%E3%81%A7%E3%83%90&hn=www.googleadservices.com&rdp=1&npa=0&pscdl=noapi&auid=345582163.1780069848&uaa=arm&uab=64&uafvl=Chromium%3B148.0.7778.179%7CGoogle%2520Chrome%3B148.0.7778.179%7CNot%252FA)Brand%3B99.0.0.0&uamb=0&uam=&uap=macOS&uapv=15.7.7&uaw=0&_tu=CAI&data=google_custom_params%3Dwindow.google_tag_params:0
[    1473ms] [WARNING] [Meta Pixel] - Duplicate Pixel ID: 1642213582702378. @ https://connect.facebook.net/en_US/fbevents.js:181
[    1473ms] [WARNING] [Meta Pixel] - Duplicate Pixel ID: 1186300576813409. @ https://connect.facebook.net/en_US/fbevents.js:181
[    1534ms] [ERROR] Failed to load resource: net::ERR_CONNECTION_REFUSED @ https://track.robee.tech/v1/site/load?url=https%3A%2F%2Ftownwork.net%2Fprefectures%2Ftokyo%2Fjob_search%2F&ns=robee&cb=callbackLoad&apiKey=RBE-ysFt0ZSsZA8&ua=Mozilla%2F5.0%20(Macintosh%3B%20Intel%20Mac%20OS%20X%2010_15_7)%20AppleWebKit%2F537.36%20(KHTML%2C%20like%20Gecko)%20Chrome%2F148.0.0.0%20Safari%2F537.36&title=%E6%9D%B1%E4%BA%AC%E9%83%BD%E3%81%AE%E3%82%A2%E3%83%AB%E3%83%90%E3%82%A4%E3%83%88%E3%83%BB%E3%83%90%E3%82%A4%E3%83%88%E6%B1%82%E4%BA%BA%E6%83%85%E5%A0%B1%EF%BD%9C%E3%80%90%E3%82%BF%E3%82%A6%E3%83%B3%E3%83%AF%E3%83%BC%E3%82%AF%E3%80%91%E3%81%A7%E3%83%90%E3%82%A4%E3%83%88%E3%82%84%E3%83%91%E3%83%BC%E3%83%88%E3%81%AE%E3%81%8A%E4%BB%95%E4%BA%8B%E6%8E%A2%E3%81%97&tracking=true&uid=81a1961d746c121fb77a1cfb52cfbce11780069848344&sid=a9f51780069848344&tst=1780071361707&d3Tie=81a1961d746c121fb77a1cfb52cfbce11780069848344_1780071361707&rptKeys=%5B%5D&dspCounts=%7B%7D:0
[    1535ms] [ERROR] Failed to load resource: net::ERR_CONNECTION_REFUSED @ https://track.robee.tech/v1/site/RBE-ysFt0ZSsZA8/count:0
[    2100ms] [ERROR] Failed to load resource: net::ERR_CONNECTION_REFUSED @ https://dynamic.criteo.com/js/ld/ld.js?a=7949:0
[    2100ms] [ERROR] Failed to load resource: net::ERR_CONNECTION_REFUSED @ https://googleads.g.doubleclick.net/pagead/viewthroughconversion/939727538/?random=1780071362261&cv=11&fst=1780071362261&bg=ffffff&guid=ON&async=1&en=gtag.config&gtm=45be65r2v9236359545z89165586354za20gzb9165586354zd9165586354xec&gcd=13l3l3l3l1l1&dma=0&tag_exp=0~115938465~115938469~116701381~119034491&u_w=1710&u_h=1112&url=https%3A%2F%2Ftownwork.net%2Fprefectures%2Ftokyo%2Fjob_search%2F&rcb=11&frm=0&tiba=%E6%9D%B1%E4%BA%AC%E9%83%BD%E3%81%AE%E3%82%A2%E3%83%AB%E3%83%90%E3%82%A4%E3%83%88%E3%83%BB%E3%83%90%E3%82%A4%E3%83%88%E6%B1%82%E4%BA%BA%E6%83%85%E5%A0%B1%EF%BD%9C%E3%80%90%E3%82%BF%E3%82%A6%E3%83%B3%E3%83%AF%E3%83%BC%E3%82%AF%E3%80%91%E3%81%A7%E3%83%90&hn=www.googleadservices.com&npa=0&pscdl=noapi&auid=345582163.1780069848&uaa=arm&uab=64&uafvl=Chromium%3B148.0.7778.179%7CGoogle%2520Chrome%3B148.0.7778.179%7CNot%252FA)Brand%3B99.0.0.0&uamb=0&uam=&uap=macOS&uapv=15.7.7&uaw=0&data=event%3Dgtag.config&rfmt=3&fmt=4:0
[    2105ms] [ERROR] Failed to load resource: net::ERR_CONNECTION_REFUSED @ https://googleads.g.doubleclick.net/pagead/viewthroughconversion/939727538/?random=1780071362276&cv=11&fst=1780071362276&bg=ffffff&guid=ON&async=1&gtm=45be65r2v9236359545z89165586354za20gzb9165586354zd9165586354xea&gcd=13l3l3l3l1l1&dma=0&tag_exp=0~115938465~115938469~116701381~119034491&u_w=1710&u_h=1112&url=https%3A%2F%2Ftownwork.net%2Fprefectures%2Ftokyo%2Fjob_search%2F&rcb=11&frm=0&tiba=%E6%9D%B1%E4%BA%AC%E9%83%BD%E3%81%AE%E3%82%A2%E3%83%AB%E3%83%90%E3%82%A4%E3%83%88%E3%83%BB%E3%83%90%E3%82%A4%E3%83%88%E6%B1%82%E4%BA%BA%E6%83%85%E5%A0%B1%EF%BD%9C%E3%80%90%E3%82%BF%E3%82%A6%E3%83%B3%E3%83%AF%E3%83%BC%E3%82%AF%E3%80%91%E3%81%A7%E3%83%90&hn=www.googleadservices.com&npa=0&pscdl=noapi&auid=345582163.1780069848&uaa=arm&uab=64&uafvl=Chromium%3B148.0.7778.179%7CGoogle%2520Chrome%3B148.0.7778.179%7CNot%252FA)Brand%3B99.0.0.0&uamb=0&uam=&uap=macOS&uapv=15.7.7&uaw=0&_tu=CA&data=event%3Dview_item_list%3Bid%3Db533e50666ebd712%2C5d6a255e1d99c607%2Cbedceb20d69d012d%3Bgoogle_business_vertical%3Djobs&rfmt=3&fmt=4:0
[    2106ms] [ERROR] Failed to load resource: net::ERR_CONNECTION_REFUSED @ https://googleads.g.doubleclick.net/pagead/viewthroughconversion/939727538/?random=1780071362261&cv=11&fst=1780071362261&fmt=3&bg=ffffff&guid=ON&async=1&en=gtag.config&gtm=45be65r2v9236359545z89165586354za20gzb9165586354zd9165586354xec&gcd=13l3l3l3l1l1&dma=0&tag_exp=0~115938465~115938469~116701381~119034491&u_w=1710&u_h=1112&url=https%3A%2F%2Ftownwork.net%2Fprefectures%2Ftokyo%2Fjob_search%2F&rcb=11&frm=0&tiba=%E6%9D%B1%E4%BA%AC%E9%83%BD%E3%81%AE%E3%82%A2%E3%83%AB%E3%83%90%E3%82%A4%E3%83%88%E3%83%BB%E3%83%90%E3%82%A4%E3%83%88%E6%B1%82%E4%BA%BA%E6%83%85%E5%A0%B1%EF%BD%9C%E3%80%90%E3%82%BF%E3%82%A6%E3%83%B3%E3%83%AF%E3%83%BC%E3%82%AF%E3%80%91%E3%81%A7%E3%83%90&hn=www.googleadservices.com&npa=0&pscdl=noapi&auid=345582163.1780069848&uaa=arm&uab=64&uafvl=Chromium%3B148.0.7778.179%7CGoogle%2520Chrome%3B148.0.7778.179%7CNot%252FA)Brand%3B99.0.0.0&uamb=0&uam=&uap=macOS&uapv=15.7.7&uaw=0&data=event%3Dgtag.config:0
[    2107ms] [ERROR] Failed to load resource: net::ERR_CONNECTION_REFUSED @ https://apm.yahoo.co.jp/tags/2e6a891e-ffa6-47f7-8771-99685895f809/events/view_listing?txid=&currency=JPY&lysu=a8d2b2b5-6e4f-4d6b-9fb7-96ced81f581f&brands=%22Chromium%22%3B+v%3D%22148.0.7778.179%22%2C+%22Google+Chrome%22%3B+v%3D%22148.0.7778.179%22%2C+%22Not%2FA%29Brand%22%3B+v%3D%2299.0.0.0%22&platform=%22macOS%22&platform_version=%2215.7.7%22&ref=https%3A%2F%2Ftownwork.net%2Fprefectures%2Ftokyo%2Fjob_search%2F&rref=&test=0&impl=lytag&pvid=3qs8qmj7ndxmpr4j11j&sosu=c&r=1780071362.6263118&v=1.1.21&is_ext_tx=1:0
[    2107ms] [ERROR] Failed to load resource: net::ERR_CONNECTION_REFUSED @ https://googleads.g.doubleclick.net/pagead/viewthroughconversion/939727538/?random=1780071362276&cv=11&fst=1780071362276&fmt=3&bg=ffffff&guid=ON&async=1&gtm=45be65r2v9236359545z89165586354za20gzb9165586354zd9165586354xea&gcd=13l3l3l3l1l1&dma=0&tag_exp=0~115938465~115938469~116701381~119034491&u_w=1710&u_h=1112&url=https%3A%2F%2Ftownwork.net%2Fprefectures%2Ftokyo%2Fjob_search%2F&rcb=11&frm=0&tiba=%E6%9D%B1%E4%BA%AC%E9%83%BD%E3%81%AE%E3%82%A2%E3%83%AB%E3%83%90%E3%82%A4%E3%83%88%E3%83%BB%E3%83%90%E3%82%A4%E3%83%88%E6%B1%82%E4%BA%BA%E6%83%85%E5%A0%B1%EF%BD%9C%E3%80%90%E3%82%BF%E3%82%A6%E3%83%B3%E3%83%AF%E3%83%BC%E3%82%AF%E3%80%91%E3%81%A7%E3%83%90&hn=www.googleadservices.com&npa=0&pscdl=noapi&auid=345582163.1780069848&uaa=arm&uab=64&uafvl=Chromium%3B148.0.7778.179%7CGoogle%2520Chrome%3B148.0.7778.179%7CNot%252FA)Brand%3B99.0.0.0&uamb=0&uam=&uap=macOS&uapv=15.7.7&uaw=0&_tu=CA&data=event%3Dview_item_list%3Bid%3Db533e50666ebd712%2C5d6a255e1d99c607%2Cbedceb20d69d012d%3Bgoogle_business_vertical%3Djobs:0
[    2164ms] [ERROR] Failed to load resource: net::ERR_CONNECTION_REFUSED @ https://dynamic.criteo.com/js/ld/ld.js?a=7949:0
[    2165ms] [ERROR] Failed to load resource: net::ERR_CONNECTION_REFUSED @ https://googleads.g.doubleclick.net/pagead/viewthroughconversion/939727538/?random=1780071362333&cv=11&fst=1780071362333&bg=ffffff&guid=ON&async=1&en=gtag.config&gtm=45be65r2v9236359545z89165586354za20gzb9165586354zd9165586354xec&gcd=13l3l3l3l1l1&dma=0&tag_exp=0~115938465~115938469~116701381~119034491&u_w=1710&u_h=1112&url=https%3A%2F%2Ftownwork.net%2Fprefectures%2Ftokyo%2Fjob_search%2F&rcb=11&frm=0&tiba=%E6%9D%B1%E4%BA%AC%E9%83%BD%E3%81%AE%E3%82%A2%E3%83%AB%E3%83%90%E3%82%A4%E3%83%88%E3%83%BB%E3%83%90%E3%82%A4%E3%83%88%E6%B1%82%E4%BA%BA%E6%83%85%E5%A0%B1%EF%BD%9C%E3%80%90%E3%82%BF%E3%82%A6%E3%83%B3%E3%83%AF%E3%83%BC%E3%82%AF%E3%80%91%E3%81%A7%E3%83%90&hn=www.googleadservices.com&npa=0&pscdl=noapi&auid=345582163.1780069848&uaa=arm&uab=64&uafvl=Chromium%3B148.0.7778.179%7CGoogle%2520Chrome%3B148.0.7778.179%7CNot%252FA)Brand%3B99.0.0.0&uamb=0&uam=&uap=macOS&uapv=15.7.7&uaw=0&data=event%3Dgtag.config&rfmt=3&fmt=4:0
[    2168ms] [ERROR] Failed to load resource: net::ERR_CONNECTION_REFUSED @ https://googleads.g.doubleclick.net/pagead/viewthroughconversion/939727538/?random=1780071362340&cv=11&fst=1780071362340&bg=ffffff&guid=ON&async=1&gtm=45be65r2v9236359545z89165586354za20gzb9165586354zd9165586354xea&gcd=13l3l3l3l1l1&dma=0&tag_exp=0~115938465~115938469~116701381~119034491&u_w=1710&u_h=1112&url=https%3A%2F%2Ftownwork.net%2Fprefectures%2Ftokyo%2Fjob_search%2F&rcb=11&frm=0&tiba=%E6%9D%B1%E4%BA%AC%E9%83%BD%E3%81%AE%E3%82%A2%E3%83%AB%E3%83%90%E3%82%A4%E3%83%88%E3%83%BB%E3%83%90%E3%82%A4%E3%83%88%E6%B1%82%E4%BA%BA%E6%83%85%E5%A0%B1%EF%BD%9C%E3%80%90%E3%82%BF%E3%82%A6%E3%83%B3%E3%83%AF%E3%83%BC%E3%82%AF%E3%80%91%E3%81%A7%E3%83%90&hn=www.googleadservices.com&npa=0&pscdl=noapi&auid=345582163.1780069848&uaa=arm&uab=64&uafvl=Chromium%3B148.0.7778.179%7CGoogle%2520Chrome%3B148.0.7778.179%7CNot%252FA)Brand%3B99.0.0.0&uamb=0&uam=&uap=macOS&uapv=15.7.7&uaw=0&_tu=CA&data=event%3Dview_item_list%3Bid%3Db533e50666ebd712%2C5d6a255e1d99c607%2Cbedceb20d69d012d%3Bgoogle_business_vertical%3Djobs&rfmt=3&fmt=4:0
[    2170ms] [ERROR] Failed to load resource: net::ERR_CONNECTION_REFUSED @ https://googleads.g.doubleclick.net/pagead/viewthroughconversion/939727538/?random=1780071362333&cv=11&fst=1780071362333&fmt=3&bg=ffffff&guid=ON&async=1&en=gtag.config&gtm=45be65r2v9236359545z89165586354za20gzb9165586354zd9165586354xec&gcd=13l3l3l3l1l1&dma=0&tag_exp=0~115938465~115938469~116701381~119034491&u_w=1710&u_h=1112&url=https%3A%2F%2Ftownwork.net%2Fprefectures%2Ftokyo%2Fjob_search%2F&rcb=11&frm=0&tiba=%E6%9D%B1%E4%BA%AC%E9%83%BD%E3%81%AE%E3%82%A2%E3%83%AB%E3%83%90%E3%82%A4%E3%83%88%E3%83%BB%E3%83%90%E3%82%A4%E3%83%88%E6%B1%82%E4%BA%BA%E6%83%85%E5%A0%B1%EF%BD%9C%E3%80%90%E3%82%BF%E3%82%A6%E3%83%B3%E3%83%AF%E3%83%BC%E3%82%AF%E3%80%91%E3%81%A7%E3%83%90&hn=www.googleadservices.com&npa=0&pscdl=noapi&auid=345582163.1780069848&uaa=arm&uab=64&uafvl=Chromium%3B148.0.7778.179%7CGoogle%2520Chrome%3B148.0.7778.179%7CNot%252FA)Brand%3B99.0.0.0&uamb=0&uam=&uap=macOS&uapv=15.7.7&uaw=0&data=event%3Dgtag.config:0
[    2170ms] [ERROR] Failed to load resource: net::ERR_CONNECTION_REFUSED @ https://googleads.g.doubleclick.net/pagead/viewthroughconversion/939727538/?random=1780071362340&cv=11&fst=1780071362340&fmt=3&bg=ffffff&guid=ON&async=1&gtm=45be65r2v9236359545z89165586354za20gzb9165586354zd9165586354xea&gcd=13l3l3l3l1l1&dma=0&tag_exp=0~115938465~115938469~116701381~119034491&u_w=1710&u_h=1112&url=https%3A%2F%2Ftownwork.net%2Fprefectures%2Ftokyo%2Fjob_search%2F&rcb=11&frm=0&tiba=%E6%9D%B1%E4%BA%AC%E9%83%BD%E3%81%AE%E3%82%A2%E3%83%AB%E3%83%90%E3%82%A4%E3%83%88%E3%83%BB%E3%83%90%E3%82%A4%E3%83%88%E6%B1%82%E4%BA%BA%E6%83%85%E5%A0%B1%EF%BD%9C%E3%80%90%E3%82%BF%E3%82%A6%E3%83%B3%E3%83%AF%E3%83%BC%E3%82%AF%E3%80%91%E3%81%A7%E3%83%90&hn=www.googleadservices.com&npa=0&pscdl=noapi&auid=345582163.1780069848&uaa=arm&uab=64&uafvl=Chromium%3B148.0.7778.179%7CGoogle%2520Chrome%3B148.0.7778.179%7CNot%252FA)Brand%3B99.0.0.0&uamb=0&uam=&uap=macOS&uapv=15.7.7&uaw=0&_tu=CA&data=event%3Dview_item_list%3Bid%3Db533e50666ebd712%2C5d6a255e1d99c607%2Cbedceb20d69d012d%3Bgoogle_business_vertical%3Djobs:0
[    3630ms] [ERROR] Failed to load resource: net::ERR_CONNECTION_REFUSED @ https://events.launchdarkly.com/events/bulk/6659934070b3d6101f7ac6ea:0
[    3631ms] [ERROR] Failed to load resource: net::ERR_CONNECTION_REFUSED @ https://events.launchdarkly.com/events/bulk/6659934070b3d6101f7ac6ea:0
[  289757ms] [ERROR] Failed to load resource: net::ERR_CONNECTION_REFUSED @ https://events.launchdarkly.com/events/diagnostic/6659934070b3d6101f7ac6ea:0
[  289758ms] [ERROR] Failed to load resource: net::ERR_CONNECTION_REFUSED @ https://events.launchdarkly.com/events/diagnostic/6659934070b3d6101f7ac6ea:0
[ 1189751ms] [ERROR] Failed to load resource: net::ERR_CONNECTION_REFUSED @ https://events.launchdarkly.com/events/diagnostic/6659934070b3d6101f7ac6ea:0
[ 1189752ms] [ERROR] Failed to load resource: net::ERR_CONNECTION_REFUSED @ https://events.launchdarkly.com/events/diagnostic/6659934070b3d6101f7ac6ea:0
[ 2089749ms] [ERROR] Failed to load resource: net::ERR_CONNECTION_REFUSED @ https://events.launchdarkly.com/events/diagnostic/6659934070b3d6101f7ac6ea:0
[ 2089750ms] [ERROR] Failed to load resource: net::ERR_CONNECTION_REFUSED @ https://events.launchdarkly.com/events/diagnostic/6659934070b3d6101f7ac6ea:0
[ 2177872ms] [ERROR] Error: Failed to load static props
    at https://townwork.net/_next/static/chunks/main-9bd5a7629c37e6fe.js:1:62481
    at async https://townwork.net/_next/static/chunks/main-9bd5a7629c37e6fe.js:1:74214
    at async Y.getRouteInfo (https://townwork.net/_next/static/chunks/main-9bd5a7629c37e6fe.js:1:73956)
    at async Y.change (https://townwork.net/_next/static/chunks/main-9bd5a7629c37e6fe.js:1:67947) @ https://townwork.net/_next/static/chunks/main-9bd5a7629c37e6fe.js:0
[ 2179579ms] [ERROR] Failed to load resource: net::ERR_CONNECTION_REFUSED @ https://static.ads-twitter.com/uwt.js:0
[ 2179579ms] [ERROR] Failed to load resource: net::ERR_CONNECTION_REFUSED @ https://tags.creativecdn.com/PVOTPkX3WnRg88IIkRpV.js:0
[ 2179579ms] [ERROR] Failed to load resource: net::ERR_CONNECTION_REFUSED @ https://www.google-analytics.com/analytics.js:0
[ 2179580ms] [ERROR] Failed to load resource: net::ERR_CONNECTION_REFUSED @ https://cdn.d2-apps.net/js/tr.js:0
[ 2179580ms] [ERROR] Failed to load resource: net::ERR_CONNECTION_REFUSED @ https://trj.valuecommerce.com/vclp.js:0
[ 2179581ms] [ERROR] Failed to load resource: net::ERR_CONNECTION_REFUSED @ https://analytics.tiktok.com/i18n/pixel/events.js?sdkid=CURCL3RC77UF169S5MTG&lib=ttq:0
[ 2179581ms] [ERROR] Failed to load resource: net::ERR_CONNECTION_REFUSED @ https://analytics.tiktok.com/i18n/pixel/events.js?sdkid=CVPPL7BC77U883UV9PO0&lib=ttq:0
[ 2179584ms] [ERROR] Failed to load resource: net::ERR_CONNECTION_REFUSED @ https://cd.ladsp.com/script/vts2.js:0
[ 2179584ms] [ERROR] Failed to load resource: net::ERR_CONNECTION_REFUSED @ https://dmp.im-apps.net/js/1024165/0001/itm.js:0
[ 2179584ms] [ERROR] Failed to load resource: net::ERR_CONNECTION_REFUSED @ https://cd.ladsp.com/script/pixel2_p_delay.js:0
[ 2179584ms] [ERROR] Failed to load resource: net::ERR_CONNECTION_REFUSED @ https://cd.ladsp.com/script/pixel2.js:0
[ 2179591ms] [ERROR] Failed to load resource: net::ERR_CONNECTION_REFUSED @ https://static.ads-twitter.com/uwt.js:0
[ 2179629ms] [LOG] Robee#init @ https://cdn.robee.tech/v1/sdk.js:13
[ 2179633ms] [ERROR] Failed to load resource: net::ERR_CONNECTION_REFUSED @ https://c.amazon-adsystem.com/aat/amzn.js:0
[ 2179633ms] [ERROR] Failed to load resource: net::ERR_CONNECTION_REFUSED @ https://apm.yahoo.co.jp/tags/2e6a891e-ffa6-47f7-8771-99685895f809/events/page_view?label=&lysu=a8d2b2b5-6e4f-4d6b-9fb7-96ced81f581f&brands=%22Chromium%22%3B+v%3D%22148.0.7778.179%22%2C+%22Google+Chrome%22%3B+v%3D%22148.0.7778.179%22%2C+%22Not%2FA%29Brand%22%3B+v%3D%2299.0.0.0%22&platform=%22macOS%22&platform_version=%2215.7.7%22&ref=https%3A%2F%2Ftownwork.net%2Fprefectures%2Ftokyo%2F&rref=https%3A%2F%2Ftownwork.net%2Fprefectures%2Ftokyo%2Fjob_search%2F&test=0&impl=lytag&pvid=j9ynnq8bf7pmpr5tprl&sosu=c&r=1780073539.9173234&v=1.1.21&is_ext_tx=1&hc=0:0
[ 2179637ms] [ERROR] Failed to load resource: net::ERR_CONNECTION_REFUSED @ https://dmp.im-apps.net/scripts/im-uid-hook.js?cid=11283:0
[ 2179638ms] [ERROR] Failed to load resource: net::ERR_CONNECTION_REFUSED @ https://sync.im-apps.net/imid/segment?token=zeBmtLBQ_7DGM09UZqwoBg&callback=im_audience.callbackLoad:0
[ 2179708ms] [ERROR] Failed to load resource: net::ERR_CONNECTION_REFUSED @ https://b99.yahoo.co.jp/pagead/conversion_async.js:0
[ 2179770ms] [ERROR] Failed to load resource: net::ERR_CONNECTION_REFUSED @ https://apm.yahoo.co.jp/rt/?p=EQK1Y3449E&label=&ref=https%3A%2F%2Ftownwork.net%2Fprefectures%2Ftokyo%2F&rref=https%3A%2F%2Ftownwork.net%2Fprefectures%2Ftokyo%2Fjob_search%2F&pt=&item=&cat=&price=&quantity=&et_optout=false&r=1780073540.4632673&pvid=mwc12l1v0fmpr5tpux&su=871e6996-7cdb-4353-9c60-5aa349444b08&__lt__cid_valid=false&_impl=ytag&brands=%22Chromium%22%3B%20v%3D%22148.0.7778.179%22%2C%20%22Google%20Chrome%22%3B%20v%3D%22148.0.7778.179%22%2C%20%22Not%2FA)Brand%22%3B%20v%3D%2299.0.0.0%22&platform=%22macOS%22&platform_version=%2215.7.7%22:0
[ 2179840ms] [ERROR] Failed to load resource: net::ERR_CONNECTION_REFUSED @ https://googleads.g.doubleclick.net/pagead/viewthroughconversion/960623014/?random=1780073539922&cv=11&fst=1780073539922&bg=ffffff&guid=ON&async=1&en=gtag.config&gtm=45be65r2v9168568953z89165586354za20gzb9165586354zd9165586354xec&gcd=13l3l3l3l1l1&dma=0&tag_exp=0~115938465~115938468~116701381~119034491&u_w=1710&u_h=1112&url=https%3A%2F%2Ftownwork.net%2Fprefectures%2Ftokyo%2F&ref=https%3A%2F%2Ftownwork.net%2Fprefectures%2Ftokyo%2Fjob_search%2F&rcb=15&frm=0&tiba=%E6%9D%B1%E4%BA%AC%E9%83%BD%E3%81%AE%E3%82%A2%E3%83%AB%E3%83%90%E3%82%A4%E3%83%88%E3%83%BB%E3%83%90%E3%82%A4%E3%83%88%E6%B1%82%E4%BA%BA%E6%83%85%E5%A0%B1%EF%BD%9C%E3%80%90%E3%82%BF%E3%82%A6%E3%83%B3%E3%83%AF%E3%83%BC%E3%82%AF%E3%80%91%E3%81%A7%E3%83%90&hn=www.googleadservices.com&npa=0&pscdl=noapi&auid=345582163.1780069848&uaa=arm&uab=64&uafvl=Chromium%3B148.0.7778.179%7CGoogle%2520Chrome%3B148.0.7778.179%7CNot%252FA)Brand%3B99.0.0.0&uamb=0&uam=&uap=macOS&uapv=15.7.7&uaw=0&data=event%3Dgtag.config&rfmt=3&fmt=4:0
[ 2179852ms] [ERROR] Failed to load resource: net::ERR_CONNECTION_REFUSED @ https://googleads.g.doubleclick.net/pagead/viewthroughconversion/954992434/?random=1780073539987&cv=11&fst=1780073539987&bg=ffffff&guid=ON&async=1&en=gtag.config&gtm=45be65r2v9101344674z89165586354za20gzb9165586354zd9165586354xec&gcd=13l3l3l3l1l1&dma=0&tag_exp=0~115938465~115938468~116701381~118128923~119027222~119034493~119064971&u_w=1710&u_h=1112&url=https%3A%2F%2Ftownwork.net%2Fprefectures%2Ftokyo%2F&ref=https%3A%2F%2Ftownwork.net%2Fprefectures%2Ftokyo%2Fjob_search%2F&rcb=7&frm=0&tiba=%E6%9D%B1%E4%BA%AC%E9%83%BD%E3%81%AE%E3%82%A2%E3%83%AB%E3%83%90%E3%82%A4%E3%83%88%E3%83%BB%E3%83%90%E3%82%A4%E3%83%88%E6%B1%82%E4%BA%BA%E6%83%85%E5%A0%B1%EF%BD%9C%E3%80%90%E3%82%BF%E3%82%A6%E3%83%B3%E3%83%AF%E3%83%BC%E3%82%AF%E3%80%91%E3%81%A7%E3%83%90&hn=www.googleadservices.com&npa=0&pscdl=noapi&auid=345582163.1780069848&uaa=arm&uab=64&uafvl=Chromium%3B148.0.7778.179%7CGoogle%2520Chrome%3B148.0.7778.179%7CNot%252FA)Brand%3B99.0.0.0&uamb=0&uam=&uap=macOS&uapv=15.7.7&uaw=0&data=event%3Dgtag.config&rfmt=3&fmt=4:0
[ 2179869ms] [ERROR] Failed to load resource: net::ERR_CONNECTION_REFUSED @ https://c-c01.ma-tag.com/?o=1:0
[ 2179869ms] [ERROR] Failed to load resource: net::ERR_CONNECTION_REFUSED @ https://c-c00.ma-tag.com/?o=0:0
[ 2179869ms] [ERROR] Failed to load resource: net::ERR_CONNECTION_REFUSED @ https://c-c01.ma-tag.com/?o=1:0
[ 2179869ms] [ERROR] Failed to load resource: net::ERR_CONNECTION_REFUSED @ https://c-c02.ma-tag.com/?o=2:0
[ 2179869ms] [ERROR] Failed to load resource: net::ERR_CONNECTION_REFUSED @ https://c-c00.ma-tag.com/?o=0:0
[ 2179869ms] [ERROR] Failed to load resource: net::ERR_CONNECTION_REFUSED @ https://c-c02.ma-tag.com/?o=2:0
[ 2179870ms] [ERROR] Failed to load resource: net::ERR_CONNECTION_REFUSED @ https://c-c10.ma-tag.com/?o=10:0
[ 2179870ms] [ERROR] Failed to load resource: net::ERR_CONNECTION_REFUSED @ https://c-c13.ma-tag.com/?o=13:0
[ 2179870ms] [ERROR] Failed to load resource: net::ERR_CONNECTION_REFUSED @ https://c-c13.ma-tag.com/?o=13:0
[ 2179870ms] [ERROR] Failed to load resource: net::ERR_CONNECTION_REFUSED @ https://c-c10.ma-tag.com/?o=10:0
[ 2179870ms] [ERROR] Failed to load resource: net::ERR_CONNECTION_REFUSED @ https://c-c05.ma-tag.com/?o=5:0
[ 2179870ms] [ERROR] Failed to load resource: net::ERR_CONNECTION_REFUSED @ https://c-c06.ma-tag.com/?o=6:0
[ 2179871ms] [ERROR] Failed to load resource: net::ERR_CONNECTION_REFUSED @ https://c-c08.ma-tag.com/?o=8:0
[ 2179871ms] [ERROR] Failed to load resource: net::ERR_CONNECTION_REFUSED @ https://c-c07.ma-tag.com/?o=7:0
[ 2179871ms] [ERROR] Failed to load resource: net::ERR_CONNECTION_REFUSED @ https://c-c12.ma-tag.com/?o=12:0
[ 2179871ms] [ERROR] Failed to load resource: net::ERR_CONNECTION_REFUSED @ https://c-c11.ma-tag.com/?o=11:0
[ 2179871ms] [ERROR] Failed to load resource: net::ERR_CONNECTION_REFUSED @ https://c-c03.ma-tag.com/?o=3:0
[ 2179872ms] [ERROR] Failed to load resource: net::ERR_CONNECTION_REFUSED @ https://c-c09.ma-tag.com/?o=9:0
[ 2179872ms] [ERROR] Failed to load resource: net::ERR_CONNECTION_REFUSED @ https://c-c14.ma-tag.com/?o=14:0
[ 2179872ms] [ERROR] Failed to load resource: net::ERR_CONNECTION_REFUSED @ https://ivs.ma-tag.com/v1/echo:0
[ 2179873ms] [ERROR] Failed to load resource: net::ERR_CONNECTION_REFUSED @ https://c-c15.ma-tag.com/?o=15:0
[ 2179873ms] [ERROR] Failed to load resource: net::ERR_CONNECTION_REFUSED @ https://c-c04.ma-tag.com/?o=4:0
[ 2179873ms] [ERROR] Failed to load resource: net::ERR_CONNECTION_REFUSED @ https://c-c05.ma-tag.com/?o=5:0
[ 2179873ms] [ERROR] Failed to load resource: net::ERR_CONNECTION_REFUSED @ https://c-c06.ma-tag.com/?o=6:0
[ 2179873ms] [ERROR] Failed to load resource: net::ERR_CONNECTION_REFUSED @ https://c-c08.ma-tag.com/?o=8:0
[ 2179873ms] [ERROR] Failed to load resource: net::ERR_CONNECTION_REFUSED @ https://c-c07.ma-tag.com/?o=7:0
[ 2179873ms] [ERROR] Failed to load resource: net::ERR_CONNECTION_REFUSED @ https://c-c12.ma-tag.com/?o=12:0
[ 2179873ms] [ERROR] Failed to load resource: net::ERR_CONNECTION_REFUSED @ https://c-c11.ma-tag.com/?o=11:0
[ 2179873ms] [ERROR] Failed to load resource: net::ERR_CONNECTION_REFUSED @ https://c-c03.ma-tag.com/?o=3:0
[ 2179873ms] [ERROR] Failed to load resource: net::ERR_CONNECTION_REFUSED @ https://c-c09.ma-tag.com/?o=9:0
[ 2179874ms] [ERROR] Failed to load resource: net::ERR_CONNECTION_REFUSED @ https://c-c14.ma-tag.com/?o=14:0
[ 2179874ms] [ERROR] Failed to load resource: net::ERR_CONNECTION_REFUSED @ https://ivs.ma-tag.com/v1/echo:0
[ 2179874ms] [ERROR] Failed to load resource: net::ERR_CONNECTION_REFUSED @ https://c-c15.ma-tag.com/?o=15:0
[ 2179874ms] [ERROR] Failed to load resource: net::ERR_CONNECTION_REFUSED @ https://c-c04.ma-tag.com/?o=4:0
[ 2179874ms] [ERROR] Failed to load resource: net::ERR_CONNECTION_REFUSED @ https://track.robee.tech/v1/site/load?url=https%3A%2F%2Ftownwork.net%2Fprefectures%2Ftokyo%2F&ref=https%3A%2F%2Ftownwork.net%2Fprefectures%2Ftokyo%2Fjob_search%2F&ns=robee&cb=callbackLoad&apiKey=RBE-ysFt0ZSsZA8&ua=Mozilla%2F5.0%20(Macintosh%3B%20Intel%20Mac%20OS%20X%2010_15_7)%20AppleWebKit%2F537.36%20(KHTML%2C%20like%20Gecko)%20Chrome%2F148.0.0.0%20Safari%2F537.36&title=%E6%9D%B1%E4%BA%AC%E9%83%BD%E3%81%AE%E3%82%A2%E3%83%AB%E3%83%90%E3%82%A4%E3%83%88%E3%83%BB%E3%83%90%E3%82%A4%E3%83%88%E6%B1%82%E4%BA%BA%E6%83%85%E5%A0%B1%EF%BD%9C%E3%80%90%E3%82%BF%E3%82%A6%E3%83%B3%E3%83%AF%E3%83%BC%E3%82%AF%E3%80%91%E3%81%A7%E3%83%90%E3%82%A4%E3%83%88%E3%82%84%E3%83%91%E3%83%BC%E3%83%88%E3%81%AE%E3%81%8A%E4%BB%95%E4%BA%8B%E6%8E%A2%E3%81%97&tracking=true&uid=81a1961d746c121fb77a1cfb52cfbce11780069848344&sid=a9f51780069848344&tst=1780073540037&d3Tie=81a1961d746c121fb77a1cfb52cfbce11780069848344_1780073540038&rptKeys=%5B%5D&dspCounts=%7B%7D:0
[ 2179874ms] [ERROR] Failed to load resource: net::ERR_CONNECTION_REFUSED @ https://track.robee.tech/v1/site/RBE-ysFt0ZSsZA8/count:0
[ 2179884ms] [ERROR] Failed to load resource: net::ERR_CONNECTION_REFUSED @ https://collector.ma-tag.com/api/v1/collect:0
[ 2179887ms] [ERROR] Failed to load resource: net::ERR_CONNECTION_REFUSED @ https://collector.ma-tag.com/api/v1/collect:0
[ 2179889ms] Uncaught (in promise) TypeError: Failed to fetch
    at ea.fetch (https://townwork.net/_next/static/chunks/pages/_app-452e3177b072d379.js:41:160765)
    at <anonymous> (https://townwork.net/_next/static/chunks/pages/_app-452e3177b072d379.js:41:160952)
    at ei.fetch (https://townwork.net/_next/static/chunks/pages/_app-452e3177b072d379.js:50:39215)
    at <anonymous> (https://townwork.net/_next/static/chunks/pages/_app-452e3177b072d379.js:50:39521)
    at <anonymous> (https://cdn.robee.tech/v1/sdk.js:48:26531)
    at <anonymous> (https://cdn.robee.tech/v1/sdk.js:48:25646)
    at l (https://cdn.robee.tech/v1/sdk.js:48:156650)
    at <anonymous> (https://cdn.robee.tech/v1/sdk.js:48:157990)
    at <anonymous> (https://cdn.robee.tech/v1/sdk.js:48:157060)
    at <anonymous> (https://cdn.robee.tech/v1/sdk.js:41:11532)
    at v (https://cdn.robee.tech/v1/sdk.js:41:11312)
    at <anonymous> (https://cdn.robee.tech/v1/sdk.js:48:25498)
    at <anonymous> (https://cdn.robee.tech/v1/sdk.js:48:26436)
    at l (https://cdn.robee.tech/v1/sdk.js:48:156650)
    at <anonymous> (https://cdn.robee.tech/v1/sdk.js:48:157990)
    at <anonymous> (https://cdn.robee.tech/v1/sdk.js:48:157060)
    at <anonymous> (https://cdn.robee.tech/v1/sdk.js:41:11532)
    at v (https://cdn.robee.tech/v1/sdk.js:41:11312)
    at <anonymous> (https://cdn.robee.tech/v1/sdk.js:48:26160)
    at <anonymous> (https://cdn.robee.tech/v1/sdk.js:48:86520)
    at l (https://cdn.robee.tech/v1/sdk.js:48:156650)
    at <anonymous> (https://cdn.robee.tech/v1/sdk.js:48:157990)
    at <anonymous> (https://cdn.robee.tech/v1/sdk.js:48:157060)
    at a (https://cdn.robee.tech/v1/sdk.js:41:11417)
[ 2179889ms] Uncaught (in promise) TypeError: Failed to fetch
    at ea.fetch (https://townwork.net/_next/static/chunks/pages/_app-452e3177b072d379.js:41:160765)
    at <anonymous> (https://townwork.net/_next/static/chunks/pages/_app-452e3177b072d379.js:41:160952)
    at ei.fetch (https://townwork.net/_next/static/chunks/pages/_app-452e3177b072d379.js:50:39215)
    at <anonymous> (https://townwork.net/_next/static/chunks/pages/_app-452e3177b072d379.js:50:39521)
    at <anonymous> (https://cdn.robee.tech/v1/sdk.js:48:26531)
    at <anonymous> (https://cdn.robee.tech/v1/sdk.js:48:25646)
    at l (https://cdn.robee.tech/v1/sdk.js:48:156650)
    at <anonymous> (https://cdn.robee.tech/v1/sdk.js:48:157990)
    at <anonymous> (https://cdn.robee.tech/v1/sdk.js:48:157060)
    at <anonymous> (https://cdn.robee.tech/v1/sdk.js:41:11532)
    at v (https://cdn.robee.tech/v1/sdk.js:41:11312)
    at <anonymous> (https://cdn.robee.tech/v1/sdk.js:48:25498)
    at <anonymous> (https://cdn.robee.tech/v1/sdk.js:48:26436)
    at l (https://cdn.robee.tech/v1/sdk.js:48:156650)
    at <anonymous> (https://cdn.robee.tech/v1/sdk.js:48:157990)
    at <anonymous> (https://cdn.robee.tech/v1/sdk.js:48:157060)
    at <anonymous> (https://cdn.robee.tech/v1/sdk.js:41:11532)
    at v (https://cdn.robee.tech/v1/sdk.js:41:11312)
    at <anonymous> (https://cdn.robee.tech/v1/sdk.js:48:26160)
    at <anonymous> (https://cdn.robee.tech/v1/sdk.js:48:82705)
    at l (https://cdn.robee.tech/v1/sdk.js:48:156650)
    at <anonymous> (https://cdn.robee.tech/v1/sdk.js:48:157990)
    at <anonymous> (https://cdn.robee.tech/v1/sdk.js:48:157060)
    at a (https://cdn.robee.tech/v1/sdk.js:41:11417)
[ 2179941ms] [ERROR] Failed to load resource: net::ERR_CONNECTION_REFUSED @ https://ct.ma-tag.com/echo:0
[ 2179941ms] [LOG] TypeError: Failed to fetch
    at e.<anonymous> (https://cdn.robee.tech/v1/sdk.js:49:8770)
    at l (https://cdn.robee.tech/v1/sdk.js:49:156651)
    at Generator.<anonymous> (https://cdn.robee.tech/v1/sdk.js:49:157991)
    at Generator.next (https://cdn.robee.tech/v1/sdk.js:49:157061)
    at i (https://cdn.robee.tech/v1/sdk.js:42:11366) @ https://cdn.robee.tech/v1/sdk.js:48
[ 2179942ms] [ERROR] Failed to load resource: net::ERR_CONNECTION_REFUSED @ https://ct.ma-tag.com/echo:0
[ 2179942ms] [LOG] TypeError: Failed to fetch
    at e.<anonymous> (https://cdn.robee.tech/v1/sdk.js:49:8770)
    at l (https://cdn.robee.tech/v1/sdk.js:49:156651)
    at Generator.<anonymous> (https://cdn.robee.tech/v1/sdk.js:49:157991)
    at Generator.next (https://cdn.robee.tech/v1/sdk.js:49:157061)
    at i (https://cdn.robee.tech/v1/sdk.js:42:11366) @ https://cdn.robee.tech/v1/sdk.js:48
[ 2179944ms] [ERROR] Failed to load resource: net::ERR_CONNECTION_REFUSED @ https://collector.ma-tag.com/api/v1/collect:0
[ 2179944ms] [ERROR] Failed to load resource: net::ERR_CONNECTION_REFUSED @ https://collector.ma-tag.com/api/v1/collect:0
[ 2179946ms] Uncaught (in promise) TypeError: Failed to fetch
    at ea.fetch (https://townwork.net/_next/static/chunks/pages/_app-452e3177b072d379.js:41:160765)
    at <anonymous> (https://townwork.net/_next/static/chunks/pages/_app-452e3177b072d379.js:41:160952)
    at ei.fetch (https://townwork.net/_next/static/chunks/pages/_app-452e3177b072d379.js:50:39215)
    at <anonymous> (https://townwork.net/_next/static/chunks/pages/_app-452e3177b072d379.js:50:39521)
    at <anonymous> (https://cdn.robee.tech/v1/sdk.js:48:26531)
    at <anonymous> (https://cdn.robee.tech/v1/sdk.js:48:25646)
    at l (https://cdn.robee.tech/v1/sdk.js:48:156650)
    at <anonymous> (https://cdn.robee.tech/v1/sdk.js:48:157990)
    at <anonymous> (https://cdn.robee.tech/v1/sdk.js:48:157060)
    at <anonymous> (https://cdn.robee.tech/v1/sdk.js:41:11532)
    at v (https://cdn.robee.tech/v1/sdk.js:41:11312)
    at <anonymous> (https://cdn.robee.tech/v1/sdk.js:48:25498)
    at <anonymous> (https://cdn.robee.tech/v1/sdk.js:48:26058)
    at l (https://cdn.robee.tech/v1/sdk.js:48:156650)
    at <anonymous> (https://cdn.robee.tech/v1/sdk.js:48:157990)
    at <anonymous> (https://cdn.robee.tech/v1/sdk.js:48:157060)
    at <anonymous> (https://cdn.robee.tech/v1/sdk.js:41:11532)
    at v (https://cdn.robee.tech/v1/sdk.js:41:11312)
    at <anonymous> (https://cdn.robee.tech/v1/sdk.js:48:25764)
    at <anonymous> (https://cdn.robee.tech/v1/sdk.js:48:85410)
    at l (https://cdn.robee.tech/v1/sdk.js:48:156650)
    at <anonymous> (https://cdn.robee.tech/v1/sdk.js:48:157990)
    at <anonymous> (https://cdn.robee.tech/v1/sdk.js:48:157060)
    at i (https://cdn.robee.tech/v1/sdk.js:41:11365)
[ 2179946ms] Uncaught (in promise) TypeError: Failed to fetch
    at ea.fetch (https://townwork.net/_next/static/chunks/pages/_app-452e3177b072d379.js:41:160765)
    at <anonymous> (https://townwork.net/_next/static/chunks/pages/_app-452e3177b072d379.js:41:160952)
    at ei.fetch (https://townwork.net/_next/static/chunks/pages/_app-452e3177b072d379.js:50:39215)
    at <anonymous> (https://townwork.net/_next/static/chunks/pages/_app-452e3177b072d379.js:50:39521)
    at <anonymous> (https://cdn.robee.tech/v1/sdk.js:48:26531)
    at <anonymous> (https://cdn.robee.tech/v1/sdk.js:48:25646)
    at l (https://cdn.robee.tech/v1/sdk.js:48:156650)
    at <anonymous> (https://cdn.robee.tech/v1/sdk.js:48:157990)
    at <anonymous> (https://cdn.robee.tech/v1/sdk.js:48:157060)
    at <anonymous> (https://cdn.robee.tech/v1/sdk.js:41:11532)
    at v (https://cdn.robee.tech/v1/sdk.js:41:11312)
    at <anonymous> (https://cdn.robee.tech/v1/sdk.js:48:25498)
    at <anonymous> (https://cdn.robee.tech/v1/sdk.js:48:26058)
    at l (https://cdn.robee.tech/v1/sdk.js:48:156650)
    at <anonymous> (https://cdn.robee.tech/v1/sdk.js:48:157990)
    at <anonymous> (https://cdn.robee.tech/v1/sdk.js:48:157060)
    at <anonymous> (https://cdn.robee.tech/v1/sdk.js:41:11532)
    at v (https://cdn.robee.tech/v1/sdk.js:41:11312)
    at <anonymous> (https://cdn.robee.tech/v1/sdk.js:48:25764)
    at <anonymous> (https://cdn.robee.tech/v1/sdk.js:48:81595)
    at l (https://cdn.robee.tech/v1/sdk.js:48:156650)
    at <anonymous> (https://cdn.robee.tech/v1/sdk.js:48:157990)
    at <anonymous> (https://cdn.robee.tech/v1/sdk.js:48:157060)
    at i (https://cdn.robee.tech/v1/sdk.js:41:11365)
[ 2180011ms] [ERROR] Failed to load resource: net::ERR_CONNECTION_REFUSED @ https://googleads.g.doubleclick.net/pagead/viewthroughconversion/954992434/?random=1225113520&cv=11&fst=1780073540009&fmt=8&bg=ffffff&guid=ON&async=1&en=conversion&gtm=45be65r2v9101344674z89165586354za20gzb9165586354zd9165586354xea&gcd=13l3l3l3l1l1&dma=0&tag_exp=0~115938465~115938468~116701381~118128923~119027222~119034493~119064971&u_w=1710&u_h=1112&url=https%3A%2F%2Ftownwork.net%2Fprefectures%2Ftokyo%2F&ref=https%3A%2F%2Ftownwork.net%2Fprefectures%2Ftokyo%2Fjob_search%2F&rcb=7&label=sC5nCKvO0LIbELKOsMcD&capi=1&frm=0&tiba=%E6%9D%B1%E4%BA%AC%E9%83%BD%E3%81%AE%E3%82%A2%E3%83%AB%E3%83%90%E3%82%A4%E3%83%88%E3%83%BB%E3%83%90%E3%82%A4%E3%83%88%E6%B1%82%E4%BA%BA%E6%83%85%E5%A0%B1%EF%BD%9C%E3%80%90%E3%82%BF%E3%82%A6%E3%83%B3%E3%83%AF%E3%83%BC%E3%82%AF%E3%80%91%E3%81%A7%E3%83%90&value=1.0&currency_code=JPY&hn=www.googleadservices.com&npa=0&pscdl=noapi&auid=345582163.1780069848&uaa=arm&uab=64&uafvl=Chromium%3B148.0.7778.179%7CGoogle%2520Chrome%3B148.0.7778.179%7CNot%252FA)Brand%3B99.0.0.0&uamb=0&uam=&uap=macOS&uapv=15.7.7&uaw=0&_tu=CA&gcl_ctr=8~0~0~0&category=acrcp_v1_512&ct_cookie_present=false&crd=CLTesQII8t-xAgit4bECCKG4sQIIscGxAgiwwbECCLHDsQIIisWxAgjCybECCLTGsQIIk9qxAgjb3LECCIfbsQII08WxAgjrzLECCO3OsQII1c-xAgj02rECCJfUsQIIyduxAgjN5rECCLHhsQIIs-GxAgim3bECCLDesQIIgNuxAkoUdHJpZ2dlcj1ldmVudC1zb3VyY2VaAwoBAWIDCgED&cerd=Cgie870t2om-LQ&eitems=ChEI8PLk0AYQxa6IlriI-aKMARIdAGjXXbExnO9ESBc9PL4SS835RWzk-U1zPLnFNp8&fsk=ChAI8PLk0AYQ_8uDlMHE2eZrEiwAibrUwcKH2jm1QEGelR3fg58bx-bFMk5F6qIpClGmuLzk-me5Y8ajg3ik-xoCr_c&pscrd=IhMI4sOf2PrelAMVkkXDBh2BNzOwOhVodHRwczovL3Rvd253b3JrLm5ldC9CV0NoRUk4UExrMEFZUTQ2ck95cURMbU9iY0FSSXNBRjFGSkNWUEpObHFRZlh5aTBfSWpSMmQ0Q2tVelFORzhMd0JtZVVrQmdOV3pnaGxfUVZVSHJGV2JVOHoMCAliCAgAEAAYACAA:0
[ 2180012ms] [ERROR] Failed to load resource: net::ERR_CONNECTION_REFUSED @ https://googleads.g.doubleclick.net/pagead/viewthroughconversion/954992434/?random=624673207&cv=11&fst=1780073540007&fmt=8&bg=ffffff&guid=ON&async=1&en=conversion&gtm=45be65r2v9101344674z89165586354za20gzb9165586354zd9165586354xea&gcd=13l3l3l3l1l1&dma=0&tag_exp=0~115938465~115938468~116701381~118128923~119027222~119034493~119064971&u_w=1710&u_h=1112&url=https%3A%2F%2Ftownwork.net%2Fprefectures%2Ftokyo%2F&ref=https%3A%2F%2Ftownwork.net%2Fprefectures%2Ftokyo%2Fjob_search%2F&rcb=7&label=7fTbCO7rhIoYELKOsMcD&capi=1&frm=0&tiba=%E6%9D%B1%E4%BA%AC%E9%83%BD%E3%81%AE%E3%82%A2%E3%83%AB%E3%83%90%E3%82%A4%E3%83%88%E3%83%BB%E3%83%90%E3%82%A4%E3%83%88%E6%B1%82%E4%BA%BA%E6%83%85%E5%A0%B1%EF%BD%9C%E3%80%90%E3%82%BF%E3%82%A6%E3%83%B3%E3%83%AF%E3%83%BC%E3%82%AF%E3%80%91%E3%81%A7%E3%83%90&value=0&hn=www.googleadservices.com&npa=0&pscdl=noapi&auid=345582163.1780069848&uaa=arm&uab=64&uafvl=Chromium%3B148.0.7778.179%7CGoogle%2520Chrome%3B148.0.7778.179%7CNot%252FA)Brand%3B99.0.0.0&uamb=0&uam=&uap=macOS&uapv=15.7.7&uaw=0&_tu=CA&gcl_ctr=7~0~0~0&category=acrcp_v1_512&ct_cookie_present=false&crd=CLTesQII8t-xAgit4bECCKG4sQIIscGxAgiwwbECCLHDsQIIisWxAgjCybECCLTGsQIIk9qxAgjb3LECCIfbsQII08WxAgjrzLECCO3OsQII1c-xAgj02rECCJfUsQIIyduxAgix4bECCLPhsQIIpt2xAgiw3rECCIDbsQJKFHRyaWdnZXI9ZXZlbnQtc291cmNlWgMKAQFiAwoBAw&cerd=CgEA&eitems=ChEI8PLk0AYQxa6IlriI-aKMARIdAGjXXbFbqG5_nIUR5cZEVaKw7Ky77COc4D6MdLc&fsk=ChAI8PLk0AYQ_8uDlMHE2eZrEiwAibrUwfar30470-3XR_9PaFJ0JlxGoAji8pH0Qi_WFT7AQauGJAMa4ObiGxoCL-Y&pscrd=IhMI4cWf2PrelAMV7UzDBh1mTwQFOhVodHRwczovL3Rvd253b3JrLm5ldC9CV0NoRUk4UExrMEFZUTQ2ck95cURMbU9iY0FSSXNBRjFGSkNVaDYxZzRyaDZ4clhHc2Vva2huRUxlX0h4SjRYdGZpVHR6RFlZMkh2T2c2a2M4T056M1h4SXoMCAliCAgAEAAYACAA:0
[ 2180012ms] [ERROR] Failed to load resource: net::ERR_CONNECTION_REFUSED @ https://googleads.g.doubleclick.net/pagead/viewthroughconversion/954992434/?random=859082451&cv=11&fst=1780073540003&fmt=8&bg=ffffff&guid=ON&async=1&en=conversion&gtm=45be65r2v9101344674z89165586354za20gzb9165586354zd9165586354xea&gcd=13l3l3l3l1l1&dma=0&tag_exp=0~115938465~115938468~116701381~118128923~119027222~119034493~119064971&u_w=1710&u_h=1112&url=https%3A%2F%2Ftownwork.net%2Fprefectures%2Ftokyo%2F&ref=https%3A%2F%2Ftownwork.net%2Fprefectures%2Ftokyo%2Fjob_search%2F&rcb=7&label=YSmxCO_w94kYELKOsMcD&capi=1&frm=0&tiba=%E6%9D%B1%E4%BA%AC%E9%83%BD%E3%81%AE%E3%82%A2%E3%83%AB%E3%83%90%E3%82%A4%E3%83%88%E3%83%BB%E3%83%90%E3%82%A4%E3%83%88%E6%B1%82%E4%BA%BA%E6%83%85%E5%A0%B1%EF%BD%9C%E3%80%90%E3%82%BF%E3%82%A6%E3%83%B3%E3%83%AF%E3%83%BC%E3%82%AF%E3%80%91%E3%81%A7%E3%83%90&value=0&hn=www.googleadservices.com&npa=0&pscdl=noapi&auid=345582163.1780069848&uaa=arm&uab=64&uafvl=Chromium%3B148.0.7778.179%7CGoogle%2520Chrome%3B148.0.7778.179%7CNot%252FA)Brand%3B99.0.0.0&uamb=0&uam=&uap=macOS&uapv=15.7.7&uaw=0&_tu=CAI&gcl_ctr=6~0~0~0&category=acrcp_v1_512&ct_cookie_present=false&crd=CLTesQII8t-xAgit4bECCKG4sQIIscGxAgiwwbECCLHDsQIIisWxAgjCybECCLTGsQIIk9qxAgjb3LECCIfbsQII08WxAgjrzLECCO3OsQII1c-xAgj02rECCJfUsQIIyduxAgix4bECCLPhsQIIpt2xAgiw3rECCIDbsQJKFHRyaWdnZXI9ZXZlbnQtc291cmNlWgMKAQFiAwoBAw&cerd=CgSe870t&eitems=ChEI8PLk0AYQxa6IlriI-aKMARIdAGjXXbHkJoKvo2jXw5z8SKusttBm3cXix1Yr9kQ&fsk=ChAI8PLk0AYQ_8uDlMHE2eZrEiwAibrUwe6wvW7_zSyBxfmLljmbLO2oY2at8q80p6eYmyrhRF_tOKMvtWLHIRoC40k&pscrd=IhMIxcuf2PrelAMVP0TDBh04MA8dOhVodHRwczovL3Rvd253b3JrLm5ldC9CV0NoRUk4UExrMEFZUTQ2ck95cURMbU9iY0FSSXNBRjFGSkNWc01SWGF4OVBTUlRmbmJtVndLZE10V3hvMEV5MmJmTW9oVE1HazhVbTZhYkg2Ym5GS3BnTXoMCAliCAgAEAAYACAA:0
[ 2180012ms] [ERROR] Failed to load resource: net::ERR_CONNECTION_REFUSED @ https://x.ma-tag.com/api/v1/identify:0
[ 2180013ms] [ERROR] Failed to load resource: net::ERR_CONNECTION_REFUSED @ https://x.ma-tag.com/api/v1/identify:0
[ 2180014ms] [ERROR] Failed to load resource: net::ERR_CONNECTION_REFUSED @ https://googleads.g.doubleclick.net/pagead/viewthroughconversion/939727538/?random=1780073540165&cv=11&fst=1780073540165&bg=ffffff&guid=ON&async=1&en=gtag.config&gtm=45be65r2v9236359545z89165586354za20gzb9165586354zd9165586354xec&gcd=13l3l3l3l1l1&dma=0&tag_exp=0~115616985~115938465~115938469~116701381~119034491~119064591&u_w=1710&u_h=1112&url=https%3A%2F%2Ftownwork.net%2Fprefectures%2Ftokyo%2F&ref=https%3A%2F%2Ftownwork.net%2Fprefectures%2Ftokyo%2Fjob_search%2F&rcb=6&frm=0&tiba=%E6%9D%B1%E4%BA%AC%E9%83%BD%E3%81%AE%E3%82%A2%E3%83%AB%E3%83%90%E3%82%A4%E3%83%88%E3%83%BB%E3%83%90%E3%82%A4%E3%83%88%E6%B1%82%E4%BA%BA%E6%83%85%E5%A0%B1%EF%BD%9C%E3%80%90%E3%82%BF%E3%82%A6%E3%83%B3%E3%83%AF%E3%83%BC%E3%82%AF%E3%80%91%E3%81%A7%E3%83%90&hn=www.googleadservices.com&npa=0&pscdl=noapi&auid=345582163.1780069848&uaa=arm&uab=64&uafvl=Chromium%3B148.0.7778.179%7CGoogle%2520Chrome%3B148.0.7778.179%7CNot%252FA)Brand%3B99.0.0.0&uamb=0&uam=&uap=macOS&uapv=15.7.7&uaw=0&data=event%3Dgtag.config&rfmt=3&fmt=4:0
[ 2180022ms] [ERROR] Failed to load resource: net::ERR_CONNECTION_REFUSED @ https://collector.ma-tag.com/api/v1/collect:0
[ 2180023ms] [ERROR] Failed to load resource: net::ERR_CONNECTION_REFUSED @ https://collector.ma-tag.com/api/v1/collect:0
[ 2180023ms] Uncaught (in promise) TypeError: Failed to fetch
    at ea.fetch (https://townwork.net/_next/static/chunks/pages/_app-452e3177b072d379.js:41:160765)
    at <anonymous> (https://townwork.net/_next/static/chunks/pages/_app-452e3177b072d379.js:41:160952)
    at ei.fetch (https://townwork.net/_next/static/chunks/pages/_app-452e3177b072d379.js:50:39215)
    at <anonymous> (https://townwork.net/_next/static/chunks/pages/_app-452e3177b072d379.js:50:39521)
    at <anonymous> (https://cdn.robee.tech/v1/sdk.js:48:26531)
    at <anonymous> (https://cdn.robee.tech/v1/sdk.js:48:25646)
    at l (https://cdn.robee.tech/v1/sdk.js:48:156650)
    at <anonymous> (https://cdn.robee.tech/v1/sdk.js:48:157990)
    at <anonymous> (https://cdn.robee.tech/v1/sdk.js:48:157060)
    at <anonymous> (https://cdn.robee.tech/v1/sdk.js:41:11532)
    at v (https://cdn.robee.tech/v1/sdk.js:41:11312)
    at <anonymous> (https://cdn.robee.tech/v1/sdk.js:48:25498)
    at <anonymous> (https://cdn.robee.tech/v1/sdk.js:48:26436)
    at l (https://cdn.robee.tech/v1/sdk.js:48:156650)
    at <anonymous> (https://cdn.robee.tech/v1/sdk.js:48:157990)
    at <anonymous> (https://cdn.robee.tech/v1/sdk.js:48:157060)
    at <anonymous> (https://cdn.robee.tech/v1/sdk.js:41:11532)
    at v (https://cdn.robee.tech/v1/sdk.js:41:11312)
    at <anonymous> (https://cdn.robee.tech/v1/sdk.js:48:26160)
    at <anonymous> (https://cdn.robee.tech/v1/sdk.js:48:108282)
    at l (https://cdn.robee.tech/v1/sdk.js:48:156650)
    at <anonymous> (https://cdn.robee.tech/v1/sdk.js:48:157990)
    at <anonymous> (https://cdn.robee.tech/v1/sdk.js:48:157060)
    at a (https://cdn.robee.tech/v1/sdk.js:41:11417)
[ 2180023ms] Uncaught (in promise) TypeError: Failed to fetch
    at ea.fetch (https://townwork.net/_next/static/chunks/pages/_app-452e3177b072d379.js:41:160765)
    at <anonymous> (https://townwork.net/_next/static/chunks/pages/_app-452e3177b072d379.js:41:160952)
    at ei.fetch (https://townwork.net/_next/static/chunks/pages/_app-452e3177b072d379.js:50:39215)
    at <anonymous> (https://townwork.net/_next/static/chunks/pages/_app-452e3177b072d379.js:50:39521)
    at <anonymous> (https://cdn.robee.tech/v1/sdk.js:48:26531)
    at <anonymous> (https://cdn.robee.tech/v1/sdk.js:48:25646)
    at l (https://cdn.robee.tech/v1/sdk.js:48:156650)
    at <anonymous> (https://cdn.robee.tech/v1/sdk.js:48:157990)
    at <anonymous> (https://cdn.robee.tech/v1/sdk.js:48:157060)
    at <anonymous> (https://cdn.robee.tech/v1/sdk.js:41:11532)
    at v (https://cdn.robee.tech/v1/sdk.js:41:11312)
    at <anonymous> (https://cdn.robee.tech/v1/sdk.js:48:25498)
    at <anonymous> (https://cdn.robee.tech/v1/sdk.js:48:26436)
    at l (https://cdn.robee.tech/v1/sdk.js:48:156650)
    at <anonymous> (https://cdn.robee.tech/v1/sdk.js:48:157990)
    at <anonymous> (https://cdn.robee.tech/v1/sdk.js:48:157060)
    at <anonymous> (https://cdn.robee.tech/v1/sdk.js:41:11532)
    at v (https://cdn.robee.tech/v1/sdk.js:41:11312)
    at <anonymous> (https://cdn.robee.tech/v1/sdk.js:48:26160)
    at <anonymous> (https://cdn.robee.tech/v1/sdk.js:48:107845)
    at l (https://cdn.robee.tech/v1/sdk.js:48:156650)
    at <anonymous> (https://cdn.robee.tech/v1/sdk.js:48:157990)
    at <anonymous> (https://cdn.robee.tech/v1/sdk.js:48:157060)
    at a (https://cdn.robee.tech/v1/sdk.js:41:11417)
[ 2180046ms] [ERROR] Failed to load resource: net::ERR_CONNECTION_REFUSED @ https://googleads.g.doubleclick.net/pagead/viewthroughconversion/960623014/?random=1780073539922&cv=11&fst=1780073539922&fmt=3&bg=ffffff&guid=ON&async=1&en=gtag.config&gtm=45be65r2v9168568953z89165586354za20gzb9165586354zd9165586354xec&gcd=13l3l3l3l1l1&dma=0&tag_exp=0~115938465~115938468~116701381~119034491&u_w=1710&u_h=1112&url=https%3A%2F%2Ftownwork.net%2Fprefectures%2Ftokyo%2F&ref=https%3A%2F%2Ftownwork.net%2Fprefectures%2Ftokyo%2Fjob_search%2F&rcb=15&frm=0&tiba=%E6%9D%B1%E4%BA%AC%E9%83%BD%E3%81%AE%E3%82%A2%E3%83%AB%E3%83%90%E3%82%A4%E3%83%88%E3%83%BB%E3%83%90%E3%82%A4%E3%83%88%E6%B1%82%E4%BA%BA%E6%83%85%E5%A0%B1%EF%BD%9C%E3%80%90%E3%82%BF%E3%82%A6%E3%83%B3%E3%83%AF%E3%83%BC%E3%82%AF%E3%80%91%E3%81%A7%E3%83%90&hn=www.googleadservices.com&npa=0&pscdl=noapi&auid=345582163.1780069848&uaa=arm&uab=64&uafvl=Chromium%3B148.0.7778.179%7CGoogle%2520Chrome%3B148.0.7778.179%7CNot%252FA)Brand%3B99.0.0.0&uamb=0&uam=&uap=macOS&uapv=15.7.7&uaw=0&data=event%3Dgtag.config:0
[ 2180047ms] [ERROR] Failed to load resource: net::ERR_CONNECTION_REFUSED @ https://googleads.g.doubleclick.net/pagead/viewthroughconversion/954992434/?random=1780073539987&cv=11&fst=1780073539987&fmt=3&bg=ffffff&guid=ON&async=1&en=gtag.config&gtm=45be65r2v9101344674z89165586354za20gzb9165586354zd9165586354xec&gcd=13l3l3l3l1l1&dma=0&tag_exp=0~115938465~115938468~116701381~118128923~119027222~119034493~119064971&u_w=1710&u_h=1112&url=https%3A%2F%2Ftownwork.net%2Fprefectures%2Ftokyo%2F&ref=https%3A%2F%2Ftownwork.net%2Fprefectures%2Ftokyo%2Fjob_search%2F&rcb=7&frm=0&tiba=%E6%9D%B1%E4%BA%AC%E9%83%BD%E3%81%AE%E3%82%A2%E3%83%AB%E3%83%90%E3%82%A4%E3%83%88%E3%83%BB%E3%83%90%E3%82%A4%E3%83%88%E6%B1%82%E4%BA%BA%E6%83%85%E5%A0%B1%EF%BD%9C%E3%80%90%E3%82%BF%E3%82%A6%E3%83%B3%E3%83%AF%E3%83%BC%E3%82%AF%E3%80%91%E3%81%A7%E3%83%90&hn=www.googleadservices.com&npa=0&pscdl=noapi&auid=345582163.1780069848&uaa=arm&uab=64&uafvl=Chromium%3B148.0.7778.179%7CGoogle%2520Chrome%3B148.0.7778.179%7CNot%252FA)Brand%3B99.0.0.0&uamb=0&uam=&uap=macOS&uapv=15.7.7&uaw=0&data=event%3Dgtag.config:0
[ 2180047ms] [ERROR] Failed to load resource: net::ERR_CONNECTION_REFUSED @ https://googleads.g.doubleclick.net/pagead/viewthroughconversion/939727538/?random=1780073540165&cv=11&fst=1780073540165&fmt=3&bg=ffffff&guid=ON&async=1&en=gtag.config&gtm=45be65r2v9236359545z89165586354za20gzb9165586354zd9165586354xec&gcd=13l3l3l3l1l1&dma=0&tag_exp=0~115616985~115938465~115938469~116701381~119034491~119064591&u_w=1710&u_h=1112&url=https%3A%2F%2Ftownwork.net%2Fprefectures%2Ftokyo%2F&ref=https%3A%2F%2Ftownwork.net%2Fprefectures%2Ftokyo%2Fjob_search%2F&rcb=6&frm=0&tiba=%E6%9D%B1%E4%BA%AC%E9%83%BD%E3%81%AE%E3%82%A2%E3%83%AB%E3%83%90%E3%82%A4%E3%83%88%E3%83%BB%E3%83%90%E3%82%A4%E3%83%88%E6%B1%82%E4%BA%BA%E6%83%85%E5%A0%B1%EF%BD%9C%E3%80%90%E3%82%BF%E3%82%A6%E3%83%B3%E3%83%AF%E3%83%BC%E3%82%AF%E3%80%91%E3%81%A7%E3%83%90&hn=www.googleadservices.com&npa=0&pscdl=noapi&auid=345582163.1780069848&uaa=arm&uab=64&uafvl=Chromium%3B148.0.7778.179%7CGoogle%2520Chrome%3B148.0.7778.179%7CNot%252FA)Brand%3B99.0.0.0&uamb=0&uam=&uap=macOS&uapv=15.7.7&uaw=0&data=event%3Dgtag.config:0
[ 2180207ms] [ERROR] Failed to load resource: net::ERR_CONNECTION_REFUSED @ https://googleads.g.doubleclick.net/pagead/viewthroughconversion/991209964/?random=1780073540371&cv=11&fst=1780073540371&bg=ffffff&guid=ON&async=1&gtm=45be65r2z89165586354za20gzb9165586354zd9165586354xea&gcd=13l3l3l3l1l1&dma=0&tag_exp=0~115938465~115938468~116701381~119034493~119064590&u_w=1710&u_h=1112&url=https%3A%2F%2Ftownwork.net%2Fprefectures%2Ftokyo%2F&ref=https%3A%2F%2Ftownwork.net%2Fprefectures%2Ftokyo%2Fjob_search%2F&rcb=15&label=VYDVCJSc7QgQ7NPS2AM&frm=0&tiba=%E6%9D%B1%E4%BA%AC%E9%83%BD%E3%81%AE%E3%82%A2%E3%83%AB%E3%83%90%E3%82%A4%E3%83%88%E3%83%BB%E3%83%90%E3%82%A4%E3%83%88%E6%B1%82%E4%BA%BA%E6%83%85%E5%A0%B1%EF%BD%9C%E3%80%90%E3%82%BF%E3%82%A6%E3%83%B3%E3%83%AF%E3%83%BC%E3%82%AF%E3%80%91%E3%81%A7%E3%83%90&hn=www.googleadservices.com&rdp=1&npa=0&pscdl=noapi&auid=345582163.1780069848&uaa=arm&uab=64&uafvl=Chromium%3B148.0.7778.179%7CGoogle%2520Chrome%3B148.0.7778.179%7CNot%252FA)Brand%3B99.0.0.0&uamb=0&uam=&uap=macOS&uapv=15.7.7&uaw=0&_tu=CAI&data=google_custom_params%3Dwindow.google_tag_params&rfmt=3&fmt=4:0
[ 2180217ms] [WARNING] [Meta Pixel] - Duplicate Pixel ID: 1186300576813409. @ https://connect.facebook.net/en_US/fbevents.js:181
[ 2180223ms] [ERROR] Failed to load resource: net::ERR_CONNECTION_REFUSED @ https://googleads.g.doubleclick.net/pagead/viewthroughconversion/991209964/?random=1780073540371&cv=11&fst=1780073540371&fmt=3&bg=ffffff&guid=ON&async=1&gtm=45be65r2z89165586354za20gzb9165586354zd9165586354xea&gcd=13l3l3l3l1l1&dma=0&tag_exp=0~115938465~115938468~116701381~119034493~119064590&u_w=1710&u_h=1112&url=https%3A%2F%2Ftownwork.net%2Fprefectures%2Ftokyo%2F&ref=https%3A%2F%2Ftownwork.net%2Fprefectures%2Ftokyo%2Fjob_search%2F&rcb=15&label=VYDVCJSc7QgQ7NPS2AM&frm=0&tiba=%E6%9D%B1%E4%BA%AC%E9%83%BD%E3%81%AE%E3%82%A2%E3%83%AB%E3%83%90%E3%82%A4%E3%83%88%E3%83%BB%E3%83%90%E3%82%A4%E3%83%88%E6%B1%82%E4%BA%BA%E6%83%85%E5%A0%B1%EF%BD%9C%E3%80%90%E3%82%BF%E3%82%A6%E3%83%B3%E3%83%AF%E3%83%BC%E3%82%AF%E3%80%91%E3%81%A7%E3%83%90&hn=www.googleadservices.com&rdp=1&npa=0&pscdl=noapi&auid=345582163.1780069848&uaa=arm&uab=64&uafvl=Chromium%3B148.0.7778.179%7CGoogle%2520Chrome%3B148.0.7778.179%7CNot%252FA)Brand%3B99.0.0.0&uamb=0&uam=&uap=macOS&uapv=15.7.7&uaw=0&_tu=CAI&data=google_custom_params%3Dwindow.google_tag_params:0
[ 2180600ms] [ERROR] Failed to load resource: net::ERR_CONNECTION_REFUSED @ https://dynamic.criteo.com/js/ld/ld.js?a=7949:0
[ 2180601ms] [ERROR] Failed to load resource: net::ERR_CONNECTION_REFUSED @ https://googleads.g.doubleclick.net/pagead/viewthroughconversion/939727538/?random=1780073540759&cv=11&fst=1780073540759&bg=ffffff&guid=ON&async=1&en=gtag.config&gtm=45be65r2v9236359545z89165586354za20gzb9165586354zd9165586354xec&gcd=13l3l3l3l1l1&dma=0&tag_exp=0~115616985~115938465~115938469~116701381~119034491~119064591&u_w=1710&u_h=1112&url=https%3A%2F%2Ftownwork.net%2Fprefectures%2Ftokyo%2F&ref=https%3A%2F%2Ftownwork.net%2Fprefectures%2Ftokyo%2Fjob_search%2F&rcb=6&frm=0&tiba=%E6%9D%B1%E4%BA%AC%E9%83%BD%E3%81%AE%E3%82%A2%E3%83%AB%E3%83%90%E3%82%A4%E3%83%88%E3%83%BB%E3%83%90%E3%82%A4%E3%83%88%E6%B1%82%E4%BA%BA%E6%83%85%E5%A0%B1%EF%BD%9C%E3%80%90%E3%82%BF%E3%82%A6%E3%83%B3%E3%83%AF%E3%83%BC%E3%82%AF%E3%80%91%E3%81%A7%E3%83%90&hn=www.googleadservices.com&npa=0&pscdl=noapi&auid=345582163.1780069848&uaa=arm&uab=64&uafvl=Chromium%3B148.0.7778.179%7CGoogle%2520Chrome%3B148.0.7778.179%7CNot%252FA)Brand%3B99.0.0.0&uamb=0&uam=&uap=macOS&uapv=15.7.7&uaw=0&_tu=CAI&data=event%3Dgtag.config&rfmt=3&fmt=4:0
[ 2180606ms] [ERROR] Failed to load resource: net::ERR_CONNECTION_REFUSED @ https://googleads.g.doubleclick.net/pagead/viewthroughconversion/939727538/?random=1780073540776&cv=11&fst=1780073540776&bg=ffffff&guid=ON&async=1&gtm=45be65r2v9236359545z89165586354za20gzb9165586354zd9165586354xea&gcd=13l3l3l3l1l1&dma=0&tag_exp=0~115616985~115938465~115938469~116701381~119034491~119064591&u_w=1710&u_h=1112&url=https%3A%2F%2Ftownwork.net%2Fprefectures%2Ftokyo%2F&ref=https%3A%2F%2Ftownwork.net%2Fprefectures%2Ftokyo%2Fjob_search%2F&rcb=6&frm=0&tiba=%E6%9D%B1%E4%BA%AC%E9%83%BD%E3%81%AE%E3%82%A2%E3%83%AB%E3%83%90%E3%82%A4%E3%83%88%E3%83%BB%E3%83%90%E3%82%A4%E3%83%88%E6%B1%82%E4%BA%BA%E6%83%85%E5%A0%B1%EF%BD%9C%E3%80%90%E3%82%BF%E3%82%A6%E3%83%B3%E3%83%AF%E3%83%BC%E3%82%AF%E3%80%91%E3%81%A7%E3%83%90&hn=www.googleadservices.com&npa=0&pscdl=noapi&auid=345582163.1780069848&uaa=arm&uab=64&uafvl=Chromium%3B148.0.7778.179%7CGoogle%2520Chrome%3B148.0.7778.179%7CNot%252FA)Brand%3B99.0.0.0&uamb=0&uam=&uap=macOS&uapv=15.7.7&uaw=0&_tu=CA&data=event%3Dview_item_list%3Bid%3D%3Bgoogle_business_vertical%3Djobs&rfmt=3&fmt=4:0
[ 2180608ms] [ERROR] Failed to load resource: net::ERR_CONNECTION_REFUSED @ https://googleads.g.doubleclick.net/pagead/viewthroughconversion/939727538/?random=1780073540759&cv=11&fst=1780073540759&fmt=3&bg=ffffff&guid=ON&async=1&en=gtag.config&gtm=45be65r2v9236359545z89165586354za20gzb9165586354zd9165586354xec&gcd=13l3l3l3l1l1&dma=0&tag_exp=0~115616985~115938465~115938469~116701381~119034491~119064591&u_w=1710&u_h=1112&url=https%3A%2F%2Ftownwork.net%2Fprefectures%2Ftokyo%2F&ref=https%3A%2F%2Ftownwork.net%2Fprefectures%2Ftokyo%2Fjob_search%2F&rcb=6&frm=0&tiba=%E6%9D%B1%E4%BA%AC%E9%83%BD%E3%81%AE%E3%82%A2%E3%83%AB%E3%83%90%E3%82%A4%E3%83%88%E3%83%BB%E3%83%90%E3%82%A4%E3%83%88%E6%B1%82%E4%BA%BA%E6%83%85%E5%A0%B1%EF%BD%9C%E3%80%90%E3%82%BF%E3%82%A6%E3%83%B3%E3%83%AF%E3%83%BC%E3%82%AF%E3%80%91%E3%81%A7%E3%83%90&hn=www.googleadservices.com&npa=0&pscdl=noapi&auid=345582163.1780069848&uaa=arm&uab=64&uafvl=Chromium%3B148.0.7778.179%7CGoogle%2520Chrome%3B148.0.7778.179%7CNot%252FA)Brand%3B99.0.0.0&uamb=0&uam=&uap=macOS&uapv=15.7.7&uaw=0&_tu=CAI&data=event%3Dgtag.config:0
[ 2180608ms] [ERROR] Failed to load resource: net::ERR_CONNECTION_REFUSED @ https://googleads.g.doubleclick.net/pagead/viewthroughconversion/939727538/?random=1780073540776&cv=11&fst=1780073540776&fmt=3&bg=ffffff&guid=ON&async=1&gtm=45be65r2v9236359545z89165586354za20gzb9165586354zd9165586354xea&gcd=13l3l3l3l1l1&dma=0&tag_exp=0~115616985~115938465~115938469~116701381~119034491~119064591&u_w=1710&u_h=1112&url=https%3A%2F%2Ftownwork.net%2Fprefectures%2Ftokyo%2F&ref=https%3A%2F%2Ftownwork.net%2Fprefectures%2Ftokyo%2Fjob_search%2F&rcb=6&frm=0&tiba=%E6%9D%B1%E4%BA%AC%E9%83%BD%E3%81%AE%E3%82%A2%E3%83%AB%E3%83%90%E3%82%A4%E3%83%88%E3%83%BB%E3%83%90%E3%82%A4%E3%83%88%E6%B1%82%E4%BA%BA%E6%83%85%E5%A0%B1%EF%BD%9C%E3%80%90%E3%82%BF%E3%82%A6%E3%83%B3%E3%83%AF%E3%83%BC%E3%82%AF%E3%80%91%E3%81%A7%E3%83%90&hn=www.googleadservices.com&npa=0&pscdl=noapi&auid=345582163.1780069848&uaa=arm&uab=64&uafvl=Chromium%3B148.0.7778.179%7CGoogle%2520Chrome%3B148.0.7778.179%7CNot%252FA)Brand%3B99.0.0.0&uamb=0&uam=&uap=macOS&uapv=15.7.7&uaw=0&_tu=CA&data=event%3Dview_item_list%3Bid%3D%3Bgoogle_business_vertical%3Djobs:0
[ 2180609ms] [ERROR] Failed to load resource: net::ERR_CONNECTION_REFUSED @ https://apm.yahoo.co.jp/tags/2e6a891e-ffa6-47f7-8771-99685895f809/events/view_listing?txid=&currency=JPY&lysu=a8d2b2b5-6e4f-4d6b-9fb7-96ced81f581f&brands=%22Chromium%22%3B+v%3D%22148.0.7778.179%22%2C+%22Google+Chrome%22%3B+v%3D%22148.0.7778.179%22%2C+%22Not%2FA%29Brand%22%3B+v%3D%2299.0.0.0%22&platform=%22macOS%22&platform_version=%2215.7.7%22&ref=https%3A%2F%2Ftownwork.net%2Fprefectures%2Ftokyo%2F&rref=https%3A%2F%2Ftownwork.net%2Fprefectures%2Ftokyo%2Fjob_search%2F&test=0&impl=lytag&pvid=j9ynnq8bf7pmpr5tprl&sosu=c&r=1780073541.131774&v=1.1.21&is_ext_tx=1:0
[ 2182393ms] [ERROR] Failed to load resource: net::ERR_CONNECTION_REFUSED @ https://events.launchdarkly.com/events/bulk/6659934070b3d6101f7ac6ea:0
[ 2182400ms] [ERROR] Failed to load resource: net::ERR_CONNECTION_REFUSED @ https://events.launchdarkly.com/events/bulk/6659934070b3d6101f7ac6ea:0
